This is pdfTeX, Version 3.14159265-2.6-1.40.20 (TeX Live 2019/Debian) (preloaded format=pdflatex 2020.10.7)  11 FEB 2021 11:21
entering extended mode
 restricted \write18 enabled.
 %&-line parsing enabled.
**Meca_cross_SI.tex
(./Meca_cross_SI.tex
LaTeX2e <2020-02-02> patch level 2
L3 programming layer <2020-02-14>
(/usr/share/texlive/texmf-dist/tex/latex/revtex4/revtex4.cls
Document Class: revtex4 2001/08/02 v4.0 (http://publish.aps.org/revtex4/ for do
cumentation)
 Copyright (c) 2001 The American Physical Society.
 mailto:revtex@aps.org
 Licensed under the LPPL:
http://www.ctan.org/tex-archive/macros/latex/base/lppl.txt
 Arthur Ogawa <ogawa@teleport.com>
 Based on work by David Carlisle <david@dcarlisle.demon.co.uk>.
ltxutil: portions licensed from W. E. Baxter (web@superscript.com)
Class revtex4 Info: Repairing broken LateX \@sect on input line 596.
\intertabularlinepenalty=\count167
\@tbpen=\count168
\@arstrutbox@hline=\box45
Class revtex4 Info: Repairing broken LaTeX \@xbitor on input line 1610.
ltxgrid: portions licensed from W. E. Baxter (web@superscript.com)
\c@linecount=\count169
\output=\toks14
\@protection@box=\box46
\@topmark@saved=\toks15
\footins@saved=\box47
\pagesofar=\box48
\footbox=\box49
\pagegrid@col=\count170
Class revtex4 Info: Incorporating package {textcase}  [1998/11/12 v0.06 Text on
ly upper/lower case changing (DPC)]. on input line 3682.
(/usr/share/texlive/texmf-dist/tex/latex/url/url.sty
\Urlmuskip=\muskip16
Package: url 2013/09/16  ver 3.4  Verb mode for urls, etc.
)
\c@affil=\count171
\absbox=\box50
\c@part=\count172
\c@section=\count173
\c@subsection=\count174
\c@subsubsection=\count175
\c@paragraph=\count176
\c@subparagraph=\count177
\abovecaptionskip=\skip47
\belowcaptionskip=\skip48
\c@figure=\count178
\c@table=\count179

(/usr/share/texlive/texmf-dist/tex/latex/natbib/natbib.sty
Package: natbib 2010/09/13 8.31b (PWD, AO)
\bibhang=\skip49
\bibsep=\skip50
LaTeX Info: Redefining \cite on input line 694.
\c@NAT@ctr=\count180
)
\widetext@top=\box51
\widetext@bot=\box52

(/usr/share/texlive/texmf-dist/tex/latex/revtex4/revsymb.sty
Package: revsymb 2001/08/02 v4.0 (http://publish.aps.org/revtex4/ for documenta
tion)
LaTeX Info: Redefining \REV@mathfrak on input line 118.
))
(/usr/share/texlive/texmf-dist/tex/latex/amsfonts/amssymb.sty
Package: amssymb 2013/01/14 v3.01 AMS font symbols

(/usr/share/texlive/texmf-dist/tex/latex/amsfonts/amsfonts.sty
Package: amsfonts 2013/01/14 v3.01 Basic AMSFonts support
\@emptytoks=\toks16
\symAMSa=\mathgroup4
\symAMSb=\mathgroup5
LaTeX Font Info:    Redeclaring math symbol \hbar on input line 98.
LaTeX Font Info:    Overwriting math alphabet `\mathfrak' in version `bold'
(Font)                  U/euf/m/n --> U/euf/b/n on input line 106.
LaTeX Info: Redefining \frak on input line 111.
LaTeX Info: Redefining \Bbb on input line 113.
))
(/usr/share/texlive/texmf-dist/tex/latex/amsmath/amsmath.sty
Package: amsmath 2020/01/20 v2.17e AMS math features
\@mathmargin=\skip51

For additional information on amsmath, use the `?' option.
(/usr/share/texlive/texmf-dist/tex/latex/amsmath/amstext.sty
Package: amstext 2000/06/29 v2.01 AMS text

(/usr/share/texlive/texmf-dist/tex/latex/amsmath/amsgen.sty
File: amsgen.sty 1999/11/30 v2.0 generic functions
\@emptytoks=\toks17
\ex@=\dimen134
))
(/usr/share/texlive/texmf-dist/tex/latex/amsmath/amsbsy.sty
Package: amsbsy 1999/11/29 v1.2d Bold Symbols
\pmbraise@=\dimen135
)
(/usr/share/texlive/texmf-dist/tex/latex/amsmath/amsopn.sty
Package: amsopn 2016/03/08 v2.02 operator names
)
\inf@bad=\count181
LaTeX Info: Redefining \frac on input line 227.
\uproot@=\count182
\leftroot@=\count183
LaTeX Info: Redefining \overline on input line 389.
\classnum@=\count184
\DOTSCASE@=\count185
LaTeX Info: Redefining \ldots on input line 486.
LaTeX Info: Redefining \dots on input line 489.
LaTeX Info: Redefining \cdots on input line 610.
\Mathstrutbox@=\box53
\strutbox@=\box54
\big@size=\dimen136
LaTeX Font Info:    Redeclaring font encoding OML on input line 733.
LaTeX Font Info:    Redeclaring font encoding OMS on input line 734.
\macc@depth=\count186
\c@MaxMatrixCols=\count187
\dotsspace@=\muskip17
\c@parentequation=\count188
\dspbrk@lvl=\count189
\tag@help=\toks18
\row@=\count190
\column@=\count191
\maxfields@=\count192
\andhelp@=\toks19
\eqnshift@=\dimen137
\alignsep@=\dimen138
\tagshift@=\dimen139
\tagwidth@=\dimen140
\totwidth@=\dimen141
\lineht@=\dimen142
\@envbody=\toks20
\multlinegap=\skip52
\multlinetaggap=\skip53
\mathdisplay@stack=\toks21
LaTeX Info: Redefining \[ on input line 2859.
LaTeX Info: Redefining \] on input line 2860.
)

Class revtex4 Warning: No Society specified, using generic APS style.

(/usr/share/texlive/texmf-dist/tex/latex/revtex4/aps.rtx
File: aps.rtx 2001/08/02 v4.0 (http://publish.aps.org/revtex4/ for documentatio
n)
)
(/usr/share/texlive/texmf-dist/tex/latex/revtex4/12pt.rtx
File: 12pt.rtx 2001/08/02 v4.0 (http://publish.aps.org/revtex4/ for documentati
on)
)
(/usr/share/texlive/texmf-dist/tex/latex/graphics/graphicx.sty
Package: graphicx 2019/11/30 v1.2a Enhanced LaTeX Graphics (DPC,SPQR)

(/usr/share/texlive/texmf-dist/tex/latex/graphics/keyval.sty
Package: keyval 2014/10/28 v1.15 key=value parser (DPC)
\KV@toks@=\toks22
)
(/usr/share/texlive/texmf-dist/tex/latex/graphics/graphics.sty
Package: graphics 2019/11/30 v1.4a Standard LaTeX Graphics (DPC,SPQR)

(/usr/share/texlive/texmf-dist/tex/latex/graphics/trig.sty
Package: trig 2016/01/03 v1.10 sin cos tan (DPC)
)
(/usr/share/texlive/texmf-dist/tex/latex/graphics-cfg/graphics.cfg
File: graphics.cfg 2016/06/04 v1.11 sample graphics configuration
)
Package graphics Info: Driver file: pdftex.def on input line 105.

(/usr/share/texlive/texmf-dist/tex/latex/graphics-def/pdftex.def
File: pdftex.def 2018/01/08 v1.0l Graphics/color driver for pdftex
))
\Gin@req@height=\dimen143
\Gin@req@width=\dimen144
)
(/usr/share/texlive/texmf-dist/tex/latex/tools/dcolumn.sty
Package: dcolumn 2014/10/28 v1.06 decimal alignment package (DPC)

(/usr/share/texlive/texmf-dist/tex/latex/tools/array.sty
Package: array 2019/08/31 v2.4l Tabular extension package (FMi)
\col@sep=\dimen145
\ar@mcellbox=\box55
\extrarowheight=\dimen146
\NC@list=\toks23
\extratabsurround=\skip54
\backup@length=\skip55
\ar@cellbox=\box56
))
(/usr/share/texlive/texmf-dist/tex/latex/tools/bm.sty
Package: bm 2019/07/24 v1.2d Bold Symbol Support (DPC/FMi)
\symboldoperators=\mathgroup6
\symboldletters=\mathgroup7
\symboldsymbols=\mathgroup8
LaTeX Font Info:    Redeclaring math alphabet \mathbf on input line 141.
LaTeX Info: Redefining \bm on input line 209.
)
(/usr/share/texlive/texmf-dist/tex/latex/physics/physics.sty
Package: physics 

(/usr/share/texlive/texmf-dist/tex/latex/l3packages/xparse/xparse.sty
(/usr/share/texlive/texmf-dist/tex/latex/l3kernel/expl3.sty
Package: expl3 2020-02-14 L3 programming layer (loader) 

(/usr/share/texlive/texmf-dist/tex/latex/l3backend/l3backend-pdfmode.def
File: l3backend-pdfmode.def 2020-02-03 L3 backend support: PDF mode
\l__kernel_color_stack_int=\count193
\l__pdf_internal_box=\box57
))
Package: xparse 2020-02-14 L3 Experimental document command parser
\l__xparse_current_arg_int=\count194
\g__xparse_grabber_int=\count195
\l__xparse_m_args_int=\count196
\l__xparse_v_nesting_int=\count197
))
(/usr/share/texlive/texmf-dist/tex/latex/subfig/subfig.sty
Package: subfig 2005/06/28 ver: 1.3 subfig package

(/usr/share/texlive/texmf-dist/tex/latex/caption/caption3.sty
Package: caption3 2020/01/03 v1.8h caption3 kernel (AR)
Package caption3 Info: TeX engine: e-TeX on input line 61.
\captionmargin=\dimen147
\captionmargin@=\dimen148
\captionwidth=\dimen149
\caption@tempdima=\dimen150
\caption@indent=\dimen151
\caption@parindent=\dimen152
\caption@hangindent=\dimen153
Package caption Info: Unknown document class (or package),
(caption)             standard defaults will be used.
Package caption Info: \@makecaption = \long macro:#1#2->\par \vskip \abovecapti
onskip \begingroup \small \rmfamily \sbox \@tempboxa {\let \\\heading@cr #1: #2
}\@ifdim {\wd \@tempboxa >\hsize }{\begingroup \samepage \flushing \let \footno
te \@footnotemark@gobble #1: #2\par \endgroup }{\global \@minipagefalse \hb@xt@
 \hsize {\hfil \unhbox \@tempboxa \hfil }}\endgroup \vskip \belowcaptionskip  o
n input line 1082.
)
\c@KVtest=\count198
\sf@farskip=\skip56
\sf@captopadj=\dimen154
\sf@capskip=\skip57
\sf@nearskip=\skip58
\c@subfigure=\count199
\c@subfigure@save=\count266
\c@lofdepth=\count267
\c@subtable=\count268
\c@subtable@save=\count269
\c@lotdepth=\count270
\sf@top=\skip59
\sf@bottom=\skip60
)
(./Meca_cross_SI.aux)
\openout1 = `Meca_cross_SI.aux'.

LaTeX Font Info:    Checking defaults for OML/cmm/m/it on input line 16.
LaTeX Font Info:    ... okay on input line 16.
LaTeX Font Info:    Checking defaults for OMS/cmsy/m/n on input line 16.
LaTeX Font Info:    ... okay on input line 16.
LaTeX Font Info:    Checking defaults for OT1/cmr/m/n on input line 16.
LaTeX Font Info:    ... okay on input line 16.
LaTeX Font Info:    Checking defaults for T1/cmr/m/n on input line 16.
LaTeX Font Info:    ... okay on input line 16.
LaTeX Font Info:    Checking defaults for TS1/cmr/m/n on input line 16.
LaTeX Font Info:    ... okay on input line 16.
LaTeX Font Info:    Checking defaults for OMX/cmex/m/n on input line 16.
LaTeX Font Info:    ... okay on input line 16.
LaTeX Font Info:    Checking defaults for U/cmr/m/n on input line 16.
LaTeX Font Info:    ... okay on input line 16.
Class revtex4 Info: Unrecognized array package. Please update this document cla
ss! (Proceeding with fingers crossed.) on input line 16.
Class revtex4 Info: cite was not loaded (OK!) on input line 16.
Class revtex4 Info: multicol was not loaded (OK!) on input line 16.

(/usr/share/texlive/texmf-dist/tex/context/base/mkii/supp-pdf.mkii
[Loading MPS to PDF converter (version 2006.09.02).]
\scratchcounter=\count271
\scratchdimen=\dimen155
\scratchbox=\box58
\nofMPsegments=\count272
\nofMParguments=\count273
\everyMPshowfont=\toks24
\MPscratchCnt=\count274
\MPscratchDim=\dimen156
\MPnumerator=\count275
\makeMPintoPDFobject=\count276
\everyMPtoPDFconversion=\toks25
) (/usr/share/texlive/texmf-dist/tex/latex/epstopdf-pkg/epstopdf-base.sty
Package: epstopdf-base 2020-01-24 v2.11 Base part for package epstopdf
Package epstopdf-base Info: Redefining graphics rule for `.eps' on input line 4
85.

(/usr/share/texlive/texmf-dist/tex/latex/latexconfig/epstopdf-sys.cfg
File: epstopdf-sys.cfg 2010/07/13 v1.3 Configuration of (r)epstopdf for TeX Liv
e
))
Package caption Info: Begin \AtBeginDocument code.
Package caption Info: subfig package v1.3 is loaded.
Package caption Info: End \AtBeginDocument code.

Underfull \hbox (badness 10000) in paragraph at lines 19--22

 []

LaTeX Font Info:    Trying to load font information for U+msa on input line 31.

(/usr/share/texlive/texmf-dist/tex/latex/amsfonts/umsa.fd
File: umsa.fd 2013/01/14 v3.01 AMS symbols A
)
LaTeX Font Info:    Trying to load font information for U+msb on input line 31.


(/usr/share/texlive/texmf-dist/tex/latex/amsfonts/umsb.fd
File: umsb.fd 2013/01/14 v3.01 AMS symbols B
) (./Meca_cross_SI.toc
Overfull \hbox (0.87494pt too wide) detected at line 4
 \OT1/cmr/m/n/12 2
 []


Overfull \hbox (0.87494pt too wide) detected at line 5
 \OT1/cmr/m/n/12 2
 []


Overfull \hbox (0.87494pt too wide) detected at line 6
 \OT1/cmr/m/n/12 2
 []


Overfull \hbox (0.87494pt too wide) detected at line 7
 \OT1/cmr/m/n/12 3
 []


Overfull \hbox (0.87494pt too wide) detected at line 8
 \OT1/cmr/m/n/12 3
 []


Overfull \hbox (0.87494pt too wide) detected at line 9
 \OT1/cmr/m/n/12 4
 []


Overfull \hbox (0.87494pt too wide) detected at line 10
 \OT1/cmr/m/n/12 5
 []


Overfull \hbox (0.87494pt too wide) detected at line 11
 \OT1/cmr/m/n/12 6
 []


Overfull \hbox (0.87494pt too wide) detected at line 12
 \OT1/cmr/m/n/12 6
 []


Overfull \hbox (0.87494pt too wide) detected at line 13
 \OT1/cmr/m/n/12 6
 []


Overfull \hbox (0.87494pt too wide) detected at line 14
 \OT1/cmr/m/n/12 6
 []


Overfull \hbox (0.87494pt too wide) detected at line 15
 \OT1/cmr/m/n/12 9
 []


Overfull \hbox (6.74988pt too wide) detected at line 16
 \OT1/cmr/m/n/12 10
 []


Overfull \hbox (6.74988pt too wide) detected at line 17
 \OT1/cmr/m/n/12 11
 []


Overfull \hbox (6.74988pt too wide) detected at line 18
 \OT1/cmr/m/n/12 13
 []


Overfull \hbox (6.74988pt too wide) detected at line 19
 \OT1/cmr/m/n/12 14
 []

)
\tf@toc=\write3
\openout3 = `Meca_cross_SI.toc'.

 [1{/var/lib/texmf/fonts/map/pdftex/updmap/pdftex.map}]
Package epstopdf Info: Source file: <SI_Cristallo.eps>
(epstopdf)                    date: 2021-02-07 10:57:25
(epstopdf)                    size: 65710 bytes
(epstopdf)             Output file: <SI_Cristallo-eps-converted-to.pdf>
(epstopdf)                    date: 2021-02-07 10:57:25
(epstopdf)                    size: 23899 bytes
(epstopdf)             Command: <repstopdf --outfile=SI_Cristallo-eps-converted
-to.pdf SI_Cristallo.eps>
(epstopdf)             \includegraphics on input line 50.
Package epstopdf Info: Output file is already uptodate.
<SI_Cristallo-eps-converted-to.pdf, id=14, 986.68625pt x 433.62pt>
File: SI_Cristallo-eps-converted-to.pdf Graphic file (type pdf)
<use SI_Cristallo-eps-converted-to.pdf>
Package pdftex.def Info: SI_Cristallo-eps-converted-to.pdf  used on input line 
50.
(pdftex.def)             Requested size: 986.68384pt x 433.61894pt.
 [2]
Package epstopdf Info: Source file: <setup.eps>
(epstopdf)                    date: 2021-02-07 10:57:25
(epstopdf)                    size: 271553 bytes
(epstopdf)             Output file: <setup-eps-converted-to.pdf>
(epstopdf)                    date: 2021-02-07 10:57:25
(epstopdf)                    size: 69193 bytes
(epstopdf)             Command: <repstopdf --outfile=setup-eps-converted-to.pdf
 setup.eps>
(epstopdf)             \includegraphics on input line 66.
Package epstopdf Info: Output file is already uptodate.
<setup-eps-converted-to.pdf, id=22, 1230.5975pt x 732.7375pt>
File: setup-eps-converted-to.pdf Graphic file (type pdf)
<use setup-eps-converted-to.pdf>
Package pdftex.def Info: setup-eps-converted-to.pdf  used on input line 66.
(pdftex.def)             Requested size: 1230.59451pt x 732.73572pt.
 [3 <./SI_Cristallo-eps-converted-to.pdf>]
Package epstopdf Info: Source file: <T1_soustraction_shema.eps>
(epstopdf)                    date: 2021-02-07 10:57:25
(epstopdf)                    size: 35634 bytes
(epstopdf)             Output file: <T1_soustraction_shema-eps-converted-to.pdf
>
(epstopdf)                    date: 2021-02-07 10:57:25
(epstopdf)                    size: 14389 bytes
(epstopdf)             Command: <repstopdf --outfile=T1_soustraction_shema-eps-
converted-to.pdf T1_soustraction_shema.eps>
(epstopdf)             \includegraphics on input line 79.
Package epstopdf Info: Output file is already uptodate.
<T1_soustraction_shema-eps-converted-to.pdf, id=42, 351.3125pt x 46.1725pt>
File: T1_soustraction_shema-eps-converted-to.pdf Graphic file (type pdf)
<use T1_soustraction_shema-eps-converted-to.pdf>
Package pdftex.def Info: T1_soustraction_shema-eps-converted-to.pdf  used on in
put line 79.
(pdftex.def)             Requested size: 351.31163pt x 46.17236pt.
 [4 <./setup-eps-converted-to.pdf>] [5 <./T1_soustraction_shema-eps-converted-t
o.pdf>]
Package epstopdf Info: Source file: <axes.eps>
(epstopdf)                    date: 2021-02-10 17:15:41
(epstopdf)                    size: 1626830 bytes
(epstopdf)             Output file: <axes-eps-converted-to.pdf>
(epstopdf)                    date: 2021-02-10 17:30:35
(epstopdf)                    size: 18156 bytes
(epstopdf)             Command: <repstopdf --outfile=axes-eps-converted-to.pdf 
axes.eps>
(epstopdf)             \includegraphics on input line 129.
Package epstopdf Info: Output file is already uptodate.
<axes-eps-converted-to.pdf, id=67, 410.53375pt x 319.1925pt>
File: axes-eps-converted-to.pdf Graphic file (type pdf)
<use axes-eps-converted-to.pdf>
Package pdftex.def Info: axes-eps-converted-to.pdf  used on input line 129.
(pdftex.def)             Requested size: 410.53275pt x 319.19171pt.
 [6] [7 <./axes-eps-converted-to.pdf>]
Underfull \hbox (badness 10000) in paragraph at lines 177--179

 []

<map_torque_1_classe.pdf, id=90, 1151.31938pt x 472.82925pt>
File: map_torque_1_classe.pdf Graphic file (type pdf)
<use map_torque_1_classe.pdf>
Package pdftex.def Info: map_torque_1_classe.pdf  used on input line 181.
(pdftex.def)             Requested size: 1151.31657pt x 472.8281pt.
[8] [9 <./map_torque_1_classe.pdf>] [10]
<22-total.pdf, id=138, 1055.71661pt x 716.83017pt>
File: 22-total.pdf Graphic file (type pdf)
<use 22-total.pdf>
Package pdftex.def Info: 22-total.pdf  used on input line 236.
(pdftex.def)             Requested size: 1055.71404pt x 716.82841pt.
 [11] [12 <./22-total.pdf>] [13]
(./Meca_cross_SI.bbl [14]) [15] (./Meca_cross_SI.aux) ) 
Here is how much of TeX's memory you used:
 5852 strings out of 481239
 83795 string characters out of 5920377
 342352 words of memory out of 5000000
 21048 multiletter control sequences out of 15000+600000
 544287 words of font info for 67 fonts, out of 8000000 for 9000
 1141 hyphenation exceptions out of 8191
 43i,10n,42p,1386b,348s stack positions out of 5000i,500n,10000p,200000b,80000s
</usr/share/texlive/texm
f-dist/fonts/type1/public/amsfonts/cm/cmbx10.pfb></usr/share/texlive/texmf-dist
/fonts/type1/public/amsfonts/cm/cmbx12.pfb></usr/share/texlive/texmf-dist/fonts
/type1/public/amsfonts/cm/cmcsc10.pfb></usr/share/texlive/texmf-dist/fonts/type
1/public/amsfonts/cm/cmex10.pfb></usr/share/texlive/texmf-dist/fonts/type1/publ
ic/amsfonts/cm/cmmi10.pfb></usr/share/texlive/texmf-dist/fonts/type1/public/ams
fonts/cm/cmmi12.pfb></usr/share/texlive/texmf-dist/fonts/type1/public/amsfonts/
cm/cmmi6.pfb></usr/share/texlive/texmf-dist/fonts/type1/public/amsfonts/cm/cmmi
8.pfb></usr/share/texlive/texmf-dist/fonts/type1/public/amsfonts/cm/cmr10.pfb><
/usr/share/texlive/texmf-dist/fonts/type1/public/amsfonts/cm/cmr12.pfb></usr/sh
are/texlive/texmf-dist/fonts/type1/public/amsfonts/cm/cmr6.pfb></usr/share/texl
ive/texmf-dist/fonts/type1/public/amsfonts/cm/cmr8.pfb></usr/share/texlive/texm
f-dist/fonts/type1/public/amsfonts/cm/cmsy10.pfb></usr/share/texlive/texmf-dist
/fonts/type1/public/amsfonts/cm/cmsy6.pfb></usr/share/texlive/texmf-dist/fonts/
type1/public/amsfonts/cm/cmsy8.pfb></usr/share/texlive/texmf-dist/fonts/type1/p
ublic/amsfonts/cm/cmti10.pfb></usr/share/texlive/texmf-dist/fonts/type1/public/
amsfonts/cm/cmti12.pfb></usr/share/texlive/texmf-dist/fonts/type1/public/amsfon
ts/cm/cmtt10.pfb></usr/share/texlive/texmf-dist/fonts/type1/public/amsfonts/sym
bols/msbm10.pfb>
Output written on Meca_cross_SI.pdf (15 pages, 627288 bytes).
PDF statistics:
 387 PDF objects out of 1000 (max. 8388607)
 259 compressed objects within 3 object streams
 0 named destinations out of 1000 (max. 500000)
 31 words of extra memory for PDF output out of 10000 (max. 10000000)

