This is pdfTeX, Version 3.14159265-2.6-1.40.20 (TeX Live 2019/Debian) (preloaded format=pdflatex 2020.6.21)  5 OCT 2020 18:09
entering extended mode
 restricted \write18 enabled.
 %&-line parsing enabled.
**Meca_cross_SI.tex
(./Meca_cross_SI.tex
LaTeX2e <2020-02-02> patch level 2
L3 programming layer <2020-02-14>
(/usr/share/texlive/texmf-dist/tex/latex/revtex4/revtex4.cls
Document Class: revtex4 2001/08/02 v4.0 (http://publish.aps.org/revtex4/ for do
cumentation)
 Copyright (c) 2001 The American Physical Society.
 mailto:revtex@aps.org
 Licensed under the LPPL:
http://www.ctan.org/tex-archive/macros/latex/base/lppl.txt
 Arthur Ogawa <ogawa@teleport.com>
 Based on work by David Carlisle <david@dcarlisle.demon.co.uk>.
ltxutil: portions licensed from W. E. Baxter (web@superscript.com)
Class revtex4 Info: Repairing broken LateX \@sect on input line 596.
\intertabularlinepenalty=\count167
\@tbpen=\count168
\@arstrutbox@hline=\box45
Class revtex4 Info: Repairing broken LaTeX \@xbitor on input line 1610.
ltxgrid: portions licensed from W. E. Baxter (web@superscript.com)
\c@linecount=\count169
\output=\toks14
\@protection@box=\box46
\@topmark@saved=\toks15
\footins@saved=\box47
\pagesofar=\box48
\footbox=\box49
\pagegrid@col=\count170
Class revtex4 Info: Incorporating package {textcase}  [1998/11/12 v0.06 Text on
ly upper/lower case changing (DPC)]. on input line 3682.
(/usr/share/texlive/texmf-dist/tex/latex/url/url.sty
\Urlmuskip=\muskip16
Package: url 2013/09/16  ver 3.4  Verb mode for urls, etc.
)
\c@affil=\count171
\absbox=\box50
\c@part=\count172
\c@section=\count173
\c@subsection=\count174
\c@subsubsection=\count175
\c@paragraph=\count176
\c@subparagraph=\count177
\abovecaptionskip=\skip47
\belowcaptionskip=\skip48
\c@figure=\count178
\c@table=\count179

(/usr/share/texlive/texmf-dist/tex/latex/natbib/natbib.sty
Package: natbib 2010/09/13 8.31b (PWD, AO)
\bibhang=\skip49
\bibsep=\skip50
LaTeX Info: Redefining \cite on input line 694.
\c@NAT@ctr=\count180
)
\widetext@top=\box51
\widetext@bot=\box52

(/usr/share/texlive/texmf-dist/tex/latex/revtex4/revsymb.sty
Package: revsymb 2001/08/02 v4.0 (http://publish.aps.org/revtex4/ for documenta
tion)
LaTeX Info: Redefining \REV@mathfrak on input line 118.
))
(/usr/share/texlive/texmf-dist/tex/latex/amsfonts/amssymb.sty
Package: amssymb 2013/01/14 v3.01 AMS font symbols

(/usr/share/texlive/texmf-dist/tex/latex/amsfonts/amsfonts.sty
Package: amsfonts 2013/01/14 v3.01 Basic AMSFonts support
\@emptytoks=\toks16
\symAMSa=\mathgroup4
\symAMSb=\mathgroup5
LaTeX Font Info:    Redeclaring math symbol \hbar on input line 98.
LaTeX Font Info:    Overwriting math alphabet `\mathfrak' in version `bold'
(Font)                  U/euf/m/n --> U/euf/b/n on input line 106.
LaTeX Info: Redefining \frak on input line 111.
LaTeX Info: Redefining \Bbb on input line 113.
))
(/usr/share/texlive/texmf-dist/tex/latex/amsmath/amsmath.sty
Package: amsmath 2020/01/20 v2.17e AMS math features
\@mathmargin=\skip51

For additional information on amsmath, use the `?' option.
(/usr/share/texlive/texmf-dist/tex/latex/amsmath/amstext.sty
Package: amstext 2000/06/29 v2.01 AMS text

(/usr/share/texlive/texmf-dist/tex/latex/amsmath/amsgen.sty
File: amsgen.sty 1999/11/30 v2.0 generic functions
\@emptytoks=\toks17
\ex@=\dimen134
))
(/usr/share/texlive/texmf-dist/tex/latex/amsmath/amsbsy.sty
Package: amsbsy 1999/11/29 v1.2d Bold Symbols
\pmbraise@=\dimen135
)
(/usr/share/texlive/texmf-dist/tex/latex/amsmath/amsopn.sty
Package: amsopn 2016/03/08 v2.02 operator names
)
\inf@bad=\count181
LaTeX Info: Redefining \frac on input line 227.
\uproot@=\count182
\leftroot@=\count183
LaTeX Info: Redefining \overline on input line 389.
\classnum@=\count184
\DOTSCASE@=\count185
LaTeX Info: Redefining \ldots on input line 486.
LaTeX Info: Redefining \dots on input line 489.
LaTeX Info: Redefining \cdots on input line 610.
\Mathstrutbox@=\box53
\strutbox@=\box54
\big@size=\dimen136
LaTeX Font Info:    Redeclaring font encoding OML on input line 733.
LaTeX Font Info:    Redeclaring font encoding OMS on input line 734.
\macc@depth=\count186
\c@MaxMatrixCols=\count187
\dotsspace@=\muskip17
\c@parentequation=\count188
\dspbrk@lvl=\count189
\tag@help=\toks18
\row@=\count190
\column@=\count191
\maxfields@=\count192
\andhelp@=\toks19
\eqnshift@=\dimen137
\alignsep@=\dimen138
\tagshift@=\dimen139
\tagwidth@=\dimen140
\totwidth@=\dimen141
\lineht@=\dimen142
\@envbody=\toks20
\multlinegap=\skip52
\multlinetaggap=\skip53
\mathdisplay@stack=\toks21
LaTeX Info: Redefining \[ on input line 2859.
LaTeX Info: Redefining \] on input line 2860.
)

Class revtex4 Warning: No Society specified, using generic APS style.

(/usr/share/texlive/texmf-dist/tex/latex/revtex4/aps.rtx
File: aps.rtx 2001/08/02 v4.0 (http://publish.aps.org/revtex4/ for documentatio
n)
)
(/usr/share/texlive/texmf-dist/tex/latex/revtex4/12pt.rtx
File: 12pt.rtx 2001/08/02 v4.0 (http://publish.aps.org/revtex4/ for documentati
on)
)
(/usr/share/texlive/texmf-dist/tex/latex/graphics/graphicx.sty
Package: graphicx 2019/11/30 v1.2a Enhanced LaTeX Graphics (DPC,SPQR)

(/usr/share/texlive/texmf-dist/tex/latex/graphics/keyval.sty
Package: keyval 2014/10/28 v1.15 key=value parser (DPC)
\KV@toks@=\toks22
)
(/usr/share/texlive/texmf-dist/tex/latex/graphics/graphics.sty
Package: graphics 2019/11/30 v1.4a Standard LaTeX Graphics (DPC,SPQR)

(/usr/share/texlive/texmf-dist/tex/latex/graphics/trig.sty
Package: trig 2016/01/03 v1.10 sin cos tan (DPC)
)
(/usr/share/texlive/texmf-dist/tex/latex/graphics-cfg/graphics.cfg
File: graphics.cfg 2016/06/04 v1.11 sample graphics configuration
)
Package graphics Info: Driver file: pdftex.def on input line 105.

(/usr/share/texlive/texmf-dist/tex/latex/graphics-def/pdftex.def
File: pdftex.def 2018/01/08 v1.0l Graphics/color driver for pdftex
))
\Gin@req@height=\dimen143
\Gin@req@width=\dimen144
)
(/usr/share/texlive/texmf-dist/tex/latex/tools/dcolumn.sty
Package: dcolumn 2014/10/28 v1.06 decimal alignment package (DPC)

(/usr/share/texlive/texmf-dist/tex/latex/tools/array.sty
Package: array 2019/08/31 v2.4l Tabular extension package (FMi)
\col@sep=\dimen145
\ar@mcellbox=\box55
\extrarowheight=\dimen146
\NC@list=\toks23
\extratabsurround=\skip54
\backup@length=\skip55
\ar@cellbox=\box56
))
(/usr/share/texlive/texmf-dist/tex/latex/tools/bm.sty
Package: bm 2019/07/24 v1.2d Bold Symbol Support (DPC/FMi)
\symboldoperators=\mathgroup6
\symboldletters=\mathgroup7
\symboldsymbols=\mathgroup8
LaTeX Font Info:    Redeclaring math alphabet \mathbf on input line 141.
LaTeX Info: Redefining \bm on input line 209.
)
(/usr/share/texlive/texmf-dist/tex/latex/subfig/subfig.sty
Package: subfig 2005/06/28 ver: 1.3 subfig package

(/usr/share/texlive/texmf-dist/tex/latex/caption/caption3.sty
Package: caption3 2020/01/03 v1.8h caption3 kernel (AR)
Package caption3 Info: TeX engine: e-TeX on input line 61.
\captionmargin=\dimen147
\captionmargin@=\dimen148
\captionwidth=\dimen149
\caption@tempdima=\dimen150
\caption@indent=\dimen151
\caption@parindent=\dimen152
\caption@hangindent=\dimen153
Package caption Info: Unknown document class (or package),
(caption)             standard defaults will be used.
Package caption Info: \@makecaption = \long macro:#1#2->\par \vskip \abovecapti
onskip \begingroup \small \rmfamily \sbox \@tempboxa {\let \\\heading@cr #1: #2
}\@ifdim {\wd \@tempboxa >\hsize }{\begingroup \samepage \flushing \let \footno
te \@footnotemark@gobble #1: #2\par \endgroup }{\global \@minipagefalse \hb@xt@
 \hsize {\hfil \unhbox \@tempboxa \hfil }}\endgroup \vskip \belowcaptionskip  o
n input line 1082.
)
\c@KVtest=\count193
\sf@farskip=\skip56
\sf@captopadj=\dimen154
\sf@capskip=\skip57
\sf@nearskip=\skip58
\c@subfigure=\count194
\c@subfigure@save=\count195
\c@lofdepth=\count196
\c@subtable=\count197
\c@subtable@save=\count198
\c@lotdepth=\count199
\sf@top=\skip59
\sf@bottom=\skip60
)
(/usr/share/texlive/texmf-dist/tex/latex/l3backend/l3backend-pdfmode.def
File: l3backend-pdfmode.def 2020-02-03 L3 backend support: PDF mode
\l__kernel_color_stack_int=\count266
\l__pdf_internal_box=\box57
)
(./Meca_cross_SI.aux

LaTeX Warning: Label `Optics' multiply defined.


LaTeX Warning: Label `Optics' multiply defined.


LaTeX Warning: Label `Optics' multiply defined.

)
\openout1 = `Meca_cross_SI.aux'.

LaTeX Font Info:    Checking defaults for OML/cmm/m/it on input line 10.
LaTeX Font Info:    ... okay on input line 10.
LaTeX Font Info:    Checking defaults for OMS/cmsy/m/n on input line 10.
LaTeX Font Info:    ... okay on input line 10.
LaTeX Font Info:    Checking defaults for OT1/cmr/m/n on input line 10.
LaTeX Font Info:    ... okay on input line 10.
LaTeX Font Info:    Checking defaults for T1/cmr/m/n on input line 10.
LaTeX Font Info:    ... okay on input line 10.
LaTeX Font Info:    Checking defaults for TS1/cmr/m/n on input line 10.
LaTeX Font Info:    ... okay on input line 10.
LaTeX Font Info:    Checking defaults for OMX/cmex/m/n on input line 10.
LaTeX Font Info:    ... okay on input line 10.
LaTeX Font Info:    Checking defaults for U/cmr/m/n on input line 10.
LaTeX Font Info:    ... okay on input line 10.
Class revtex4 Info: Unrecognized array package. Please update this document cla
ss! (Proceeding with fingers crossed.) on input line 10.
Class revtex4 Info: cite was not loaded (OK!) on input line 10.
Class revtex4 Info: multicol was not loaded (OK!) on input line 10.
 (/usr/share/texlive/texmf-dist/tex/context/base/mkii/supp-pdf.mkii
[Loading MPS to PDF converter (version 2006.09.02).]
\scratchcounter=\count267
\scratchdimen=\dimen155
\scratchbox=\box58
\nofMPsegments=\count268
\nofMParguments=\count269
\everyMPshowfont=\toks24
\MPscratchCnt=\count270
\MPscratchDim=\dimen156
\MPnumerator=\count271
\makeMPintoPDFobject=\count272
\everyMPtoPDFconversion=\toks25
) (/usr/share/texlive/texmf-dist/tex/latex/epstopdf-pkg/epstopdf-base.sty
Package: epstopdf-base 2020-01-24 v2.11 Base part for package epstopdf
Package epstopdf-base Info: Redefining graphics rule for `.eps' on input line 4
85.

(/usr/share/texlive/texmf-dist/tex/latex/latexconfig/epstopdf-sys.cfg
File: epstopdf-sys.cfg 2010/07/13 v1.3 Configuration of (r)epstopdf for TeX Liv
e
))
Package caption Info: Begin \AtBeginDocument code.
Package caption Info: subfig package v1.3 is loaded.
Package caption Info: End \AtBeginDocument code.

Underfull \hbox (badness 10000) in paragraph at lines 13--16

 []

LaTeX Font Info:    Trying to load font information for U+msa on input line 27.

(/usr/share/texlive/texmf-dist/tex/latex/amsfonts/umsa.fd
File: umsa.fd 2013/01/14 v3.01 AMS symbols A
)
LaTeX Font Info:    Trying to load font information for U+msb on input line 27.


(/usr/share/texlive/texmf-dist/tex/latex/amsfonts/umsb.fd
File: umsb.fd 2013/01/14 v3.01 AMS symbols B
) (./Meca_cross_SI.toc
Overfull \hbox (0.87494pt too wide) detected at line 4
 \OT1/cmr/m/n/12 2
 []


Overfull \hbox (11.5721pt too wide) detected at line 5
 \OT1/cmr/m/n/12 A.
 []


Overfull \hbox (0.87494pt too wide) detected at line 5
 \OT1/cmr/m/n/12 2
 []


Overfull \hbox (11.08461pt too wide) detected at line 6
 \OT1/cmr/m/n/12 B.
 []


Overfull \hbox (0.87494pt too wide) detected at line 6
 \OT1/cmr/m/n/12 3
 []


Overfull \hbox (11.24988pt too wide) detected at line 7
 \OT1/cmr/m/n/12 C.
 []


Overfull \hbox (0.87494pt too wide) detected at line 7
 \OT1/cmr/m/n/12 4
 []

)
\tf@toc=\write3
\openout3 = `Meca_cross_SI.toc'.

 [1{/var/lib/texmf/fonts/map/pdftex/updmap/pdftex.map}]
<map_200G_juste_CR.png, id=12, 673.5564pt x 445.1832pt>
File: map_200G_juste_CR.png Graphic file (type png)
<use map_200G_juste_CR.png>
Package pdftex.def Info: map_200G_juste_CR.png  used on input line 40.
(pdftex.def)             Requested size: 673.55475pt x 445.18211pt.

Overfull \hbox (3.48627pt too wide) in paragraph at lines 40--41
 [][] 
 []

<map_cross_22.png, id=14, 462.528pt x 346.896pt>
File: map_cross_22.png Graphic file (type png)
<use map_cross_22.png>
Package pdftex.def Info: map_cross_22.png  used on input line 46.
(pdftex.def)             Requested size: 462.52686pt x 346.89514pt.
<map_cross_121.png, id=15, 462.528pt x 346.896pt>
File: map_cross_121.png Graphic file (type png)
<use map_cross_121.png>
Package pdftex.def Info: map_cross_121.png  used on input line 53.
(pdftex.def)             Requested size: 462.52686pt x 346.89514pt.
<cross_22_200G.png, id=16, 899.7615pt x 440.847pt>
File: cross_22_200G.png Graphic file (type png)
<use cross_22_200G.png>
Package pdftex.def Info: cross_22_200G.png  used on input line 59.
(pdftex.def)             Requested size: 899.75931pt x 440.84592pt.
! Undefined control sequence.
l.66 ...are initially polarized in their $m_s=\ket
                                                  {0}$ state through a 1 ms ...
The control sequence at the end of the top line
of your error message was never \def'ed. If you have
misspelled it (e.g., `\hobx'), type `I' and the correct
spelling (e.g., `I\hbox'). Otherwise just continue,
and I'll forget about whatever was undefined.

[2 <./map_200G_juste_CR.png>] [3 <./map_cross_22.png> <./map_cross_121.png>]
! Undefined control sequence.
l.68 ...exchanging the population of the $m_s=\ket
                                                  {0}$ state with one of the...
The control sequence at the end of the top line
of your error message was never \def'ed. If you have
misspelled it (e.g., `\hobx'), type `I' and the correct
spelling (e.g., `I\hbox'). Otherwise just continue,
and I'll forget about whatever was undefined.

! Undefined control sequence.
l.68 ...s=\ket{0}$ state with one of the $m_s=\ket
                                                  {\pm 1}$ state.
The control sequence at the end of the top line
of your error message was never \def'ed. If you have
misspelled it (e.g., `\hobx'), type `I' and the correct
spelling (e.g., `I\hbox'). Otherwise just continue,
and I'll forget about whatever was undefined.

[4 <./cross_22_200G.png>]

Package natbib Warning: Citation `DelordNat' on page 5 undefined on input line 
86.

No file Meca_cross_SI.bbl.

Package natbib Warning: There were undefined citations.

[5] (./Meca_cross_SI.aux)

LaTeX Warning: There were multiply-defined labels.

 ) 
Here is how much of TeX's memory you used:
 4773 strings out of 481239
 65096 string characters out of 5920377
 307981 words of memory out of 5000000
 19996 multiletter control sequences out of 15000+600000
 543772 words of font info for 65 fonts, out of 8000000 for 9000
 1141 hyphenation exceptions out of 8191
 41i,6n,42p,606b,259s stack positions out of 5000i,500n,10000p,200000b,80000s
</usr/share/texlive/texmf-dist/fonts/type1/public/amsfonts/cm/cmbx10.pfb></us
r/share/texlive/texmf-dist/fonts/type1/public/amsfonts/cm/cmbx12.pfb></usr/shar
e/texlive/texmf-dist/fonts/type1/public/amsfonts/cm/cmcsc10.pfb></usr/share/tex
live/texmf-dist/fonts/type1/public/amsfonts/cm/cmmi10.pfb></usr/share/texlive/t
exmf-dist/fonts/type1/public/amsfonts/cm/cmmi12.pfb></usr/share/texlive/texmf-d
ist/fonts/type1/public/amsfonts/cm/cmmi8.pfb></usr/share/texlive/texmf-dist/fon
ts/type1/public/amsfonts/cm/cmr10.pfb></usr/share/texlive/texmf-dist/fonts/type
1/public/amsfonts/cm/cmr12.pfb></usr/share/texlive/texmf-dist/fonts/type1/publi
c/amsfonts/cm/cmr8.pfb></usr/share/texlive/texmf-dist/fonts/type1/public/amsfon
ts/cm/cmsy10.pfb></usr/share/texlive/texmf-dist/fonts/type1/public/amsfonts/cm/
cmsy8.pfb></usr/share/texlive/texmf-dist/fonts/type1/public/amsfonts/cm/cmti10.
pfb>
Output written on Meca_cross_SI.pdf (5 pages, 387871 bytes).
PDF statistics:
 77 PDF objects out of 1000 (max. 8388607)
 49 compressed objects within 1 object stream
 0 named destinations out of 1000 (max. 500000)
 21 words of extra memory for PDF output out of 10000 (max. 10000000)

