\BOOKMARK [0][-]{chapter.1}{NV-NV cross-relaxation at low fields: application to magnetometry}{}% 1
\BOOKMARK [1][-]{section.1.1}{NV spin Hamiltonian under low and transverse fields}{chapter.1}% 2
\BOOKMARK [2][-]{subsection.1.1.1}{NV spin Hamiltonian in zero external magnetic field}{section.1.1}% 3
\BOOKMARK [2][-]{subsection.1.1.2}{NV spin Hamiltonian under purely transverse magnetic field}{section.1.1}% 4
\BOOKMARK [2][-]{subsection.1.1.3}{Hyperfine and inhomogeneous broadening}{section.1.1}% 5
\BOOKMARK [1][-]{section.1.2}{Theory of the low field depolarization}{chapter.1}% 6
\BOOKMARK [2][-]{subsection.1.2.1}{Four classes degeneracy}{section.1.2}% 7
\BOOKMARK [2][-]{subsection.1.2.2}{Eigenstates modification}{section.1.2}% 8
\BOOKMARK [2][-]{subsection.1.2.3}{Double flips}{section.1.2}% 9
\BOOKMARK [2][-]{subsection.1.2.4}{T2* increase}{section.1.2}% 10
\BOOKMARK [1][-]{section.1.3}{Experimental investigation of the low field depolarization}{chapter.1}% 11
\BOOKMARK [2][-]{subsection.1.3.1}{NV-NV CR in the low magnetic field regime}{section.1.3}% 12
\BOOKMARK [2][-]{subsection.1.3.2}{NV-NV CR under purely transverse magnetic field}{section.1.3}% 13
\BOOKMARK [2][-]{subsection.1.3.3}{Conclusion of the experimental observation}{section.1.3}% 14
\BOOKMARK [1][-]{section.1.4}{Introduction to ensemble NV magnetometry}{chapter.1}% 15
\BOOKMARK [2][-]{subsection.1.4.1}{AC and DC magnetometry}{section.1.4}% 16
\BOOKMARK [2][-]{subsection.1.4.2}{Low field magnetometry}{section.1.4}% 17
\BOOKMARK [2][-]{subsection.1.4.3}{Microwave-free DC magnetometry}{section.1.4}% 18
\BOOKMARK [2][-]{subsection.1.4.4}{Orientation-free magnetometry}{section.1.4}% 19
\BOOKMARK [1][-]{section.1.5}{Low field depolarization magnetometry}{chapter.1}% 20
\BOOKMARK [2][-]{subsection.1.5.1}{Principle of the experiment}{section.1.5}% 21
\BOOKMARK [2][-]{subsection.1.5.2}{Sensitivity of the LFDM protocol}{section.1.5}% 22
\BOOKMARK [2][-]{subsection.1.5.3}{Angular dependence of the sensitivity}{section.1.5}% 23
\BOOKMARK [2][-]{subsection.1.5.4}{Temporal stability}{section.1.5}% 24
\BOOKMARK [1][-]{section.1.6}{Comparison between LFDM and other magnetometry protocol}{chapter.1}% 25
\BOOKMARK [2][-]{subsection.1.6.1}{Comparison with microwave based protocols}{section.1.6}% 26
\BOOKMARK [2][-]{subsection.1.6.2}{Comparison with microwave-less protocols}{section.1.6}% 27
\BOOKMARK [1][-]{section.1.7}{Conclusion and perspectives}{chapter.1}% 28
\BOOKMARK [2][-]{subsection.1.7.1}{LFDM optimization}{section.1.7}% 29
\BOOKMARK [2][-]{subsection.1.7.2}{Potential applications for LFDM}{section.1.7}% 30
