\BOOKMARK [0][-]{chapter.1}{NV-NV cross-relaxations : the fluctuator model}{}% 1
\BOOKMARK [1][-]{section.1.1}{Experimental observation of NV-NV cross-relaxation}{chapter.1}% 2
\BOOKMARK [2][-]{subsection.1.1.1}{NV-NV CR between nonequivalent NV centers}{section.1.1}% 3
\BOOKMARK [2][-]{subsection.1.1.2}{NV-NV CR between equivalent NV centers}{section.1.1}% 4
\BOOKMARK [1][-]{section.1.2}{NV inhomogeneity and the fluctuator model}{chapter.1}% 5
\BOOKMARK [2][-]{subsection.1.2.1}{CR in an inhomogeneous NV bath}{section.1.2}% 6
\BOOKMARK [2][-]{subsection.1.2.2}{Presentation of the fluctuator model}{section.1.2}% 7
\BOOKMARK [2][-]{subsection.1.2.3}{Single NV center coupled to a single fluctuator}{section.1.2}% 8
\BOOKMARK [2][-]{subsection.1.2.4}{Ensemble of NV centers coupled to a bath of fluctuators}{section.1.2}% 9
\BOOKMARK [2][-]{subsection.1.2.5}{Possible microscopic origin of the fluctuators}{section.1.2}% 10
\BOOKMARK [1][-]{section.1.3}{Experimental investigation of the fluctuator model}{chapter.1}% 11
\BOOKMARK [2][-]{subsection.1.3.1}{The stretched exponential lifetime}{section.1.3}% 12
\BOOKMARK [2][-]{subsection.1.3.2}{Fitting T1 profile in the general case}{section.1.3}% 13
\BOOKMARK [2][-]{subsection.1.3.3}{The fluctuators linewidth}{section.1.3}% 14
\BOOKMARK [1][-]{section.1.4}{Resonance between several NV classes}{chapter.1}% 15
\BOOKMARK [2][-]{subsection.1.4.1}{Geometric conditions for inter-class resonance}{section.1.4}% 16
\BOOKMARK [2][-]{subsection.1.4.2}{Quantitative modification of T1}{section.1.4}% 17
\BOOKMARK [1][-]{section.1.5}{Conclusion and perspectives}{chapter.1}% 18
\BOOKMARK [2][-]{subsection.1.5.1}{Limitations of the fluctuator model}{section.1.5}% 19
\BOOKMARK [2][-]{subsection.1.5.2}{Investigation of the fluctuators nature}{section.1.5}% 20
