\BOOKMARK [0][-]{section*.2}{Manuscript Title:with Forced Linebreak}{}% 2
\BOOKMARK [1][-]{section*.1}{Abstract}{section*.2}% 1
\BOOKMARK [1][-]{section*.3}{First-level heading: The line break was forced via \134\134}{section*.2}% 3
\BOOKMARK [2][-]{section*.4}{Second-level heading: Formatting}{section*.3}% 4
\BOOKMARK [3][-]{section*.5}{Wide text \(A level-3 head\)}{section*.4}% 5
\BOOKMARK [2][-]{section*.7}{Citations and References}{section*.3}% 6
\BOOKMARK [3][-]{section*.8}{Citations}{section*.7}% 7
\BOOKMARK [3][-]{section*.12}{Example citations}{section*.7}% 8
\BOOKMARK [3][-]{section*.13}{References}{section*.7}% 9
\BOOKMARK [3][-]{section*.14}{Example references}{section*.7}% 10
\BOOKMARK [2][-]{section*.15}{Footnotes}{section*.3}% 11
\BOOKMARK [1][-]{section*.16}{Math and Equations}{section*.2}% 12
\BOOKMARK [2][-]{section*.17}{Multiline equations}{section*.16}% 13
\BOOKMARK [3][-]{section*.20}{Wide equations}{section*.17}% 14
\BOOKMARK [1][-]{section*.21}{Cross-referencing}{section*.2}% 15
\BOOKMARK [1][-]{section*.22}{Floats: Figures, Tables, Videos, etc.}{section*.2}% 16
\BOOKMARK [1][-]{section*.23}{Acknowledgments}{section*.2}% 17
\BOOKMARK [1][-]{section*.24}{Appendixes}{section*.2}% 18
\BOOKMARK [1][-]{section*.25}{A little more on appendixes}{section*.2}% 19
\BOOKMARK [2][-]{section*.26}{A subsection in an appendix}{section*.25}% 20
\BOOKMARK [1][-]{section*.27}{References}{section*.2}% 21
