\BOOKMARK [0][-]{chapter.1}{Spin properties of single and ensemble NV centers}{}% 1
\BOOKMARK [1][-]{section.1.1}{The NV center as a physical object}{chapter.1}% 2
\BOOKMARK [1][-]{section.1.2}{The NV- center optical and spin properties}{chapter.1}% 3
\BOOKMARK [1][-]{section.1.3}{Dipole-dipole interaction between two electronic spins}{chapter.1}% 4
\BOOKMARK [1][-]{section.1.4}{Optically detected magnetic resonance \(ODMR\)}{chapter.1}% 5
\BOOKMARK [1][-]{section.1.5}{Dynamics of the NV center spin}{chapter.1}% 6
\BOOKMARK [1][-]{section.1.6}{Conclusion}{chapter.1}% 7
\BOOKMARK [0][-]{chapter.2}{Cross-relaxations between NV centers and dark spins in CVD-grown diamond}{}% 8
\BOOKMARK [1][-]{section.2.1}{Dark spins in diamond}{chapter.2}% 9
\BOOKMARK [1][-]{section.2.2}{NV center relaxometry}{chapter.2}% 10
\BOOKMARK [1][-]{section.2.3}{Choice of the magnetic field orientation}{chapter.2}% 11
\BOOKMARK [1][-]{section.2.4}{Dark spin spectroscopy with NV centers}{chapter.2}% 12
\BOOKMARK [1][-]{section.2.5}{Identification of the 13C-NV-, VH- and War1 lines}{chapter.2}% 13
\BOOKMARK [1][-]{section.2.6}{Quantitative estimates of the NV-Dark spins CR}{chapter.2}% 14
\BOOKMARK [1][-]{section.2.7}{Temperature dependence of VH- and War1}{chapter.2}% 15
\BOOKMARK [1][-]{section.2.8}{Conclusion and perspectives}{chapter.2}% 16
\BOOKMARK [0][-]{chapter.3}{NV-NV cross-relaxations : the fluctuator model}{}% 17
\BOOKMARK [1][-]{section.3.1}{Experimental observation of NV-NV CR}{chapter.3}% 18
\BOOKMARK [1][-]{section.3.2}{NV inhomogeneity and the fluctuator model}{chapter.3}% 19
\BOOKMARK [1][-]{section.3.3}{Experimental investigation of the fluctuator model}{chapter.3}% 20
\BOOKMARK [1][-]{section.3.4}{Resonance between several NV classes}{chapter.3}% 21
\BOOKMARK [1][-]{section.3.5}{Conclusion and perspectives}{chapter.3}% 22
\BOOKMARK [0][-]{chapter.4}{NV-NV cross-relaxation at low magnetic field: application to magnetometry}{}% 23
\BOOKMARK [1][-]{section.4.1}{NV spin Hamiltonian under low and transverse fields}{chapter.4}% 24
\BOOKMARK [1][-]{section.4.2}{Theory of the low field depolarization}{chapter.4}% 25
\BOOKMARK [1][-]{section.4.3}{Experimental investigation of the low field depolarization}{chapter.4}% 26
\BOOKMARK [1][-]{section.4.4}{Introduction to ensemble NV magnetometry}{chapter.4}% 27
\BOOKMARK [1][-]{section.4.5}{Low field depolarization magnetometry}{chapter.4}% 28
\BOOKMARK [1][-]{section.4.6}{Comparison between LFDM and other magnetometry protocol}{chapter.4}% 29
\BOOKMARK [1][-]{section.4.7}{Conclusion and perspectives}{chapter.4}% 30
\BOOKMARK [0][-]{appendix.A}{Diamond samples}{}% 31
\BOOKMARK [1][-]{section.A.1}{CVD samples}{appendix.A}% 32
\BOOKMARK [1][-]{section.A.2}{HPHT samples}{appendix.A}% 33
\BOOKMARK [0][-]{appendix.B}{Computation of }{}% 34
\BOOKMARK [1][-]{section.B.1}{ in the magnetic basis \173 0, +1, -1\175}{appendix.B}% 35
\BOOKMARK [1][-]{section.B.2}{ in the non-magnetic basis \173 0, +, -\175}{appendix.B}% 36
\BOOKMARK [0][-]{appendix.C}{Influence of the magnetic field misalignment and laser polarization on the low field relaxation}{}% 37
\BOOKMARK [1][-]{section.C.1}{Magnetic field alignment}{appendix.C}% 38
\BOOKMARK [1][-]{section.C.2}{Laser polarization}{appendix.C}% 39
