This is pdfTeX, Version 3.14159265-2.6-1.40.20 (TeX Live 2019/Debian) (preloaded format=pdflatex 2022.1.25)  21 SEP 2022 16:21
entering extended mode
 restricted \write18 enabled.
 %&-line parsing enabled.
**these_fusion.tex
(./these_fusion.tex
LaTeX2e <2020-02-02> patch level 2
L3 programming layer <2020-02-14>
(/usr/share/texlive/texmf-dist/tex/latex/base/report.cls
Document Class: report 2019/12/20 v1.4l Standard LaTeX document class
(/usr/share/texlive/texmf-dist/tex/latex/base/size11.clo
File: size11.clo 2019/12/20 v1.4l Standard LaTeX file (size option)
)
\c@part=\count167
\c@chapter=\count168
\c@section=\count169
\c@subsection=\count170
\c@subsubsection=\count171
\c@paragraph=\count172
\c@subparagraph=\count173
\c@figure=\count174
\c@table=\count175
\abovecaptionskip=\skip47
\belowcaptionskip=\skip48
\bibindent=\dimen134
)
(/usr/share/texlive/texmf-dist/tex/latex/amsmath/amsmath.sty
Package: amsmath 2020/01/20 v2.17e AMS math features
\@mathmargin=\skip49

For additional information on amsmath, use the `?' option.
(/usr/share/texlive/texmf-dist/tex/latex/amsmath/amstext.sty
Package: amstext 2000/06/29 v2.01 AMS text

(/usr/share/texlive/texmf-dist/tex/latex/amsmath/amsgen.sty
File: amsgen.sty 1999/11/30 v2.0 generic functions
\@emptytoks=\toks14
\ex@=\dimen135
))
(/usr/share/texlive/texmf-dist/tex/latex/amsmath/amsbsy.sty
Package: amsbsy 1999/11/29 v1.2d Bold Symbols
\pmbraise@=\dimen136
)
(/usr/share/texlive/texmf-dist/tex/latex/amsmath/amsopn.sty
Package: amsopn 2016/03/08 v2.02 operator names
)
\inf@bad=\count176
LaTeX Info: Redefining \frac on input line 227.
\uproot@=\count177
\leftroot@=\count178
LaTeX Info: Redefining \overline on input line 389.
\classnum@=\count179
\DOTSCASE@=\count180
LaTeX Info: Redefining \ldots on input line 486.
LaTeX Info: Redefining \dots on input line 489.
LaTeX Info: Redefining \cdots on input line 610.
\Mathstrutbox@=\box45
\strutbox@=\box46
\big@size=\dimen137
LaTeX Font Info:    Redeclaring font encoding OML on input line 733.
LaTeX Font Info:    Redeclaring font encoding OMS on input line 734.
\macc@depth=\count181
\c@MaxMatrixCols=\count182
\dotsspace@=\muskip16
\c@parentequation=\count183
\dspbrk@lvl=\count184
\tag@help=\toks15
\row@=\count185
\column@=\count186
\maxfields@=\count187
\andhelp@=\toks16
\eqnshift@=\dimen138
\alignsep@=\dimen139
\tagshift@=\dimen140
\tagwidth@=\dimen141
\totwidth@=\dimen142
\lineht@=\dimen143
\@envbody=\toks17
\multlinegap=\skip50
\multlinetaggap=\skip51
\mathdisplay@stack=\toks18
LaTeX Info: Redefining \[ on input line 2859.
LaTeX Info: Redefining \] on input line 2860.
)
(/usr/share/texlive/texmf-dist/tex/latex/physics/physics.sty
Package: physics 

(/usr/share/texlive/texmf-dist/tex/latex/l3packages/xparse/xparse.sty
(/usr/share/texlive/texmf-dist/tex/latex/l3kernel/expl3.sty
Package: expl3 2020-02-14 L3 programming layer (loader) 

(/usr/share/texlive/texmf-dist/tex/latex/l3backend/l3backend-pdfmode.def
File: l3backend-pdfmode.def 2020-02-03 L3 backend support: PDF mode
\l__kernel_color_stack_int=\count188
\l__pdf_internal_box=\box47
))
Package: xparse 2020-02-14 L3 Experimental document command parser
\l__xparse_current_arg_int=\count189
\g__xparse_grabber_int=\count190
\l__xparse_m_args_int=\count191
\l__xparse_v_nesting_int=\count192
))
(/usr/share/texlive/texmf-dist/tex/latex/graphics/graphicx.sty
Package: graphicx 2019/11/30 v1.2a Enhanced LaTeX Graphics (DPC,SPQR)

(/usr/share/texlive/texmf-dist/tex/latex/graphics/keyval.sty
Package: keyval 2014/10/28 v1.15 key=value parser (DPC)
\KV@toks@=\toks19
)
(/usr/share/texlive/texmf-dist/tex/latex/graphics/graphics.sty
Package: graphics 2019/11/30 v1.4a Standard LaTeX Graphics (DPC,SPQR)

(/usr/share/texlive/texmf-dist/tex/latex/graphics/trig.sty
Package: trig 2016/01/03 v1.10 sin cos tan (DPC)
)
(/usr/share/texlive/texmf-dist/tex/latex/graphics-cfg/graphics.cfg
File: graphics.cfg 2016/06/04 v1.11 sample graphics configuration
)
Package graphics Info: Driver file: pdftex.def on input line 105.

(/usr/share/texlive/texmf-dist/tex/latex/graphics-def/pdftex.def
File: pdftex.def 2018/01/08 v1.0l Graphics/color driver for pdftex
))
\Gin@req@height=\dimen144
\Gin@req@width=\dimen145
)
(/usr/share/texlive/texmf-dist/tex/latex/hyperref/hyperref.sty
Package: hyperref 2020/01/14 v7.00d Hypertext links for LaTeX

(/usr/share/texlive/texmf-dist/tex/generic/ltxcmds/ltxcmds.sty
Package: ltxcmds 2019/12/15 v1.24 LaTeX kernel commands for general use (HO)
)
(/usr/share/texlive/texmf-dist/tex/generic/iftex/iftex.sty
Package: iftex 2019/11/07 v1.0c TeX engine tests
)
(/usr/share/texlive/texmf-dist/tex/latex/pdftexcmds/pdftexcmds.sty
Package: pdftexcmds 2019/11/24 v0.31 Utility functions of pdfTeX for LuaTeX (HO
)

(/usr/share/texlive/texmf-dist/tex/generic/infwarerr/infwarerr.sty
Package: infwarerr 2019/12/03 v1.5 Providing info/warning/error messages (HO)
)
Package pdftexcmds Info: \pdf@primitive is available.
Package pdftexcmds Info: \pdf@ifprimitive is available.
Package pdftexcmds Info: \pdfdraftmode found.
)
(/usr/share/texlive/texmf-dist/tex/generic/kvsetkeys/kvsetkeys.sty
Package: kvsetkeys 2019/12/15 v1.18 Key value parser (HO)
)
(/usr/share/texlive/texmf-dist/tex/generic/kvdefinekeys/kvdefinekeys.sty
Package: kvdefinekeys 2019-12-19 v1.6 Define keys (HO)
)
(/usr/share/texlive/texmf-dist/tex/generic/pdfescape/pdfescape.sty
Package: pdfescape 2019/12/09 v1.15 Implements pdfTeX's escape features (HO)
)
(/usr/share/texlive/texmf-dist/tex/latex/hycolor/hycolor.sty
Package: hycolor 2020-01-27 v1.10 Color options for hyperref/bookmark (HO)
)
(/usr/share/texlive/texmf-dist/tex/latex/letltxmacro/letltxmacro.sty
Package: letltxmacro 2019/12/03 v1.6 Let assignment for LaTeX macros (HO)
)
(/usr/share/texlive/texmf-dist/tex/latex/auxhook/auxhook.sty
Package: auxhook 2019-12-17 v1.6 Hooks for auxiliary files (HO)
)
(/usr/share/texlive/texmf-dist/tex/latex/kvoptions/kvoptions.sty
Package: kvoptions 2019/11/29 v3.13 Key value format for package options (HO)
)
\@linkdim=\dimen146
\Hy@linkcounter=\count193
\Hy@pagecounter=\count194

(/usr/share/texlive/texmf-dist/tex/latex/hyperref/pd1enc.def
File: pd1enc.def 2020/01/14 v7.00d Hyperref: PDFDocEncoding definition (HO)
Now handling font encoding PD1 ...
... no UTF-8 mapping file for font encoding PD1
)
(/usr/share/texlive/texmf-dist/tex/generic/intcalc/intcalc.sty
Package: intcalc 2019/12/15 v1.3 Expandable calculations with integers (HO)
)
(/usr/share/texlive/texmf-dist/tex/generic/etexcmds/etexcmds.sty
Package: etexcmds 2019/12/15 v1.7 Avoid name clashes with e-TeX commands (HO)
)
\Hy@SavedSpaceFactor=\count195
\pdfmajorversion=\count196
Package hyperref Info: Hyper figures OFF on input line 4547.
Package hyperref Info: Link nesting OFF on input line 4552.
Package hyperref Info: Hyper index ON on input line 4555.
Package hyperref Info: Plain pages OFF on input line 4562.
Package hyperref Info: Backreferencing OFF on input line 4567.
Package hyperref Info: Implicit mode ON; LaTeX internals redefined.
Package hyperref Info: Bookmarks ON on input line 4800.
\c@Hy@tempcnt=\count197

(/usr/share/texlive/texmf-dist/tex/latex/url/url.sty
\Urlmuskip=\muskip17
Package: url 2013/09/16  ver 3.4  Verb mode for urls, etc.
)
LaTeX Info: Redefining \url on input line 5159.
\XeTeXLinkMargin=\dimen147

(/usr/share/texlive/texmf-dist/tex/generic/bitset/bitset.sty
Package: bitset 2019/12/09 v1.3 Handle bit-vector datatype (HO)

(/usr/share/texlive/texmf-dist/tex/generic/bigintcalc/bigintcalc.sty
Package: bigintcalc 2019/12/15 v1.5 Expandable calculations on big integers (HO
)
))
\Fld@menulength=\count198
\Field@Width=\dimen148
\Fld@charsize=\dimen149
Package hyperref Info: Hyper figures OFF on input line 6430.
Package hyperref Info: Link nesting OFF on input line 6435.
Package hyperref Info: Hyper index ON on input line 6438.
Package hyperref Info: backreferencing OFF on input line 6445.
Package hyperref Info: Link coloring OFF on input line 6450.
Package hyperref Info: Link coloring with OCG OFF on input line 6455.
Package hyperref Info: PDF/A mode OFF on input line 6460.
LaTeX Info: Redefining \ref on input line 6500.
LaTeX Info: Redefining \pageref on input line 6504.

(/usr/share/texlive/texmf-dist/tex/generic/atbegshi/atbegshi.sty
Package: atbegshi 2019/12/05 v1.19 At begin shipout hook (HO)
)
\Hy@abspage=\count199
\c@Item=\count266
\c@Hfootnote=\count267
)
Package hyperref Info: Driver (autodetected): hpdftex.

(/usr/share/texlive/texmf-dist/tex/latex/hyperref/hpdftex.def
File: hpdftex.def 2020/01/14 v7.00d Hyperref driver for pdfTeX

(/usr/share/texlive/texmf-dist/tex/latex/atveryend/atveryend.sty
Package: atveryend 2019-12-11 v1.11 Hooks at the very end of document (HO)
Package atveryend Info: \enddocument detected (standard20110627).
)
\Fld@listcount=\count268
\c@bookmark@seq@number=\count269

(/usr/share/texlive/texmf-dist/tex/latex/rerunfilecheck/rerunfilecheck.sty
Package: rerunfilecheck 2019/12/05 v1.9 Rerun checks for auxiliary files (HO)

(/usr/share/texlive/texmf-dist/tex/generic/uniquecounter/uniquecounter.sty
Package: uniquecounter 2019/12/15 v1.4 Provide unlimited unique counter (HO)
)
Package uniquecounter Info: New unique counter `rerunfilecheck' on input line 2
86.
)
\Hy@SectionHShift=\skip52
)
(/usr/share/texlive/texmf-dist/tex/latex/biblatex/biblatex.sty
Package: biblatex 2019/12/01 v3.14 programmable bibliographies (PK/MW)

(/usr/share/texlive/texmf-dist/tex/latex/etoolbox/etoolbox.sty
Package: etoolbox 2019/09/21 v2.5h e-TeX tools for LaTeX (JAW)
\etb@tempcnta=\count270
)
(/usr/share/texlive/texmf-dist/tex/latex/logreq/logreq.sty
Package: logreq 2010/08/04 v1.0 xml request logger
\lrq@indent=\count271

(/usr/share/texlive/texmf-dist/tex/latex/logreq/logreq.def
File: logreq.def 2010/08/04 v1.0 logreq spec v1.0
))
(/usr/share/texlive/texmf-dist/tex/latex/base/ifthen.sty
Package: ifthen 2014/09/29 v1.1c Standard LaTeX ifthen package (DPC)
)
\c@tabx@nest=\count272
\c@listtotal=\count273
\c@listcount=\count274
\c@liststart=\count275
\c@liststop=\count276
\c@citecount=\count277
\c@citetotal=\count278
\c@multicitecount=\count279
\c@multicitetotal=\count280
\c@instcount=\count281
\c@maxnames=\count282
\c@minnames=\count283
\c@maxitems=\count284
\c@minitems=\count285
\c@citecounter=\count286
\c@maxcitecounter=\count287
\c@savedcitecounter=\count288
\c@uniquelist=\count289
\c@uniquename=\count290
\c@refsection=\count291
\c@refsegment=\count292
\c@maxextratitle=\count293
\c@maxextratitleyear=\count294
\c@maxextraname=\count295
\c@maxextradate=\count296
\c@maxextraalpha=\count297
\c@abbrvpenalty=\count298
\c@highnamepenalty=\count299
\c@lownamepenalty=\count300
\c@maxparens=\count301
\c@parenlevel=\count302
\blx@tempcnta=\count303
\blx@tempcntb=\count304
\blx@tempcntc=\count305
\blx@maxsection=\count306
\blx@maxsegment@0=\count307
\blx@notetype=\count308
\blx@parenlevel@text=\count309
\blx@parenlevel@foot=\count310
\blx@sectionciteorder@0=\count311
\blx@entrysetcounter=\count312
\labelnumberwidth=\skip53
\labelalphawidth=\skip54
\biblabelsep=\skip55
\bibitemsep=\skip56
\bibnamesep=\skip57
\bibinitsep=\skip58
\bibparsep=\skip59
\bibhang=\skip60
\blx@bcfin=\read2
\blx@bcfout=\write3
\blx@langwohyphens=\language85
\c@mincomprange=\count313
\c@maxcomprange=\count314
\c@mincompwidth=\count315
Package biblatex Info: Trying to load biblatex default data model...
Package biblatex Info: ... file 'blx-dm.def' found.

(/usr/share/texlive/texmf-dist/tex/latex/biblatex/blx-dm.def
File: blx-dm.def 2019/12/01 v3.14 biblatex localization (PK/MW)
)
Package biblatex Info: Trying to load biblatex style data model...
Package biblatex Info: ... file 'numeric-comp.dbx' not found.
Package biblatex Info: Trying to load biblatex custom data model...
Package biblatex Info: ... file 'biblatex-dm.cfg' not found.
\c@afterword=\count316
\c@savedafterword=\count317
\c@annotator=\count318
\c@savedannotator=\count319
\c@author=\count320
\c@savedauthor=\count321
\c@bookauthor=\count322
\c@savedbookauthor=\count323
\c@commentator=\count324
\c@savedcommentator=\count325
\c@editor=\count326
\c@savededitor=\count327
\c@editora=\count328
\c@savededitora=\count329
\c@editorb=\count330
\c@savededitorb=\count331
\c@editorc=\count332
\c@savededitorc=\count333
\c@foreword=\count334
\c@savedforeword=\count335
\c@holder=\count336
\c@savedholder=\count337
\c@introduction=\count338
\c@savedintroduction=\count339
\c@namea=\count340
\c@savednamea=\count341
\c@nameb=\count342
\c@savednameb=\count343
\c@namec=\count344
\c@savednamec=\count345
\c@translator=\count346
\c@savedtranslator=\count347
\c@shortauthor=\count348
\c@savedshortauthor=\count349
\c@shorteditor=\count350
\c@savedshorteditor=\count351
\c@labelname=\count352
\c@savedlabelname=\count353
\c@institution=\count354
\c@savedinstitution=\count355
\c@lista=\count356
\c@savedlista=\count357
\c@listb=\count358
\c@savedlistb=\count359
\c@listc=\count360
\c@savedlistc=\count361
\c@listd=\count362
\c@savedlistd=\count363
\c@liste=\count364
\c@savedliste=\count365
\c@listf=\count366
\c@savedlistf=\count367
\c@location=\count368
\c@savedlocation=\count369
\c@organization=\count370
\c@savedorganization=\count371
\c@origlocation=\count372
\c@savedoriglocation=\count373
\c@origpublisher=\count374
\c@savedorigpublisher=\count375
\c@publisher=\count376
\c@savedpublisher=\count377
\c@language=\count378
\c@savedlanguage=\count379
\c@origlanguage=\count380
\c@savedoriglanguage=\count381
\c@pageref=\count382
\c@savedpageref=\count383
\shorthandwidth=\skip61
\shortjournalwidth=\skip62
\shortserieswidth=\skip63
\shorttitlewidth=\skip64
\shortauthorwidth=\skip65
\shorteditorwidth=\skip66
\locallabelnumberwidth=\skip67
\locallabelalphawidth=\skip68
\localshorthandwidth=\skip69
\localshortjournalwidth=\skip70
\localshortserieswidth=\skip71
\localshorttitlewidth=\skip72
\localshortauthorwidth=\skip73
\localshorteditorwidth=\skip74
Package biblatex Info: Trying to load compatibility code...
Package biblatex Info: ... file 'blx-compat.def' found.

(/usr/share/texlive/texmf-dist/tex/latex/biblatex/blx-compat.def
File: blx-compat.def 2019/12/01 v3.14 biblatex compatibility (PK/MW)
)
Package biblatex Info: Trying to load generic definitions...
Package biblatex Info: ... file 'biblatex.def' found.

(/usr/share/texlive/texmf-dist/tex/latex/biblatex/biblatex.def
File: biblatex.def 2019/12/01 v3.14 biblatex compatibility (PK/MW)
\c@textcitecount=\count384
\c@textcitetotal=\count385
\c@textcitemaxnames=\count386
\c@biburlbigbreakpenalty=\count387
\c@biburlbreakpenalty=\count388
\c@biburlnumpenalty=\count389
\c@biburlucpenalty=\count390
\c@biburllcpenalty=\count391
\biburlbigskip=\muskip18
\biburlnumskip=\muskip19
\biburlucskip=\muskip20
\biburllcskip=\muskip21
\c@smartand=\count392
)
Package biblatex Info: Trying to load natbib compatibility...
Package biblatex Info: ... file 'blx-natbib.def' found.

(/usr/share/texlive/texmf-dist/tex/latex/biblatex/blx-natbib.def
File: blx-natbib.def 2019/12/01 v3.14 biblatex compatibility (PK/MW)
Package biblatex Info: Delimiter 'nameyeardelim' in context '' already defined,
 overwriting.
)
Package biblatex Info: Trying to load bibliography style 'numeric-comp'...
Package biblatex Info: ... file 'numeric-comp.bbx' found.

(/usr/share/texlive/texmf-dist/tex/latex/biblatex/bbx/numeric-comp.bbx
File: numeric-comp.bbx 2019/12/01 v3.14 biblatex bibliography style (PK/MW)
Package biblatex Info: Trying to load bibliography style 'numeric'...
Package biblatex Info: ... file 'numeric.bbx' found.

(/usr/share/texlive/texmf-dist/tex/latex/biblatex/bbx/numeric.bbx
File: numeric.bbx 2019/12/01 v3.14 biblatex bibliography style (PK/MW)
Package biblatex Info: Trying to load bibliography style 'standard'...
Package biblatex Info: ... file 'standard.bbx' found.

(/usr/share/texlive/texmf-dist/tex/latex/biblatex/bbx/standard.bbx
File: standard.bbx 2019/12/01 v3.14 biblatex bibliography style (PK/MW)
\c@bbx:relatedcount=\count393
\c@bbx:relatedtotal=\count394
)))
Package biblatex Info: Trying to load citation style 'numeric-comp'...
Package biblatex Info: ... file 'numeric-comp.cbx' found.

(/usr/share/texlive/texmf-dist/tex/latex/biblatex/cbx/numeric-comp.cbx
File: numeric-comp.cbx 2019/12/01 v3.14 biblatex citation style (PK/MW)
\c@cbx@tempcnta=\count395
\c@cbx@tempcntb=\count396
Package biblatex Info: Redefining '\cite'.
Package biblatex Info: Redefining '\parencite'.
Package biblatex Info: Redefining '\footcite'.
Package biblatex Info: Redefining '\footcitetext'.
Package biblatex Info: Redefining '\smartcite'.
Package biblatex Info: Redefining '\supercite'.
Package biblatex Info: Redefining '\textcite'.
Package biblatex Info: Redefining '\textcites'.
Package biblatex Info: Redefining '\cites'.
Package biblatex Info: Redefining '\parencites'.
Package biblatex Info: Redefining '\smartcites'.
)
Package biblatex Info: Trying to load configuration file...
Package biblatex Info: ... file 'biblatex.cfg' found.

(/usr/share/texlive/texmf-dist/tex/latex/biblatex/biblatex.cfg
File: biblatex.cfg 
))
(/usr/share/texlive/texmf-dist/tex/latex/amsfonts/amssymb.sty
Package: amssymb 2013/01/14 v3.01 AMS font symbols

(/usr/share/texlive/texmf-dist/tex/latex/amsfonts/amsfonts.sty
Package: amsfonts 2013/01/14 v3.01 Basic AMSFonts support
\symAMSa=\mathgroup4
\symAMSb=\mathgroup5
LaTeX Font Info:    Redeclaring math symbol \hbar on input line 98.
LaTeX Font Info:    Overwriting math alphabet `\mathfrak' in version `bold'
(Font)                  U/euf/m/n --> U/euf/b/n on input line 106.
))
(/usr/share/texlive/texmf-dist/tex/latex/caption/subcaption.sty
Package: subcaption 2020/01/22 v1.3d Sub-captions (AR)

(/usr/share/texlive/texmf-dist/tex/latex/caption/caption.sty
Package: caption 2020/01/03 v3.4h Customizing captions (AR)

(/usr/share/texlive/texmf-dist/tex/latex/caption/caption3.sty
Package: caption3 2020/01/03 v1.8h caption3 kernel (AR)
Package caption3 Info: TeX engine: e-TeX on input line 61.
\captionmargin=\dimen150
\captionmargin@=\dimen151
\captionwidth=\dimen152
\caption@tempdima=\dimen153
\caption@indent=\dimen154
\caption@parindent=\dimen155
\caption@hangindent=\dimen156
Package caption Info: Standard document class detected.
)
\c@caption@flags=\count397
\c@continuedfloat=\count398
Package caption Info: hyperref package is loaded.
)
\c@subfigure=\count399
\c@subtable=\count400
)
(/usr/share/texlive/texmf-dist/tex/latex/multirow/multirow.sty
Package: multirow 2019/05/31 v2.5 Span multiple rows of a table
\multirow@colwidth=\skip75
\multirow@cntb=\count401
\multirow@dima=\skip76
\bigstrutjot=\dimen157
)
(/usr/share/texlive/texmf-dist/tex/latex/booktabs/booktabs.sty
Package: booktabs 2020/01/12 v1.61803398 Publication quality tables
\heavyrulewidth=\dimen158
\lightrulewidth=\dimen159
\cmidrulewidth=\dimen160
\belowrulesep=\dimen161
\belowbottomsep=\dimen162
\aboverulesep=\dimen163
\abovetopsep=\dimen164
\cmidrulesep=\dimen165
\cmidrulekern=\dimen166
\defaultaddspace=\dimen167
\@cmidla=\count402
\@cmidlb=\count403
\@aboverulesep=\dimen168
\@belowrulesep=\dimen169
\@thisruleclass=\count404
\@lastruleclass=\count405
\@thisrulewidth=\dimen170
)
(/usr/share/texlive/texmf-dist/tex/latex/tcolorbox/tcolorbox.sty
Package: tcolorbox 2019/11/15 version 4.22 text color boxes

(/usr/share/texlive/texmf-dist/tex/latex/pgf/basiclayer/pgf.sty
(/usr/share/texlive/texmf-dist/tex/latex/pgf/utilities/pgfrcs.sty
(/usr/share/texlive/texmf-dist/tex/generic/pgf/utilities/pgfutil-common.tex
\pgfutil@everybye=\toks20
\pgfutil@tempdima=\dimen171
\pgfutil@tempdimb=\dimen172

(/usr/share/texlive/texmf-dist/tex/generic/pgf/utilities/pgfutil-common-lists.t
ex)) (/usr/share/texlive/texmf-dist/tex/generic/pgf/utilities/pgfutil-latex.def
\pgfutil@abb=\box48
(/usr/share/texlive/texmf-dist/tex/latex/ms/everyshi.sty
Package: everyshi 2001/05/15 v3.00 EveryShipout Package (MS)
))
(/usr/share/texlive/texmf-dist/tex/generic/pgf/utilities/pgfrcs.code.tex
(/usr/share/texlive/texmf-dist/tex/generic/pgf/pgf.revision.tex)
Package: pgfrcs 2020/01/08 v3.1.5b (3.1.5b)
))
Package: pgf 2020/01/08 v3.1.5b (3.1.5b)

(/usr/share/texlive/texmf-dist/tex/latex/pgf/basiclayer/pgfcore.sty
(/usr/share/texlive/texmf-dist/tex/latex/pgf/systemlayer/pgfsys.sty
(/usr/share/texlive/texmf-dist/tex/generic/pgf/systemlayer/pgfsys.code.tex
Package: pgfsys 2020/01/08 v3.1.5b (3.1.5b)

(/usr/share/texlive/texmf-dist/tex/generic/pgf/utilities/pgfkeys.code.tex
\pgfkeys@pathtoks=\toks21
\pgfkeys@temptoks=\toks22

(/usr/share/texlive/texmf-dist/tex/generic/pgf/utilities/pgfkeysfiltered.code.t
ex
\pgfkeys@tmptoks=\toks23
))
\pgf@x=\dimen173
\pgf@y=\dimen174
\pgf@xa=\dimen175
\pgf@ya=\dimen176
\pgf@xb=\dimen177
\pgf@yb=\dimen178
\pgf@xc=\dimen179
\pgf@yc=\dimen180
\pgf@xd=\dimen181
\pgf@yd=\dimen182
\w@pgf@writea=\write4
\r@pgf@reada=\read3
\c@pgf@counta=\count406
\c@pgf@countb=\count407
\c@pgf@countc=\count408
\c@pgf@countd=\count409
\t@pgf@toka=\toks24
\t@pgf@tokb=\toks25
\t@pgf@tokc=\toks26
\pgf@sys@id@count=\count410
 (/usr/share/texlive/texmf-dist/tex/generic/pgf/systemlayer/pgf.cfg
File: pgf.cfg 2020/01/08 v3.1.5b (3.1.5b)
)
Driver file for pgf: pgfsys-pdftex.def

(/usr/share/texlive/texmf-dist/tex/generic/pgf/systemlayer/pgfsys-pdftex.def
File: pgfsys-pdftex.def 2020/01/08 v3.1.5b (3.1.5b)

(/usr/share/texlive/texmf-dist/tex/generic/pgf/systemlayer/pgfsys-common-pdf.de
f
File: pgfsys-common-pdf.def 2020/01/08 v3.1.5b (3.1.5b)
)))
(/usr/share/texlive/texmf-dist/tex/generic/pgf/systemlayer/pgfsyssoftpath.code.
tex
File: pgfsyssoftpath.code.tex 2020/01/08 v3.1.5b (3.1.5b)
\pgfsyssoftpath@smallbuffer@items=\count411
\pgfsyssoftpath@bigbuffer@items=\count412
)
(/usr/share/texlive/texmf-dist/tex/generic/pgf/systemlayer/pgfsysprotocol.code.
tex
File: pgfsysprotocol.code.tex 2020/01/08 v3.1.5b (3.1.5b)
)) (/usr/share/texlive/texmf-dist/tex/latex/xcolor/xcolor.sty
Package: xcolor 2016/05/11 v2.12 LaTeX color extensions (UK)

(/usr/share/texlive/texmf-dist/tex/latex/graphics-cfg/color.cfg
File: color.cfg 2016/01/02 v1.6 sample color configuration
)
Package xcolor Info: Driver file: pdftex.def on input line 225.
Package xcolor Info: Model `cmy' substituted by `cmy0' on input line 1348.
Package xcolor Info: Model `hsb' substituted by `rgb' on input line 1352.
Package xcolor Info: Model `RGB' extended on input line 1364.
Package xcolor Info: Model `HTML' substituted by `rgb' on input line 1366.
Package xcolor Info: Model `Hsb' substituted by `hsb' on input line 1367.
Package xcolor Info: Model `tHsb' substituted by `hsb' on input line 1368.
Package xcolor Info: Model `HSB' substituted by `hsb' on input line 1369.
Package xcolor Info: Model `Gray' substituted by `gray' on input line 1370.
Package xcolor Info: Model `wave' substituted by `hsb' on input line 1371.
)
(/usr/share/texlive/texmf-dist/tex/generic/pgf/basiclayer/pgfcore.code.tex
Package: pgfcore 2020/01/08 v3.1.5b (3.1.5b)

(/usr/share/texlive/texmf-dist/tex/generic/pgf/math/pgfmath.code.tex
(/usr/share/texlive/texmf-dist/tex/generic/pgf/math/pgfmathcalc.code.tex
(/usr/share/texlive/texmf-dist/tex/generic/pgf/math/pgfmathutil.code.tex)
(/usr/share/texlive/texmf-dist/tex/generic/pgf/math/pgfmathparser.code.tex
\pgfmath@dimen=\dimen183
\pgfmath@count=\count413
\pgfmath@box=\box49
\pgfmath@toks=\toks27
\pgfmath@stack@operand=\toks28
\pgfmath@stack@operation=\toks29
)
(/usr/share/texlive/texmf-dist/tex/generic/pgf/math/pgfmathfunctions.code.tex
(/usr/share/texlive/texmf-dist/tex/generic/pgf/math/pgfmathfunctions.basic.code
.tex)
(/usr/share/texlive/texmf-dist/tex/generic/pgf/math/pgfmathfunctions.trigonomet
ric.code.tex)
(/usr/share/texlive/texmf-dist/tex/generic/pgf/math/pgfmathfunctions.random.cod
e.tex)
(/usr/share/texlive/texmf-dist/tex/generic/pgf/math/pgfmathfunctions.comparison
.code.tex)
(/usr/share/texlive/texmf-dist/tex/generic/pgf/math/pgfmathfunctions.base.code.
tex)
(/usr/share/texlive/texmf-dist/tex/generic/pgf/math/pgfmathfunctions.round.code
.tex)
(/usr/share/texlive/texmf-dist/tex/generic/pgf/math/pgfmathfunctions.misc.code.
tex)
(/usr/share/texlive/texmf-dist/tex/generic/pgf/math/pgfmathfunctions.integerari
thmetics.code.tex)))
(/usr/share/texlive/texmf-dist/tex/generic/pgf/math/pgfmathfloat.code.tex
\c@pgfmathroundto@lastzeros=\count414
))
(/usr/share/texlive/texmf-dist/tex/generic/pgf/math/pgfint.code.tex)
(/usr/share/texlive/texmf-dist/tex/generic/pgf/basiclayer/pgfcorepoints.code.te
x
File: pgfcorepoints.code.tex 2020/01/08 v3.1.5b (3.1.5b)
\pgf@picminx=\dimen184
\pgf@picmaxx=\dimen185
\pgf@picminy=\dimen186
\pgf@picmaxy=\dimen187
\pgf@pathminx=\dimen188
\pgf@pathmaxx=\dimen189
\pgf@pathminy=\dimen190
\pgf@pathmaxy=\dimen191
\pgf@xx=\dimen192
\pgf@xy=\dimen193
\pgf@yx=\dimen194
\pgf@yy=\dimen195
\pgf@zx=\dimen196
\pgf@zy=\dimen197
)
(/usr/share/texlive/texmf-dist/tex/generic/pgf/basiclayer/pgfcorepathconstruct.
code.tex
File: pgfcorepathconstruct.code.tex 2020/01/08 v3.1.5b (3.1.5b)
\pgf@path@lastx=\dimen198
\pgf@path@lasty=\dimen199
)
(/usr/share/texlive/texmf-dist/tex/generic/pgf/basiclayer/pgfcorepathusage.code
.tex
File: pgfcorepathusage.code.tex 2020/01/08 v3.1.5b (3.1.5b)
\pgf@shorten@end@additional=\dimen256
\pgf@shorten@start@additional=\dimen257
)
(/usr/share/texlive/texmf-dist/tex/generic/pgf/basiclayer/pgfcorescopes.code.te
x
File: pgfcorescopes.code.tex 2020/01/08 v3.1.5b (3.1.5b)
\pgfpic=\box50
\pgf@hbox=\box51
\pgf@layerbox@main=\box52
\pgf@picture@serial@count=\count415
)
(/usr/share/texlive/texmf-dist/tex/generic/pgf/basiclayer/pgfcoregraphicstate.c
ode.tex
File: pgfcoregraphicstate.code.tex 2020/01/08 v3.1.5b (3.1.5b)
\pgflinewidth=\dimen258
)
(/usr/share/texlive/texmf-dist/tex/generic/pgf/basiclayer/pgfcoretransformation
s.code.tex
File: pgfcoretransformations.code.tex 2020/01/08 v3.1.5b (3.1.5b)
\pgf@pt@x=\dimen259
\pgf@pt@y=\dimen260
\pgf@pt@temp=\dimen261
)
(/usr/share/texlive/texmf-dist/tex/generic/pgf/basiclayer/pgfcorequick.code.tex
File: pgfcorequick.code.tex 2020/01/08 v3.1.5b (3.1.5b)
)
(/usr/share/texlive/texmf-dist/tex/generic/pgf/basiclayer/pgfcoreobjects.code.t
ex
File: pgfcoreobjects.code.tex 2020/01/08 v3.1.5b (3.1.5b)
)
(/usr/share/texlive/texmf-dist/tex/generic/pgf/basiclayer/pgfcorepathprocessing
.code.tex
File: pgfcorepathprocessing.code.tex 2020/01/08 v3.1.5b (3.1.5b)
)
(/usr/share/texlive/texmf-dist/tex/generic/pgf/basiclayer/pgfcorearrows.code.te
x
File: pgfcorearrows.code.tex 2020/01/08 v3.1.5b (3.1.5b)
\pgfarrowsep=\dimen262
)
(/usr/share/texlive/texmf-dist/tex/generic/pgf/basiclayer/pgfcoreshade.code.tex
File: pgfcoreshade.code.tex 2020/01/08 v3.1.5b (3.1.5b)
\pgf@max=\dimen263
\pgf@sys@shading@range@num=\count416
\pgf@shadingcount=\count417
)
(/usr/share/texlive/texmf-dist/tex/generic/pgf/basiclayer/pgfcoreimage.code.tex
File: pgfcoreimage.code.tex 2020/01/08 v3.1.5b (3.1.5b)

(/usr/share/texlive/texmf-dist/tex/generic/pgf/basiclayer/pgfcoreexternal.code.
tex
File: pgfcoreexternal.code.tex 2020/01/08 v3.1.5b (3.1.5b)
\pgfexternal@startupbox=\box53
))
(/usr/share/texlive/texmf-dist/tex/generic/pgf/basiclayer/pgfcorelayers.code.te
x
File: pgfcorelayers.code.tex 2020/01/08 v3.1.5b (3.1.5b)
)
(/usr/share/texlive/texmf-dist/tex/generic/pgf/basiclayer/pgfcoretransparency.c
ode.tex
File: pgfcoretransparency.code.tex 2020/01/08 v3.1.5b (3.1.5b)
)
(/usr/share/texlive/texmf-dist/tex/generic/pgf/basiclayer/pgfcorepatterns.code.
tex
File: pgfcorepatterns.code.tex 2020/01/08 v3.1.5b (3.1.5b)
)
(/usr/share/texlive/texmf-dist/tex/generic/pgf/basiclayer/pgfcorerdf.code.tex
File: pgfcorerdf.code.tex 2020/01/08 v3.1.5b (3.1.5b)
)))
(/usr/share/texlive/texmf-dist/tex/generic/pgf/modules/pgfmoduleshapes.code.tex
File: pgfmoduleshapes.code.tex 2020/01/08 v3.1.5b (3.1.5b)
\pgfnodeparttextbox=\box54
) (/usr/share/texlive/texmf-dist/tex/generic/pgf/modules/pgfmoduleplot.code.tex
File: pgfmoduleplot.code.tex 2020/01/08 v3.1.5b (3.1.5b)
)
(/usr/share/texlive/texmf-dist/tex/latex/pgf/compatibility/pgfcomp-version-0-65
.sty
Package: pgfcomp-version-0-65 2020/01/08 v3.1.5b (3.1.5b)
\pgf@nodesepstart=\dimen264
\pgf@nodesepend=\dimen265
)
(/usr/share/texlive/texmf-dist/tex/latex/pgf/compatibility/pgfcomp-version-1-18
.sty
Package: pgfcomp-version-1-18 2020/01/08 v3.1.5b (3.1.5b)
)) (/usr/share/texlive/texmf-dist/tex/latex/tools/verbatim.sty
Package: verbatim 2019/11/10 v1.5r LaTeX2e package for verbatim enhancements
\every@verbatim=\toks30
\verbatim@line=\toks31
\verbatim@in@stream=\read4
)
(/usr/share/texlive/texmf-dist/tex/latex/environ/environ.sty
Package: environ 2014/05/04 v0.3 A new way to define environments

(/usr/share/texlive/texmf-dist/tex/latex/trimspaces/trimspaces.sty
Package: trimspaces 2009/09/17 v1.1 Trim spaces around a token list
))
\tcb@titlebox=\box55
\tcb@upperbox=\box56
\tcb@lowerbox=\box57
\tcb@phantombox=\box58
\c@tcbbreakpart=\count418
\c@tcblayer=\count419
\tcolorbox@number=\count420
\tcb@temp=\box59
\tcb@temp=\box60
\tcb@temp=\box61
\tcb@temp=\box62
\tcb@out=\write5
\tcb@record@out=\write6
)
   defining Unicode char U+0308 (decimal 776)
\@quotelevel=\count421
\@quotereset=\count422

(./these_fusion.aux

LaTeX Warning: Label `CR_shema' multiply defined.


LaTeX Warning: Label `delta gamma 1' multiply defined.

)
\openout1 = `these_fusion.aux'.

LaTeX Font Info:    Checking defaults for OML/cmm/m/it on input line 25.
LaTeX Font Info:    ... okay on input line 25.
LaTeX Font Info:    Checking defaults for OMS/cmsy/m/n on input line 25.
LaTeX Font Info:    ... okay on input line 25.
LaTeX Font Info:    Checking defaults for OT1/cmr/m/n on input line 25.
LaTeX Font Info:    ... okay on input line 25.
LaTeX Font Info:    Checking defaults for T1/cmr/m/n on input line 25.
LaTeX Font Info:    ... okay on input line 25.
LaTeX Font Info:    Checking defaults for TS1/cmr/m/n on input line 25.
LaTeX Font Info:    ... okay on input line 25.
LaTeX Font Info:    Checking defaults for OMX/cmex/m/n on input line 25.
LaTeX Font Info:    ... okay on input line 25.
LaTeX Font Info:    Checking defaults for U/cmr/m/n on input line 25.
LaTeX Font Info:    ... okay on input line 25.
LaTeX Font Info:    Checking defaults for PD1/pdf/m/n on input line 25.
LaTeX Font Info:    ... okay on input line 25.
 (/usr/share/texlive/texmf-dist/tex/context/base/mkii/supp-pdf.mkii
[Loading MPS to PDF converter (version 2006.09.02).]
\scratchcounter=\count423
\scratchdimen=\dimen266
\scratchbox=\box63
\nofMPsegments=\count424
\nofMParguments=\count425
\everyMPshowfont=\toks32
\MPscratchCnt=\count426
\MPscratchDim=\dimen267
\MPnumerator=\count427
\makeMPintoPDFobject=\count428
\everyMPtoPDFconversion=\toks33
) (/usr/share/texlive/texmf-dist/tex/latex/epstopdf-pkg/epstopdf-base.sty
Package: epstopdf-base 2020-01-24 v2.11 Base part for package epstopdf
Package epstopdf-base Info: Redefining graphics rule for `.eps' on input line 4
85.

(/usr/share/texlive/texmf-dist/tex/latex/latexconfig/epstopdf-sys.cfg
File: epstopdf-sys.cfg 2010/07/13 v1.3 Configuration of (r)epstopdf for TeX Liv
e
))
\AtBeginShipoutBox=\box64
Package hyperref Info: Link coloring OFF on input line 25.

(/usr/share/texlive/texmf-dist/tex/latex/hyperref/nameref.sty
Package: nameref 2019/09/16 v2.46 Cross-referencing by name of section

(/usr/share/texlive/texmf-dist/tex/latex/refcount/refcount.sty
Package: refcount 2019/12/15 v3.6 Data extraction from label references (HO)
)
(/usr/share/texlive/texmf-dist/tex/generic/gettitlestring/gettitlestring.sty
Package: gettitlestring 2019/12/15 v1.6 Cleanup title references (HO)
)
\c@section@level=\count429
)
LaTeX Info: Redefining \ref on input line 25.
LaTeX Info: Redefining \pageref on input line 25.
LaTeX Info: Redefining \nameref on input line 25.

(./these_fusion.out) (./these_fusion.out)
\@outlinefile=\write7
\openout7 = `these_fusion.out'.

Package biblatex Info: Trying to load language 'english'...
Package biblatex Info: ... file 'english.lbx' found.

(/usr/share/texlive/texmf-dist/tex/latex/biblatex/lbx/english.lbx
File: english.lbx 2019/12/01 v3.14 biblatex localization (PK/MW)
)
Package biblatex Info: Input encoding 'utf8' detected.
Package biblatex Info: Automatic encoding selection.
(biblatex)             Assuming data encoding 'utf8'.
\openout3 = `these_fusion.bcf'.

Package biblatex Info: Trying to load bibliographic data...
Package biblatex Info: ... file 'these_fusion.bbl' found.

(./these_fusion.bbl)
Package biblatex Info: Reference section=0 on input line 25.
Package biblatex Info: Reference segment=0 on input line 25.
Package caption Info: Begin \AtBeginDocument code.
Package caption Info: End \AtBeginDocument code.
 ABD: EveryShipout initializing macros
\blx@maxsegment@1=\count430
\blx@sectionciteorder@1=\count431
Package biblatex Info: Reference section=1 on input line 26.
Package biblatex Info: Setting label 'refsection:1' on input line 26.

Chapter 1.
LaTeX Font Info:    Trying to load font information for U+msa on input line 31.

(/usr/share/texlive/texmf-dist/tex/latex/amsfonts/umsa.fd
File: umsa.fd 2013/01/14 v3.01 AMS symbols A
)
LaTeX Font Info:    Trying to load font information for U+msb on input line 31.


(/usr/share/texlive/texmf-dist/tex/latex/amsfonts/umsb.fd
File: umsb.fd 2013/01/14 v3.01 AMS symbols B
)
<chapter 1/Figures/diamant_et_NV.pdf, id=449, 624.29414pt x 246.16296pt>
File: chapter 1/Figures/diamant_et_NV.pdf Graphic file (type pdf)
<use chapter 1/Figures/diamant_et_NV.pdf>
Package pdftex.def Info: chapter 1/Figures/diamant_et_NV.pdf  used on input lin
e 36.
(pdftex.def)             Requested size: 323.9978pt x 127.7538pt.


LaTeX Warning: `!h' float specifier changed to `!ht'.

[1


{/var/lib/texmf/fonts/map/pdftex/updmap/pdftex.map}]
<chapter 1/Figures/phase_diagram_carbon_wiki.pdf, id=463, 326.30872pt x 284.029
05pt>
File: chapter 1/Figures/phase_diagram_carbon_wiki.pdf Graphic file (type pdf)
<use chapter 1/Figures/phase_diagram_carbon_wiki.pdf>
Package pdftex.def Info: chapter 1/Figures/phase_diagram_carbon_wiki.pdf  used 
on input line 46.
(pdftex.def)             Requested size: 216.0022pt x 188.01881pt.
 [2 <./chapter 1/Figures/Diamant_et_NV.pdf> <./chapter 1/Figures/phase_diagram_
carbon_wiki.pdf

pdfTeX warning: /usr/bin/pdflatex (file ./chapter 1/Figures/phase_diagram_carbo
n_wiki.pdf): PDF inclusion: multiple pdfs with page group included in a single 
page
>]
<chapter 1/Figures/Diamond_type.pdf, id=513, 646.46977pt x 290.44714pt>
File: chapter 1/Figures/Diamond_type.pdf Graphic file (type pdf)
<use chapter 1/Figures/Diamond_type.pdf>
Package pdftex.def Info: chapter 1/Figures/Diamond_type.pdf  used on input line
 64.
(pdftex.def)             Requested size: 323.9978pt x 145.5689pt.
 [3 <./chapter 1/Figures/Diamond_type.pdf>] [4]
<chapter 1/Figures/HPHT_and_CVD.pdf, id=555, 493.84616pt x 235.07446pt>
File: chapter 1/Figures/HPHT_and_CVD.pdf Graphic file (type pdf)
<use chapter 1/Figures/HPHT_and_CVD.pdf>
Package pdftex.def Info: chapter 1/Figures/HPHT_and_CVD.pdf  used on input line
 85.
(pdftex.def)             Requested size: 360.0pt x 171.36258pt.
 [5 <./chapter 1/Figures/HPHT_and_CVD.pdf>]
<chapter 1/Figures/formtion_NV_2.pdf, id=607, 1823.71315pt x 538.7372pt>
File: chapter 1/Figures/formtion_NV_2.pdf Graphic file (type pdf)
<use chapter 1/Figures/formtion_NV_2.pdf>
Package pdftex.def Info: chapter 1/Figures/formtion_NV_2.pdf  used on input lin
e 118.
(pdftex.def)             Requested size: 360.0pt x 106.33983pt.


LaTeX Warning: `!h' float specifier changed to `!ht'.

[6] [7 <./chapter 1/Figures/formtion_NV_2.pdf>]

Package hyperref Warning: Token not allowed in a PDF string (PDFDocEncoding):
(hyperref)                removing `math shift' on input line 147.


Package hyperref Warning: Token not allowed in a PDF string (PDFDocEncoding):
(hyperref)                removing `superscript' on input line 147.


Package hyperref Warning: Token not allowed in a PDF string (PDFDocEncoding):
(hyperref)                removing `math shift' on input line 147.

[8]
<chapter 1/Figures/NV_electrons.pdf, id=788, 573.82103pt x 362.33038pt>
File: chapter 1/Figures/NV_electrons.pdf Graphic file (type pdf)
<use chapter 1/Figures/NV_electrons.pdf>
Package pdftex.def Info: chapter 1/Figures/NV_electrons.pdf  used on input line
 155.
(pdftex.def)             Requested size: 288.0011pt x 181.85583pt.
 [9 <./chapter 1/Figures/NV_electrons.pdf>]
<chapter 1/Figures/NV_optical.pdf, id=843, 823.87364pt x 613.73769pt>
File: chapter 1/Figures/NV_optical.pdf Graphic file (type pdf)
<use chapter 1/Figures/NV_optical.pdf>
Package pdftex.def Info: chapter 1/Figures/NV_optical.pdf  used on input line 1
72.
(pdftex.def)             Requested size: 360.0pt x 268.18181pt.


LaTeX Warning: `!h' float specifier changed to `!ht'.

[10] [11 <./chapter 1/Figures/NV_optical.pdf>]
<chapter 1/Figures/spin_fine_hyperfine.pdf, id=889, 482.25972pt x 276.04654pt>
File: chapter 1/Figures/spin_fine_hyperfine.pdf Graphic file (type pdf)
<use chapter 1/Figures/spin_fine_hyperfine.pdf>
Package pdftex.def Info: chapter 1/Figures/spin_fine_hyperfine.pdf  used on inp
ut line 193.
(pdftex.def)             Requested size: 360.0pt x 206.0656pt.
 [12 <./chapter 1/Figures/Spin_fine_hyperfine.pdf>] [13]
<chapter 1/Figures/ISC.pdf, id=931, 403.13081pt x 230.95755pt>
File: chapter 1/Figures/ISC.pdf Graphic file (type pdf)
<use chapter 1/Figures/ISC.pdf>
Package pdftex.def Info: chapter 1/Figures/ISC.pdf  used on input line 260.
(pdftex.def)             Requested size: 288.0011pt x 164.99947pt.
 [14 <./chapter 1/Figures/ISC.pdf>] [15]
<chapter 1/Figures/shema_exp.pdf, id=977, 599.90169pt x 425.70027pt>
File: chapter 1/Figures/shema_exp.pdf Graphic file (type pdf)
<use chapter 1/Figures/shema_exp.pdf>
Package pdftex.def Info: chapter 1/Figures/shema_exp.pdf  used on input line 29
2.
(pdftex.def)             Requested size: 288.0011pt x 204.37277pt.
 [16 <./chapter 1/Figures/shema_exp.pdf>]
<chapter 1/Figures/Rabi.pdf, id=999, 692.36432pt x 273.4702pt>
File: chapter 1/Figures/Rabi.pdf Graphic file (type pdf)
<use chapter 1/Figures/Rabi.pdf>
Package pdftex.def Info: chapter 1/Figures/Rabi.pdf  used on input line 308.
(pdftex.def)             Requested size: 360.0pt x 142.1928pt.
 [17 <./chapter 1/Figures/Rabi.pdf>]
<chapter 1/Figures/ODMR_basique.pdf, id=1022, 739.80559pt x 252.66322pt>
File: chapter 1/Figures/ODMR_basique.pdf Graphic file (type pdf)
<use chapter 1/Figures/ODMR_basique.pdf>
Package pdftex.def Info: chapter 1/Figures/ODMR_basique.pdf  used on input line
 328.
(pdftex.def)             Requested size: 360.0pt x 122.95016pt.
 [18 <./chapter 1/Figures/ODMR_basique.pdf>]
<chapter 1/Figures/ODMR_lockin.pdf, id=1042, 989.75484pt x 350.6325pt>
File: chapter 1/Figures/ODMR_lockin.pdf Graphic file (type pdf)
<use chapter 1/Figures/ODMR_lockin.pdf>
Package pdftex.def Info: chapter 1/Figures/ODMR_lockin.pdf  used on input line 
344.
(pdftex.def)             Requested size: 360.0pt x 127.53305pt.
 [19 <./chapter 1/Figures/ODMR_lockin.pdf>]
<chapter 1/Figures/ODMR_8_classes.pdf, id=1098, 680.63422pt x 486.38937pt>
File: chapter 1/Figures/ODMR_8_classes.pdf Graphic file (type pdf)
<use chapter 1/Figures/ODMR_8_classes.pdf>
Package pdftex.def Info: chapter 1/Figures/ODMR_8_classes.pdf  used on input li
ne 360.
(pdftex.def)             Requested size: 360.0pt x 257.2582pt.
 [20 <./chapter 1/Figures/ODMR_8_classes.pdf>] [21]

Package hyperref Warning: Token not allowed in a PDF string (PDFDocEncoding):
(hyperref)                removing `math shift' on input line 393.


Package hyperref Warning: Token not allowed in a PDF string (PDFDocEncoding):
(hyperref)                removing `subscript' on input line 393.


Package hyperref Warning: Token not allowed in a PDF string (PDFDocEncoding):
(hyperref)                removing `math shift' on input line 393.

<chapter 1/Figures/T1_basique.pdf, id=1204, 658.79059pt x 250.66364pt>
File: chapter 1/Figures/T1_basique.pdf Graphic file (type pdf)
<use chapter 1/Figures/T1_basique.pdf>
Package pdftex.def Info: chapter 1/Figures/T1_basique.pdf  used on input line 3
98.
(pdftex.def)             Requested size: 360.0pt x 136.97806pt.

LaTeX Warning: `!h' float specifier changed to `!ht'.

[22]
<chapter 1/Figures/T1_protocole_soustraction.pdf, id=1232, 696.18002pt x 466.39
752pt>
File: chapter 1/Figures/T1_protocole_soustraction.pdf Graphic file (type pdf)
<use chapter 1/Figures/T1_protocole_soustraction.pdf>
Package pdftex.def Info: chapter 1/Figures/T1_protocole_soustraction.pdf  used 
on input line 416.
(pdftex.def)             Requested size: 360.0pt x 241.18306pt.


LaTeX Warning: `!h' float specifier changed to `!ht'.

[23 <./chapter 1/Figures/T1_basique.pdf>] [24 <./chapter 1/Figures/T1_protocole
_soustraction.pdf>]

Package hyperref Warning: Token not allowed in a PDF string (PDFDocEncoding):
(hyperref)                removing `math shift' on input line 436.


Package hyperref Warning: Token not allowed in a PDF string (PDFDocEncoding):
(hyperref)                removing `subscript' on input line 436.


Package hyperref Warning: Token not allowed in a PDF string (PDFDocEncoding):
(hyperref)                removing `superscript' on input line 436.


Package hyperref Warning: Token not allowed in a PDF string (PDFDocEncoding):
(hyperref)                removing `math shift' on input line 436.

<chapter 1/Figures/Ramsey.pdf, id=1306, 698.9891pt x 259.30359pt>
File: chapter 1/Figures/Ramsey.pdf Graphic file (type pdf)
<use chapter 1/Figures/Ramsey.pdf>
Package pdftex.def Info: chapter 1/Figures/Ramsey.pdf  used on input line 440.
(pdftex.def)             Requested size: 360.0pt x 133.54877pt.
[25 <./chapter 1/Figures/Ramsey.pdf>]
<chapter 1/Figures/ODMR_1_classes.pdf, id=1332, 695.69873pt x 250.96248pt>
File: chapter 1/Figures/ODMR_1_classes.pdf Graphic file (type pdf)
<use chapter 1/Figures/ODMR_1_classes.pdf>
Package pdftex.def Info: chapter 1/Figures/ODMR_1_classes.pdf  used on input li
ne 459.
(pdftex.def)             Requested size: 360.0pt x 129.86555pt.
 [26 <./chapter 1/Figures/ODMR_1_classes.pdf>]

Package hyperref Warning: Token not allowed in a PDF string (PDFDocEncoding):
(hyperref)                removing `math shift' on input line 470.


Package hyperref Warning: Token not allowed in a PDF string (PDFDocEncoding):
(hyperref)                removing `subscript' on input line 470.


Package hyperref Warning: Token not allowed in a PDF string (PDFDocEncoding):
(hyperref)                removing `math shift' on input line 470.

<chapter 1/Figures/Echo.pdf, id=1372, 728.52063pt x 252.93323pt>
File: chapter 1/Figures/Echo.pdf Graphic file (type pdf)
<use chapter 1/Figures/Echo.pdf>
Package pdftex.def Info: chapter 1/Figures/Echo.pdf  used on input line 473.
(pdftex.def)             Requested size: 360.0pt x 124.98813pt.
[27 <./chapter 1/Figures/Echo.pdf>]
Overfull \hbox (13.4578pt too wide) in paragraph at lines 487--487
[]\OT1/cmr/bx/n/14.4 Dipole-dipole in-ter-ac-tion be-tween two elec-tronic
 []

<chapter 1/Figures/shema_dipole_dipole.pdf, id=1402, 251.13464pt x 219.10452pt>

File: chapter 1/Figures/shema_dipole_dipole.pdf Graphic file (type pdf)
<use chapter 1/Figures/shema_dipole_dipole.pdf>
Package pdftex.def Info: chapter 1/Figures/shema_dipole_dipole.pdf  used on inp
ut line 491.
(pdftex.def)             Requested size: 143.9978pt x 125.63641pt.
[28 <./chapter 1/Figures/shema_dipole_dipole.pdf>]
<chapter 1/Figures/flip-flop_double-flip.pdf, id=1431, 734.74745pt x 596.39659p
t>
File: chapter 1/Figures/flip-flop_double-flip.pdf Graphic file (type pdf)
<use chapter 1/Figures/flip-flop_double-flip.pdf>
Package pdftex.def Info: chapter 1/Figures/flip-flop_double-flip.pdf  used on i
nput line 542.
(pdftex.def)             Requested size: 251.9989pt x 204.5467pt.


LaTeX Warning: `!h' float specifier changed to `!ht'.

[29] [30 <./chapter 1/Figures/flip-flop_double-flip.pdf>]
<chapter 1/Figures/Shema_CR.pdf, id=1470, 848.74898pt x 321.33702pt>
File: chapter 1/Figures/Shema_CR.pdf Graphic file (type pdf)
<use chapter 1/Figures/Shema_CR.pdf>
Package pdftex.def Info: chapter 1/Figures/Shema_CR.pdf  used on input line 572
.
(pdftex.def)             Requested size: 323.9978pt x 122.66829pt.
 [31 <./chapter 1/Figures/Shema_CR.pdf>] [32] [33]
Overfull \hbox (0.80183pt too wide) in paragraph at lines 598--598
[]\OT1/cmr/m/n/10.95 Amanda S Barnard. \OT1/cmr/m/it/10.95 The di-a-mond for-mu
la: di-a-mond synthesis--a gem-
 []


Overfull \hbox (14.8287pt too wide) in paragraph at lines 598--598
\OT1/cmr/m/n/10.95 pro-duced in nat-u-ral brown di-a-monds by high-pressure, hi
gh-temperature
 []

[34

]
Overfull \hbox (5.78285pt too wide) in paragraph at lines 598--598
\OT1/cmr/m/n/10.95 di-a-mond crys-tals''. In: \OT1/cmr/m/it/10.95 Jour-nal of C
rys-tal Growth \OT1/cmr/m/n/10.95 237 (2002), pp. 1281{
 []


Overfull \hbox (9.88962pt too wide) in paragraph at lines 598--598
[]\OT1/cmr/m/n/10.95 Seiichiro Mat-sumoto et al. ``Growth of di-a-mond par-ti-c
les from methane-
 []


Overfull \hbox (6.08484pt too wide) in paragraph at lines 598--598
\OT1/cmr/m/n/10.95 hydrogen gas''. In: \OT1/cmr/m/it/10.95 Jour-nal of ma-te-ri
-als Sci-ence \OT1/cmr/m/n/10.95 17.11 (1982), pp. 3106{
 []

[35]
Overfull \hbox (13.12904pt too wide) in paragraph at lines 598--598
[]\OT1/cmr/m/n/10.95 Makoto Kasu and Naoki Kobayashi. ``High mo-bil-ity and hig
h crystalline-
 []


Overfull \hbox (16.08907pt too wide) in paragraph at lines 598--598
\OT1/cmr/m/n/10.95 tro-gen delta-doping''. In: \OT1/cmr/m/it/10.95 Ap-plied Phy
sics Let-ters \OT1/cmr/m/n/10.95 101.8 (2012), p. 082413. 
 []


Overfull \hbox (9.92796pt too wide) in paragraph at lines 598--598
\OT1/cmr/m/n/10.95 mond us-ing elec-tron para-m-ag-netic res-o-nance and op-ti-
cal spec-troscopy''.
 []

[36]
Overfull \hbox (8.87062pt too wide) in paragraph at lines 598--598
[]\OT1/cmr/m/n/10.95 ME New-ton et al. ``Recombination-enhanced dif-fu-sion of 
self-interstitial
 []

[37]
Overfull \hbox (3.09052pt too wide) in paragraph at lines 598--598
\OT1/cmr/m/n/10.95 cen-tre in di-a-mond: the elec-tronic so-lu-tion''. In: \OT1
/cmr/m/it/10.95 New Jour-nal of Physics
 []


Overfull \hbox (18.45795pt too wide) in paragraph at lines 598--598
[]\OT1/cmr/m/n/10.95 Romana Schirhagl et al. ``Nitrogen-vacancy cen-ters in di-
a-mond: nanoscale
 []


Overfull \hbox (7.70134pt too wide) in paragraph at lines 598--598
\OT1/cmr/m/n/10.95 quan-tum com-put-ing hard-ware''. In: \OT1/cmr/m/it/10.95 Sc
i-ence \OT1/cmr/m/n/10.95 372.6539 (2021), eabb2823. 
 []


Overfull \hbox (20.18915pt too wide) in paragraph at lines 598--598
\OT1/cmr/m/n/10.95 ``Quan-tum sens-ing''. In: \OT1/cmr/m/it/10.95 Re-views of m
od-ern physics \OT1/cmr/m/n/10.95 89.3 (2017), p. 035002. 
 []

[38] [39]
Overfull \hbox (1.12952pt too wide) in paragraph at lines 598--598
[]\OT1/cmr/m/n/10.95 Federico Gor-rini et al. ``Long-Lived En-sem-bles of Shal-
low NV--Centers
 []

[40]
Package biblatex Info: Reference section=0 on input line 598.
\blx@maxsegment@2=\count432
\blx@sectionciteorder@2=\count433
Package biblatex Info: Reference section=2 on input line 599.
Package biblatex Info: Setting label 'refsection:2' on input line 599.
 [41]
Chapter 2.
[42

]
<chapter 2/Figures/Shema_CR.pdf, id=1558, 848.74898pt x 321.33702pt>
File: chapter 2/Figures/Shema_CR.pdf Graphic file (type pdf)
<use chapter 2/Figures/Shema_CR.pdf>
Package pdftex.def Info: chapter 2/Figures/Shema_CR.pdf  used on input line 622
.
(pdftex.def)             Requested size: 323.9978pt x 122.66829pt.
 [43 <./chapter 2/Figures/Shema_CR.pdf>]

Package hyperref Warning: Token not allowed in a PDF string (PDFDocEncoding):
(hyperref)                removing `math shift' on input line 643.


Package hyperref Warning: Token not allowed in a PDF string (PDFDocEncoding):
(hyperref)                removing `superscript' on input line 643.


Package hyperref Warning: Token not allowed in a PDF string (PDFDocEncoding):
(hyperref)                removing `math shift' on input line 643.

[44]

Package hyperref Warning: Token not allowed in a PDF string (PDFDocEncoding):
(hyperref)                removing `math shift' on input line 657.


Package hyperref Warning: Token not allowed in a PDF string (PDFDocEncoding):
(hyperref)                removing `superscript' on input line 657.


Package hyperref Warning: Token not allowed in a PDF string (PDFDocEncoding):
(hyperref)                removing `math shift' on input line 657.

[45]

Package hyperref Warning: Token not allowed in a PDF string (PDFDocEncoding):
(hyperref)                removing `math shift' on input line 681.


Package hyperref Warning: Token not allowed in a PDF string (PDFDocEncoding):
(hyperref)                removing `\tau' on input line 681.


Package hyperref Warning: Token not allowed in a PDF string (PDFDocEncoding):
(hyperref)                removing `math shift' on input line 681.

<chapter 2/Figures/relaxo_pulsed_continuous.pdf, id=1635, 717.25087pt x 303.484
31pt>
File: chapter 2/Figures/relaxo_pulsed_continuous.pdf Graphic file (type pdf)
<use chapter 2/Figures/relaxo_pulsed_continuous.pdf>
Package pdftex.def Info: chapter 2/Figures/relaxo_pulsed_continuous.pdf  used o
n input line 684.
(pdftex.def)             Requested size: 323.9978pt x 137.09457pt.

LaTeX Warning: `h' float specifier changed to `ht'.

[46]
<chapter 2/Figures/DEER.pdf, id=1658, 252.44475pt x 148.50441pt>
File: chapter 2/Figures/DEER.pdf Graphic file (type pdf)
<use chapter 2/Figures/DEER.pdf>
Package pdftex.def Info: chapter 2/Figures/DEER.pdf  used on input line 701.
(pdftex.def)             Requested size: 180.0pt x 105.88979pt.
 [47 <./chapter 2/Figures/relaxo_pulsed_continuous.pdf> <./chapter 2/Figures/DE
ER.pdf

pdfTeX warning: /usr/bin/pdflatex (file ./chapter 2/Figures/DEER.pdf): PDF incl
usion: multiple pdfs with page group included in a single page
>]
Overfull \hbox (32.58922pt too wide) in paragraph at lines 718--719
\OT1/cmr/m/n/10.95 dipole Hamil-to-nian: CR mea-sures the off-diagonal el-e-men
ts $
[] = [] [] \OML/cmm/m/it/10.95 =\U/msb/m/n/10.95 ~$
 []

<chapter 2/Figures/121_vs_22_NV.pdf, id=1681, 909.47635pt x 513.96527pt>
File: chapter 2/Figures/121_vs_22_NV.pdf Graphic file (type pdf)
<use chapter 2/Figures/121_vs_22_NV.pdf>
Package pdftex.def Info: chapter 2/Figures/121_vs_22_NV.pdf  used on input line
 731.
(pdftex.def)             Requested size: 323.9978pt x 183.0981pt.

LaTeX Warning: `h' float specifier changed to `ht'.

[48]

Package hyperref Warning: Token not allowed in a PDF string (PDFDocEncoding):
(hyperref)                removing `math shift' on input line 743.


Package hyperref Warning: Token not allowed in a PDF string (PDFDocEncoding):
(hyperref)                removing `superscript' on input line 743.


Package hyperref Warning: Token not allowed in a PDF string (PDFDocEncoding):
(hyperref)                removing `math shift' on input line 743.

<chapter 2/Figures/121_vs_22_P1.pdf, id=1691, 871.60818pt x 309.44946pt>
File: chapter 2/Figures/121_vs_22_P1.pdf Graphic file (type pdf)
<use chapter 2/Figures/121_vs_22_P1.pdf>
Package pdftex.def Info: chapter 2/Figures/121_vs_22_P1.pdf  used on input line
 747.
(pdftex.def)             Requested size: 323.9978pt x 115.02806pt.

LaTeX Warning: `h' float specifier changed to `ht'.

[49 <./chapter 2/Figures/121_vs_22_NV.pdf>]

Package hyperref Warning: Token not allowed in a PDF string (PDFDocEncoding):
(hyperref)                removing `math shift' on input line 756.


Package hyperref Warning: Token not allowed in a PDF string (PDFDocEncoding):
(hyperref)                removing `superscript' on input line 756.


Package hyperref Warning: Token not allowed in a PDF string (PDFDocEncoding):
(hyperref)                removing `math shift' on input line 756.


Package hyperref Warning: Token not allowed in a PDF string (PDFDocEncoding):
(hyperref)                removing `math shift' on input line 756.


Package hyperref Warning: Token not allowed in a PDF string (PDFDocEncoding):
(hyperref)                removing `superscript' on input line 756.


Package hyperref Warning: Token not allowed in a PDF string (PDFDocEncoding):
(hyperref)                removing `math shift' on input line 756.

<chapter 2/Figures/121_vs_22_VH.pdf, id=1727, 870.3203pt x 309.44946pt>
File: chapter 2/Figures/121_vs_22_VH.pdf Graphic file (type pdf)
<use chapter 2/Figures/121_vs_22_VH.pdf>
Package pdftex.def Info: chapter 2/Figures/121_vs_22_VH.pdf  used on input line
 760.
(pdftex.def)             Requested size: 323.9978pt x 115.19804pt.
[50 <./chapter 2/Figures/121_vs_22_P1.pdf> <./chapter 2/Figures/121_vs_22_VH.pd
f

pdfTeX warning: /usr/bin/pdflatex (file ./chapter 2/Figures/121_vs_22_VH.pdf): 
PDF inclusion: multiple pdfs with page group included in a single page
>]

Package hyperref Warning: Token not allowed in a PDF string (PDFDocEncoding):
(hyperref)                removing `math shift' on input line 771.


Package hyperref Warning: Token not allowed in a PDF string (PDFDocEncoding):
(hyperref)                removing `superscript' on input line 771.


Package hyperref Warning: Token not allowed in a PDF string (PDFDocEncoding):
(hyperref)                removing `math shift' on input line 771.


Package hyperref Warning: Token not allowed in a PDF string (PDFDocEncoding):
(hyperref)                removing `math shift' on input line 771.


Package hyperref Warning: Token not allowed in a PDF string (PDFDocEncoding):
(hyperref)                removing `superscript' on input line 771.


Package hyperref Warning: Token not allowed in a PDF string (PDFDocEncoding):
(hyperref)                removing `math shift' on input line 771.


Package hyperref Warning: Token not allowed in a PDF string (PDFDocEncoding):
(hyperref)                removing `math shift' on input line 771.


Package hyperref Warning: Token not allowed in a PDF string (PDFDocEncoding):
(hyperref)                removing `superscript' on input line 771.


Package hyperref Warning: Token not allowed in a PDF string (PDFDocEncoding):
(hyperref)                removing `math shift' on input line 771.

<chapter 2/Figures/121_vs_22_13CNV.pdf, id=1823, 940.67757pt x 602.10297pt>
File: chapter 2/Figures/121_vs_22_13CNV.pdf Graphic file (type pdf)
<use chapter 2/Figures/121_vs_22_13CNV.pdf>
Package pdftex.def Info: chapter 2/Figures/121_vs_22_13CNV.pdf  used on input l
ine 775.
(pdftex.def)             Requested size: 360.0pt x 230.42766pt.
[51 <./chapter 2/Figures/121_vs_22_13CNV.pdf>]
<chapter 2/Figures/contrast_OMDR_111_Vs_100.pdf, id=1960, 875.8128pt x 309.4495
pt>
File: chapter 2/Figures/contrast_OMDR_111_Vs_100.pdf Graphic file (type pdf)
<use chapter 2/Figures/contrast_OMDR_111_Vs_100.pdf>
Package pdftex.def Info: chapter 2/Figures/contrast_OMDR_111_Vs_100.pdf  used o
n input line 806.
(pdftex.def)             Requested size: 323.9978pt x 114.48035pt.


LaTeX Warning: `h' float specifier changed to `ht'.

[52]
<chapter 2/Figures/NV_P1_libreAcces.png, id=1968, 363.60844pt x 228.10219pt>
File: chapter 2/Figures/NV_P1_libreAcces.png Graphic file (type png)
<use chapter 2/Figures/NV_P1_libreAcces.png>
Package pdftex.def Info: chapter 2/Figures/NV_P1_libreAcces.png  used on input 
line 825.
(pdftex.def)             Requested size: 251.9989pt x 158.09026pt.


LaTeX Warning: `h' float specifier changed to `ht'.

[53 <./chapter 2/Figures/contrast_OMDR_111_Vs_100.pdf>]

Package hyperref Warning: Token not allowed in a PDF string (PDFDocEncoding):
(hyperref)                removing `math shift' on input line 844.


Package hyperref Warning: Token not allowed in a PDF string (PDFDocEncoding):
(hyperref)                removing `superscript' on input line 844.


Package hyperref Warning: Token not allowed in a PDF string (PDFDocEncoding):
(hyperref)                removing `math shift' on input line 844.


Package hyperref Warning: Token not allowed in a PDF string (PDFDocEncoding):
(hyperref)                removing `math shift' on input line 844.


Package hyperref Warning: Token not allowed in a PDF string (PDFDocEncoding):
(hyperref)                removing `superscript' on input line 844.


Package hyperref Warning: Token not allowed in a PDF string (PDFDocEncoding):
(hyperref)                removing `math shift' on input line 844.


Package hyperref Warning: Token not allowed in a PDF string (PDFDocEncoding):
(hyperref)                removing `math shift' on input line 844.


Package hyperref Warning: Token not allowed in a PDF string (PDFDocEncoding):
(hyperref)                removing `superscript' on input line 844.


Package hyperref Warning: Token not allowed in a PDF string (PDFDocEncoding):
(hyperref)                removing `math shift' on input line 844.

<chapter 2/Figures/fig_VH_et_co.pdf, id=2014, 871.80423pt x 297.61028pt>
File: chapter 2/Figures/fig_VH_et_co.pdf Graphic file (type pdf)
<use chapter 2/Figures/fig_VH_et_co.pdf>
Package pdftex.def Info: chapter 2/Figures/fig_VH_et_co.pdf  used on input line
 848.
(pdftex.def)             Requested size: 360.0pt x 122.8929pt.

LaTeX Warning: `h' float specifier changed to `ht'.

[54 <./chapter 2/Figures/NV_P1_libreAcces.png (PNG copy)>] [55 <./chapter 2/Fig
ures/fig_VH_et_co.pdf>]

Package hyperref Warning: Token not allowed in a PDF string (PDFDocEncoding):
(hyperref)                removing `math shift' on input line 869.


Package hyperref Warning: Token not allowed in a PDF string (PDFDocEncoding):
(hyperref)                removing `superscript' on input line 869.


Package hyperref Warning: Token not allowed in a PDF string (PDFDocEncoding):
(hyperref)                removing `math shift' on input line 869.


Package hyperref Warning: Token not allowed in a PDF string (PDFDocEncoding):
(hyperref)                removing `math shift' on input line 869.


Package hyperref Warning: Token not allowed in a PDF string (PDFDocEncoding):
(hyperref)                removing `superscript' on input line 869.


Package hyperref Warning: Token not allowed in a PDF string (PDFDocEncoding):
(hyperref)                removing `math shift' on input line 869.


Package hyperref Warning: Token not allowed in a PDF string (PDFDocEncoding):
(hyperref)                removing `math shift' on input line 869.


Package hyperref Warning: Token not allowed in a PDF string (PDFDocEncoding):
(hyperref)                removing `superscript' on input line 869.


Package hyperref Warning: Token not allowed in a PDF string (PDFDocEncoding):
(hyperref)                removing `math shift' on input line 869.


Package hyperref Warning: Token not allowed in a PDF string (PDFDocEncoding):
(hyperref)                removing `math shift' on input line 871.


Package hyperref Warning: Token not allowed in a PDF string (PDFDocEncoding):
(hyperref)                removing `superscript' on input line 871.


Package hyperref Warning: Token not allowed in a PDF string (PDFDocEncoding):
(hyperref)                removing `math shift' on input line 871.

[56]

Package hyperref Warning: Token not allowed in a PDF string (PDFDocEncoding):
(hyperref)                removing `math shift' on input line 897.


Package hyperref Warning: Token not allowed in a PDF string (PDFDocEncoding):
(hyperref)                removing `superscript' on input line 897.


Package hyperref Warning: Token not allowed in a PDF string (PDFDocEncoding):
(hyperref)                removing `math shift' on input line 897.


Package hyperref Warning: Token not allowed in a PDF string (PDFDocEncoding):
(hyperref)                removing `math shift' on input line 897.


Package hyperref Warning: Token not allowed in a PDF string (PDFDocEncoding):
(hyperref)                removing `superscript' on input line 897.


Package hyperref Warning: Token not allowed in a PDF string (PDFDocEncoding):
(hyperref)                removing `math shift' on input line 897.

<chapter 2/Figures/scan_100_Sumi4.pdf, id=2092, 414.20096pt x 272.73589pt>
File: chapter 2/Figures/scan_100_Sumi4.pdf Graphic file (type pdf)
<use chapter 2/Figures/scan_100_Sumi4.pdf>
Package pdftex.def Info: chapter 2/Figures/scan_100_Sumi4.pdf  used on input li
ne 901.
(pdftex.def)             Requested size: 216.0022pt x 142.2313pt.
[57 <./chapter 2/Figures/scan_100_Sumi4.pdf>] [58]

Package hyperref Warning: Token not allowed in a PDF string (PDFDocEncoding):
(hyperref)                removing `math shift' on input line 944.


Package hyperref Warning: Token not allowed in a PDF string (PDFDocEncoding):
(hyperref)                removing `superscript' on input line 944.


Package hyperref Warning: Token not allowed in a PDF string (PDFDocEncoding):
(hyperref)                removing `math shift' on input line 944.

<chapter 2/Figures/VH_CVD_chauffage.pdf, id=2118, 914.29453pt x 318.76761pt>
File: chapter 2/Figures/VH_CVD_chauffage.pdf Graphic file (type pdf)
<use chapter 2/Figures/VH_CVD_chauffage.pdf>
Package pdftex.def Info: chapter 2/Figures/VH_CVD_chauffage.pdf  used on input 
line 950.
(pdftex.def)             Requested size: 360.0pt x 125.51053pt.
[59 <./chapter 2/Figures/VH_CVD_chauffage.pdf>]
<chapter 2/Figures/VH_HPHT_chauffage.pdf, id=2154, 435.79318pt x 285.48367pt>
File: chapter 2/Figures/VH_HPHT_chauffage.pdf Graphic file (type pdf)
<use chapter 2/Figures/VH_HPHT_chauffage.pdf>
Package pdftex.def Info: chapter 2/Figures/VH_HPHT_chauffage.pdf  used on input
 line 969.
(pdftex.def)             Requested size: 251.9989pt x 165.08405pt.
 [60 <./chapter 2/Figures/VH_HPHT_chauffage.pdf>] [61]

Package hyperref Warning: Token not allowed in a PDF string (PDFDocEncoding):
(hyperref)                removing `math shift' on input line 1002.


Package hyperref Warning: Token not allowed in a PDF string (PDFDocEncoding):
(hyperref)                removing `superscript' on input line 1002.


Package hyperref Warning: Token not allowed in a PDF string (PDFDocEncoding):
(hyperref)                removing `math shift' on input line 1002.


Package hyperref Warning: Token not allowed in a PDF string (PDFDocEncoding):
(hyperref)                removing `math shift' on input line 1010.


Package hyperref Warning: Token not allowed in a PDF string (PDFDocEncoding):
(hyperref)                removing `superscript' on input line 1010.


Package hyperref Warning: Token not allowed in a PDF string (PDFDocEncoding):
(hyperref)                removing `math shift' on input line 1010.

[62] [63]
Overfull \hbox (9.92796pt too wide) in paragraph at lines 1015--1015
\OT1/cmr/m/n/10.95 mond us-ing elec-tron para-m-ag-netic res-o-nance and op-ti-
cal spec-troscopy''.
 []


Overfull \hbox (7.70567pt too wide) in paragraph at lines 1015--1015
[]\OT1/cmr/m/n/10.95 Claire Glover et al. ``Hy-dro-gen in-cor-po-ra-tion in di-
a-mond: The nitrogen-
 []


Overfull \hbox (5.85027pt too wide) in paragraph at lines 1015--1015
[]\OT1/cmr/m/n/10.95 Claire Glover et al. ``Hy-dro-gen in-cor-po-ra-tion in di-
a-mond: The vacancy-
 []


Overfull \hbox (3.18024pt too wide) in paragraph at lines 1015--1015
\OT1/cmr/m/n/10.95 hydrogen com-plex''. In: \OT1/cmr/m/it/10.95 Phys-i-cal re-v
iew let-ters \OT1/cmr/m/n/10.95 92.13 (2004), p. 135502. 
 []

[64

]
Overfull \hbox (7.95815pt too wide) in paragraph at lines 1015--1015
[]\OT1/cmr/m/n/10.95 MJ Shaw et al. ``Im-por-tance of quan-tum tun-nel-ing in v
acancy-hydrogen
 []


Overfull \hbox (21.46068pt too wide) in paragraph at lines 1015--1015
\OT1/cmr/m/n/10.95 com-plexes in di-a-mond''. In: \OT1/cmr/m/it/10.95 Phys-i-ca
l re-view let-ters \OT1/cmr/m/n/10.95 95.10 (2005), p. 105502. 
 []


Overfull \hbox (6.71098pt too wide) in paragraph at lines 1015--1015
[]\OT1/cmr/m/n/10.95 Arne Wick-en-brock et al. ``Microwave-free mag-ne-tom-e-tr
y with nitrogen-
 []


Overfull \hbox (2.4563pt too wide) in paragraph at lines 1015--1015
\OT1/cmr/m/n/10.95 vacancy cen-ters in di-a-mond''. In: \OT1/cmr/m/it/10.95 Ap-
plied Physics Let-ters \OT1/cmr/m/n/10.95 109.5 (2016),
 []

[65]
Overfull \hbox (15.76788pt too wide) in paragraph at lines 1015--1015
\OT1/cmr/m/n/10.95 Picotesla-Level Sen-si-tiv-ity''. In: \OT1/cmr/m/it/10.95 ar
Xiv preprint arXiv:2206.15440 \OT1/cmr/m/n/10.95 (2022). 
 []


Overfull \hbox (11.24312pt too wide) in paragraph at lines 1015--1015
[]\OT1/cmr/m/n/10.95 Huijie Zheng et al. ``Microwave-free vec-tor mag-ne-tom-e-
try with nitrogen-
 []

[66]
Package biblatex Info: Reference section=0 on input line 1015.
\blx@maxsegment@3=\count434
\blx@sectionciteorder@3=\count435
Package biblatex Info: Reference section=3 on input line 1016.
Package biblatex Info: Setting label 'refsection:3' on input line 1016.
 [67]
Chapter 3.
<chapter 3/Figures/NV-NV_non_equivalent.pdf, id=2219, 692.40157pt x 469.7331pt>

File: chapter 3/Figures/NV-NV_non_equivalent.pdf Graphic file (type pdf)
<use chapter 3/Figures/NV-NV_non_equivalent.pdf>
Package pdftex.def Info: chapter 3/Figures/NV-NV_non_equivalent.pdf  used on in
put line 1031.
(pdftex.def)             Requested size: 360.0pt x 244.23395pt.

LaTeX Warning: `h' float specifier changed to `ht'.

[68

] [69 <./chapter 3/Figures/NV-NV_non_equivalent.pdf>]
<chapter 3/Figures/NV-NV_equivalent.pdf, id=2274, 872.6003pt x 600.41821pt>
File: chapter 3/Figures/NV-NV_equivalent.pdf Graphic file (type pdf)
<use chapter 3/Figures/NV-NV_equivalent.pdf>
Package pdftex.def Info: chapter 3/Figures/NV-NV_equivalent.pdf  used on input 
line 1055.
(pdftex.def)             Requested size: 360.0pt x 247.70305pt.
 [70 <./chapter 3/Figures/NV-NV_equivalent.pdf>]
<chapter 3/Figures/inhomogene_2_spins.pdf, id=2331, 795.06699pt x 313.61554pt>
File: chapter 3/Figures/inhomogene_2_spins.pdf Graphic file (type pdf)
<use chapter 3/Figures/inhomogene_2_spins.pdf>
Package pdftex.def Info: chapter 3/Figures/inhomogene_2_spins.pdf  used on inpu
t line 1077.
(pdftex.def)             Requested size: 360.0pt x 142.0014pt.


LaTeX Warning: `h' float specifier changed to `ht'.

[71] [72 <./chapter 3/Figures/inhomogene_2_spins.pdf>] [73]

Package hyperref Warning: Token not allowed in a PDF string (PDFDocEncoding):
(hyperref)                removing `math shift' on input line 1165.


Package hyperref Warning: Token not allowed in a PDF string (PDFDocEncoding):
(hyperref)                removing `math shift' on input line 1165.

[74] [75] [76]
<chapter 3/Figures/Stretch_vs_pas_stretch.pdf, id=2433, 834.00119pt x 307.786pt
>
File: chapter 3/Figures/Stretch_vs_pas_stretch.pdf Graphic file (type pdf)
<use chapter 3/Figures/Stretch_vs_pas_stretch.pdf>
Package pdftex.def Info: chapter 3/Figures/Stretch_vs_pas_stretch.pdf  used on 
input line 1231.
(pdftex.def)             Requested size: 360.0pt x 132.8573pt.
 [77 <./chapter 3/Figures/Stretch_vs_pas_stretch.pdf>]

Package hyperref Warning: Token not allowed in a PDF string (PDFDocEncoding):
(hyperref)                removing `math shift' on input line 1242.


Package hyperref Warning: Token not allowed in a PDF string (PDFDocEncoding):
(hyperref)                removing `subscript' on input line 1242.


Package hyperref Warning: Token not allowed in a PDF string (PDFDocEncoding):
(hyperref)                removing `math shift' on input line 1242.

<chapter 3/Figures/various_fit_formulae.pdf, id=2476, 844.31212pt x 596.51091pt
>
File: chapter 3/Figures/various_fit_formulae.pdf Graphic file (type pdf)
<use chapter 3/Figures/various_fit_formulae.pdf>
Package pdftex.def Info: chapter 3/Figures/various_fit_formulae.pdf  used on in
put line 1246.
(pdftex.def)             Requested size: 360.0pt x 254.3466pt.

LaTeX Warning: `h' float specifier changed to `ht'.

[78] [79 <./chapter 3/Figures/various_fit_formulae.pdf>]
<chapter 3/Figures/betas.pdf, id=2563, 850.15848pt x 307.45277pt>
File: chapter 3/Figures/betas.pdf Graphic file (type pdf)
<use chapter 3/Figures/betas.pdf>
Package pdftex.def Info: chapter 3/Figures/betas.pdf  used on input line 1285.
(pdftex.def)             Requested size: 360.0pt x 130.18953pt.
<chapter 3/Figures/fluctuator linewidth.pdf, id=2569, 929.18921pt x 275.13318pt
>
File: chapter 3/Figures/fluctuator linewidth.pdf Graphic file (type pdf)
<use chapter 3/Figures/fluctuator linewidth.pdf>
Package pdftex.def Info: chapter 3/Figures/fluctuator linewidth.pdf  used on in
put line 1299.
(pdftex.def)             Requested size: 360.0pt x 106.5962pt.


LaTeX Warning: `h' float specifier changed to `ht'.

[80 <./chapter 3/Figures/betas.pdf>]
<chapter 3/Figures/deconvolution.pdf, id=2613, 410.69589pt x 270.67432pt>
File: chapter 3/Figures/deconvolution.pdf Graphic file (type pdf)
<use chapter 3/Figures/deconvolution.pdf>
Package pdftex.def Info: chapter 3/Figures/deconvolution.pdf  used on input lin
e 1324.
(pdftex.def)             Requested size: 216.0022pt x 142.35808pt.
 [81 <./chapter 3/Figures/fluctuator linewidth.pdf>] [82 <./chapter 3/Figures/d
econvolution.pdf>]
<chapter 3/Figures/Resonance_geometries.pdf, id=2698, 632.38585pt x 966.0116pt>

File: chapter 3/Figures/Resonance_geometries.pdf Graphic file (type pdf)
<use chapter 3/Figures/Resonance_geometries.pdf>
Package pdftex.def Info: chapter 3/Figures/Resonance_geometries.pdf  used on in
put line 1374.
(pdftex.def)             Requested size: 288.0011pt x 439.93394pt.


LaTeX Warning: `!h' float specifier changed to `!ht'.

[83] [84 <./chapter 3/Figures/Resonance_geometries.pdf>]
<chapter 3/Figures/carte.pdf, id=2738, 555.91539pt x 334.81839pt>
File: chapter 3/Figures/carte.pdf Graphic file (type pdf)
<use chapter 3/Figures/carte.pdf>
Package pdftex.def Info: chapter 3/Figures/carte.pdf  used on input line 1392.
(pdftex.def)             Requested size: 360.0pt x 216.82216pt.
 [85 <./chapter 3/Figures/carte.pdf>]

Package hyperref Warning: Token not allowed in a PDF string (PDFDocEncoding):
(hyperref)                removing `math shift' on input line 1403.


Package hyperref Warning: Token not allowed in a PDF string (PDFDocEncoding):
(hyperref)                removing `subscript' on input line 1403.


Package hyperref Warning: Token not allowed in a PDF string (PDFDocEncoding):
(hyperref)                removing `math shift' on input line 1403.

[86]
<chapter 3/Figures/Anormal_T1.pdf, id=2770, 824.4089pt x 311.74414pt>
File: chapter 3/Figures/Anormal_T1.pdf Graphic file (type pdf)
<use chapter 3/Figures/Anormal_T1.pdf>
Package pdftex.def Info: chapter 3/Figures/Anormal_T1.pdf  used on input line 1
448.
(pdftex.def)             Requested size: 360.0pt x 136.13084pt.


LaTeX Warning: `h' float specifier changed to `ht'.

[87] [88 <./chapter 3/Figures/Anormal_T1.pdf>] [89] [90

]
Overfull \hbox (2.23982pt too wide) in paragraph at lines 1474--1474
[]\OT1/cmr/m/n/10.95 A Honig and E Stupp. ``Elec-tron spin-lattice re-lax-ation
 in phosphorus-
 []


Overfull \hbox (0.60724pt too wide) in paragraph at lines 1474--1474
\OT1/cmr/m/n/10.95 Spin-Lattice Re-lax-ation in N-Type Sil-i-con''. In: \OT1/cm
r/m/it/10.95 Phys-i-cal Re-view \OT1/cmr/m/n/10.95 168.2
 []

[91]
Package biblatex Info: Reference section=0 on input line 1474.
\blx@maxsegment@4=\count436
\blx@sectionciteorder@4=\count437
Package biblatex Info: Reference section=4 on input line 1475.
Package biblatex Info: Setting label 'refsection:4' on input line 1475.
 [92]
Chapter 4.
[93

]
<chapter 4/Figures/ESR_simus.pdf, id=2859, 839.72148pt x 645.36978pt>
File: chapter 4/Figures/ESR_simus.pdf Graphic file (type pdf)
<use chapter 4/Figures/ESR_simus.pdf>
Package pdftex.def Info: chapter 4/Figures/ESR_simus.pdf  used on input line 14
96.
(pdftex.def)             Requested size: 360.0pt x 276.6764pt.
 [94 <./chapter 4/Figures/ESR_simus.pdf>] [95]
Overfull \hbox (1.89496pt too wide) in paragraph at lines 1529--1530
[]\OT1/cmr/m/n/10.95 Experimentally, al-most all our sam-ples show the char-ac-
ter-is-tic two bumps
 []

[96]
<chapter 4/Figures/Comparaison_ESR_T2.pdf, id=2920, 879.68102pt x 623.29561pt>
File: chapter 4/Figures/Comparaison_ESR_T2.pdf Graphic file (type pdf)
<use chapter 4/Figures/Comparaison_ESR_T2.pdf>
Package pdftex.def Info: chapter 4/Figures/Comparaison_ESR_T2.pdf  used on inpu
t line 1574.
(pdftex.def)             Requested size: 360.0pt x 255.07732pt.
 [97 <./chapter 4/Figures/Comparaison_ESR_T2.pdf>] [98] [99]
<chapter 4/Figures/scan_1x1x1x1.pdf, id=2988, 481.75352pt x 355.59846pt>
File: chapter 4/Figures/scan_1x1x1x1.pdf Graphic file (type pdf)
<use chapter 4/Figures/scan_1x1x1x1.pdf>
Package pdftex.def Info: chapter 4/Figures/scan_1x1x1x1.pdf  used on input line
 1632.
(pdftex.def)             Requested size: 323.9978pt x 239.15045pt.
 [100 <./chapter 4/Figures/scan_1x1x1x1.pdf>]
<chapter 4/Figures/scan_100.pdf, id=3016, 500.09718pt x 355.59846pt>
File: chapter 4/Figures/scan_100.pdf Graphic file (type pdf)
<use chapter 4/Figures/scan_100.pdf>
Package pdftex.def Info: chapter 4/Figures/scan_100.pdf  used on input line 164
8.
(pdftex.def)             Requested size: 323.9978pt x 230.38205pt.
 [101 <./chapter 4/Figures/scan_100.pdf>]
[102] [103]
<chapter 4/Figures/Shema_summary_theory.pdf, id=3069, 941.58545pt x 739.7643pt>

File: chapter 4/Figures/Shema_summary_theory.pdf Graphic file (type pdf)
<use chapter 4/Figures/Shema_summary_theory.pdf>
Package pdftex.def Info: chapter 4/Figures/Shema_summary_theory.pdf  used on in
put line 1718.
(pdftex.def)             Requested size: 360.0pt x 282.8404pt.


LaTeX Warning: `h' float specifier changed to `ht'.

<chapter 4/Figures/alignement_rose.pdf, id=3071, 560.11089pt x 275.551pt>
File: chapter 4/Figures/alignement_rose.pdf Graphic file (type pdf)
<use chapter 4/Figures/alignement_rose.pdf>
Package pdftex.def Info: chapter 4/Figures/alignement_rose.pdf  used on input l
ine 1735.
(pdftex.def)             Requested size: 251.9989pt x 123.97157pt.
[104]

LaTeX Warning: `h' float specifier changed to `ht'.

<chapter 4/Figures/pola_laser.pdf, id=3081, 514.85477pt x 270.42155pt>
File: chapter 4/Figures/pola_laser.pdf Graphic file (type pdf)
<use chapter 4/Figures/pola_laser.pdf>
Package pdftex.def Info: chapter 4/Figures/pola_laser.pdf  used on input line 1
747.
(pdftex.def)             Requested size: 251.9989pt x 132.35916pt.

LaTeX Warning: `h' float specifier changed to `ht'.

[105 <./chapter 4/Figures/Shema_summary_theory.pdf>] [106 <./chapter 4/Figures/
alignement_rose.pdf> <./chapter 4/Figures/pola_laser.pdf

pdfTeX warning: /usr/bin/pdflatex (file ./chapter 4/Figures/pola_laser.pdf): PD
F inclusion: multiple pdfs with page group included in a single page
>]
<chapter 4/Figures/transis_transverse_field.pdf, id=3174, 541.3889pt x 173.7420
5pt>
File: chapter 4/Figures/transis_transverse_field.pdf Graphic file (type pdf)
<use chapter 4/Figures/transis_transverse_field.pdf>
Package pdftex.def Info: chapter 4/Figures/transis_transverse_field.pdf  used o
n input line 1771.
(pdftex.def)             Requested size: 360.0pt x 115.53171pt.
 [107 <./chapter 4/Figures/transis_transverse_field.pdf>]
<chapter 4/Figures/scan_T1_perp.pdf, id=3206, 529.37495pt x 518.0294pt>
File: chapter 4/Figures/scan_T1_perp.pdf Graphic file (type pdf)
<use chapter 4/Figures/scan_T1_perp.pdf>
Package pdftex.def Info: chapter 4/Figures/scan_T1_perp.pdf  used on input line
 1786.
(pdftex.def)             Requested size: 288.0011pt x 281.8422pt.


LaTeX Warning: `!h' float specifier changed to `!ht'.

[108]
Overfull \hbox (7.58585pt too wide) in paragraph at lines 1805--1806
\OT1/cmr/m/n/10.95 We now turn to re-gion B. Even tough the dou-ble flips are c
om-pletely quenched,
 []

[109 <./chapter 4/Figures/scan_T1_perp.pdf>] [110] [111] [112] [113]
<chapter 4/Figures/setup_magneto.pdf, id=3333, 804.84013pt x 405.65526pt>
File: chapter 4/Figures/setup_magneto.pdf Graphic file (type pdf)
<use chapter 4/Figures/setup_magneto.pdf>
Package pdftex.def Info: chapter 4/Figures/setup_magneto.pdf  used on input lin
e 1887.
(pdftex.def)             Requested size: 360.0pt x 181.44759pt.
 [114 <./chapter 4/Figures/setup_magneto.pdf>]
<chapter 4/Figures/AC_and_DC_sensing.pdf, id=3388, 653.23338pt x 250.00345pt>
File: chapter 4/Figures/AC_and_DC_sensing.pdf Graphic file (type pdf)
<use chapter 4/Figures/AC_and_DC_sensing.pdf>
Package pdftex.def Info: chapter 4/Figures/AC_and_DC_sensing.pdf  used on input
 line 1900.
(pdftex.def)             Requested size: 323.9978pt x 123.99814pt.
<chapter 4/Figures/sensi_alternee.pdf, id=3390, 681.69942pt x 231.30118pt>
File: chapter 4/Figures/sensi_alternee.pdf Graphic file (type pdf)
<use chapter 4/Figures/sensi_alternee.pdf>
Package pdftex.def Info: chapter 4/Figures/sensi_alternee.pdf  used on input li
ne 1910.
(pdftex.def)             Requested size: 360.0pt x 122.14786pt.


LaTeX Warning: `!h' float specifier changed to `!ht'.

[115 <./chapter 4/Figures/AC_and_DC_sensing.pdf>]
<chapter 4/Figures/sensi_angulaire.pdf, id=3427, 639.3338pt x 503.67822pt>
File: chapter 4/Figures/sensi_angulaire.pdf Graphic file (type pdf)
<use chapter 4/Figures/sensi_angulaire.pdf>
Package pdftex.def Info: chapter 4/Figures/sensi_angulaire.pdf  used on input l
ine 1934.
(pdftex.def)             Requested size: 360.0pt x 283.61803pt.
 [116 <./chapter 4/Figures/sensi_alternee.pdf>] [117 <./chapter 4/Figures/sensi
_angulaire.pdf>]
<chapter 4/Figures/Temporal_just_0B.pdf, id=3637, 678.50099pt x 246.93332pt>
File: chapter 4/Figures/Temporal_just_0B.pdf Graphic file (type pdf)
<use chapter 4/Figures/Temporal_just_0B.pdf>
Package pdftex.def Info: chapter 4/Figures/Temporal_just_0B.pdf  used on input 
line 1950.
(pdftex.def)             Requested size: 360.0pt x 131.02098pt.
 [118 <./chapter 4/Figures/Temporal_just_0B.pdf>]
Overfull \hbox (50.51294pt too wide) in paragraph at lines 1972--1981
 [][] 
 []

[119]
<chapter 4/Figures/compariason_0B_MW.pdf, id=3681, 672.99588pt x 500.59688pt>
File: chapter 4/Figures/compariason_0B_MW.pdf Graphic file (type pdf)
<use chapter 4/Figures/compariason_0B_MW.pdf>
Package pdftex.def Info: chapter 4/Figures/compariason_0B_MW.pdf  used on input
 line 1989.
(pdftex.def)             Requested size: 360.0pt x 267.78995pt.
 [120 <./chapter 4/Figures/compariason_0B_MW.pdf>] [121]
<chapter 4/Figures/substrat.pdf, id=3735, 725.1687pt x 548.98668pt>
File: chapter 4/Figures/substrat.pdf Graphic file (type pdf)
<use chapter 4/Figures/substrat.pdf>
Package pdftex.def Info: chapter 4/Figures/substrat.pdf  used on input line 202
9.
(pdftex.def)             Requested size: 360.0pt x 272.54085pt.


LaTeX Warning: `!h' float specifier changed to `!ht'.

[122] [123 <./chapter 4/Figures/substrat.pdf>]
<chapter 4/Figures/double_adamas.pdf, id=3792, 718.10667pt x 544.69911pt>
File: chapter 4/Figures/double_adamas.pdf Graphic file (type pdf)
<use chapter 4/Figures/double_adamas.pdf>
Package pdftex.def Info: chapter 4/Figures/double_adamas.pdf  used on input lin
e 2042.
(pdftex.def)             Requested size: 360.0pt x 273.06366pt.
 [124 <./chapter 4/Figures/double_adamas.pdf>]
<chapter 4/Figures/Applications.pdf, id=3847, 786.08493pt x 315.82402pt>
File: chapter 4/Figures/Applications.pdf Graphic file (type pdf)
<use chapter 4/Figures/Applications.pdf>
Package pdftex.def Info: chapter 4/Figures/Applications.pdf  used on input line
 2060.
(pdftex.def)             Requested size: 360.0pt x 144.63986pt.
 [125 <./chapter 4/Figures/Applications.pdf>] [126]
Overfull \hbox (20.97653pt too wide) in paragraph at lines 2081--2081
[]\OT1/cmr/m/n/10.95 Rinat Akhmedzhanov et al. ``Mag-ne-tom-e-try by cross-rela
xation-resonance
 []


Overfull \hbox (4.52034pt too wide) in paragraph at lines 2081--2081
\OT1/cmr/m/n/10.95 Vacancy Cen-ters: The role of Double-flip Pro-cesses''. In: 
\OT1/cmr/m/it/10.95 arXiv preprint
 []


Overfull \hbox (9.34872pt too wide) in paragraph at lines 2081--2081
\OT1/cmr/m/n/10.95 nitrogen-vacancy cen-ters in di-a-mond''. In: \OT1/cmr/m/it/
10.95 Phys-i-cal re-view let-ters \OT1/cmr/m/n/10.95 121.24
 []


Overfull \hbox (34.72357pt too wide) in paragraph at lines 2081--2081
\OT1/cmr/m/n/10.95 Scan-ning Quan-tum Sen-sor Mi-cro-scope''. In: \OT1/cmr/m/it
/10.95 arXiv preprint arXiv:2205.03952
 []

[127

]
Overfull \hbox (9.93527pt too wide) in paragraph at lines 2081--2081
[]\OT1/cmr/m/n/10.95 Lo^^PHERE!HERE!c Rondin et al. ``Mag-ne-tom-e-try with nit
rogen-vacancy
 []


Overfull \hbox (20.18915pt too wide) in paragraph at lines 2081--2081
\OT1/cmr/m/n/10.95 ``Quan-tum sens-ing''. In: \OT1/cmr/m/it/10.95 Re-views of m
od-ern physics \OT1/cmr/m/n/10.95 89.3 (2017), p. 035002. 
 []

[128]
Overfull \hbox (0.69357pt too wide) in paragraph at lines 2081--2081
\OT1/cmr/m/n/10.95 Vacancy Cen-ters''. In: \OT1/cmr/m/it/10.95 Phys-i-cal Re-vi
ew Ap-plied \OT1/cmr/m/n/10.95 17.4 (2022), p. 044028. 
 []


Overfull \hbox (6.71098pt too wide) in paragraph at lines 2081--2081
[]\OT1/cmr/m/n/10.95 Arne Wick-en-brock et al. ``Microwave-free mag-ne-tom-e-tr
y with nitrogen-
 []


Overfull \hbox (2.4563pt too wide) in paragraph at lines 2081--2081
\OT1/cmr/m/n/10.95 vacancy cen-ters in di-a-mond''. In: \OT1/cmr/m/it/10.95 Ap-
plied Physics Let-ters \OT1/cmr/m/n/10.95 109.5 (2016),
 []


Overfull \hbox (11.24312pt too wide) in paragraph at lines 2081--2081
[]\OT1/cmr/m/n/10.95 Huijie Zheng et al. ``Microwave-free vec-tor mag-ne-tom-e-
try with nitrogen-
 []


Overfull \hbox (15.76788pt too wide) in paragraph at lines 2081--2081
\OT1/cmr/m/n/10.95 Picotesla-Level Sen-si-tiv-ity''. In: \OT1/cmr/m/it/10.95 ar
Xiv preprint arXiv:2206.15440 \OT1/cmr/m/n/10.95 (2022). 
 []

[129]
Overfull \hbox (4.72661pt too wide) in paragraph at lines 2081--2081
\OT1/cmr/m/n/10.95 quan-tum mag-ne-tome-ter''. In: \OT1/cmr/m/it/10.95 arXiv pr
eprint arXiv:2202.09130 \OT1/cmr/m/n/10.95 (2022). 
 []

[130]
Package biblatex Info: Reference section=0 on input line 2081.
 [131]
Package atveryend Info: Empty hook `BeforeClearDocument' on input line 2082.
Package atveryend Info: Empty hook `AfterLastShipout' on input line 2082.
 (./these_fusion.aux)
Package atveryend Info: Executing hook `AtVeryEndDocument' on input line 2082.
Package atveryend Info: Executing hook `AtEndAfterFileList' on input line 2082.

Package rerunfilecheck Info: File `these_fusion.out' has not changed.
(rerunfilecheck)             Checksum: 8123AC36A11FF7227CC42358E19B234E;9486.


LaTeX Warning: There were multiply-defined labels.

Package logreq Info: Writing requests to 'these_fusion.run.xml'.
\openout1 = `these_fusion.run.xml'.

Package atveryend Info: Empty hook `AtVeryVeryEnd' on input line 2082.
 ) 
Here is how much of TeX's memory you used:
 26876 strings out of 481239
 528309 string characters out of 5920377
 1237932 words of memory out of 5000000
 41043 multiletter control sequences out of 15000+600000
 547997 words of font info for 83 fonts, out of 8000000 for 9000
 1141 hyphenation exceptions out of 8191
 59i,15n,79p,1205b,1542s stack positions out of 5000i,500n,10000p,200000b,80000s
{/usr/share/texmf/fonts/enc/dvips/cm-super/cm-super-ts1.enc}</usr/share/texli
ve/texmf-dist/fonts/type1/public/amsfonts/cm/cmbx10.pfb></usr/share/texlive/tex
mf-dist/fonts/type1/public/amsfonts/cm/cmbx12.pfb></usr/share/texlive/texmf-dis
t/fonts/type1/public/amsfonts/cm/cmex10.pfb></usr/share/texlive/texmf-dist/font
s/type1/public/amsfonts/cmextra/cmex9.pfb></usr/share/texlive/texmf-dist/fonts/
type1/public/amsfonts/cm/cmmi10.pfb></usr/share/texlive/texmf-dist/fonts/type1/
public/amsfonts/cm/cmmi12.pfb></usr/share/texlive/texmf-dist/fonts/type1/public
/amsfonts/cm/cmmi5.pfb></usr/share/texlive/texmf-dist/fonts/type1/public/amsfon
ts/cm/cmmi6.pfb></usr/share/texlive/texmf-dist/fonts/type1/public/amsfonts/cm/c
mmi8.pfb></usr/share/texlive/texmf-dist/fonts/type1/public/amsfonts/cm/cmmi9.pf
b></usr/share/texlive/texmf-dist/fonts/type1/public/amsfonts/cm/cmr10.pfb></usr
/share/texlive/texmf-dist/fonts/type1/public/amsfonts/cm/cmr12.pfb></usr/share/
texlive/texmf-dist/fonts/type1/public/amsfonts/cm/cmr5.pfb></usr/share/texlive/
texmf-dist/fonts/type1/public/amsfonts/cm/cmr6.pfb></usr/share/texlive/texmf-di
st/fonts/type1/public/amsfonts/cm/cmr8.pfb></usr/share/texlive/texmf-dist/fonts
/type1/public/amsfonts/cm/cmr9.pfb></usr/share/texlive/texmf-dist/fonts/type1/p
ublic/amsfonts/cm/cmsy10.pfb></usr/share/texlive/texmf-dist/fonts/type1/public/
amsfonts/cm/cmsy5.pfb></usr/share/texlive/texmf-dist/fonts/type1/public/amsfont
s/cm/cmsy6.pfb></usr/share/texlive/texmf-dist/fonts/type1/public/amsfonts/cm/cm
sy8.pfb></usr/share/texlive/texmf-dist/fonts/type1/public/amsfonts/cm/cmsy9.pfb
></usr/share/texlive/texmf-dist/fonts/type1/public/amsfonts/cm/cmti10.pfb></usr
/share/texlive/texmf-dist/fonts/type1/public/amsfonts/symbols/msam10.pfb></usr/
share/texlive/texmf-dist/fonts/type1/public/amsfonts/symbols/msbm10.pfb></usr/s
hare/texmf/fonts/type1/public/cm-super/sfrm1095.pfb>
Output written on these_fusion.pdf (131 pages, 4506267 bytes).
PDF statistics:
 4158 PDF objects out of 4296 (max. 8388607)
 3399 compressed objects within 34 object streams
 636 named destinations out of 1000 (max. 500000)
 1213 words of extra memory for PDF output out of 10000 (max. 10000000)

