This is pdfTeX, Version 3.14159265-2.6-1.40.20 (TeX Live 2019/Debian) (preloaded format=pdflatex 2022.1.25)  20 OCT 2022 22:27
entering extended mode
 restricted \write18 enabled.
 %&-line parsing enabled.
**These.tex
(./These.tex
LaTeX2e <2020-02-02> patch level 2
L3 programming layer <2020-02-14>
(/usr/share/texlive/texmf-dist/tex/latex/base/report.cls
Document Class: report 2019/12/20 v1.4l Standard LaTeX document class
(/usr/share/texlive/texmf-dist/tex/latex/base/size11.clo
File: size11.clo 2019/12/20 v1.4l Standard LaTeX file (size option)
)
\c@part=\count167
\c@chapter=\count168
\c@section=\count169
\c@subsection=\count170
\c@subsubsection=\count171
\c@paragraph=\count172
\c@subparagraph=\count173
\c@figure=\count174
\c@table=\count175
\abovecaptionskip=\skip47
\belowcaptionskip=\skip48
\bibindent=\dimen134
) (./psl-cover.sty
Package: psl-cover 

(/usr/share/texlive/texmf-dist/tex/latex/tools/tabularx.sty
Package: tabularx 2020/01/15 v2.11c `tabularx' package (DPC)

(/usr/share/texlive/texmf-dist/tex/latex/tools/array.sty
Package: array 2019/08/31 v2.4l Tabular extension package (FMi)
\col@sep=\dimen135
\ar@mcellbox=\box45
\extrarowheight=\dimen136
\NC@list=\toks14
\extratabsurround=\skip49
\backup@length=\skip50
\ar@cellbox=\box46
)
\TX@col@width=\dimen137
\TX@old@table=\dimen138
\TX@old@col=\dimen139
\TX@target=\dimen140
\TX@delta=\dimen141
\TX@cols=\count176
\TX@ftn=\toks15
)
(/usr/share/texlive/texmf-dist/tex/latex/etoolbox/etoolbox.sty
Package: etoolbox 2019/09/21 v2.5h e-TeX tools for LaTeX (JAW)
\etb@tempcnta=\count177
)
(/usr/share/texlive/texmf-dist/tex/generic/iftex/iftex.sty
Package: iftex 2019/11/07 v1.0c TeX engine tests
)
(/usr/share/texlive/texmf-dist/tex/latex/pgf/frontendlayer/tikz.sty
(/usr/share/texlive/texmf-dist/tex/latex/pgf/basiclayer/pgf.sty
(/usr/share/texlive/texmf-dist/tex/latex/pgf/utilities/pgfrcs.sty
(/usr/share/texlive/texmf-dist/tex/generic/pgf/utilities/pgfutil-common.tex
\pgfutil@everybye=\toks16
\pgfutil@tempdima=\dimen142
\pgfutil@tempdimb=\dimen143

(/usr/share/texlive/texmf-dist/tex/generic/pgf/utilities/pgfutil-common-lists.t
ex)) (/usr/share/texlive/texmf-dist/tex/generic/pgf/utilities/pgfutil-latex.def
\pgfutil@abb=\box47
(/usr/share/texlive/texmf-dist/tex/latex/ms/everyshi.sty
Package: everyshi 2001/05/15 v3.00 EveryShipout Package (MS)
))
(/usr/share/texlive/texmf-dist/tex/generic/pgf/utilities/pgfrcs.code.tex
(/usr/share/texlive/texmf-dist/tex/generic/pgf/pgf.revision.tex)
Package: pgfrcs 2020/01/08 v3.1.5b (3.1.5b)
))
Package: pgf 2020/01/08 v3.1.5b (3.1.5b)

(/usr/share/texlive/texmf-dist/tex/latex/pgf/basiclayer/pgfcore.sty
(/usr/share/texlive/texmf-dist/tex/latex/graphics/graphicx.sty
Package: graphicx 2019/11/30 v1.2a Enhanced LaTeX Graphics (DPC,SPQR)

(/usr/share/texlive/texmf-dist/tex/latex/graphics/keyval.sty
Package: keyval 2014/10/28 v1.15 key=value parser (DPC)
\KV@toks@=\toks17
)
(/usr/share/texlive/texmf-dist/tex/latex/graphics/graphics.sty
Package: graphics 2019/11/30 v1.4a Standard LaTeX Graphics (DPC,SPQR)

(/usr/share/texlive/texmf-dist/tex/latex/graphics/trig.sty
Package: trig 2016/01/03 v1.10 sin cos tan (DPC)
)
(/usr/share/texlive/texmf-dist/tex/latex/graphics-cfg/graphics.cfg
File: graphics.cfg 2016/06/04 v1.11 sample graphics configuration
)
Package graphics Info: Driver file: pdftex.def on input line 105.

(/usr/share/texlive/texmf-dist/tex/latex/graphics-def/pdftex.def
File: pdftex.def 2018/01/08 v1.0l Graphics/color driver for pdftex
))
\Gin@req@height=\dimen144
\Gin@req@width=\dimen145
)
(/usr/share/texlive/texmf-dist/tex/latex/pgf/systemlayer/pgfsys.sty
(/usr/share/texlive/texmf-dist/tex/generic/pgf/systemlayer/pgfsys.code.tex
Package: pgfsys 2020/01/08 v3.1.5b (3.1.5b)

(/usr/share/texlive/texmf-dist/tex/generic/pgf/utilities/pgfkeys.code.tex
\pgfkeys@pathtoks=\toks18
\pgfkeys@temptoks=\toks19

(/usr/share/texlive/texmf-dist/tex/generic/pgf/utilities/pgfkeysfiltered.code.t
ex
\pgfkeys@tmptoks=\toks20
))
\pgf@x=\dimen146
\pgf@y=\dimen147
\pgf@xa=\dimen148
\pgf@ya=\dimen149
\pgf@xb=\dimen150
\pgf@yb=\dimen151
\pgf@xc=\dimen152
\pgf@yc=\dimen153
\pgf@xd=\dimen154
\pgf@yd=\dimen155
\w@pgf@writea=\write3
\r@pgf@reada=\read2
\c@pgf@counta=\count178
\c@pgf@countb=\count179
\c@pgf@countc=\count180
\c@pgf@countd=\count181
\t@pgf@toka=\toks21
\t@pgf@tokb=\toks22
\t@pgf@tokc=\toks23
\pgf@sys@id@count=\count182
 (/usr/share/texlive/texmf-dist/tex/generic/pgf/systemlayer/pgf.cfg
File: pgf.cfg 2020/01/08 v3.1.5b (3.1.5b)
)
Driver file for pgf: pgfsys-pdftex.def

(/usr/share/texlive/texmf-dist/tex/generic/pgf/systemlayer/pgfsys-pdftex.def
File: pgfsys-pdftex.def 2020/01/08 v3.1.5b (3.1.5b)

(/usr/share/texlive/texmf-dist/tex/generic/pgf/systemlayer/pgfsys-common-pdf.de
f
File: pgfsys-common-pdf.def 2020/01/08 v3.1.5b (3.1.5b)
)))
(/usr/share/texlive/texmf-dist/tex/generic/pgf/systemlayer/pgfsyssoftpath.code.
tex
File: pgfsyssoftpath.code.tex 2020/01/08 v3.1.5b (3.1.5b)
\pgfsyssoftpath@smallbuffer@items=\count183
\pgfsyssoftpath@bigbuffer@items=\count184
)
(/usr/share/texlive/texmf-dist/tex/generic/pgf/systemlayer/pgfsysprotocol.code.
tex
File: pgfsysprotocol.code.tex 2020/01/08 v3.1.5b (3.1.5b)
)) (/usr/share/texlive/texmf-dist/tex/latex/xcolor/xcolor.sty
Package: xcolor 2016/05/11 v2.12 LaTeX color extensions (UK)

(/usr/share/texlive/texmf-dist/tex/latex/graphics-cfg/color.cfg
File: color.cfg 2016/01/02 v1.6 sample color configuration
)
Package xcolor Info: Driver file: pdftex.def on input line 225.
Package xcolor Info: Model `cmy' substituted by `cmy0' on input line 1348.
Package xcolor Info: Model `hsb' substituted by `rgb' on input line 1352.
Package xcolor Info: Model `RGB' extended on input line 1364.
Package xcolor Info: Model `HTML' substituted by `rgb' on input line 1366.
Package xcolor Info: Model `Hsb' substituted by `hsb' on input line 1367.
Package xcolor Info: Model `tHsb' substituted by `hsb' on input line 1368.
Package xcolor Info: Model `HSB' substituted by `hsb' on input line 1369.
Package xcolor Info: Model `Gray' substituted by `gray' on input line 1370.
Package xcolor Info: Model `wave' substituted by `hsb' on input line 1371.
)
(/usr/share/texlive/texmf-dist/tex/generic/pgf/basiclayer/pgfcore.code.tex
Package: pgfcore 2020/01/08 v3.1.5b (3.1.5b)

(/usr/share/texlive/texmf-dist/tex/generic/pgf/math/pgfmath.code.tex
(/usr/share/texlive/texmf-dist/tex/generic/pgf/math/pgfmathcalc.code.tex
(/usr/share/texlive/texmf-dist/tex/generic/pgf/math/pgfmathutil.code.tex)
(/usr/share/texlive/texmf-dist/tex/generic/pgf/math/pgfmathparser.code.tex
\pgfmath@dimen=\dimen156
\pgfmath@count=\count185
\pgfmath@box=\box48
\pgfmath@toks=\toks24
\pgfmath@stack@operand=\toks25
\pgfmath@stack@operation=\toks26
)
(/usr/share/texlive/texmf-dist/tex/generic/pgf/math/pgfmathfunctions.code.tex
(/usr/share/texlive/texmf-dist/tex/generic/pgf/math/pgfmathfunctions.basic.code
.tex)
(/usr/share/texlive/texmf-dist/tex/generic/pgf/math/pgfmathfunctions.trigonomet
ric.code.tex)
(/usr/share/texlive/texmf-dist/tex/generic/pgf/math/pgfmathfunctions.random.cod
e.tex)
(/usr/share/texlive/texmf-dist/tex/generic/pgf/math/pgfmathfunctions.comparison
.code.tex)
(/usr/share/texlive/texmf-dist/tex/generic/pgf/math/pgfmathfunctions.base.code.
tex)
(/usr/share/texlive/texmf-dist/tex/generic/pgf/math/pgfmathfunctions.round.code
.tex)
(/usr/share/texlive/texmf-dist/tex/generic/pgf/math/pgfmathfunctions.misc.code.
tex)
(/usr/share/texlive/texmf-dist/tex/generic/pgf/math/pgfmathfunctions.integerari
thmetics.code.tex)))
(/usr/share/texlive/texmf-dist/tex/generic/pgf/math/pgfmathfloat.code.tex
\c@pgfmathroundto@lastzeros=\count186
))
(/usr/share/texlive/texmf-dist/tex/generic/pgf/math/pgfint.code.tex)
(/usr/share/texlive/texmf-dist/tex/generic/pgf/basiclayer/pgfcorepoints.code.te
x
File: pgfcorepoints.code.tex 2020/01/08 v3.1.5b (3.1.5b)
\pgf@picminx=\dimen157
\pgf@picmaxx=\dimen158
\pgf@picminy=\dimen159
\pgf@picmaxy=\dimen160
\pgf@pathminx=\dimen161
\pgf@pathmaxx=\dimen162
\pgf@pathminy=\dimen163
\pgf@pathmaxy=\dimen164
\pgf@xx=\dimen165
\pgf@xy=\dimen166
\pgf@yx=\dimen167
\pgf@yy=\dimen168
\pgf@zx=\dimen169
\pgf@zy=\dimen170
)
(/usr/share/texlive/texmf-dist/tex/generic/pgf/basiclayer/pgfcorepathconstruct.
code.tex
File: pgfcorepathconstruct.code.tex 2020/01/08 v3.1.5b (3.1.5b)
\pgf@path@lastx=\dimen171
\pgf@path@lasty=\dimen172
)
(/usr/share/texlive/texmf-dist/tex/generic/pgf/basiclayer/pgfcorepathusage.code
.tex
File: pgfcorepathusage.code.tex 2020/01/08 v3.1.5b (3.1.5b)
\pgf@shorten@end@additional=\dimen173
\pgf@shorten@start@additional=\dimen174
)
(/usr/share/texlive/texmf-dist/tex/generic/pgf/basiclayer/pgfcorescopes.code.te
x
File: pgfcorescopes.code.tex 2020/01/08 v3.1.5b (3.1.5b)
\pgfpic=\box49
\pgf@hbox=\box50
\pgf@layerbox@main=\box51
\pgf@picture@serial@count=\count187
)
(/usr/share/texlive/texmf-dist/tex/generic/pgf/basiclayer/pgfcoregraphicstate.c
ode.tex
File: pgfcoregraphicstate.code.tex 2020/01/08 v3.1.5b (3.1.5b)
\pgflinewidth=\dimen175
)
(/usr/share/texlive/texmf-dist/tex/generic/pgf/basiclayer/pgfcoretransformation
s.code.tex
File: pgfcoretransformations.code.tex 2020/01/08 v3.1.5b (3.1.5b)
\pgf@pt@x=\dimen176
\pgf@pt@y=\dimen177
\pgf@pt@temp=\dimen178
)
(/usr/share/texlive/texmf-dist/tex/generic/pgf/basiclayer/pgfcorequick.code.tex
File: pgfcorequick.code.tex 2020/01/08 v3.1.5b (3.1.5b)
)
(/usr/share/texlive/texmf-dist/tex/generic/pgf/basiclayer/pgfcoreobjects.code.t
ex
File: pgfcoreobjects.code.tex 2020/01/08 v3.1.5b (3.1.5b)
)
(/usr/share/texlive/texmf-dist/tex/generic/pgf/basiclayer/pgfcorepathprocessing
.code.tex
File: pgfcorepathprocessing.code.tex 2020/01/08 v3.1.5b (3.1.5b)
)
(/usr/share/texlive/texmf-dist/tex/generic/pgf/basiclayer/pgfcorearrows.code.te
x
File: pgfcorearrows.code.tex 2020/01/08 v3.1.5b (3.1.5b)
\pgfarrowsep=\dimen179
)
(/usr/share/texlive/texmf-dist/tex/generic/pgf/basiclayer/pgfcoreshade.code.tex
File: pgfcoreshade.code.tex 2020/01/08 v3.1.5b (3.1.5b)
\pgf@max=\dimen180
\pgf@sys@shading@range@num=\count188
\pgf@shadingcount=\count189
)
(/usr/share/texlive/texmf-dist/tex/generic/pgf/basiclayer/pgfcoreimage.code.tex
File: pgfcoreimage.code.tex 2020/01/08 v3.1.5b (3.1.5b)

(/usr/share/texlive/texmf-dist/tex/generic/pgf/basiclayer/pgfcoreexternal.code.
tex
File: pgfcoreexternal.code.tex 2020/01/08 v3.1.5b (3.1.5b)
\pgfexternal@startupbox=\box52
))
(/usr/share/texlive/texmf-dist/tex/generic/pgf/basiclayer/pgfcorelayers.code.te
x
File: pgfcorelayers.code.tex 2020/01/08 v3.1.5b (3.1.5b)
)
(/usr/share/texlive/texmf-dist/tex/generic/pgf/basiclayer/pgfcoretransparency.c
ode.tex
File: pgfcoretransparency.code.tex 2020/01/08 v3.1.5b (3.1.5b)
)
(/usr/share/texlive/texmf-dist/tex/generic/pgf/basiclayer/pgfcorepatterns.code.
tex
File: pgfcorepatterns.code.tex 2020/01/08 v3.1.5b (3.1.5b)
)
(/usr/share/texlive/texmf-dist/tex/generic/pgf/basiclayer/pgfcorerdf.code.tex
File: pgfcorerdf.code.tex 2020/01/08 v3.1.5b (3.1.5b)
)))
(/usr/share/texlive/texmf-dist/tex/generic/pgf/modules/pgfmoduleshapes.code.tex
File: pgfmoduleshapes.code.tex 2020/01/08 v3.1.5b (3.1.5b)
\pgfnodeparttextbox=\box53
) (/usr/share/texlive/texmf-dist/tex/generic/pgf/modules/pgfmoduleplot.code.tex
File: pgfmoduleplot.code.tex 2020/01/08 v3.1.5b (3.1.5b)
)
(/usr/share/texlive/texmf-dist/tex/latex/pgf/compatibility/pgfcomp-version-0-65
.sty
Package: pgfcomp-version-0-65 2020/01/08 v3.1.5b (3.1.5b)
\pgf@nodesepstart=\dimen181
\pgf@nodesepend=\dimen182
)
(/usr/share/texlive/texmf-dist/tex/latex/pgf/compatibility/pgfcomp-version-1-18
.sty
Package: pgfcomp-version-1-18 2020/01/08 v3.1.5b (3.1.5b)
)) (/usr/share/texlive/texmf-dist/tex/latex/pgf/utilities/pgffor.sty
(/usr/share/texlive/texmf-dist/tex/latex/pgf/utilities/pgfkeys.sty
(/usr/share/texlive/texmf-dist/tex/generic/pgf/utilities/pgfkeys.code.tex))
(/usr/share/texlive/texmf-dist/tex/latex/pgf/math/pgfmath.sty
(/usr/share/texlive/texmf-dist/tex/generic/pgf/math/pgfmath.code.tex))
(/usr/share/texlive/texmf-dist/tex/generic/pgf/utilities/pgffor.code.tex
Package: pgffor 2020/01/08 v3.1.5b (3.1.5b)

(/usr/share/texlive/texmf-dist/tex/generic/pgf/math/pgfmath.code.tex)
\pgffor@iter=\dimen183
\pgffor@skip=\dimen184
\pgffor@stack=\toks27
\pgffor@toks=\toks28
))
(/usr/share/texlive/texmf-dist/tex/generic/pgf/frontendlayer/tikz/tikz.code.tex
Package: tikz 2020/01/08 v3.1.5b (3.1.5b)

(/usr/share/texlive/texmf-dist/tex/generic/pgf/libraries/pgflibraryplothandlers
.code.tex
File: pgflibraryplothandlers.code.tex 2020/01/08 v3.1.5b (3.1.5b)
\pgf@plot@mark@count=\count190
\pgfplotmarksize=\dimen185
)
\tikz@lastx=\dimen186
\tikz@lasty=\dimen187
\tikz@lastxsaved=\dimen188
\tikz@lastysaved=\dimen189
\tikz@lastmovetox=\dimen190
\tikz@lastmovetoy=\dimen191
\tikzleveldistance=\dimen192
\tikzsiblingdistance=\dimen193
\tikz@figbox=\box54
\tikz@figbox@bg=\box55
\tikz@tempbox=\box56
\tikz@tempbox@bg=\box57
\tikztreelevel=\count191
\tikznumberofchildren=\count192
\tikznumberofcurrentchild=\count193
\tikz@fig@count=\count194

(/usr/share/texlive/texmf-dist/tex/generic/pgf/modules/pgfmodulematrix.code.tex
File: pgfmodulematrix.code.tex 2020/01/08 v3.1.5b (3.1.5b)
\pgfmatrixcurrentrow=\count195
\pgfmatrixcurrentcolumn=\count196
\pgf@matrix@numberofcolumns=\count197
)
\tikz@expandcount=\count198

(/usr/share/texlive/texmf-dist/tex/generic/pgf/frontendlayer/tikz/libraries/tik
zlibrarytopaths.code.tex
File: tikzlibrarytopaths.code.tex 2020/01/08 v3.1.5b (3.1.5b)
)))
(/usr/share/texlive/texmf-dist/tex/generic/pgf/frontendlayer/tikz/libraries/tik
zlibrarybackgrounds.code.tex
File: tikzlibrarybackgrounds.code.tex 2020/01/08 v3.1.5b (3.1.5b)
\pgf@layerbox@background=\box58
\pgf@layerboxsaved@background=\box59
))
(/usr/share/texlive/texmf-dist/tex/latex/amsmath/amsmath.sty
Package: amsmath 2020/01/20 v2.17e AMS math features
\@mathmargin=\skip51

For additional information on amsmath, use the `?' option.
(/usr/share/texlive/texmf-dist/tex/latex/amsmath/amstext.sty
Package: amstext 2000/06/29 v2.01 AMS text

(/usr/share/texlive/texmf-dist/tex/latex/amsmath/amsgen.sty
File: amsgen.sty 1999/11/30 v2.0 generic functions
\@emptytoks=\toks29
\ex@=\dimen194
))
(/usr/share/texlive/texmf-dist/tex/latex/amsmath/amsbsy.sty
Package: amsbsy 1999/11/29 v1.2d Bold Symbols
\pmbraise@=\dimen195
)
(/usr/share/texlive/texmf-dist/tex/latex/amsmath/amsopn.sty
Package: amsopn 2016/03/08 v2.02 operator names
)
\inf@bad=\count199
LaTeX Info: Redefining \frac on input line 227.
\uproot@=\count266
\leftroot@=\count267
LaTeX Info: Redefining \overline on input line 389.
\classnum@=\count268
\DOTSCASE@=\count269
LaTeX Info: Redefining \ldots on input line 486.
LaTeX Info: Redefining \dots on input line 489.
LaTeX Info: Redefining \cdots on input line 610.
\Mathstrutbox@=\box60
\strutbox@=\box61
\big@size=\dimen196
LaTeX Font Info:    Redeclaring font encoding OML on input line 733.
LaTeX Font Info:    Redeclaring font encoding OMS on input line 734.
\macc@depth=\count270
\c@MaxMatrixCols=\count271
\dotsspace@=\muskip16
\c@parentequation=\count272
\dspbrk@lvl=\count273
\tag@help=\toks30
\row@=\count274
\column@=\count275
\maxfields@=\count276
\andhelp@=\toks31
\eqnshift@=\dimen197
\alignsep@=\dimen198
\tagshift@=\dimen199
\tagwidth@=\dimen256
\totwidth@=\dimen257
\lineht@=\dimen258
\@envbody=\toks32
\multlinegap=\skip52
\multlinetaggap=\skip53
\mathdisplay@stack=\toks33
LaTeX Info: Redefining \[ on input line 2859.
LaTeX Info: Redefining \] on input line 2860.
)
(/usr/share/texlive/texmf-dist/tex/latex/physics/physics.sty
Package: physics 

(/usr/share/texlive/texmf-dist/tex/latex/l3packages/xparse/xparse.sty
(/usr/share/texlive/texmf-dist/tex/latex/l3kernel/expl3.sty
Package: expl3 2020-02-14 L3 programming layer (loader) 

(/usr/share/texlive/texmf-dist/tex/latex/l3backend/l3backend-pdfmode.def
File: l3backend-pdfmode.def 2020-02-03 L3 backend support: PDF mode
\l__kernel_color_stack_int=\count277
\l__pdf_internal_box=\box62
))
Package: xparse 2020-02-14 L3 Experimental document command parser
\l__xparse_current_arg_int=\count278
\g__xparse_grabber_int=\count279
\l__xparse_m_args_int=\count280
\l__xparse_v_nesting_int=\count281
))
(/usr/share/texlive/texmf-dist/tex/latex/hyperref/hyperref.sty
Package: hyperref 2020/01/14 v7.00d Hypertext links for LaTeX

(/usr/share/texlive/texmf-dist/tex/generic/ltxcmds/ltxcmds.sty
Package: ltxcmds 2019/12/15 v1.24 LaTeX kernel commands for general use (HO)
)
(/usr/share/texlive/texmf-dist/tex/latex/pdftexcmds/pdftexcmds.sty
Package: pdftexcmds 2019/11/24 v0.31 Utility functions of pdfTeX for LuaTeX (HO
)

(/usr/share/texlive/texmf-dist/tex/generic/infwarerr/infwarerr.sty
Package: infwarerr 2019/12/03 v1.5 Providing info/warning/error messages (HO)
)
Package pdftexcmds Info: \pdf@primitive is available.
Package pdftexcmds Info: \pdf@ifprimitive is available.
Package pdftexcmds Info: \pdfdraftmode found.
)
(/usr/share/texlive/texmf-dist/tex/generic/kvsetkeys/kvsetkeys.sty
Package: kvsetkeys 2019/12/15 v1.18 Key value parser (HO)
)
(/usr/share/texlive/texmf-dist/tex/generic/kvdefinekeys/kvdefinekeys.sty
Package: kvdefinekeys 2019-12-19 v1.6 Define keys (HO)
)
(/usr/share/texlive/texmf-dist/tex/generic/pdfescape/pdfescape.sty
Package: pdfescape 2019/12/09 v1.15 Implements pdfTeX's escape features (HO)
)
(/usr/share/texlive/texmf-dist/tex/latex/hycolor/hycolor.sty
Package: hycolor 2020-01-27 v1.10 Color options for hyperref/bookmark (HO)
)
(/usr/share/texlive/texmf-dist/tex/latex/letltxmacro/letltxmacro.sty
Package: letltxmacro 2019/12/03 v1.6 Let assignment for LaTeX macros (HO)
)
(/usr/share/texlive/texmf-dist/tex/latex/auxhook/auxhook.sty
Package: auxhook 2019-12-17 v1.6 Hooks for auxiliary files (HO)
)
(/usr/share/texlive/texmf-dist/tex/latex/kvoptions/kvoptions.sty
Package: kvoptions 2019/11/29 v3.13 Key value format for package options (HO)
)
\@linkdim=\dimen259
\Hy@linkcounter=\count282
\Hy@pagecounter=\count283

(/usr/share/texlive/texmf-dist/tex/latex/hyperref/pd1enc.def
File: pd1enc.def 2020/01/14 v7.00d Hyperref: PDFDocEncoding definition (HO)
Now handling font encoding PD1 ...
... no UTF-8 mapping file for font encoding PD1
)
(/usr/share/texlive/texmf-dist/tex/generic/intcalc/intcalc.sty
Package: intcalc 2019/12/15 v1.3 Expandable calculations with integers (HO)
)
(/usr/share/texlive/texmf-dist/tex/generic/etexcmds/etexcmds.sty
Package: etexcmds 2019/12/15 v1.7 Avoid name clashes with e-TeX commands (HO)
)
\Hy@SavedSpaceFactor=\count284
\pdfmajorversion=\count285
Package hyperref Info: Hyper figures OFF on input line 4547.
Package hyperref Info: Link nesting OFF on input line 4552.
Package hyperref Info: Hyper index ON on input line 4555.
Package hyperref Info: Plain pages OFF on input line 4562.
Package hyperref Info: Backreferencing OFF on input line 4567.
Package hyperref Info: Implicit mode ON; LaTeX internals redefined.
Package hyperref Info: Bookmarks ON on input line 4800.
\c@Hy@tempcnt=\count286

(/usr/share/texlive/texmf-dist/tex/latex/url/url.sty
\Urlmuskip=\muskip17
Package: url 2013/09/16  ver 3.4  Verb mode for urls, etc.
)
LaTeX Info: Redefining \url on input line 5159.
\XeTeXLinkMargin=\dimen260

(/usr/share/texlive/texmf-dist/tex/generic/bitset/bitset.sty
Package: bitset 2019/12/09 v1.3 Handle bit-vector datatype (HO)

(/usr/share/texlive/texmf-dist/tex/generic/bigintcalc/bigintcalc.sty
Package: bigintcalc 2019/12/15 v1.5 Expandable calculations on big integers (HO
)
))
\Fld@menulength=\count287
\Field@Width=\dimen261
\Fld@charsize=\dimen262
Package hyperref Info: Hyper figures OFF on input line 6430.
Package hyperref Info: Link nesting OFF on input line 6435.
Package hyperref Info: Hyper index ON on input line 6438.
Package hyperref Info: backreferencing OFF on input line 6445.
Package hyperref Info: Link coloring OFF on input line 6450.
Package hyperref Info: Link coloring with OCG OFF on input line 6455.
Package hyperref Info: PDF/A mode OFF on input line 6460.
LaTeX Info: Redefining \ref on input line 6500.
LaTeX Info: Redefining \pageref on input line 6504.

(/usr/share/texlive/texmf-dist/tex/generic/atbegshi/atbegshi.sty
Package: atbegshi 2019/12/05 v1.19 At begin shipout hook (HO)
)
\Hy@abspage=\count288
\c@Item=\count289
\c@Hfootnote=\count290
)
Package hyperref Info: Driver (autodetected): hpdftex.

(/usr/share/texlive/texmf-dist/tex/latex/hyperref/hpdftex.def
File: hpdftex.def 2020/01/14 v7.00d Hyperref driver for pdfTeX

(/usr/share/texlive/texmf-dist/tex/latex/atveryend/atveryend.sty
Package: atveryend 2019-12-11 v1.11 Hooks at the very end of document (HO)
)
\Fld@listcount=\count291
\c@bookmark@seq@number=\count292

(/usr/share/texlive/texmf-dist/tex/latex/rerunfilecheck/rerunfilecheck.sty
Package: rerunfilecheck 2019/12/05 v1.9 Rerun checks for auxiliary files (HO)

(/usr/share/texlive/texmf-dist/tex/generic/uniquecounter/uniquecounter.sty
Package: uniquecounter 2019/12/15 v1.4 Provide unlimited unique counter (HO)
)
Package uniquecounter Info: New unique counter `rerunfilecheck' on input line 2
86.
)
\Hy@SectionHShift=\skip54
)
(/usr/share/texlive/texmf-dist/tex/latex/biblatex/biblatex.sty
Package: biblatex 2019/12/01 v3.14 programmable bibliographies (PK/MW)

(/usr/share/texlive/texmf-dist/tex/latex/logreq/logreq.sty
Package: logreq 2010/08/04 v1.0 xml request logger
\lrq@indent=\count293

(/usr/share/texlive/texmf-dist/tex/latex/logreq/logreq.def
File: logreq.def 2010/08/04 v1.0 logreq spec v1.0
))
(/usr/share/texlive/texmf-dist/tex/latex/base/ifthen.sty
Package: ifthen 2014/09/29 v1.1c Standard LaTeX ifthen package (DPC)
)
\c@tabx@nest=\count294
\c@listtotal=\count295
\c@listcount=\count296
\c@liststart=\count297
\c@liststop=\count298
\c@citecount=\count299
\c@citetotal=\count300
\c@multicitecount=\count301
\c@multicitetotal=\count302
\c@instcount=\count303
\c@maxnames=\count304
\c@minnames=\count305
\c@maxitems=\count306
\c@minitems=\count307
\c@citecounter=\count308
\c@maxcitecounter=\count309
\c@savedcitecounter=\count310
\c@uniquelist=\count311
\c@uniquename=\count312
\c@refsection=\count313
\c@refsegment=\count314
\c@maxextratitle=\count315
\c@maxextratitleyear=\count316
\c@maxextraname=\count317
\c@maxextradate=\count318
\c@maxextraalpha=\count319
\c@abbrvpenalty=\count320
\c@highnamepenalty=\count321
\c@lownamepenalty=\count322
\c@maxparens=\count323
\c@parenlevel=\count324
\blx@tempcnta=\count325
\blx@tempcntb=\count326
\blx@tempcntc=\count327
\blx@maxsection=\count328
\blx@maxsegment@0=\count329
\blx@notetype=\count330
\blx@parenlevel@text=\count331
\blx@parenlevel@foot=\count332
\blx@sectionciteorder@0=\count333
\blx@entrysetcounter=\count334
\labelnumberwidth=\skip55
\labelalphawidth=\skip56
\biblabelsep=\skip57
\bibitemsep=\skip58
\bibnamesep=\skip59
\bibinitsep=\skip60
\bibparsep=\skip61
\bibhang=\skip62
\blx@bcfin=\read3
\blx@bcfout=\write4
\blx@langwohyphens=\language85
\c@mincomprange=\count335
\c@maxcomprange=\count336
\c@mincompwidth=\count337
Package biblatex Info: Trying to load biblatex default data model...
Package biblatex Info: ... file 'blx-dm.def' found.

(/usr/share/texlive/texmf-dist/tex/latex/biblatex/blx-dm.def
File: blx-dm.def 2019/12/01 v3.14 biblatex localization (PK/MW)
)
Package biblatex Info: Trying to load biblatex style data model...
Package biblatex Info: ... file 'numeric-comp.dbx' not found.
Package biblatex Info: Trying to load biblatex custom data model...
Package biblatex Info: ... file 'biblatex-dm.cfg' not found.
\c@afterword=\count338
\c@savedafterword=\count339
\c@annotator=\count340
\c@savedannotator=\count341
\c@author=\count342
\c@savedauthor=\count343
\c@bookauthor=\count344
\c@savedbookauthor=\count345
\c@commentator=\count346
\c@savedcommentator=\count347
\c@editor=\count348
\c@savededitor=\count349
\c@editora=\count350
\c@savededitora=\count351
\c@editorb=\count352
\c@savededitorb=\count353
\c@editorc=\count354
\c@savededitorc=\count355
\c@foreword=\count356
\c@savedforeword=\count357
\c@holder=\count358
\c@savedholder=\count359
\c@introduction=\count360
\c@savedintroduction=\count361
\c@namea=\count362
\c@savednamea=\count363
\c@nameb=\count364
\c@savednameb=\count365
\c@namec=\count366
\c@savednamec=\count367
\c@translator=\count368
\c@savedtranslator=\count369
\c@shortauthor=\count370
\c@savedshortauthor=\count371
\c@shorteditor=\count372
\c@savedshorteditor=\count373
\c@labelname=\count374
\c@savedlabelname=\count375
\c@institution=\count376
\c@savedinstitution=\count377
\c@lista=\count378
\c@savedlista=\count379
\c@listb=\count380
\c@savedlistb=\count381
\c@listc=\count382
\c@savedlistc=\count383
\c@listd=\count384
\c@savedlistd=\count385
\c@liste=\count386
\c@savedliste=\count387
\c@listf=\count388
\c@savedlistf=\count389
\c@location=\count390
\c@savedlocation=\count391
\c@organization=\count392
\c@savedorganization=\count393
\c@origlocation=\count394
\c@savedoriglocation=\count395
\c@origpublisher=\count396
\c@savedorigpublisher=\count397
\c@publisher=\count398
\c@savedpublisher=\count399
\c@language=\count400
\c@savedlanguage=\count401
\c@origlanguage=\count402
\c@savedoriglanguage=\count403
\c@pageref=\count404
\c@savedpageref=\count405
\shorthandwidth=\skip63
\shortjournalwidth=\skip64
\shortserieswidth=\skip65
\shorttitlewidth=\skip66
\shortauthorwidth=\skip67
\shorteditorwidth=\skip68
\locallabelnumberwidth=\skip69
\locallabelalphawidth=\skip70
\localshorthandwidth=\skip71
\localshortjournalwidth=\skip72
\localshortserieswidth=\skip73
\localshorttitlewidth=\skip74
\localshortauthorwidth=\skip75
\localshorteditorwidth=\skip76
Package biblatex Info: Trying to load compatibility code...
Package biblatex Info: ... file 'blx-compat.def' found.

(/usr/share/texlive/texmf-dist/tex/latex/biblatex/blx-compat.def
File: blx-compat.def 2019/12/01 v3.14 biblatex compatibility (PK/MW)
)
Package biblatex Info: Trying to load generic definitions...
Package biblatex Info: ... file 'biblatex.def' found.

(/usr/share/texlive/texmf-dist/tex/latex/biblatex/biblatex.def
File: biblatex.def 2019/12/01 v3.14 biblatex compatibility (PK/MW)
\c@textcitecount=\count406
\c@textcitetotal=\count407
\c@textcitemaxnames=\count408
\c@biburlbigbreakpenalty=\count409
\c@biburlbreakpenalty=\count410
\c@biburlnumpenalty=\count411
\c@biburlucpenalty=\count412
\c@biburllcpenalty=\count413
\biburlbigskip=\muskip18
\biburlnumskip=\muskip19
\biburlucskip=\muskip20
\biburllcskip=\muskip21
\c@smartand=\count414
)
Package biblatex Info: Trying to load natbib compatibility...
Package biblatex Info: ... file 'blx-natbib.def' found.

(/usr/share/texlive/texmf-dist/tex/latex/biblatex/blx-natbib.def
File: blx-natbib.def 2019/12/01 v3.14 biblatex compatibility (PK/MW)
Package biblatex Info: Delimiter 'nameyeardelim' in context '' already defined,
 overwriting.
)
Package biblatex Info: Trying to load bibliography style 'numeric-comp'...
Package biblatex Info: ... file 'numeric-comp.bbx' found.

(/usr/share/texlive/texmf-dist/tex/latex/biblatex/bbx/numeric-comp.bbx
File: numeric-comp.bbx 2019/12/01 v3.14 biblatex bibliography style (PK/MW)
Package biblatex Info: Trying to load bibliography style 'numeric'...
Package biblatex Info: ... file 'numeric.bbx' found.

(/usr/share/texlive/texmf-dist/tex/latex/biblatex/bbx/numeric.bbx
File: numeric.bbx 2019/12/01 v3.14 biblatex bibliography style (PK/MW)
Package biblatex Info: Trying to load bibliography style 'standard'...
Package biblatex Info: ... file 'standard.bbx' found.

(/usr/share/texlive/texmf-dist/tex/latex/biblatex/bbx/standard.bbx
File: standard.bbx 2019/12/01 v3.14 biblatex bibliography style (PK/MW)
\c@bbx:relatedcount=\count415
\c@bbx:relatedtotal=\count416
)))
Package biblatex Info: Trying to load citation style 'numeric-comp'...
Package biblatex Info: ... file 'numeric-comp.cbx' found.

(/usr/share/texlive/texmf-dist/tex/latex/biblatex/cbx/numeric-comp.cbx
File: numeric-comp.cbx 2019/12/01 v3.14 biblatex citation style (PK/MW)
\c@cbx@tempcnta=\count417
\c@cbx@tempcntb=\count418
Package biblatex Info: Redefining '\cite'.
Package biblatex Info: Redefining '\parencite'.
Package biblatex Info: Redefining '\footcite'.
Package biblatex Info: Redefining '\footcitetext'.
Package biblatex Info: Redefining '\smartcite'.
Package biblatex Info: Redefining '\supercite'.
Package biblatex Info: Redefining '\textcite'.
Package biblatex Info: Redefining '\textcites'.
Package biblatex Info: Redefining '\cites'.
Package biblatex Info: Redefining '\parencites'.
Package biblatex Info: Redefining '\smartcites'.
)
Package biblatex Info: Trying to load configuration file...
Package biblatex Info: ... file 'biblatex.cfg' found.

(/usr/share/texlive/texmf-dist/tex/latex/biblatex/biblatex.cfg
File: biblatex.cfg 
))
(/usr/share/texlive/texmf-dist/tex/latex/amsfonts/amssymb.sty
Package: amssymb 2013/01/14 v3.01 AMS font symbols

(/usr/share/texlive/texmf-dist/tex/latex/amsfonts/amsfonts.sty
Package: amsfonts 2013/01/14 v3.01 Basic AMSFonts support
\symAMSa=\mathgroup4
\symAMSb=\mathgroup5
LaTeX Font Info:    Redeclaring math symbol \hbar on input line 98.
LaTeX Font Info:    Overwriting math alphabet `\mathfrak' in version `bold'
(Font)                  U/euf/m/n --> U/euf/b/n on input line 106.
))
(/usr/share/texlive/texmf-dist/tex/latex/caption/subcaption.sty
Package: subcaption 2020/01/22 v1.3d Sub-captions (AR)

(/usr/share/texlive/texmf-dist/tex/latex/caption/caption.sty
Package: caption 2020/01/03 v3.4h Customizing captions (AR)

(/usr/share/texlive/texmf-dist/tex/latex/caption/caption3.sty
Package: caption3 2020/01/03 v1.8h caption3 kernel (AR)
Package caption3 Info: TeX engine: e-TeX on input line 61.
\captionmargin=\dimen263
\captionmargin@=\dimen264
\captionwidth=\dimen265
\caption@tempdima=\dimen266
\caption@indent=\dimen267
\caption@parindent=\dimen268
\caption@hangindent=\dimen269
Package caption Info: Standard document class detected.
)
\c@caption@flags=\count419
\c@continuedfloat=\count420
Package caption Info: hyperref package is loaded.
)
\c@subfigure=\count421
\c@subtable=\count422
)
(/usr/share/texlive/texmf-dist/tex/latex/multirow/multirow.sty
Package: multirow 2019/05/31 v2.5 Span multiple rows of a table
\multirow@colwidth=\skip77
\multirow@cntb=\count423
\multirow@dima=\skip78
\bigstrutjot=\dimen270
)
(/usr/share/texlive/texmf-dist/tex/latex/booktabs/booktabs.sty
Package: booktabs 2020/01/12 v1.61803398 Publication quality tables
\heavyrulewidth=\dimen271
\lightrulewidth=\dimen272
\cmidrulewidth=\dimen273
\belowrulesep=\dimen274
\belowbottomsep=\dimen275
\aboverulesep=\dimen276
\abovetopsep=\dimen277
\cmidrulesep=\dimen278
\cmidrulekern=\dimen279
\defaultaddspace=\dimen280
\@cmidla=\count424
\@cmidlb=\count425
\@aboverulesep=\dimen281
\@belowrulesep=\dimen282
\@thisruleclass=\count426
\@lastruleclass=\count427
\@thisrulewidth=\dimen283
)
(/usr/share/texlive/texmf-dist/tex/latex/tcolorbox/tcolorbox.sty
Package: tcolorbox 2019/11/15 version 4.22 text color boxes

(/usr/share/texlive/texmf-dist/tex/latex/tools/verbatim.sty
Package: verbatim 2019/11/10 v1.5r LaTeX2e package for verbatim enhancements
\every@verbatim=\toks34
\verbatim@line=\toks35
\verbatim@in@stream=\read4
)
(/usr/share/texlive/texmf-dist/tex/latex/environ/environ.sty
Package: environ 2014/05/04 v0.3 A new way to define environments

(/usr/share/texlive/texmf-dist/tex/latex/trimspaces/trimspaces.sty
Package: trimspaces 2009/09/17 v1.1 Trim spaces around a token list
))
\tcb@titlebox=\box63
\tcb@upperbox=\box64
\tcb@lowerbox=\box65
\tcb@phantombox=\box66
\c@tcbbreakpart=\count428
\c@tcblayer=\count429
\tcolorbox@number=\count430
\tcb@temp=\box67
\tcb@temp=\box68
\tcb@temp=\box69
\tcb@temp=\box70
\tcb@out=\write5
\tcb@record@out=\write6
)
\@quotelevel=\count431
\@quotereset=\count432

(./These.aux)
\openout1 = `These.aux'.

LaTeX Font Info:    Checking defaults for OML/cmm/m/it on input line 61.
LaTeX Font Info:    ... okay on input line 61.
LaTeX Font Info:    Checking defaults for OMS/cmsy/m/n on input line 61.
LaTeX Font Info:    ... okay on input line 61.
LaTeX Font Info:    Checking defaults for OT1/cmr/m/n on input line 61.
LaTeX Font Info:    ... okay on input line 61.
LaTeX Font Info:    Checking defaults for T1/cmr/m/n on input line 61.
LaTeX Font Info:    ... okay on input line 61.
LaTeX Font Info:    Checking defaults for TS1/cmr/m/n on input line 61.
LaTeX Font Info:    ... okay on input line 61.
LaTeX Font Info:    Checking defaults for OMX/cmex/m/n on input line 61.
LaTeX Font Info:    ... okay on input line 61.
LaTeX Font Info:    Checking defaults for U/cmr/m/n on input line 61.
LaTeX Font Info:    ... okay on input line 61.
LaTeX Font Info:    Checking defaults for PD1/pdf/m/n on input line 61.
LaTeX Font Info:    ... okay on input line 61.
 ABD: EveryShipout initializing macros
(/usr/share/texlive/texmf-dist/tex/context/base/mkii/supp-pdf.mkii
[Loading MPS to PDF converter (version 2006.09.02).]
\scratchcounter=\count433
\scratchdimen=\dimen284
\scratchbox=\box71
\nofMPsegments=\count434
\nofMParguments=\count435
\everyMPshowfont=\toks36
\MPscratchCnt=\count436
\MPscratchDim=\dimen285
\MPnumerator=\count437
\makeMPintoPDFobject=\count438
\everyMPtoPDFconversion=\toks37
) (/usr/share/texlive/texmf-dist/tex/latex/epstopdf-pkg/epstopdf-base.sty
Package: epstopdf-base 2020-01-24 v2.11 Base part for package epstopdf
Package epstopdf-base Info: Redefining graphics rule for `.eps' on input line 4
85.

(/usr/share/texlive/texmf-dist/tex/latex/latexconfig/epstopdf-sys.cfg
File: epstopdf-sys.cfg 2010/07/13 v1.3 Configuration of (r)epstopdf for TeX Liv
e
))
\AtBeginShipoutBox=\box72
Package hyperref Info: Link coloring OFF on input line 61.

(/usr/share/texlive/texmf-dist/tex/latex/hyperref/nameref.sty
Package: nameref 2019/09/16 v2.46 Cross-referencing by name of section

(/usr/share/texlive/texmf-dist/tex/latex/refcount/refcount.sty
Package: refcount 2019/12/15 v3.6 Data extraction from label references (HO)
)
(/usr/share/texlive/texmf-dist/tex/generic/gettitlestring/gettitlestring.sty
Package: gettitlestring 2019/12/15 v1.6 Cleanup title references (HO)
)
\c@section@level=\count439
)
LaTeX Info: Redefining \ref on input line 61.
LaTeX Info: Redefining \pageref on input line 61.
LaTeX Info: Redefining \nameref on input line 61.

(./These.out) (./These.out)
\@outlinefile=\write7
\openout7 = `These.out'.

Package biblatex Info: Trying to load language 'english'...
Package biblatex Info: ... file 'english.lbx' found.

(/usr/share/texlive/texmf-dist/tex/latex/biblatex/lbx/english.lbx
File: english.lbx 2019/12/01 v3.14 biblatex localization (PK/MW)
)
Package biblatex Info: Input encoding 'utf8' detected.
Package biblatex Info: Automatic encoding selection.
(biblatex)             Assuming data encoding 'utf8'.
\openout4 = `These.bcf'.

Package biblatex Info: Trying to load bibliographic data...
Package biblatex Info: ... file 'These.bbl' found.
 (./These.bbl)
Package biblatex Info: Reference section=0 on input line 61.
Package biblatex Info: Reference segment=0 on input line 61.
Package caption Info: Begin \AtBeginDocument code.
Package caption Info: End \AtBeginDocument code.
LaTeX Font Info:    Trying to load font information for OT1+phv on input line 6
3.
 (/usr/share/texlive/texmf-dist/tex/latex/psnfss/ot1phv.fd
File: ot1phv.fd 2001/06/04 scalable font definitions for OT1/phv.
)
<./front-bg.jpg, id=163, 597.432pt x 845.0772pt>
File: ./front-bg.jpg Graphic file (type jpg)
<use ./front-bg.jpg>
Package pdftex.def Info: ./front-bg.jpg  used on input line 63.
(pdftex.def)             Requested size: 597.43054pt x 845.07513pt.
LaTeX Font Info:    Trying to load font information for U+msa on input line 63.


(/usr/share/texlive/texmf-dist/tex/latex/amsfonts/umsa.fd
File: umsa.fd 2013/01/14 v3.01 AMS symbols A
)
LaTeX Font Info:    Trying to load font information for U+msb on input line 63.


(/usr/share/texlive/texmf-dist/tex/latex/amsfonts/umsb.fd
File: umsb.fd 2013/01/14 v3.01 AMS symbols B
)
Overfull \hbox (5.16669pt too wide) in paragraph at lines 63--63
[]  []
 []

<./logo-institute.jpg, id=164, 298.11375pt x 105.39375pt>
File: ./logo-institute.jpg Graphic file (type jpg)
<use ./logo-institute.jpg>
Package pdftex.def Info: ./logo-institute.jpg  used on input line 63.
(pdftex.def)             Requested size: 119.24338pt x 42.15674pt.
[1

{/var/lib/texmf/fonts/map/pdftex/updmap/pdftex.map} <./front-bg.jpg> <./logo-in
stitute.jpg>] [2

] (./These.tocpdfTeX warning (ext4): destination with the same identifier (name
{page.1}) has been already used, duplicate ignored
<to be read again> 
                   \relax 
l.243 ...usion and perspectives}{111}{section.4.7}
                                                  % [1


])
\tf@toc=\write8
\openout8 = `These.toc'.

pdfTeX warning (ext4): destination with the same identifier (name{page.2}) has 
been already used, duplicate ignored
<to be read again> 
                   \relax 
l.68 \chapter
             *{Introduction} [2] [3

]
<Intro et conclusion/Figures/Fig_intro.pdf, id=311, 1489.5889pt x 1130.90805pt>

File: Intro et conclusion/Figures/Fig_intro.pdf Graphic file (type pdf)
<use Intro et conclusion/Figures/Fig_intro.pdf>
Package pdftex.def Info: Intro et conclusion/Figures/Fig_intro.pdf  used on inp
ut line 84.
(pdftex.def)             Requested size: 323.9978pt x 245.9705pt.
 [4 <./Intro et conclusion/Figures/Fig_intro.pdf>] [5] [6]
Chapter 1.
<chapter 1/Figures/diamant_et_NV.pdf, id=8863, 624.29414pt x 246.16296pt>
File: chapter 1/Figures/diamant_et_NV.pdf Graphic file (type pdf)
<use chapter 1/Figures/diamant_et_NV.pdf>
Package pdftex.def Info: chapter 1/Figures/diamant_et_NV.pdf  used on input lin
e 124.
(pdftex.def)             Requested size: 323.9978pt x 127.7538pt.

LaTeX Warning: `!h' float specifier changed to `!ht'.

<chapter 1/Figures/phase_diagram_carbon_wiki.pdf, id=8865, 326.30872pt x 284.02
905pt>
File: chapter 1/Figures/phase_diagram_carbon_wiki.pdf Graphic file (type pdf)
<use chapter 1/Figures/phase_diagram_carbon_wiki.pdf>
Package pdftex.def Info: chapter 1/Figures/phase_diagram_carbon_wiki.pdf  used 
on input line 134.
(pdftex.def)             Requested size: 216.0022pt x 188.01881pt.
[7

] [8 <./chapter 1/Figures/Diamant_et_NV.pdf> <./chapter 1/Figures/phase_diagram
_carbon_wiki.pdf

pdfTeX warning: /usr/bin/pdflatex (file ./chapter 1/Figures/phase_diagram_carbo
n_wiki.pdf): PDF inclusion: multiple pdfs with page group included in a single 
page
>]
<chapter 1/Figures/Diamond_type.pdf, id=8922, 646.46977pt x 290.44714pt>
File: chapter 1/Figures/Diamond_type.pdf Graphic file (type pdf)
<use chapter 1/Figures/Diamond_type.pdf>
Package pdftex.def Info: chapter 1/Figures/Diamond_type.pdf  used on input line
 152.
(pdftex.def)             Requested size: 323.9978pt x 145.5689pt.
 [9 <./chapter 1/Figures/Diamond_type.pdf>]
<chapter 1/Figures/HPHT_and_CVD.pdf, id=8947, 493.84616pt x 235.07446pt>
File: chapter 1/Figures/HPHT_and_CVD.pdf Graphic file (type pdf)
<use chapter 1/Figures/HPHT_and_CVD.pdf>
Package pdftex.def Info: chapter 1/Figures/HPHT_and_CVD.pdf  used on input line
 173.
(pdftex.def)             Requested size: 360.0pt x 171.36258pt.
 [10] [11 <./chapter 1/Figures/HPHT_and_CVD.pdf>]
<chapter 1/Figures/formtion_NV_2.pdf, id=9017, 1823.71315pt x 538.7372pt>
File: chapter 1/Figures/formtion_NV_2.pdf Graphic file (type pdf)
<use chapter 1/Figures/formtion_NV_2.pdf>
Package pdftex.def Info: chapter 1/Figures/formtion_NV_2.pdf  used on input lin
e 207.
(pdftex.def)             Requested size: 360.0pt x 106.33983pt.


LaTeX Warning: `!h' float specifier changed to `!ht'.

[12] [13 <./chapter 1/Figures/formtion_NV_2.pdf>]

Package hyperref Warning: Token not allowed in a PDF string (PDFDocEncoding):
(hyperref)                removing `math shift' on input line 236.


Package hyperref Warning: Token not allowed in a PDF string (PDFDocEncoding):
(hyperref)                removing `superscript' on input line 236.


Package hyperref Warning: Token not allowed in a PDF string (PDFDocEncoding):
(hyperref)                removing `math shift' on input line 236.

<chapter 1/Figures/NV_electrons.pdf, id=9179, 573.82103pt x 362.33038pt>
File: chapter 1/Figures/NV_electrons.pdf Graphic file (type pdf)
<use chapter 1/Figures/NV_electrons.pdf>
Package pdftex.def Info: chapter 1/Figures/NV_electrons.pdf  used on input line
 244.
(pdftex.def)             Requested size: 288.0011pt x 181.85583pt.
[14 <./chapter 1/Figures/NV_electrons.pdf>]
<chapter 1/Figures/NV_optical.pdf, id=9233, 823.87364pt x 613.73769pt>
File: chapter 1/Figures/NV_optical.pdf Graphic file (type pdf)
<use chapter 1/Figures/NV_optical.pdf>
Package pdftex.def Info: chapter 1/Figures/NV_optical.pdf  used on input line 2
61.
(pdftex.def)             Requested size: 360.0pt x 268.18181pt.


LaTeX Warning: `!h' float specifier changed to `!ht'.

[15] [16 <./chapter 1/Figures/NV_optical.pdf>]
<chapter 1/Figures/spin_fine_hyperfine.pdf, id=9279, 482.25972pt x 276.04654pt>

File: chapter 1/Figures/spin_fine_hyperfine.pdf Graphic file (type pdf)
<use chapter 1/Figures/spin_fine_hyperfine.pdf>
Package pdftex.def Info: chapter 1/Figures/spin_fine_hyperfine.pdf  used on inp
ut line 282.
(pdftex.def)             Requested size: 360.0pt x 206.0656pt.
 [17 <./chapter 1/Figures/Spin_fine_hyperfine.pdf>] [18]
<chapter 1/Figures/ISC.pdf, id=9322, 403.13081pt x 230.95755pt>
File: chapter 1/Figures/ISC.pdf Graphic file (type pdf)
<use chapter 1/Figures/ISC.pdf>
Package pdftex.def Info: chapter 1/Figures/ISC.pdf  used on input line 349.
(pdftex.def)             Requested size: 288.0011pt x 164.99947pt.
 [19 <./chapter 1/Figures/ISC.pdf>]
Overfull \hbox (13.4578pt too wide) in paragraph at lines 369--369
[]\OT1/cmr/bx/n/14.4 Dipole-dipole in-ter-ac-tion be-tween two elec-tronic
 []

<chapter 1/Figures/shema_dipole_dipole.pdf, id=9352, 251.13464pt x 219.10452pt>

File: chapter 1/Figures/shema_dipole_dipole.pdf Graphic file (type pdf)
<use chapter 1/Figures/shema_dipole_dipole.pdf>
Package pdftex.def Info: chapter 1/Figures/shema_dipole_dipole.pdf  used on inp
ut line 373.
(pdftex.def)             Requested size: 143.9978pt x 125.63641pt.

LaTeX Warning: `!h' float specifier changed to `!ht'.

[20] [21 <./chapter 1/Figures/shema_dipole_dipole.pdf>]
<chapter 1/Figures/flip-flop_double-flip.pdf, id=9392, 734.74745pt x 596.39659p
t>
File: chapter 1/Figures/flip-flop_double-flip.pdf Graphic file (type pdf)
<use chapter 1/Figures/flip-flop_double-flip.pdf>
Package pdftex.def Info: chapter 1/Figures/flip-flop_double-flip.pdf  used on i
nput line 426.
(pdftex.def)             Requested size: 251.9989pt x 204.5467pt.


LaTeX Warning: `!h' float specifier changed to `!ht'.

[22] [23 <./chapter 1/Figures/flip-flop_double-flip.pdf>]
<chapter 1/Figures/Shema_CR.pdf, id=9436, 848.74898pt x 321.33702pt>
File: chapter 1/Figures/Shema_CR.pdf Graphic file (type pdf)
<use chapter 1/Figures/Shema_CR.pdf>
Package pdftex.def Info: chapter 1/Figures/Shema_CR.pdf  used on input line 456
.
(pdftex.def)             Requested size: 323.9978pt x 122.66829pt.
 [24 <./chapter 1/Figures/Shema_CR.pdf>]
Overfull \hbox (13.33127pt too wide) in paragraph at lines 476--476
[]\OT1/cmr/bx/n/14.4 Optically de-tected mag-netic res-o-nance (ODMR) 
 []

<chapter 1/Figures/shema_exp.pdf, id=9466, 599.90169pt x 425.70027pt>
File: chapter 1/Figures/shema_exp.pdf Graphic file (type pdf)
<use chapter 1/Figures/shema_exp.pdf>
Package pdftex.def Info: chapter 1/Figures/shema_exp.pdf  used on input line 48
6.
(pdftex.def)             Requested size: 288.0011pt x 204.37277pt.

LaTeX Warning: `!h' float specifier changed to `!ht'.

[25] [26 <./chapter 1/Figures/shema_exp.pdf>]
<chapter 1/Figures/ODMR_basique.pdf, id=9495, 739.80559pt x 252.66322pt>
File: chapter 1/Figures/ODMR_basique.pdf Graphic file (type pdf)
<use chapter 1/Figures/ODMR_basique.pdf>
Package pdftex.def Info: chapter 1/Figures/ODMR_basique.pdf  used on input line
 525.
(pdftex.def)             Requested size: 360.0pt x 122.95016pt.
<chapter 1/Figures/ODMR_lockin.pdf, id=9502, 989.75484pt x 350.6325pt>
File: chapter 1/Figures/ODMR_lockin.pdf Graphic file (type pdf)
<use chapter 1/Figures/ODMR_lockin.pdf>
Package pdftex.def Info: chapter 1/Figures/ODMR_lockin.pdf  used on input line 
543.
(pdftex.def)             Requested size: 360.0pt x 127.53305pt.
 [27 <./chapter 1/Figures/ODMR_basique.pdf>]
<chapter 1/Figures/ODMR_8_classes.pdf, id=9527, 680.63422pt x 486.38937pt>
File: chapter 1/Figures/ODMR_8_classes.pdf Graphic file (type pdf)
<use chapter 1/Figures/ODMR_8_classes.pdf>
Package pdftex.def Info: chapter 1/Figures/ODMR_8_classes.pdf  used on input li
ne 558.
(pdftex.def)             Requested size: 360.0pt x 257.2582pt.


LaTeX Warning: `!h' float specifier changed to `!ht'.

[28 <./chapter 1/Figures/ODMR_lockin.pdf>] [29 <./chapter 1/Figures/ODMR_8_clas
ses.pdf>] [30]
<chapter 1/Figures/T1_basique.pdf, id=9693, 658.79059pt x 250.66364pt>
File: chapter 1/Figures/T1_basique.pdf Graphic file (type pdf)
<use chapter 1/Figures/T1_basique.pdf>
Package pdftex.def Info: chapter 1/Figures/T1_basique.pdf  used on input line 5
96.
(pdftex.def)             Requested size: 360.0pt x 136.97806pt.
<chapter 1/Figures/T1_protocole_soustraction.pdf, id=9699, 696.18002pt x 466.39
752pt>
File: chapter 1/Figures/T1_protocole_soustraction.pdf Graphic file (type pdf)
<use chapter 1/Figures/T1_protocole_soustraction.pdf>
Package pdftex.def Info: chapter 1/Figures/T1_protocole_soustraction.pdf  used 
on input line 605.
(pdftex.def)             Requested size: 360.0pt x 241.18306pt.


LaTeX Warning: `!h' float specifier changed to `!ht'.

[31 <./chapter 1/Figures/T1_basique.pdf>] [32 <./chapter 1/Figures/T1_protocole
_soustraction.pdf>]
<chapter 1/Figures/Ramsey.pdf, id=9778, 698.9891pt x 259.30359pt>
File: chapter 1/Figures/Ramsey.pdf Graphic file (type pdf)
<use chapter 1/Figures/Ramsey.pdf>
Package pdftex.def Info: chapter 1/Figures/Ramsey.pdf  used on input line 635.
(pdftex.def)             Requested size: 360.0pt x 133.54877pt.


LaTeX Warning: `!h' float specifier changed to `!ht'.

[33]
<chapter 1/Figures/ODMR_1_classes.pdf, id=9799, 695.69873pt x 250.96248pt>
File: chapter 1/Figures/ODMR_1_classes.pdf Graphic file (type pdf)
<use chapter 1/Figures/ODMR_1_classes.pdf>
Package pdftex.def Info: chapter 1/Figures/ODMR_1_classes.pdf  used on input li
ne 654.
(pdftex.def)             Requested size: 360.0pt x 129.86555pt.


LaTeX Warning: `!h' float specifier changed to `!ht'.

[34 <./chapter 1/Figures/Ramsey.pdf>]
<chapter 1/Figures/Echo.pdf, id=9828, 728.52063pt x 252.93323pt>
File: chapter 1/Figures/Echo.pdf Graphic file (type pdf)
<use chapter 1/Figures/Echo.pdf>
Package pdftex.def Info: chapter 1/Figures/Echo.pdf  used on input line 669.
(pdftex.def)             Requested size: 360.0pt x 124.98813pt.


LaTeX Warning: `!h' float specifier changed to `!ht'.

[35 <./chapter 1/Figures/ODMR_1_classes.pdf>] [36 <./chapter 1/Figures/Echo.pdf
>] [37]
Chapter 2.
<chapter 2/Figures/tronche_de_spin.pdf, id=9901, 555.98872pt x 194.66537pt>
File: chapter 2/Figures/tronche_de_spin.pdf Graphic file (type pdf)
<use chapter 2/Figures/tronche_de_spin.pdf>
Package pdftex.def Info: chapter 2/Figures/tronche_de_spin.pdf  used on input l
ine 703.
(pdftex.def)             Requested size: 251.9989pt x 88.23128pt.

LaTeX Warning: `!h' float specifier changed to `!ht'.

[38

] [39 <./chapter 2/Figures/tronche_de_spin.pdf>]
<chapter 2/Figures/EPR_spectometer.jpg, id=9976, 1284.8pt x 722.7pt>
File: chapter 2/Figures/EPR_spectometer.jpg Graphic file (type jpg)
<use chapter 2/Figures/EPR_spectometer.jpg>
Package pdftex.def Info: chapter 2/Figures/EPR_spectometer.jpg  used on input l
ine 736.
(pdftex.def)             Requested size: 251.9989pt x 141.74748pt.


LaTeX Warning: `!h' float specifier changed to `!ht'.

[40] [41 <./chapter 2/Figures/EPR_spectometer.jpg>]
<chapter 2/Figures/relaxo_pulsed_continuous_2.pdf, id=10016, 742.88663pt x 627.
36592pt>
File: chapter 2/Figures/relaxo_pulsed_continuous_2.pdf Graphic file (type pdf)
<use chapter 2/Figures/relaxo_pulsed_continuous_2.pdf>
Package pdftex.def Info: chapter 2/Figures/relaxo_pulsed_continuous_2.pdf  used
 on input line 760.
(pdftex.def)             Requested size: 323.9978pt x 273.61037pt.
 [42 <./chapter 2/Figures/relaxo_pulsed_continuous_2.pdf>]
<chapter 2/Figures/DEER.pdf, id=10059, 252.44475pt x 148.50441pt>
File: chapter 2/Figures/DEER.pdf Graphic file (type pdf)
<use chapter 2/Figures/DEER.pdf>
Package pdftex.def Info: chapter 2/Figures/DEER.pdf  used on input line 782.
(pdftex.def)             Requested size: 180.0pt x 105.88979pt.
 [43 <./chapter 2/Figures/DEER.pdf>]
Overfull \hbox (1.30576pt too wide) in paragraph at lines 797--798
[]\OT1/cmr/m/n/10.95 Both re-lax-om-e-try and DEER pro-to-cols have their own a
d-van-tages. While
 []

<chapter 2/Figures/121_vs_22_NV.pdf, id=10078, 909.47635pt x 513.96527pt>
File: chapter 2/Figures/121_vs_22_NV.pdf Graphic file (type pdf)
<use chapter 2/Figures/121_vs_22_NV.pdf>
Package pdftex.def Info: chapter 2/Figures/121_vs_22_NV.pdf  used on input line
 812.
(pdftex.def)             Requested size: 360.0pt x 203.44147pt.

LaTeX Warning: `h' float specifier changed to `ht'.

[44]
<chapter 2/Figures/121_vs_22_P1.pdf, id=10092, 871.60818pt x 309.44946pt>
File: chapter 2/Figures/121_vs_22_P1.pdf Graphic file (type pdf)
<use chapter 2/Figures/121_vs_22_P1.pdf>
Package pdftex.def Info: chapter 2/Figures/121_vs_22_P1.pdf  used on input line
 830.
(pdftex.def)             Requested size: 360.0pt x 127.81pt.


LaTeX Warning: `h' float specifier changed to `ht'.

[45 <./chapter 2/Figures/121_vs_22_NV.pdf>]
<chapter 2/Figures/121_vs_22_VH.pdf, id=10127, 870.3203pt x 309.44946pt>
File: chapter 2/Figures/121_vs_22_VH.pdf Graphic file (type pdf)
<use chapter 2/Figures/121_vs_22_VH.pdf>
Package pdftex.def Info: chapter 2/Figures/121_vs_22_VH.pdf  used on input line
 843.
(pdftex.def)             Requested size: 323.9978pt x 115.19804pt.


LaTeX Warning: `h' float specifier changed to `ht'.

[46 <./chapter 2/Figures/121_vs_22_P1.pdf>]
<chapter 2/Figures/121_vs_22_13CNV.pdf, id=10175, 940.67757pt x 602.10297pt>
File: chapter 2/Figures/121_vs_22_13CNV.pdf Graphic file (type pdf)
<use chapter 2/Figures/121_vs_22_13CNV.pdf>
Package pdftex.def Info: chapter 2/Figures/121_vs_22_13CNV.pdf  used on input l
ine 859.
(pdftex.def)             Requested size: 360.0pt x 230.42766pt.


LaTeX Warning: `h' float specifier changed to `ht'.

[47 <./chapter 2/Figures/121_vs_22_VH.pdf>]
<chapter 2/Figures/contrast_OMDR_111_Vs_100.pdf, id=10243, 875.8128pt x 309.449
5pt>
File: chapter 2/Figures/contrast_OMDR_111_Vs_100.pdf Graphic file (type pdf)
<use chapter 2/Figures/contrast_OMDR_111_Vs_100.pdf>
Package pdftex.def Info: chapter 2/Figures/contrast_OMDR_111_Vs_100.pdf  used o
n input line 892.
(pdftex.def)             Requested size: 323.9978pt x 114.48035pt.
 [48 <./chapter 2/Figures/121_vs_22_13CNV.pdf>] [49 <./chapter 2/Figures/contra
st_OMDR_111_Vs_100.pdf>]
<chapter 2/Figures/NV_P1_libreAcces.png, id=10410, 363.60844pt x 228.10219pt>
File: chapter 2/Figures/NV_P1_libreAcces.png Graphic file (type png)
<use chapter 2/Figures/NV_P1_libreAcces.png>
Package pdftex.def Info: chapter 2/Figures/NV_P1_libreAcces.png  used on input 
line 918.
(pdftex.def)             Requested size: 251.9989pt x 158.09026pt.
 [50 <./chapter 2/Figures/NV_P1_libreAcces.png (PNG copy)>]
<chapter 2/Figures/fig_VH_et_co.pdf, id=10429, 871.80423pt x 297.61028pt>
File: chapter 2/Figures/fig_VH_et_co.pdf Graphic file (type pdf)
<use chapter 2/Figures/fig_VH_et_co.pdf>
Package pdftex.def Info: chapter 2/Figures/fig_VH_et_co.pdf  used on input line
 937.
(pdftex.def)             Requested size: 360.0pt x 122.8929pt.
 [51 <./chapter 2/Figures/fig_VH_et_co.pdf>]

Package hyperref Warning: Token not allowed in a PDF string (PDFDocEncoding):
(hyperref)                removing `math shift' on input line 956.


Package hyperref Warning: Token not allowed in a PDF string (PDFDocEncoding):
(hyperref)                removing `superscript' on input line 956.


Package hyperref Warning: Token not allowed in a PDF string (PDFDocEncoding):
(hyperref)                removing `math shift' on input line 956.


Package hyperref Warning: Token not allowed in a PDF string (PDFDocEncoding):
(hyperref)                removing `math shift' on input line 956.


Package hyperref Warning: Token not allowed in a PDF string (PDFDocEncoding):
(hyperref)                removing `superscript' on input line 956.


Package hyperref Warning: Token not allowed in a PDF string (PDFDocEncoding):
(hyperref)                removing `math shift' on input line 956.


Package hyperref Warning: Token not allowed in a PDF string (PDFDocEncoding):
(hyperref)                removing `math shift' on input line 956.


Package hyperref Warning: Token not allowed in a PDF string (PDFDocEncoding):
(hyperref)                removing `superscript' on input line 956.


Package hyperref Warning: Token not allowed in a PDF string (PDFDocEncoding):
(hyperref)                removing `math shift' on input line 956.

[52]
<chapter 2/Figures/scan_100_Sumi4.pdf, id=10505, 414.20096pt x 272.73589pt>
File: chapter 2/Figures/scan_100_Sumi4.pdf Graphic file (type pdf)
<use chapter 2/Figures/scan_100_Sumi4.pdf>
Package pdftex.def Info: chapter 2/Figures/scan_100_Sumi4.pdf  used on input li
ne 988.
(pdftex.def)             Requested size: 216.0022pt x 142.2313pt.
 [53 <./chapter 2/Figures/scan_100_Sumi4.pdf>] [54] [55]

Package hyperref Warning: Token not allowed in a PDF string (PDFDocEncoding):
(hyperref)                removing `math shift' on input line 1035.


Package hyperref Warning: Token not allowed in a PDF string (PDFDocEncoding):
(hyperref)                removing `superscript' on input line 1035.


Package hyperref Warning: Token not allowed in a PDF string (PDFDocEncoding):
(hyperref)                removing `math shift' on input line 1035.

<chapter 2/Figures/VH_CVD_chauffage.pdf, id=10545, 914.29453pt x 318.76761pt>
File: chapter 2/Figures/VH_CVD_chauffage.pdf Graphic file (type pdf)
<use chapter 2/Figures/VH_CVD_chauffage.pdf>
Package pdftex.def Info: chapter 2/Figures/VH_CVD_chauffage.pdf  used on input 
line 1041.
(pdftex.def)             Requested size: 360.0pt x 125.51053pt.
[56 <./chapter 2/Figures/VH_CVD_chauffage.pdf>]
<chapter 2/Figures/VH_HPHT_chauffage.pdf, id=10580, 435.79318pt x 285.48367pt>
File: chapter 2/Figures/VH_HPHT_chauffage.pdf Graphic file (type pdf)
<use chapter 2/Figures/VH_HPHT_chauffage.pdf>
Package pdftex.def Info: chapter 2/Figures/VH_HPHT_chauffage.pdf  used on input
 line 1060.
(pdftex.def)             Requested size: 251.9989pt x 165.08405pt.
 [57 <./chapter 2/Figures/VH_HPHT_chauffage.pdf>] [58] [59]
Chapter 3.

Overfull \hbox (8.67668pt too wide) in paragraph at lines 1118--1119
[]\OT1/cmr/m/n/10.95 While the NV physics can ex-plain cross-relaxations be-twe
en non-equivalent
 []

<chapter 3/Figures/NV-NV_non_equivalent.pdf, id=10625, 692.40157pt x 469.7331pt
>
File: chapter 3/Figures/NV-NV_non_equivalent.pdf Graphic file (type pdf)
<use chapter 3/Figures/NV-NV_non_equivalent.pdf>
Package pdftex.def Info: chapter 3/Figures/NV-NV_non_equivalent.pdf  used on in
put line 1123.
(pdftex.def)             Requested size: 360.0pt x 244.23395pt.
[60

] [61 <./chapter 3/Figures/NV-NV_non_equivalent.pdf>]
<chapter 3/Figures/NV-NV_equivalent.pdf, id=10699, 872.6003pt x 600.41821pt>
File: chapter 3/Figures/NV-NV_equivalent.pdf Graphic file (type pdf)
<use chapter 3/Figures/NV-NV_equivalent.pdf>
Package pdftex.def Info: chapter 3/Figures/NV-NV_equivalent.pdf  used on input 
line 1142.
(pdftex.def)             Requested size: 360.0pt x 247.70305pt.


LaTeX Warning: `h' float specifier changed to `ht'.

[62]
<chapter 3/Figures/inhomogene_2_spins.pdf, id=10722, 795.06699pt x 313.61554pt>

File: chapter 3/Figures/inhomogene_2_spins.pdf Graphic file (type pdf)
<use chapter 3/Figures/inhomogene_2_spins.pdf>
Package pdftex.def Info: chapter 3/Figures/inhomogene_2_spins.pdf  used on inpu
t line 1164.
(pdftex.def)             Requested size: 360.0pt x 142.0014pt.
 [63 <./chapter 3/Figures/NV-NV_equivalent.pdf>] [64 <./chapter 3/Figures/inhom
ogene_2_spins.pdf>]
<chapter 3/Figures/NV_vs_fluctuator.pdf, id=10801, 413.81346pt x 115.52936pt>
File: chapter 3/Figures/NV_vs_fluctuator.pdf Graphic file (type pdf)
<use chapter 3/Figures/NV_vs_fluctuator.pdf>
Package pdftex.def Info: chapter 3/Figures/NV_vs_fluctuator.pdf  used on input 
line 1182.
(pdftex.def)             Requested size: 288.0011pt x 80.40988pt.
 [65 <./chapter 3/Figures/NV_vs_fluctuator.pdf>]
[66]
<chapter 3/Figures/NV_dans_bain_fluct.pdf, id=10850, 278.08203pt x 249.157pt>
File: chapter 3/Figures/NV_dans_bain_fluct.pdf Graphic file (type pdf)
<use chapter 3/Figures/NV_dans_bain_fluct.pdf>
Package pdftex.def Info: chapter 3/Figures/NV_dans_bain_fluct.pdf  used on inpu
t line 1236.
(pdftex.def)             Requested size: 143.9978pt x 129.0187pt.


LaTeX Warning: `h' float specifier changed to `ht'.

[67] [68 <./chapter 3/Figures/NV_dans_bain_fluct.pdf>] [69] [70]
<chapter 3/Figures/Stretch_vs_pas_stretch.pdf, id=10928, 719.3684pt x 522.60767
pt>
File: chapter 3/Figures/Stretch_vs_pas_stretch.pdf Graphic file (type pdf)
<use chapter 3/Figures/Stretch_vs_pas_stretch.pdf>
Package pdftex.def Info: chapter 3/Figures/Stretch_vs_pas_stretch.pdf  used on 
input line 1338.
(pdftex.def)             Requested size: 360.0pt x 261.53444pt.


LaTeX Warning: `h' float specifier changed to `ht'.

[71]
<chapter 3/Figures/various_fit_formulae.pdf, id=10948, 715.89264pt x 525.6169pt
>
File: chapter 3/Figures/various_fit_formulae.pdf Graphic file (type pdf)
<use chapter 3/Figures/various_fit_formulae.pdf>
Package pdftex.def Info: chapter 3/Figures/various_fit_formulae.pdf  used on in
put line 1355.
(pdftex.def)             Requested size: 360.0pt x 264.3156pt.


LaTeX Warning: `h' float specifier changed to `ht'.


Overfull \hbox (5.99028pt too wide) in paragraph at lines 1381--1382
\OT1/cmr/m/n/10.95 For many sam-ples, the $\OML/cmm/m/it/10.95 T[]$ \OT1/cmr/m/
n/10.95 pro-file is nei-ther fully ex-po-nen-tial nor fully stretched
 []

[72 <./chapter 3/Figures/Stretch_vs_pas_stretch.pdf>] [73 <./chapter 3/Figures/
various_fit_formulae.pdf>]
<chapter 3/Figures/betas.pdf, id=11090, 700.18185pt x 250.18216pt>
File: chapter 3/Figures/betas.pdf Graphic file (type pdf)
<use chapter 3/Figures/betas.pdf>
Package pdftex.def Info: chapter 3/Figures/betas.pdf  used on input line 1395.
(pdftex.def)             Requested size: 360.0pt x 128.63336pt.


LaTeX Warning: `h' float specifier changed to `ht'.

[74]
<chapter 3/Figures/fluctuator linewidth.pdf, id=11102, 788.20663pt x 276.0716pt
>
File: chapter 3/Figures/fluctuator linewidth.pdf Graphic file (type pdf)
<use chapter 3/Figures/fluctuator linewidth.pdf>
Package pdftex.def Info: chapter 3/Figures/fluctuator linewidth.pdf  used on in
put line 1407.
(pdftex.def)             Requested size: 360.0pt x 126.09299pt.


LaTeX Warning: `h' float specifier changed to `ht'.

[75 <./chapter 3/Figures/betas.pdf>]
<chapter 3/Figures/deconvolution.pdf, id=11148, 410.69589pt x 270.67432pt>
File: chapter 3/Figures/deconvolution.pdf Graphic file (type pdf)
<use chapter 3/Figures/deconvolution.pdf>
Package pdftex.def Info: chapter 3/Figures/deconvolution.pdf  used on input lin
e 1431.
(pdftex.def)             Requested size: 216.0022pt x 142.35808pt.


LaTeX Warning: `h' float specifier changed to `ht'.

[76 <./chapter 3/Figures/fluctuator linewidth.pdf>] [77 <./chapter 3/Figures/de
convolution.pdf>] [78]
<chapter 3/Figures/Resonance_geometries.pdf, id=11243, 632.38585pt x 966.0116pt
>
File: chapter 3/Figures/Resonance_geometries.pdf Graphic file (type pdf)
<use chapter 3/Figures/Resonance_geometries.pdf>
Package pdftex.def Info: chapter 3/Figures/Resonance_geometries.pdf  used on in
put line 1483.
(pdftex.def)             Requested size: 288.0011pt x 439.93394pt.


LaTeX Warning: `!h' float specifier changed to `!ht'.

<chapter 3/Figures/carte.pdf, id=11246, 555.91539pt x 334.81839pt>
File: chapter 3/Figures/carte.pdf Graphic file (type pdf)
<use chapter 3/Figures/carte.pdf>
Package pdftex.def Info: chapter 3/Figures/carte.pdf  used on input line 1501.
(pdftex.def)             Requested size: 360.0pt x 216.82216pt.

LaTeX Warning: `h' float specifier changed to `ht'.

[79] [80 <./chapter 3/Figures/Resonance_geometries.pdf>] [81 <./chapter 3/Figur
es/carte.pdf>] [82]
<chapter 3/Figures/Anormal_T1.pdf, id=11317, 694.19054pt x 261.9348pt>
File: chapter 3/Figures/Anormal_T1.pdf Graphic file (type pdf)
<use chapter 3/Figures/Anormal_T1.pdf>
Package pdftex.def Info: chapter 3/Figures/Anormal_T1.pdf  used on input line 1
557.
(pdftex.def)             Requested size: 360.0pt x 135.83516pt.
 [83 <./chapter 3/Figures/Anormal_T1.pdf>] [84]
Chapter 4.
[85

]
<chapter 4/Figures/ESR_simus.pdf, id=11389, 839.72148pt x 645.36978pt>
File: chapter 4/Figures/ESR_simus.pdf Graphic file (type pdf)
<use chapter 4/Figures/ESR_simus.pdf>
Package pdftex.def Info: chapter 4/Figures/ESR_simus.pdf  used on input line 16
02.
(pdftex.def)             Requested size: 360.0pt x 276.6764pt.
 [86 <./chapter 4/Figures/ESR_simus.pdf>] [87]
<chapter 4/Figures/Comparaison_ESR_T2.pdf, id=11443, 886.27197pt x 623.29561pt>

File: chapter 4/Figures/Comparaison_ESR_T2.pdf Graphic file (type pdf)
<use chapter 4/Figures/Comparaison_ESR_T2.pdf>
Package pdftex.def Info: chapter 4/Figures/Comparaison_ESR_T2.pdf  used on inpu
t line 1680.
(pdftex.def)             Requested size: 360.0pt x 253.18468pt.


LaTeX Warning: `h' float specifier changed to `ht'.


Overfull \hbox (14.33711pt too wide) in paragraph at lines 1685--1686
\OT1/cmr/m/n/10.95 A con-se-quence of the change in the Hamil-to-nian eigen-sta
tes from the $\OMS/cmsy/m/n/10.95 f[] \OML/cmm/m/it/10.95 ; []\OMS/cmsy/m/n/10.
95 g$
 []

[88] [89 <./chapter 4/Figures/Comparaison_ESR_T2.pdf>]
<chapter 4/Figures/Shema_summary_theory_2.pdf, id=11509, 991.51538pt x 627.9763
pt>
File: chapter 4/Figures/Shema_summary_theory_2.pdf Graphic file (type pdf)
<use chapter 4/Figures/Shema_summary_theory_2.pdf>
Package pdftex.def Info: chapter 4/Figures/Shema_summary_theory_2.pdf  used on 
input line 1705.
(pdftex.def)             Requested size: 360.0pt x 228.00688pt.


LaTeX Warning: `h' float specifier changed to `ht'.

[90] [91 <./chapter 4/Figures/Shema_summary_theory_2.pdf>] [92]
<chapter 4/Figures/scan_1x1x1x1.pdf, id=11573, 481.75352pt x 355.59846pt>
File: chapter 4/Figures/scan_1x1x1x1.pdf Graphic file (type pdf)
<use chapter 4/Figures/scan_1x1x1x1.pdf>
Package pdftex.def Info: chapter 4/Figures/scan_1x1x1x1.pdf  used on input line
 1776.
(pdftex.def)             Requested size: 323.9978pt x 239.15045pt.


LaTeX Warning: `h' float specifier changed to `ht'.

[93]
<chapter 4/Figures/scan_100.pdf, id=11588, 500.09718pt x 355.59846pt>
File: chapter 4/Figures/scan_100.pdf Graphic file (type pdf)
<use chapter 4/Figures/scan_100.pdf>
Package pdftex.def Info: chapter 4/Figures/scan_100.pdf  used on input line 179
1.
(pdftex.def)             Requested size: 323.9978pt x 230.38205pt.


LaTeX Warning: `h' float specifier changed to `ht'.

[94 <./chapter 4/Figures/scan_1x1x1x1.pdf>]
Overfull \hbox (2.11539pt too wide) in paragraph at lines 1806--1807
\OT1/cmr/m/n/10.95 that are which are the eigen-ba-sis change, the double-flips
 and the $\OML/cmm/m/it/10.95 T[]increase$\OT1/cmr/m/n/10.95 .
 []

<chapter 4/Figures/transis_transverse_field.pdf, id=11622, 541.3889pt x 173.742
05pt>
File: chapter 4/Figures/transis_transverse_field.pdf Graphic file (type pdf)
<use chapter 4/Figures/transis_transverse_field.pdf>
Package pdftex.def Info: chapter 4/Figures/transis_transverse_field.pdf  used o
n input line 1813.
(pdftex.def)             Requested size: 360.0pt x 115.53171pt.

LaTeX Warning: `h' float specifier changed to `ht'.

[95 <./chapter 4/Figures/scan_100.pdf>] [96 <./chapter 4/Figures/transis_transv
erse_field.pdf>]
<chapter 4/Figures/scan_T1_perp.pdf, id=11686, 529.37495pt x 518.0294pt>
File: chapter 4/Figures/scan_T1_perp.pdf Graphic file (type pdf)
<use chapter 4/Figures/scan_T1_perp.pdf>
Package pdftex.def Info: chapter 4/Figures/scan_T1_perp.pdf  used on input line
 1832.
(pdftex.def)             Requested size: 288.0011pt x 281.8422pt.
 [97 <./chapter 4/Figures/scan_T1_perp.pdf>]
<chapter 4/Figures/Shema_summary_exp.pdf, id=11733, 729.90042pt x 804.91444pt>
File: chapter 4/Figures/Shema_summary_exp.pdf Graphic file (type pdf)
<use chapter 4/Figures/Shema_summary_exp.pdf>
Package pdftex.def Info: chapter 4/Figures/Shema_summary_exp.pdf  used on input
 line 1860.
(pdftex.def)             Requested size: 360.0pt x 397.00302pt.


LaTeX Warning: `!h' float specifier changed to `!ht'.

[98] [99 <./chapter 4/Figures/shema_summary_exp.pdf>] [100] [101] [102]
<chapter 4/Figures/setup_magneto.pdf, id=11853, 804.84013pt x 405.65526pt>
File: chapter 4/Figures/setup_magneto.pdf Graphic file (type pdf)
<use chapter 4/Figures/setup_magneto.pdf>
Package pdftex.def Info: chapter 4/Figures/setup_magneto.pdf  used on input lin
e 1937.
(pdftex.def)             Requested size: 360.0pt x 181.44759pt.

[103 <./chapter 4/Figures/setup_magneto.pdf>]
<chapter 4/Figures/AC_and_DC_sensing.pdf, id=11913, 653.23338pt x 250.00345pt>
File: chapter 4/Figures/AC_and_DC_sensing.pdf Graphic file (type pdf)
<use chapter 4/Figures/AC_and_DC_sensing.pdf>
Package pdftex.def Info: chapter 4/Figures/AC_and_DC_sensing.pdf  used on input
 line 1950.
(pdftex.def)             Requested size: 323.9978pt x 123.99814pt.
<chapter 4/Figures/sensi_alternee.pdf, id=11915, 681.69942pt x 231.30118pt>
File: chapter 4/Figures/sensi_alternee.pdf Graphic file (type pdf)
<use chapter 4/Figures/sensi_alternee.pdf>
Package pdftex.def Info: chapter 4/Figures/sensi_alternee.pdf  used on input li
ne 1960.
(pdftex.def)             Requested size: 360.0pt x 122.14786pt.


LaTeX Warning: `!h' float specifier changed to `!ht'.

[104 <./chapter 4/Figures/AC_and_DC_sensing.pdf>] [105 <./chapter 4/Figures/sen
si_alternee.pdf>]
<chapter 4/Figures/sensi_angulaire.pdf, id=11982, 639.3338pt x 503.67822pt>
File: chapter 4/Figures/sensi_angulaire.pdf Graphic file (type pdf)
<use chapter 4/Figures/sensi_angulaire.pdf>
Package pdftex.def Info: chapter 4/Figures/sensi_angulaire.pdf  used on input l
ine 1984.
(pdftex.def)             Requested size: 360.0pt x 283.61803pt.
 [106 <./chapter 4/Figures/sensi_angulaire.pdf>]
<chapter 4/Figures/Temporal_just_0B.pdf, id=12164, 678.50099pt x 246.93332pt>
File: chapter 4/Figures/Temporal_just_0B.pdf Graphic file (type pdf)
<use chapter 4/Figures/Temporal_just_0B.pdf>
Package pdftex.def Info: chapter 4/Figures/Temporal_just_0B.pdf  used on input 
line 2000.
(pdftex.def)             Requested size: 360.0pt x 131.02098pt.
 [107 <./chapter 4/Figures/Temporal_just_0B.pdf>]
Overfull \hbox (61.86295pt too wide) in paragraph at lines 2023--2032
 [][] 
 []

[108]
<chapter 4/Figures/compariason_0B_MW.pdf, id=12208, 672.99588pt x 500.59688pt>
File: chapter 4/Figures/compariason_0B_MW.pdf Graphic file (type pdf)
<use chapter 4/Figures/compariason_0B_MW.pdf>
Package pdftex.def Info: chapter 4/Figures/compariason_0B_MW.pdf  used on input
 line 2040.
(pdftex.def)             Requested size: 360.0pt x 267.78995pt.


LaTeX Warning: `!h' float specifier changed to `!ht'.

[109] [110 <./chapter 4/Figures/compariason_0B_MW.pdf>]
<chapter 4/Figures/double_adamas.pdf, id=12266, 718.10667pt x 544.69911pt>
File: chapter 4/Figures/double_adamas.pdf Graphic file (type pdf)
<use chapter 4/Figures/double_adamas.pdf>
Package pdftex.def Info: chapter 4/Figures/double_adamas.pdf  used on input lin
e 2071.
(pdftex.def)             Requested size: 360.0pt x 273.06366pt.


LaTeX Warning: `!h' float specifier changed to `!ht'.

[111] [112 <./chapter 4/Figures/double_adamas.pdf>]
<chapter 4/Figures/Applications.pdf, id=12325, 786.08493pt x 315.82402pt>
File: chapter 4/Figures/Applications.pdf Graphic file (type pdf)
<use chapter 4/Figures/Applications.pdf>
Package pdftex.def Info: chapter 4/Figures/Applications.pdf  used on input line
 2094.
(pdftex.def)             Requested size: 360.0pt x 144.63986pt.
 [113 <./chapter 4/Figures/Applications.pdf>] [114] [115

] [116]
Appendix A.
[117

] [118]
Appendix B.

Package hyperref Warning: Token not allowed in a PDF string (PDFDocEncoding):
(hyperref)                removing `math shift' on input line 2189.


Package hyperref Warning: Token not allowed in a PDF string (PDFDocEncoding):
(hyperref)                removing `math shift' on input line 2189.


Package hyperref Warning: Token not allowed in a PDF string (PDFDocEncoding):
(hyperref)                removing `math shift' on input line 2208.


Package hyperref Warning: Token not allowed in a PDF string (PDFDocEncoding):
(hyperref)                removing `math shift' on input line 2208.


Package hyperref Warning: Token not allowed in a PDF string (PDFDocEncoding):
(hyperref)                removing `math shift' on input line 2208.


Package hyperref Warning: Token not allowed in a PDF string (PDFDocEncoding):
(hyperref)                removing `\ket' on input line 2208.


Package hyperref Warning: Token not allowed in a PDF string (PDFDocEncoding):
(hyperref)                removing `\ket' on input line 2208.


Package hyperref Warning: Token not allowed in a PDF string (PDFDocEncoding):
(hyperref)                removing `\ket' on input line 2208.


Package hyperref Warning: Token not allowed in a PDF string (PDFDocEncoding):
(hyperref)                removing `math shift' on input line 2208.

<chapter 3/Figures/Shema_annexe.pdf, id=12438, 296.29485pt x 231.37576pt>
File: chapter 3/Figures/Shema_annexe.pdf Graphic file (type pdf)
<use chapter 3/Figures/Shema_annexe.pdf>
Package pdftex.def Info: chapter 3/Figures/Shema_annexe.pdf  used on input line
 2212.
(pdftex.def)             Requested size: 251.9989pt x 196.79034pt.

LaTeX Warning: `h' float specifier changed to `ht'.

[119

] [120 <./chapter 3/Figures/Shema_annexe.pdf>] [121]
<chapter 3/Figures/110_vs_100.pdf, id=12484, 1143.75548pt x 1428.47911pt>
File: chapter 3/Figures/110_vs_100.pdf Graphic file (type pdf)
<use chapter 3/Figures/110_vs_100.pdf>
Package pdftex.def Info: chapter 3/Figures/110_vs_100.pdf  used on input line 2
311.
(pdftex.def)             Requested size: 288.0011pt x 359.69092pt.


LaTeX Warning: `!h' float specifier changed to `!ht'.

[122] [123 <./chapter 3/Figures/110_vs_100.pdf>]

Package hyperref Warning: Token not allowed in a PDF string (PDFDocEncoding):
(hyperref)                removing `math shift' on input line 2340.


Package hyperref Warning: Token not allowed in a PDF string (PDFDocEncoding):
(hyperref)                removing `math shift' on input line 2340.


Package hyperref Warning: Token not allowed in a PDF string (PDFDocEncoding):
(hyperref)                removing `math shift' on input line 2340.


Package hyperref Warning: Token not allowed in a PDF string (PDFDocEncoding):
(hyperref)                removing `\ket' on input line 2340.


Package hyperref Warning: Token not allowed in a PDF string (PDFDocEncoding):
(hyperref)                removing `\ket' on input line 2340.


Package hyperref Warning: Token not allowed in a PDF string (PDFDocEncoding):
(hyperref)                removing `\ket' on input line 2340.


Package hyperref Warning: Token not allowed in a PDF string (PDFDocEncoding):
(hyperref)                removing `math shift' on input line 2340.

[124]
Overfull \hbox (7.92033pt too wide) in paragraph at lines 2373--2373
\OT1/cmr/m/n/10.95 Rewriting the dipole-dipole Hamil-to-nian in the $\OMS/cmsy/
m/n/10.95 f[] \OML/cmm/m/it/10.95 ; [] ; []\OMS/cmsy/m/n/10.95 g ^^B f[] \OML/c
mm/m/it/10.95 ; [] ; []\OMS/cmsy/m/n/10.95 g$
 []

<chapter 3/Figures/appendix_alpha_s_et_f.pdf, id=12548, 506.92894pt x 222.29868
pt>
File: chapter 3/Figures/appendix_alpha_s_et_f.pdf Graphic file (type pdf)
<use chapter 3/Figures/appendix_alpha_s_et_f.pdf>
Package pdftex.def Info: chapter 3/Figures/appendix_alpha_s_et_f.pdf  used on i
nput line 2382.
(pdftex.def)             Requested size: 251.9989pt x 110.50456pt.
[125 <./chapter 3/Figures/appendix_alpha_s_et_f.pdf>] [126] [127] [128]
Appendix C.
<chapter 4/Figures/alignement_rose.pdf, id=12600, 560.11089pt x 275.551pt>
File: chapter 4/Figures/alignement_rose.pdf Graphic file (type pdf)
<use chapter 4/Figures/alignement_rose.pdf>
Package pdftex.def Info: chapter 4/Figures/alignement_rose.pdf  used on input l
ine 2470.
(pdftex.def)             Requested size: 251.9989pt x 123.97157pt.
[129

 <./chapter 4/Figures/alignement_rose.pdf>]
<chapter 4/Figures/pola_laser.pdf, id=12633, 514.85477pt x 270.42155pt>
File: chapter 4/Figures/pola_laser.pdf Graphic file (type pdf)
<use chapter 4/Figures/pola_laser.pdf>
Package pdftex.def Info: chapter 4/Figures/pola_laser.pdf  used on input line 2
481.
(pdftex.def)             Requested size: 251.9989pt x 132.35916pt.
 [130 <./chapter 4/Figures/pola_laser.pdf>] [131

]
Overfull \hbox (4.1865pt too wide) in paragraph at lines 2493--2493
[]\OT1/cmr/m/n/10.95 Charles H Ben-nett. ``Quan-tum cryp-tog-ra-phy us-ing any 
two nonorthog-
 []


Overfull \hbox (17.57646pt too wide) in paragraph at lines 2493--2493
\OT1/cmr/m/n/10.95 tolerant control-fidelity''. In: \OT1/cmr/m/it/10.95 Na-ture
 nan-otech-nol-ogy \OT1/cmr/m/n/10.95 9.12 (2014), pp. 981{
 []


Overfull \hbox (7.70134pt too wide) in paragraph at lines 2493--2493
\OT1/cmr/m/n/10.95 quan-tum com-put-ing hard-ware''. In: \OT1/cmr/m/it/10.95 Sc
i-ence \OT1/cmr/m/n/10.95 372.6539 (2021), eabb2823. 
 []

[132]
Overfull \hbox (20.18915pt too wide) in paragraph at lines 2493--2493
\OT1/cmr/m/n/10.95 ``Quan-tum sens-ing''. In: \OT1/cmr/m/it/10.95 Re-views of m
od-ern physics \OT1/cmr/m/n/10.95 89.3 (2017), p. 035002. 
 []


Overfull \hbox (9.17484pt too wide) in paragraph at lines 2493--2493
[]\OT1/cmr/m/n/10.95 Mark JH Ku et al. ``Imag-ing vis-cous flow of the Dirac fl
uid in graphene''.
 []

[133]
Overfull \hbox (18.45795pt too wide) in paragraph at lines 2493--2493
[]\OT1/cmr/m/n/10.95 Romana Schirhagl et al. ``Nitrogen-vacancy cen-ters in di-
a-mond: nanoscale
 []


Overfull \hbox (4.06479pt too wide) in paragraph at lines 2493--2493
[]\OT1/cmr/m/n/10.95 Florian Dolde et al. ``Electric-field sens-ing us-ing sin-
gle di-a-mond spins''.
 []

[134]
Overfull \hbox (3.46252pt too wide) in paragraph at lines 2493--2493
[]\OT1/cmr/m/n/10.95 Morgan W Mitchell and Sil-vana Pala-cios Al-varez. ``Col-l
o-quium: Quan-
 []

[135] [136]
Overfull \hbox (4.52034pt too wide) in paragraph at lines 2493--2493
\OT1/cmr/m/n/10.95 Vacancy Cen-ters: The role of Double-flip Pro-cesses''. In: 
\OT1/cmr/m/it/10.95 arXiv preprint
 []


Overfull \hbox (0.80183pt too wide) in paragraph at lines 2493--2493
[]\OT1/cmr/m/n/10.95 Amanda S Barnard. \OT1/cmr/m/it/10.95 The di-a-mond for-mu
la: di-a-mond synthesis--a gem-
 []

[137]
Overfull \hbox (14.8287pt too wide) in paragraph at lines 2493--2493
\OT1/cmr/m/n/10.95 pro-duced in nat-u-ral brown di-a-monds by high-pressure, hi
gh-temperature
 []


Overfull \hbox (5.78285pt too wide) in paragraph at lines 2493--2493
\OT1/cmr/m/n/10.95 di-a-mond crys-tals''. In: \OT1/cmr/m/it/10.95 Jour-nal of C
rys-tal Growth \OT1/cmr/m/n/10.95 237 (2002), pp. 1281{
 []


Overfull \hbox (9.88962pt too wide) in paragraph at lines 2493--2493
[]\OT1/cmr/m/n/10.95 Seiichiro Mat-sumoto et al. ``Growth of di-a-mond par-ti-c
les from methane-
 []


Overfull \hbox (6.08484pt too wide) in paragraph at lines 2493--2493
\OT1/cmr/m/n/10.95 hydrogen gas''. In: \OT1/cmr/m/it/10.95 Jour-nal of ma-te-ri
-als Sci-ence \OT1/cmr/m/n/10.95 17.11 (1982), pp. 3106{
 []

[138]
Overfull \hbox (13.12904pt too wide) in paragraph at lines 2493--2493
[]\OT1/cmr/m/n/10.95 Makoto Kasu and Naoki Kobayashi. ``High mo-bil-ity and hig
h crystalline-
 []


Overfull \hbox (16.08907pt too wide) in paragraph at lines 2493--2493
\OT1/cmr/m/n/10.95 tro-gen delta-doping''. In: \OT1/cmr/m/it/10.95 Ap-plied Phy
sics Let-ters \OT1/cmr/m/n/10.95 101.8 (2012), p. 082413. 
 []


Overfull \hbox (9.92796pt too wide) in paragraph at lines 2493--2493
\OT1/cmr/m/n/10.95 mond us-ing elec-tron para-m-ag-netic res-o-nance and op-ti-
cal spec-troscopy''.
 []

[139]
Overfull \hbox (8.87062pt too wide) in paragraph at lines 2493--2493
[]\OT1/cmr/m/n/10.95 ME New-ton et al. ``Recombination-enhanced dif-fu-sion of 
self-interstitial
 []


Overfull \hbox (3.09052pt too wide) in paragraph at lines 2493--2493
\OT1/cmr/m/n/10.95 cen-tre in di-a-mond: the elec-tronic so-lu-tion''. In: \OT1
/cmr/m/it/10.95 New Jour-nal of Physics
 []

[140] [141]
Overfull \hbox (9.88957pt too wide) in paragraph at lines 2493--2493
[]\OT1/cmr/m/n/10.95 AA Maud-s-ley. ``Mod-i-fied Carr-Purcell-Meiboom-Gill se-q
uence for NMR
 []


Overfull \hbox (1.12952pt too wide) in paragraph at lines 2493--2493
[]\OT1/cmr/m/n/10.95 Federico Gor-rini et al. ``Long-Lived En-sem-bles of Shal-
low NV--Centers
 []

[142]
Overfull \hbox (0.14105pt too wide) in paragraph at lines 2493--2493
[]\OT1/cmr/m/n/10.95 Mete Atat^^?ure et al. ``Ma-te-rial plat-forms for spin-ba
sed pho-tonic quan-
 []

[143]
Overfull \hbox (7.70567pt too wide) in paragraph at lines 2493--2493
[]\OT1/cmr/m/n/10.95 Claire Glover et al. ``Hy-dro-gen in-cor-po-ra-tion in di-
a-mond: The nitrogen-
 []


Overfull \hbox (5.85027pt too wide) in paragraph at lines 2493--2493
[]\OT1/cmr/m/n/10.95 Claire Glover et al. ``Hy-dro-gen in-cor-po-ra-tion in di-
a-mond: The vacancy-
 []


Overfull \hbox (3.18024pt too wide) in paragraph at lines 2493--2493
\OT1/cmr/m/n/10.95 hydrogen com-plex''. In: \OT1/cmr/m/it/10.95 Phys-i-cal re-v
iew let-ters \OT1/cmr/m/n/10.95 92.13 (2004), p. 135502. 
 []


Overfull \hbox (7.95815pt too wide) in paragraph at lines 2493--2493
[]\OT1/cmr/m/n/10.95 MJ Shaw et al. ``Im-por-tance of quan-tum tun-nel-ing in v
acancy-hydrogen
 []


Overfull \hbox (21.46068pt too wide) in paragraph at lines 2493--2493
\OT1/cmr/m/n/10.95 com-plexes in di-a-mond''. In: \OT1/cmr/m/it/10.95 Phys-i-ca
l re-view let-ters \OT1/cmr/m/n/10.95 95.10 (2005), p. 105502. 
 []


Overfull \hbox (6.71098pt too wide) in paragraph at lines 2493--2493
[]\OT1/cmr/m/n/10.95 Arne Wick-en-brock et al. ``Microwave-free mag-ne-tom-e-tr
y with nitrogen-
 []


Overfull \hbox (2.4563pt too wide) in paragraph at lines 2493--2493
\OT1/cmr/m/n/10.95 vacancy cen-ters in di-a-mond''. In: \OT1/cmr/m/it/10.95 Ap-
plied Physics Let-ters \OT1/cmr/m/n/10.95 109.5 (2016),
 []

[144] [145]
Overfull \hbox (11.24312pt too wide) in paragraph at lines 2493--2493
[]\OT1/cmr/m/n/10.95 Huijie Zheng et al. ``Microwave-free vec-tor mag-ne-tom-e-
try with nitrogen-
 []


Overfull \hbox (2.23982pt too wide) in paragraph at lines 2493--2493
[]\OT1/cmr/m/n/10.95 A Honig and E Stupp. ``Elec-tron spin-lattice re-lax-ation
 in phosphorus-
 []


Overfull \hbox (0.60724pt too wide) in paragraph at lines 2493--2493
\OT1/cmr/m/n/10.95 Spin-Lattice Re-lax-ation in N-Type Sil-i-con''. In: \OT1/cm
r/m/it/10.95 Phys-i-cal Re-view \OT1/cmr/m/n/10.95 168.2
 []

[146]
Overfull \hbox (9.34872pt too wide) in paragraph at lines 2493--2493
\OT1/cmr/m/n/10.95 nitrogen-vacancy cen-ters in di-a-mond''. In: \OT1/cmr/m/it/
10.95 Phys-i-cal re-view let-ters \OT1/cmr/m/n/10.95 121.24
 []


Overfull \hbox (34.72357pt too wide) in paragraph at lines 2493--2493
\OT1/cmr/m/n/10.95 Scan-ning Quan-tum Sen-sor Mi-cro-scope''. In: \OT1/cmr/m/it
/10.95 arXiv preprint arXiv:2205.03952
 []

[147]
Overfull \hbox (0.69357pt too wide) in paragraph at lines 2493--2493
\OT1/cmr/m/n/10.95 Vacancy Cen-ters''. In: \OT1/cmr/m/it/10.95 Phys-i-cal Re-vi
ew Ap-plied \OT1/cmr/m/n/10.95 17.4 (2022), p. 044028. 
 []


Overfull \hbox (20.97653pt too wide) in paragraph at lines 2493--2493
[]\OT1/cmr/m/n/10.95 Rinat Akhmedzhanov et al. ``Mag-ne-tom-e-try by cross-rela
xation-resonance
 []

[148]
Overfull \hbox (15.76788pt too wide) in paragraph at lines 2493--2493
\OT1/cmr/m/n/10.95 Picotesla-Level Sen-si-tiv-ity''. In: \OT1/cmr/m/it/10.95 ar
Xiv preprint arXiv:2206.15440 \OT1/cmr/m/n/10.95 (2022). 
 []


Overfull \hbox (4.72661pt too wide) in paragraph at lines 2493--2493
\OT1/cmr/m/n/10.95 quan-tum mag-ne-tome-ter''. In: \OT1/cmr/m/it/10.95 arXiv pr
eprint arXiv:2202.09130 \OT1/cmr/m/n/10.95 (2022). 
 []

[149] [150] [151


]
<./back-bg.png, id=12780, 556.0775pt x 715.67375pt>
File: ./back-bg.png Graphic file (type png)
<use ./back-bg.png>
Package pdftex.def Info: ./back-bg.png  used on input line 2493.
(pdftex.def)             Requested size: 417.0571pt x 536.754pt.

Overfull \hbox (1.42065pt too wide) in paragraph at lines 2493--2493
[][] 
 []

LaTeX Font Info:    Calculating math sizes for size <11> on input line 2493.

LaTeX Font Warning: Font shape `OT1/cmr/m/n' in size <5.5> not available
(Font)              size <5> substituted on input line 2493.


LaTeX Font Warning: Font shape `OML/cmm/m/it' in size <5.5> not available
(Font)              size <5> substituted on input line 2493.


LaTeX Font Warning: Font shape `OMS/cmsy/m/n' in size <5.5> not available
(Font)              size <5> substituted on input line 2493.


LaTeX Font Warning: Font shape `OT1/cmr/bx/n' in size <5.5> not available
(Font)              size <5> substituted on input line 2493.


Overfull \hbox (1.42065pt too wide) in paragraph at lines 2493--2493
[][] 
 []


Overfull \hbox (1.42065pt too wide) in paragraph at lines 2493--2493
[][] 
 []


Overfull \hbox (1.42065pt too wide) in paragraph at lines 2493--2493
[][] 
 []

Package atveryend Info: Empty hook `BeforeClearDocument' on input line 2493.
[152 <./back-bg.png>]
Package atveryend Info: Empty hook `AfterLastShipout' on input line 2493.
 (./These.aux)
Package atveryend Info: Executing hook `AtVeryEndDocument' on input line 2493.
Package atveryend Info: Executing hook `AtEndAfterFileList' on input line 2493.

Package rerunfilecheck Info: File `These.out' has not changed.
(rerunfilecheck)             Checksum: 36CD33A0D9B215E594377E746A1820BE;3262.


LaTeX Font Warning: Size substitutions with differences
(Font)              up to 0.5pt have occurred.

Package logreq Info: Writing requests to 'These.run.xml'.
\openout1 = `These.run.xml'.

 ) 
Here is how much of TeX's memory you used:
 30003 strings out of 481239
 601536 string characters out of 5920377
 1360444 words of memory out of 5000000
 43965 multiletter control sequences out of 15000+600000
 572272 words of font info for 131 fonts, out of 8000000 for 9000
 1141 hyphenation exceptions out of 8191
 68i,16n,79p,1205b,1492s stack positions out of 5000i,500n,10000p,200000b,80000s
{/usr/share/texmf/fonts/enc/dvips/cm-super/cm-super-ts1.enc}{/usr/share/texli
ve/texmf-dist/fonts/enc/dvips/base/8r.enc}</usr/share/texlive/texmf-dist/fonts/
type1/public/amsfonts/cm/cmbx10.pfb></usr/share/texlive/texmf-dist/fonts/type1/
public/amsfonts/cm/cmbx12.pfb></usr/share/texlive/texmf-dist/fonts/type1/public
/amsfonts/cm/cmbx9.pfb></usr/share/texlive/texmf-dist/fonts/type1/public/amsfon
ts/cm/cmex10.pfb></usr/share/texlive/texmf-dist/fonts/type1/public/amsfonts/cme
xtra/cmex9.pfb></usr/share/texlive/texmf-dist/fonts/type1/public/amsfonts/cm/cm
mi10.pfb></usr/share/texlive/texmf-dist/fonts/type1/public/amsfonts/cm/cmmi12.p
fb></usr/share/texlive/texmf-dist/fonts/type1/public/amsfonts/cm/cmmi5.pfb></us
r/share/texlive/texmf-dist/fonts/type1/public/amsfonts/cm/cmmi6.pfb></usr/share
/texlive/texmf-dist/fonts/type1/public/amsfonts/cm/cmmi8.pfb></usr/share/texliv
e/texmf-dist/fonts/type1/public/amsfonts/cm/cmmi9.pfb></usr/share/texlive/texmf
-dist/fonts/type1/public/amsfonts/cm/cmr10.pfb></usr/share/texlive/texmf-dist/f
onts/type1/public/amsfonts/cm/cmr12.pfb></usr/share/texlive/texmf-dist/fonts/ty
pe1/public/amsfonts/cm/cmr17.pfb></usr/share/texlive/texmf-dist/fonts/type1/pub
lic/amsfonts/cm/cmr5.pfb></usr/share/texlive/texmf-dist/fonts/type1/public/amsf
onts/cm/cmr6.pfb></usr/share/texlive/texmf-dist/fonts/type1/public/amsfonts/cm/
cmr8.pfb></usr/share/texlive/texmf-dist/fonts/type1/public/amsfonts/cm/cmr9.pfb
></usr/share/texlive/texmf-dist/fonts/type1/public/amsfonts/cm/cmsy10.pfb></usr
/share/texlive/texmf-dist/fonts/type1/public/amsfonts/cm/cmsy5.pfb></usr/share/
texlive/texmf-dist/fonts/type1/public/amsfonts/cm/cmsy6.pfb></usr/share/texlive
/texmf-dist/fonts/type1/public/amsfonts/cm/cmsy8.pfb></usr/share/texlive/texmf-
dist/fonts/type1/public/amsfonts/cm/cmsy9.pfb></usr/share/texlive/texmf-dist/fo
nts/type1/public/amsfonts/cm/cmti10.pfb></usr/share/texlive/texmf-dist/fonts/ty
pe1/public/amsfonts/symbols/msam10.pfb></usr/share/texlive/texmf-dist/fonts/typ
e1/public/amsfonts/symbols/msbm10.pfb></usr/share/texmf/fonts/type1/public/cm-s
uper/sfrm1095.pfb></usr/share/texlive/texmf-dist/fonts/type1/urw/helvetic/uhvb8
a.pfb></usr/share/texlive/texmf-dist/fonts/type1/urw/helvetic/uhvr8a.pfb></usr/
share/texlive/texmf-dist/fonts/type1/urw/helvetic/uhvro8a.pfb>
Output written on These.pdf (154 pages, 8413067 bytes).
PDF statistics:
 13046 PDF objects out of 15390 (max. 8388607)
 9234 compressed objects within 93 object streams
 762 named destinations out of 1000 (max. 500000)
 690 words of extra memory for PDF output out of 10000 (max. 10000000)

