This is pdfTeX, Version 3.14159265-2.6-1.40.20 (TeX Live 2019/Debian) (preloaded format=pdflatex 2022.1.25)  5 DEC 2022 00:16
entering extended mode
 restricted \write18 enabled.
 %&-line parsing enabled.
**presentation.tex
(./presentation.tex
LaTeX2e <2020-02-02> patch level 2
L3 programming layer <2020-02-14>
(/usr/share/texlive/texmf-dist/tex/latex/beamer/beamer.cls
Document Class: beamer 2019/09/29 v3.57 A class for typesetting presentations
(/usr/share/texlive/texmf-dist/tex/latex/beamer/beamerbasemodes.sty
(/usr/share/texlive/texmf-dist/tex/latex/etoolbox/etoolbox.sty
Package: etoolbox 2019/09/21 v2.5h e-TeX tools for LaTeX (JAW)
\etb@tempcnta=\count167
)
\beamer@tempbox=\box45
\beamer@tempcount=\count168
\c@beamerpauses=\count169

(/usr/share/texlive/texmf-dist/tex/latex/beamer/beamerbasedecode.sty
\beamer@slideinframe=\count170
\beamer@minimum=\count171
\beamer@decode@box=\box46
)
\beamer@commentbox=\box47
\beamer@modecount=\count172
)
(/usr/share/texlive/texmf-dist/tex/generic/iftex/ifpdf.sty
Package: ifpdf 2019/10/25 v3.4 ifpdf legacy package. Use iftex instead.

(/usr/share/texlive/texmf-dist/tex/generic/iftex/iftex.sty
Package: iftex 2019/11/07 v1.0c TeX engine tests
))
\headdp=\dimen134
\footheight=\dimen135
\sidebarheight=\dimen136
\beamer@tempdim=\dimen137
\beamer@finalheight=\dimen138
\beamer@animht=\dimen139
\beamer@animdp=\dimen140
\beamer@animwd=\dimen141
\beamer@leftmargin=\dimen142
\beamer@rightmargin=\dimen143
\beamer@leftsidebar=\dimen144
\beamer@rightsidebar=\dimen145
\beamer@boxsize=\dimen146
\beamer@vboxoffset=\dimen147
\beamer@descdefault=\dimen148
\beamer@descriptionwidth=\dimen149
\beamer@lastskip=\skip47
\beamer@areabox=\box48
\beamer@animcurrent=\box49
\beamer@animshowbox=\box50
\beamer@sectionbox=\box51
\beamer@logobox=\box52
\beamer@linebox=\box53
\beamer@sectioncount=\count173
\beamer@subsubsectionmax=\count174
\beamer@subsectionmax=\count175
\beamer@sectionmax=\count176
\beamer@totalheads=\count177
\beamer@headcounter=\count178
\beamer@partstartpage=\count179
\beamer@sectionstartpage=\count180
\beamer@subsectionstartpage=\count181
\beamer@animationtempa=\count182
\beamer@animationtempb=\count183
\beamer@xpos=\count184
\beamer@ypos=\count185
\beamer@ypos@offset=\count186
\beamer@showpartnumber=\count187
\beamer@currentsubsection=\count188
\beamer@coveringdepth=\count189
\beamer@sectionadjust=\count190
\beamer@tocsectionnumber=\count191

(/usr/share/texlive/texmf-dist/tex/latex/beamer/beamerbaseoptions.sty
(/usr/share/texlive/texmf-dist/tex/latex/graphics/keyval.sty
Package: keyval 2014/10/28 v1.15 key=value parser (DPC)
\KV@toks@=\toks14
))
\beamer@paperwidth=\skip48
\beamer@paperheight=\skip49

(/usr/share/texlive/texmf-dist/tex/latex/geometry/geometry.sty
Package: geometry 2020/01/02 v5.9 Page Geometry

(/usr/share/texlive/texmf-dist/tex/generic/iftex/ifvtex.sty
Package: ifvtex 2019/10/25 v1.7 ifvtex legacy package. Use iftex instead.
)
\Gm@cnth=\count192
\Gm@cntv=\count193
\c@Gm@tempcnt=\count194
\Gm@bindingoffset=\dimen150
\Gm@wd@mp=\dimen151
\Gm@odd@mp=\dimen152
\Gm@even@mp=\dimen153
\Gm@layoutwidth=\dimen154
\Gm@layoutheight=\dimen155
\Gm@layouthoffset=\dimen156
\Gm@layoutvoffset=\dimen157
\Gm@dimlist=\toks15
)
(/usr/share/texlive/texmf-dist/tex/latex/base/size11.clo
File: size11.clo 2019/12/20 v1.4l Standard LaTeX file (size option)
)
(/usr/share/texlive/texmf-dist/tex/latex/pgf/basiclayer/pgfcore.sty
(/usr/share/texlive/texmf-dist/tex/latex/graphics/graphicx.sty
Package: graphicx 2019/11/30 v1.2a Enhanced LaTeX Graphics (DPC,SPQR)

(/usr/share/texlive/texmf-dist/tex/latex/graphics/graphics.sty
Package: graphics 2019/11/30 v1.4a Standard LaTeX Graphics (DPC,SPQR)

(/usr/share/texlive/texmf-dist/tex/latex/graphics/trig.sty
Package: trig 2016/01/03 v1.10 sin cos tan (DPC)
)
(/usr/share/texlive/texmf-dist/tex/latex/graphics-cfg/graphics.cfg
File: graphics.cfg 2016/06/04 v1.11 sample graphics configuration
)
Package graphics Info: Driver file: pdftex.def on input line 105.

(/usr/share/texlive/texmf-dist/tex/latex/graphics-def/pdftex.def
File: pdftex.def 2018/01/08 v1.0l Graphics/color driver for pdftex
))
\Gin@req@height=\dimen158
\Gin@req@width=\dimen159
)
(/usr/share/texlive/texmf-dist/tex/latex/pgf/systemlayer/pgfsys.sty
(/usr/share/texlive/texmf-dist/tex/latex/pgf/utilities/pgfrcs.sty
(/usr/share/texlive/texmf-dist/tex/generic/pgf/utilities/pgfutil-common.tex
\pgfutil@everybye=\toks16
\pgfutil@tempdima=\dimen160
\pgfutil@tempdimb=\dimen161

(/usr/share/texlive/texmf-dist/tex/generic/pgf/utilities/pgfutil-common-lists.t
ex)) (/usr/share/texlive/texmf-dist/tex/generic/pgf/utilities/pgfutil-latex.def
\pgfutil@abb=\box54
(/usr/share/texlive/texmf-dist/tex/latex/ms/everyshi.sty
Package: everyshi 2001/05/15 v3.00 EveryShipout Package (MS)
))
(/usr/share/texlive/texmf-dist/tex/generic/pgf/utilities/pgfrcs.code.tex
(/usr/share/texlive/texmf-dist/tex/generic/pgf/pgf.revision.tex)
Package: pgfrcs 2020/01/08 v3.1.5b (3.1.5b)
))
(/usr/share/texlive/texmf-dist/tex/generic/pgf/systemlayer/pgfsys.code.tex
Package: pgfsys 2020/01/08 v3.1.5b (3.1.5b)

(/usr/share/texlive/texmf-dist/tex/generic/pgf/utilities/pgfkeys.code.tex
\pgfkeys@pathtoks=\toks17
\pgfkeys@temptoks=\toks18

(/usr/share/texlive/texmf-dist/tex/generic/pgf/utilities/pgfkeysfiltered.code.t
ex
\pgfkeys@tmptoks=\toks19
))
\pgf@x=\dimen162
\pgf@y=\dimen163
\pgf@xa=\dimen164
\pgf@ya=\dimen165
\pgf@xb=\dimen166
\pgf@yb=\dimen167
\pgf@xc=\dimen168
\pgf@yc=\dimen169
\pgf@xd=\dimen170
\pgf@yd=\dimen171
\w@pgf@writea=\write3
\r@pgf@reada=\read2
\c@pgf@counta=\count195
\c@pgf@countb=\count196
\c@pgf@countc=\count197
\c@pgf@countd=\count198
\t@pgf@toka=\toks20
\t@pgf@tokb=\toks21
\t@pgf@tokc=\toks22
\pgf@sys@id@count=\count199
 (/usr/share/texlive/texmf-dist/tex/generic/pgf/systemlayer/pgf.cfg
File: pgf.cfg 2020/01/08 v3.1.5b (3.1.5b)
)
Driver file for pgf: pgfsys-pdftex.def

(/usr/share/texlive/texmf-dist/tex/generic/pgf/systemlayer/pgfsys-pdftex.def
File: pgfsys-pdftex.def 2020/01/08 v3.1.5b (3.1.5b)

(/usr/share/texlive/texmf-dist/tex/generic/pgf/systemlayer/pgfsys-common-pdf.de
f
File: pgfsys-common-pdf.def 2020/01/08 v3.1.5b (3.1.5b)
)))
(/usr/share/texlive/texmf-dist/tex/generic/pgf/systemlayer/pgfsyssoftpath.code.
tex
File: pgfsyssoftpath.code.tex 2020/01/08 v3.1.5b (3.1.5b)
\pgfsyssoftpath@smallbuffer@items=\count266
\pgfsyssoftpath@bigbuffer@items=\count267
)
(/usr/share/texlive/texmf-dist/tex/generic/pgf/systemlayer/pgfsysprotocol.code.
tex
File: pgfsysprotocol.code.tex 2020/01/08 v3.1.5b (3.1.5b)
)) (/usr/share/texlive/texmf-dist/tex/latex/xcolor/xcolor.sty
Package: xcolor 2016/05/11 v2.12 LaTeX color extensions (UK)

(/usr/share/texlive/texmf-dist/tex/latex/graphics-cfg/color.cfg
File: color.cfg 2016/01/02 v1.6 sample color configuration
)
Package xcolor Info: Driver file: pdftex.def on input line 225.
Package xcolor Info: Model `cmy' substituted by `cmy0' on input line 1348.
Package xcolor Info: Model `hsb' substituted by `rgb' on input line 1352.
Package xcolor Info: Model `RGB' extended on input line 1364.
Package xcolor Info: Model `HTML' substituted by `rgb' on input line 1366.
Package xcolor Info: Model `Hsb' substituted by `hsb' on input line 1367.
Package xcolor Info: Model `tHsb' substituted by `hsb' on input line 1368.
Package xcolor Info: Model `HSB' substituted by `hsb' on input line 1369.
Package xcolor Info: Model `Gray' substituted by `gray' on input line 1370.
Package xcolor Info: Model `wave' substituted by `hsb' on input line 1371.
)
(/usr/share/texlive/texmf-dist/tex/generic/pgf/basiclayer/pgfcore.code.tex
Package: pgfcore 2020/01/08 v3.1.5b (3.1.5b)

(/usr/share/texlive/texmf-dist/tex/generic/pgf/math/pgfmath.code.tex
(/usr/share/texlive/texmf-dist/tex/generic/pgf/math/pgfmathcalc.code.tex
(/usr/share/texlive/texmf-dist/tex/generic/pgf/math/pgfmathutil.code.tex)
(/usr/share/texlive/texmf-dist/tex/generic/pgf/math/pgfmathparser.code.tex
\pgfmath@dimen=\dimen172
\pgfmath@count=\count268
\pgfmath@box=\box55
\pgfmath@toks=\toks23
\pgfmath@stack@operand=\toks24
\pgfmath@stack@operation=\toks25
)
(/usr/share/texlive/texmf-dist/tex/generic/pgf/math/pgfmathfunctions.code.tex
(/usr/share/texlive/texmf-dist/tex/generic/pgf/math/pgfmathfunctions.basic.code
.tex)
(/usr/share/texlive/texmf-dist/tex/generic/pgf/math/pgfmathfunctions.trigonomet
ric.code.tex)
(/usr/share/texlive/texmf-dist/tex/generic/pgf/math/pgfmathfunctions.random.cod
e.tex)
(/usr/share/texlive/texmf-dist/tex/generic/pgf/math/pgfmathfunctions.comparison
.code.tex)
(/usr/share/texlive/texmf-dist/tex/generic/pgf/math/pgfmathfunctions.base.code.
tex)
(/usr/share/texlive/texmf-dist/tex/generic/pgf/math/pgfmathfunctions.round.code
.tex)
(/usr/share/texlive/texmf-dist/tex/generic/pgf/math/pgfmathfunctions.misc.code.
tex)
(/usr/share/texlive/texmf-dist/tex/generic/pgf/math/pgfmathfunctions.integerari
thmetics.code.tex)))
(/usr/share/texlive/texmf-dist/tex/generic/pgf/math/pgfmathfloat.code.tex
\c@pgfmathroundto@lastzeros=\count269
))
(/usr/share/texlive/texmf-dist/tex/generic/pgf/math/pgfint.code.tex)
(/usr/share/texlive/texmf-dist/tex/generic/pgf/basiclayer/pgfcorepoints.code.te
x
File: pgfcorepoints.code.tex 2020/01/08 v3.1.5b (3.1.5b)
\pgf@picminx=\dimen173
\pgf@picmaxx=\dimen174
\pgf@picminy=\dimen175
\pgf@picmaxy=\dimen176
\pgf@pathminx=\dimen177
\pgf@pathmaxx=\dimen178
\pgf@pathminy=\dimen179
\pgf@pathmaxy=\dimen180
\pgf@xx=\dimen181
\pgf@xy=\dimen182
\pgf@yx=\dimen183
\pgf@yy=\dimen184
\pgf@zx=\dimen185
\pgf@zy=\dimen186
)
(/usr/share/texlive/texmf-dist/tex/generic/pgf/basiclayer/pgfcorepathconstruct.
code.tex
File: pgfcorepathconstruct.code.tex 2020/01/08 v3.1.5b (3.1.5b)
\pgf@path@lastx=\dimen187
\pgf@path@lasty=\dimen188
)
(/usr/share/texlive/texmf-dist/tex/generic/pgf/basiclayer/pgfcorepathusage.code
.tex
File: pgfcorepathusage.code.tex 2020/01/08 v3.1.5b (3.1.5b)
\pgf@shorten@end@additional=\dimen189
\pgf@shorten@start@additional=\dimen190
)
(/usr/share/texlive/texmf-dist/tex/generic/pgf/basiclayer/pgfcorescopes.code.te
x
File: pgfcorescopes.code.tex 2020/01/08 v3.1.5b (3.1.5b)
\pgfpic=\box56
\pgf@hbox=\box57
\pgf@layerbox@main=\box58
\pgf@picture@serial@count=\count270
)
(/usr/share/texlive/texmf-dist/tex/generic/pgf/basiclayer/pgfcoregraphicstate.c
ode.tex
File: pgfcoregraphicstate.code.tex 2020/01/08 v3.1.5b (3.1.5b)
\pgflinewidth=\dimen191
)
(/usr/share/texlive/texmf-dist/tex/generic/pgf/basiclayer/pgfcoretransformation
s.code.tex
File: pgfcoretransformations.code.tex 2020/01/08 v3.1.5b (3.1.5b)
\pgf@pt@x=\dimen192
\pgf@pt@y=\dimen193
\pgf@pt@temp=\dimen194
)
(/usr/share/texlive/texmf-dist/tex/generic/pgf/basiclayer/pgfcorequick.code.tex
File: pgfcorequick.code.tex 2020/01/08 v3.1.5b (3.1.5b)
)
(/usr/share/texlive/texmf-dist/tex/generic/pgf/basiclayer/pgfcoreobjects.code.t
ex
File: pgfcoreobjects.code.tex 2020/01/08 v3.1.5b (3.1.5b)
)
(/usr/share/texlive/texmf-dist/tex/generic/pgf/basiclayer/pgfcorepathprocessing
.code.tex
File: pgfcorepathprocessing.code.tex 2020/01/08 v3.1.5b (3.1.5b)
)
(/usr/share/texlive/texmf-dist/tex/generic/pgf/basiclayer/pgfcorearrows.code.te
x
File: pgfcorearrows.code.tex 2020/01/08 v3.1.5b (3.1.5b)
\pgfarrowsep=\dimen195
)
(/usr/share/texlive/texmf-dist/tex/generic/pgf/basiclayer/pgfcoreshade.code.tex
File: pgfcoreshade.code.tex 2020/01/08 v3.1.5b (3.1.5b)
\pgf@max=\dimen196
\pgf@sys@shading@range@num=\count271
\pgf@shadingcount=\count272
)
(/usr/share/texlive/texmf-dist/tex/generic/pgf/basiclayer/pgfcoreimage.code.tex
File: pgfcoreimage.code.tex 2020/01/08 v3.1.5b (3.1.5b)

(/usr/share/texlive/texmf-dist/tex/generic/pgf/basiclayer/pgfcoreexternal.code.
tex
File: pgfcoreexternal.code.tex 2020/01/08 v3.1.5b (3.1.5b)
\pgfexternal@startupbox=\box59
))
(/usr/share/texlive/texmf-dist/tex/generic/pgf/basiclayer/pgfcorelayers.code.te
x
File: pgfcorelayers.code.tex 2020/01/08 v3.1.5b (3.1.5b)
)
(/usr/share/texlive/texmf-dist/tex/generic/pgf/basiclayer/pgfcoretransparency.c
ode.tex
File: pgfcoretransparency.code.tex 2020/01/08 v3.1.5b (3.1.5b)
)
(/usr/share/texlive/texmf-dist/tex/generic/pgf/basiclayer/pgfcorepatterns.code.
tex
File: pgfcorepatterns.code.tex 2020/01/08 v3.1.5b (3.1.5b)
)
(/usr/share/texlive/texmf-dist/tex/generic/pgf/basiclayer/pgfcorerdf.code.tex
File: pgfcorerdf.code.tex 2020/01/08 v3.1.5b (3.1.5b)
))) (/usr/share/texlive/texmf-dist/tex/latex/pgf/utilities/xxcolor.sty
Package: xxcolor 2003/10/24 ver 0.1
\XC@nummixins=\count273
\XC@countmixins=\count274
)
(/usr/share/texlive/texmf-dist/tex/generic/atbegshi/atbegshi.sty
Package: atbegshi 2019/12/05 v1.19 At begin shipout hook (HO)

(/usr/share/texlive/texmf-dist/tex/generic/infwarerr/infwarerr.sty
Package: infwarerr 2019/12/03 v1.5 Providing info/warning/error messages (HO)
)
(/usr/share/texlive/texmf-dist/tex/generic/ltxcmds/ltxcmds.sty
Package: ltxcmds 2019/12/15 v1.24 LaTeX kernel commands for general use (HO)
))
(/usr/share/texlive/texmf-dist/tex/latex/hyperref/hyperref.sty
Package: hyperref 2020/01/14 v7.00d Hypertext links for LaTeX

(/usr/share/texlive/texmf-dist/tex/latex/pdftexcmds/pdftexcmds.sty
Package: pdftexcmds 2019/11/24 v0.31 Utility functions of pdfTeX for LuaTeX (HO
)
Package pdftexcmds Info: \pdf@primitive is available.
Package pdftexcmds Info: \pdf@ifprimitive is available.
Package pdftexcmds Info: \pdfdraftmode found.
)
(/usr/share/texlive/texmf-dist/tex/generic/kvsetkeys/kvsetkeys.sty
Package: kvsetkeys 2019/12/15 v1.18 Key value parser (HO)
)
(/usr/share/texlive/texmf-dist/tex/generic/kvdefinekeys/kvdefinekeys.sty
Package: kvdefinekeys 2019-12-19 v1.6 Define keys (HO)
)
(/usr/share/texlive/texmf-dist/tex/generic/pdfescape/pdfescape.sty
Package: pdfescape 2019/12/09 v1.15 Implements pdfTeX's escape features (HO)
)
(/usr/share/texlive/texmf-dist/tex/latex/hycolor/hycolor.sty
Package: hycolor 2020-01-27 v1.10 Color options for hyperref/bookmark (HO)
)
(/usr/share/texlive/texmf-dist/tex/latex/letltxmacro/letltxmacro.sty
Package: letltxmacro 2019/12/03 v1.6 Let assignment for LaTeX macros (HO)
)
(/usr/share/texlive/texmf-dist/tex/latex/auxhook/auxhook.sty
Package: auxhook 2019-12-17 v1.6 Hooks for auxiliary files (HO)
)
(/usr/share/texlive/texmf-dist/tex/latex/kvoptions/kvoptions.sty
Package: kvoptions 2019/11/29 v3.13 Key value format for package options (HO)
)
\@linkdim=\dimen197
\Hy@linkcounter=\count275
\Hy@pagecounter=\count276

(/usr/share/texlive/texmf-dist/tex/latex/hyperref/pd1enc.def
File: pd1enc.def 2020/01/14 v7.00d Hyperref: PDFDocEncoding definition (HO)
Now handling font encoding PD1 ...
... no UTF-8 mapping file for font encoding PD1
)
(/usr/share/texlive/texmf-dist/tex/generic/intcalc/intcalc.sty
Package: intcalc 2019/12/15 v1.3 Expandable calculations with integers (HO)
)
(/usr/share/texlive/texmf-dist/tex/generic/etexcmds/etexcmds.sty
Package: etexcmds 2019/12/15 v1.7 Avoid name clashes with e-TeX commands (HO)
)
\Hy@SavedSpaceFactor=\count277
\pdfmajorversion=\count278
Package hyperref Info: Option `bookmarks' set `true' on input line 4421.
Package hyperref Info: Option `bookmarksopen' set `true' on input line 4421.
Package hyperref Info: Option `implicit' set `false' on input line 4421.
Package hyperref Info: Hyper figures OFF on input line 4547.
Package hyperref Info: Link nesting OFF on input line 4552.
Package hyperref Info: Hyper index ON on input line 4555.
Package hyperref Info: Plain pages OFF on input line 4562.
Package hyperref Info: Backreferencing OFF on input line 4567.
Package hyperref Info: Implicit mode OFF; no redefinition of LaTeX internals.
Package hyperref Info: Bookmarks ON on input line 4800.
\c@Hy@tempcnt=\count279

(/usr/share/texlive/texmf-dist/tex/latex/url/url.sty
\Urlmuskip=\muskip16
Package: url 2013/09/16  ver 3.4  Verb mode for urls, etc.
)
LaTeX Info: Redefining \url on input line 5159.
\XeTeXLinkMargin=\dimen198

(/usr/share/texlive/texmf-dist/tex/generic/bitset/bitset.sty
Package: bitset 2019/12/09 v1.3 Handle bit-vector datatype (HO)

(/usr/share/texlive/texmf-dist/tex/generic/bigintcalc/bigintcalc.sty
Package: bigintcalc 2019/12/15 v1.5 Expandable calculations on big integers (HO
)
))
\Fld@menulength=\count280
\Field@Width=\dimen199
\Fld@charsize=\dimen256
Package hyperref Info: Hyper figures OFF on input line 6430.
Package hyperref Info: Link nesting OFF on input line 6435.
Package hyperref Info: Hyper index ON on input line 6438.
Package hyperref Info: backreferencing OFF on input line 6445.
Package hyperref Info: Link coloring OFF on input line 6450.
Package hyperref Info: Link coloring with OCG OFF on input line 6455.
Package hyperref Info: PDF/A mode OFF on input line 6460.
LaTeX Info: Redefining \ref on input line 6500.
LaTeX Info: Redefining \pageref on input line 6504.
\Hy@abspage=\count281


Package hyperref Message: Stopped early.

)
Package hyperref Info: Driver (autodetected): hpdftex.
 (/usr/share/texlive/texmf-dist/tex/latex/hyperref/hpdftex.def
File: hpdftex.def 2020/01/14 v7.00d Hyperref driver for pdfTeX

(/usr/share/texlive/texmf-dist/tex/latex/atveryend/atveryend.sty
Package: atveryend 2019-12-11 v1.11 Hooks at the very end of document (HO)
)
\Fld@listcount=\count282
\c@bookmark@seq@number=\count283

(/usr/share/texlive/texmf-dist/tex/latex/rerunfilecheck/rerunfilecheck.sty
Package: rerunfilecheck 2019/12/05 v1.9 Rerun checks for auxiliary files (HO)

(/usr/share/texlive/texmf-dist/tex/generic/uniquecounter/uniquecounter.sty
Package: uniquecounter 2019/12/15 v1.4 Provide unlimited unique counter (HO)
)
Package uniquecounter Info: New unique counter `rerunfilecheck' on input line 2
86.
))
(/usr/share/texlive/texmf-dist/tex/latex/beamer/beamerbaserequires.sty
(/usr/share/texlive/texmf-dist/tex/latex/beamer/beamerbasecompatibility.sty)
(/usr/share/texlive/texmf-dist/tex/latex/beamer/beamerbasefont.sty
(/usr/share/texlive/texmf-dist/tex/latex/amsfonts/amssymb.sty
Package: amssymb 2013/01/14 v3.01 AMS font symbols

(/usr/share/texlive/texmf-dist/tex/latex/amsfonts/amsfonts.sty
Package: amsfonts 2013/01/14 v3.01 Basic AMSFonts support
\@emptytoks=\toks26
\symAMSa=\mathgroup4
\symAMSb=\mathgroup5
LaTeX Font Info:    Redeclaring math symbol \hbar on input line 98.
LaTeX Font Info:    Overwriting math alphabet `\mathfrak' in version `bold'
(Font)                  U/euf/m/n --> U/euf/b/n on input line 106.
))
(/usr/share/texlive/texmf-dist/tex/latex/sansmathaccent/sansmathaccent.sty
Package: sansmathaccent 2020/01/31

(/usr/share/texlive/texmf-dist/tex/latex/koma-script/scrlfile.sty
Package: scrlfile 2020/01/24 v3.29 KOMA-Script package (loading files)
)))
(/usr/share/texlive/texmf-dist/tex/latex/beamer/beamerbasetranslator.sty
(/usr/share/texlive/texmf-dist/tex/latex/translator/translator.sty
Package: translator 2019-05-31 v1.12a Easy translation of strings in LaTeX
))
(/usr/share/texlive/texmf-dist/tex/latex/beamer/beamerbasemisc.sty)
(/usr/share/texlive/texmf-dist/tex/latex/beamer/beamerbasetwoscreens.sty)
(/usr/share/texlive/texmf-dist/tex/latex/beamer/beamerbaseoverlay.sty
\beamer@argscount=\count284
\beamer@lastskipcover=\skip50
\beamer@trivlistdepth=\count285
)
(/usr/share/texlive/texmf-dist/tex/latex/beamer/beamerbasetitle.sty)
(/usr/share/texlive/texmf-dist/tex/latex/beamer/beamerbasesection.sty
\c@lecture=\count286
\c@part=\count287
\c@section=\count288
\c@subsection=\count289
\c@subsubsection=\count290
)
(/usr/share/texlive/texmf-dist/tex/latex/beamer/beamerbaseframe.sty
\beamer@framebox=\box60
\beamer@frametitlebox=\box61
\beamer@zoombox=\box62
\beamer@zoomcount=\count291
\beamer@zoomframecount=\count292
\beamer@frametextheight=\dimen257
\c@subsectionslide=\count293
\beamer@frametopskip=\skip51
\beamer@framebottomskip=\skip52
\beamer@frametopskipautobreak=\skip53
\beamer@framebottomskipautobreak=\skip54
\beamer@envbody=\toks27
\framewidth=\dimen258
\c@framenumber=\count294
)
(/usr/share/texlive/texmf-dist/tex/latex/beamer/beamerbaseverbatim.sty
\beamer@verbatimfileout=\write4
)
(/usr/share/texlive/texmf-dist/tex/latex/beamer/beamerbaseframesize.sty
\beamer@splitbox=\box63
\beamer@autobreakcount=\count295
\beamer@autobreaklastheight=\dimen259
\beamer@frametitletoks=\toks28
\beamer@framesubtitletoks=\toks29
)
(/usr/share/texlive/texmf-dist/tex/latex/beamer/beamerbaseframecomponents.sty
\beamer@footins=\box64
)
(/usr/share/texlive/texmf-dist/tex/latex/beamer/beamerbasecolor.sty)
(/usr/share/texlive/texmf-dist/tex/latex/beamer/beamerbasenotes.sty
\beamer@frameboxcopy=\box65
)
(/usr/share/texlive/texmf-dist/tex/latex/beamer/beamerbasetoc.sty)
(/usr/share/texlive/texmf-dist/tex/latex/beamer/beamerbasetemplates.sty
\beamer@sbttoks=\toks30

(/usr/share/texlive/texmf-dist/tex/latex/beamer/beamerbaseauxtemplates.sty
(/usr/share/texlive/texmf-dist/tex/latex/beamer/beamerbaseboxes.sty
\bmb@box=\box66
\bmb@colorbox=\box67
\bmb@boxshadow=\box68
\bmb@boxshadowball=\box69
\bmb@boxshadowballlarge=\box70
\bmb@temp=\dimen260
\bmb@dima=\dimen261
\bmb@dimb=\dimen262
\bmb@prevheight=\dimen263
)
\beamer@blockheadheight=\dimen264
))
(/usr/share/texlive/texmf-dist/tex/latex/beamer/beamerbaselocalstructure.sty
(/usr/share/texlive/texmf-dist/tex/latex/tools/enumerate.sty
Package: enumerate 2015/07/23 v3.00 enumerate extensions (DPC)
\@enLab=\toks31
)
\c@figure=\count296
\c@table=\count297
\abovecaptionskip=\skip55
\belowcaptionskip=\skip56
)
(/usr/share/texlive/texmf-dist/tex/latex/beamer/beamerbasenavigation.sty
\beamer@section@min@dim=\dimen265
)
(/usr/share/texlive/texmf-dist/tex/latex/beamer/beamerbasetheorems.sty
(/usr/share/texlive/texmf-dist/tex/latex/amsmath/amsmath.sty
Package: amsmath 2020/01/20 v2.17e AMS math features
\@mathmargin=\skip57

For additional information on amsmath, use the `?' option.
(/usr/share/texlive/texmf-dist/tex/latex/amsmath/amstext.sty
Package: amstext 2000/06/29 v2.01 AMS text

(/usr/share/texlive/texmf-dist/tex/latex/amsmath/amsgen.sty
File: amsgen.sty 1999/11/30 v2.0 generic functions
\@emptytoks=\toks32
\ex@=\dimen266
))
(/usr/share/texlive/texmf-dist/tex/latex/amsmath/amsbsy.sty
Package: amsbsy 1999/11/29 v1.2d Bold Symbols
\pmbraise@=\dimen267
)
(/usr/share/texlive/texmf-dist/tex/latex/amsmath/amsopn.sty
Package: amsopn 2016/03/08 v2.02 operator names
)
\inf@bad=\count298
LaTeX Info: Redefining \frac on input line 227.
\uproot@=\count299
\leftroot@=\count300
LaTeX Info: Redefining \overline on input line 389.
\classnum@=\count301
\DOTSCASE@=\count302
LaTeX Info: Redefining \ldots on input line 486.
LaTeX Info: Redefining \dots on input line 489.
LaTeX Info: Redefining \cdots on input line 610.
\Mathstrutbox@=\box71
\strutbox@=\box72
\big@size=\dimen268
LaTeX Font Info:    Redeclaring font encoding OML on input line 733.
LaTeX Font Info:    Redeclaring font encoding OMS on input line 734.
\macc@depth=\count303
\c@MaxMatrixCols=\count304
\dotsspace@=\muskip17
\c@parentequation=\count305
\dspbrk@lvl=\count306
\tag@help=\toks33
\row@=\count307
\column@=\count308
\maxfields@=\count309
\andhelp@=\toks34
\eqnshift@=\dimen269
\alignsep@=\dimen270
\tagshift@=\dimen271
\tagwidth@=\dimen272
\totwidth@=\dimen273
\lineht@=\dimen274
\@envbody=\toks35
\multlinegap=\skip58
\multlinetaggap=\skip59
\mathdisplay@stack=\toks36
LaTeX Info: Redefining \[ on input line 2859.
LaTeX Info: Redefining \] on input line 2860.
)
(/usr/share/texlive/texmf-dist/tex/latex/amscls/amsthm.sty
Package: amsthm 2017/10/31 v2.20.4
\thm@style=\toks37
\thm@bodyfont=\toks38
\thm@headfont=\toks39
\thm@notefont=\toks40
\thm@headpunct=\toks41
\thm@preskip=\skip60
\thm@postskip=\skip61
\thm@headsep=\skip62
\dth@everypar=\toks42
)
\c@theorem=\count310
)
(/usr/share/texlive/texmf-dist/tex/latex/beamer/beamerbasethemes.sty))
(/usr/share/texlive/texmf-dist/tex/latex/beamer/beamerthemedefault.sty
(/usr/share/texlive/texmf-dist/tex/latex/beamer/beamerfontthemedefault.sty)
(/usr/share/texlive/texmf-dist/tex/latex/beamer/beamercolorthemedefault.sty)
(/usr/share/texlive/texmf-dist/tex/latex/beamer/beamerinnerthemedefault.sty
\beamer@dima=\dimen275
\beamer@dimb=\dimen276
)
(/usr/share/texlive/texmf-dist/tex/latex/beamer/beamerouterthemedefault.sty)))
(/usr/share/texlive/texmf-dist/tex/latex/base/inputenc.sty
Package: inputenc 2018/08/11 v1.3c Input encoding file
\inpenc@prehook=\toks43
\inpenc@posthook=\toks44
)
(/usr/share/texlive/texmf-dist/tex/latex/physics/physics.sty
Package: physics 

(/usr/share/texlive/texmf-dist/tex/latex/l3packages/xparse/xparse.sty
(/usr/share/texlive/texmf-dist/tex/latex/l3kernel/expl3.sty
Package: expl3 2020-02-14 L3 programming layer (loader) 

(/usr/share/texlive/texmf-dist/tex/latex/l3backend/l3backend-pdfmode.def
File: l3backend-pdfmode.def 2020-02-03 L3 backend support: PDF mode
\l__kernel_color_stack_int=\count311
\l__pdf_internal_box=\box73
))
Package: xparse 2020-02-14 L3 Experimental document command parser
\l__xparse_current_arg_int=\count312
\g__xparse_grabber_int=\count313
\l__xparse_m_args_int=\count314
\l__xparse_v_nesting_int=\count315
))
(/usr/share/texlive/texmf-dist/tex/latex/caption/subcaption.sty
Package: subcaption 2020/01/22 v1.3d Sub-captions (AR)

(/usr/share/texlive/texmf-dist/tex/latex/caption/caption.sty
Package: caption 2020/01/03 v3.4h Customizing captions (AR)

(/usr/share/texlive/texmf-dist/tex/latex/caption/caption3.sty
Package: caption3 2020/01/03 v1.8h caption3 kernel (AR)
Package caption3 Info: TeX engine: e-TeX on input line 61.
\captionmargin=\dimen277
\captionmargin@=\dimen278
\captionwidth=\dimen279
\caption@tempdima=\dimen280
\caption@indent=\dimen281
\caption@parindent=\dimen282
\caption@hangindent=\dimen283
Package caption Info: beamer document class detected.
)
\c@caption@flags=\count316
\c@continuedfloat=\count317
Package caption Info: beamer document class.
Package caption Info: hyperref package is loaded.
Package caption Info: Hyperref support is turned off
(caption)             because hyperref has stopped early.
)
\c@subfigure=\count318
\c@subtable=\count319
)
(/usr/share/texlive/texmf-dist/tex/latex/multirow/multirow.sty
Package: multirow 2019/05/31 v2.5 Span multiple rows of a table
\multirow@colwidth=\skip63
\multirow@cntb=\count320
\multirow@dima=\skip64
\bigstrutjot=\dimen284
)
(/usr/share/texlive/texmf-dist/tex/latex/booktabs/booktabs.sty
Package: booktabs 2020/01/12 v1.61803398 Publication quality tables
\heavyrulewidth=\dimen285
\lightrulewidth=\dimen286
\cmidrulewidth=\dimen287
\belowrulesep=\dimen288
\belowbottomsep=\dimen289
\aboverulesep=\dimen290
\abovetopsep=\dimen291
\cmidrulesep=\dimen292
\cmidrulekern=\dimen293
\defaultaddspace=\dimen294
\@cmidla=\count321
\@cmidlb=\count322
\@aboverulesep=\dimen295
\@belowrulesep=\dimen296
\@thisruleclass=\count323
\@lastruleclass=\count324
\@thisrulewidth=\dimen297
)
(/usr/share/texlive/texmf-dist/tex/latex/tcolorbox/tcolorbox.sty
Package: tcolorbox 2019/11/15 version 4.22 text color boxes

(/usr/share/texlive/texmf-dist/tex/latex/pgf/basiclayer/pgf.sty
Package: pgf 2020/01/08 v3.1.5b (3.1.5b)

(/usr/share/texlive/texmf-dist/tex/generic/pgf/modules/pgfmoduleshapes.code.tex
File: pgfmoduleshapes.code.tex 2020/01/08 v3.1.5b (3.1.5b)
\pgfnodeparttextbox=\box74
) (/usr/share/texlive/texmf-dist/tex/generic/pgf/modules/pgfmoduleplot.code.tex
File: pgfmoduleplot.code.tex 2020/01/08 v3.1.5b (3.1.5b)
)
(/usr/share/texlive/texmf-dist/tex/latex/pgf/compatibility/pgfcomp-version-0-65
.sty
Package: pgfcomp-version-0-65 2020/01/08 v3.1.5b (3.1.5b)
\pgf@nodesepstart=\dimen298
\pgf@nodesepend=\dimen299
)
(/usr/share/texlive/texmf-dist/tex/latex/pgf/compatibility/pgfcomp-version-1-18
.sty
Package: pgfcomp-version-1-18 2020/01/08 v3.1.5b (3.1.5b)
)) (/usr/share/texlive/texmf-dist/tex/latex/tools/verbatim.sty
Package: verbatim 2019/11/10 v1.5r LaTeX2e package for verbatim enhancements
\every@verbatim=\toks45
\verbatim@line=\toks46
\verbatim@in@stream=\read3
)
(/usr/share/texlive/texmf-dist/tex/latex/environ/environ.sty
Package: environ 2014/05/04 v0.3 A new way to define environments

(/usr/share/texlive/texmf-dist/tex/latex/trimspaces/trimspaces.sty
Package: trimspaces 2009/09/17 v1.1 Trim spaces around a token list
))
\tcb@titlebox=\box75
\tcb@upperbox=\box76
\tcb@lowerbox=\box77
\tcb@phantombox=\box78
\c@tcbbreakpart=\count325
\c@tcblayer=\count326
\tcolorbox@number=\count327
\tcb@temp=\box79
\tcb@temp=\box80
\tcb@temp=\box81
\tcb@temp=\box82
\tcb@out=\write5
\tcb@record@out=\write6
)
(/usr/share/texlive/texmf-dist/tex/latex/tools/tabularx.sty
Package: tabularx 2020/01/15 v2.11c `tabularx' package (DPC)

(/usr/share/texlive/texmf-dist/tex/latex/tools/array.sty
Package: array 2019/08/31 v2.4l Tabular extension package (FMi)
\col@sep=\dimen300
\ar@mcellbox=\box83
\extrarowheight=\dimen301
\NC@list=\toks47
\extratabsurround=\skip65
\backup@length=\skip66
\ar@cellbox=\box84
)
\TX@col@width=\dimen302
\TX@old@table=\dimen303
\TX@old@col=\dimen304
\TX@target=\dimen305
\TX@delta=\dimen306
\TX@cols=\count328
\TX@ftn=\toks48
)
(/usr/share/texlive/texmf-dist/tex/latex/beamer/beamerthemeMalmoe.sty
(/usr/share/texlive/texmf-dist/tex/latex/beamer/beamerouterthemesplit.sty)
(/usr/share/texlive/texmf-dist/tex/latex/beamer/beamercolorthemewhale.sty))
(/usr/share/texlive/texmf-dist/tex/latex/beamer/beamercolorthemeseahorse.sty)
(./presentation.aux)
\openout1 = `presentation.aux'.

LaTeX Font Info:    Checking defaults for OML/cmm/m/it on input line 36.
LaTeX Font Info:    ... okay on input line 36.
LaTeX Font Info:    Checking defaults for OMS/cmsy/m/n on input line 36.
LaTeX Font Info:    ... okay on input line 36.
LaTeX Font Info:    Checking defaults for OT1/cmr/m/n on input line 36.
LaTeX Font Info:    ... okay on input line 36.
LaTeX Font Info:    Checking defaults for T1/cmr/m/n on input line 36.
LaTeX Font Info:    ... okay on input line 36.
LaTeX Font Info:    Checking defaults for TS1/cmr/m/n on input line 36.
LaTeX Font Info:    ... okay on input line 36.
LaTeX Font Info:    Checking defaults for OMX/cmex/m/n on input line 36.
LaTeX Font Info:    ... okay on input line 36.
LaTeX Font Info:    Checking defaults for U/cmr/m/n on input line 36.
LaTeX Font Info:    ... okay on input line 36.
LaTeX Font Info:    Checking defaults for PD1/pdf/m/n on input line 36.
LaTeX Font Info:    ... okay on input line 36.

*geometry* driver: auto-detecting
*geometry* detected driver: pdftex
*geometry* verbose mode - [ preamble ] result:
* driver: pdftex
* paper: custom
* layout: <same size as paper>
* layoutoffset:(h,v)=(0.0pt,0.0pt)
* modes: includehead includefoot 
* h-part:(L,W,R)=(28.45274pt, 307.28987pt, 28.45274pt)
* v-part:(T,H,B)=(0.0pt, 273.14662pt, 0.0pt)
* \paperwidth=364.19536pt
* \paperheight=273.14662pt
* \textwidth=307.28987pt
* \textheight=244.6939pt
* \oddsidemargin=-43.81725pt
* \evensidemargin=-43.81725pt
* \topmargin=-72.26999pt
* \headheight=14.22636pt
* \headsep=0.0pt
* \topskip=11.0pt
* \footskip=14.22636pt
* \marginparwidth=4.0pt
* \marginparsep=10.0pt
* \columnsep=10.0pt
* \skip\footins=10.0pt plus 4.0pt minus 2.0pt
* \hoffset=0.0pt
* \voffset=0.0pt
* \mag=1000
* \@twocolumnfalse
* \@twosidefalse
* \@mparswitchfalse
* \@reversemarginfalse
* (1in=72.27pt=25.4mm, 1cm=28.453pt)

(/usr/share/texlive/texmf-dist/tex/context/base/mkii/supp-pdf.mkii
[Loading MPS to PDF converter (version 2006.09.02).]
\scratchcounter=\count329
\scratchdimen=\dimen307
\scratchbox=\box85
\nofMPsegments=\count330
\nofMParguments=\count331
\everyMPshowfont=\toks49
\MPscratchCnt=\count332
\MPscratchDim=\dimen308
\MPnumerator=\count333
\makeMPintoPDFobject=\count334
\everyMPtoPDFconversion=\toks50
) (/usr/share/texlive/texmf-dist/tex/latex/epstopdf-pkg/epstopdf-base.sty
Package: epstopdf-base 2020-01-24 v2.11 Base part for package epstopdf
Package epstopdf-base Info: Redefining graphics rule for `.eps' on input line 4
85.

(/usr/share/texlive/texmf-dist/tex/latex/latexconfig/epstopdf-sys.cfg
File: epstopdf-sys.cfg 2010/07/13 v1.3 Configuration of (r)epstopdf for TeX Liv
e
))
ABD: EveryShipout initializing macros
\AtBeginShipoutBox=\box86
Package hyperref Info: Link coloring OFF on input line 36.

(/usr/share/texlive/texmf-dist/tex/latex/hyperref/nameref.sty
Package: nameref 2019/09/16 v2.46 Cross-referencing by name of section

(/usr/share/texlive/texmf-dist/tex/latex/refcount/refcount.sty
Package: refcount 2019/12/15 v3.6 Data extraction from label references (HO)
)
(/usr/share/texlive/texmf-dist/tex/generic/gettitlestring/gettitlestring.sty
Package: gettitlestring 2019/12/15 v1.6 Cleanup title references (HO)
)
\c@section@level=\count335
)
LaTeX Info: Redefining \ref on input line 36.
LaTeX Info: Redefining \pageref on input line 36.
LaTeX Info: Redefining \nameref on input line 36.

(./presentation.out) (./presentation.out)
\@outlinefile=\write7
\openout7 = `presentation.out'.

LaTeX Font Info:    Overwriting symbol font `operators' in version `normal'
(Font)                  OT1/cmr/m/n --> OT1/cmss/m/n on input line 36.
LaTeX Font Info:    Overwriting symbol font `operators' in version `bold'
(Font)                  OT1/cmr/bx/n --> OT1/cmss/b/n on input line 36.
\symnumbers=\mathgroup6
\sympureletters=\mathgroup7
LaTeX Font Info:    Overwriting math alphabet `\mathrm' in version `normal'
(Font)                  OT1/cmss/m/n --> OT1/cmr/m/n on input line 36.
LaTeX Font Info:    Redeclaring math alphabet \mathbf on input line 36.
LaTeX Font Info:    Overwriting math alphabet `\mathbf' in version `normal'
(Font)                  OT1/cmr/bx/n --> OT1/cmss/b/n on input line 36.
LaTeX Font Info:    Overwriting math alphabet `\mathbf' in version `bold'
(Font)                  OT1/cmr/bx/n --> OT1/cmss/b/n on input line 36.
LaTeX Font Info:    Redeclaring math alphabet \mathsf on input line 36.
LaTeX Font Info:    Overwriting math alphabet `\mathsf' in version `normal'
(Font)                  OT1/cmss/m/n --> OT1/cmss/m/n on input line 36.
LaTeX Font Info:    Overwriting math alphabet `\mathsf' in version `bold'
(Font)                  OT1/cmss/bx/n --> OT1/cmss/m/n on input line 36.
LaTeX Font Info:    Redeclaring math alphabet \mathit on input line 36.
LaTeX Font Info:    Overwriting math alphabet `\mathit' in version `normal'
(Font)                  OT1/cmr/m/it --> OT1/cmss/m/it on input line 36.
LaTeX Font Info:    Overwriting math alphabet `\mathit' in version `bold'
(Font)                  OT1/cmr/bx/it --> OT1/cmss/m/it on input line 36.
LaTeX Font Info:    Redeclaring math alphabet \mathtt on input line 36.
LaTeX Font Info:    Overwriting math alphabet `\mathtt' in version `normal'
(Font)                  OT1/cmtt/m/n --> OT1/cmtt/m/n on input line 36.
LaTeX Font Info:    Overwriting math alphabet `\mathtt' in version `bold'
(Font)                  OT1/cmtt/m/n --> OT1/cmtt/m/n on input line 36.
LaTeX Font Info:    Overwriting symbol font `numbers' in version `bold'
(Font)                  OT1/cmss/m/n --> OT1/cmss/b/n on input line 36.
LaTeX Font Info:    Overwriting symbol font `pureletters' in version `bold'
(Font)                  OT1/cmss/m/it --> OT1/cmss/b/it on input line 36.
LaTeX Font Info:    Overwriting math alphabet `\mathrm' in version `bold'
(Font)                  OT1/cmss/b/n --> OT1/cmr/b/n on input line 36.
LaTeX Font Info:    Overwriting math alphabet `\mathbf' in version `bold'
(Font)                  OT1/cmss/b/n --> OT1/cmss/b/n on input line 36.
LaTeX Font Info:    Overwriting math alphabet `\mathsf' in version `bold'
(Font)                  OT1/cmss/m/n --> OT1/cmss/b/n on input line 36.
LaTeX Font Info:    Overwriting math alphabet `\mathit' in version `bold'
(Font)                  OT1/cmss/m/it --> OT1/cmss/b/it on input line 36.
LaTeX Font Info:    Overwriting math alphabet `\mathtt' in version `bold'
(Font)                  OT1/cmtt/m/n --> OT1/cmtt/b/n on input line 36.
LaTeX Font Info:    Redeclaring symbol font `pureletters' on input line 36.
LaTeX Font Info:    Overwriting symbol font `pureletters' in version `normal'
(Font)                  OT1/cmss/m/it --> OT1/mathkerncmss/m/sl on input line 3
6.
LaTeX Font Info:    Overwriting symbol font `pureletters' in version `bold'
(Font)                  OT1/cmss/b/it --> OT1/mathkerncmss/m/sl on input line 3
6.
LaTeX Font Info:    Overwriting symbol font `pureletters' in version `bold'
(Font)                  OT1/mathkerncmss/m/sl --> OT1/mathkerncmss/bx/sl on inp
ut line 36.

(/usr/share/texlive/texmf-dist/tex/latex/translator/translator-basic-dictionary
-English.dict
Dictionary: translator-basic-dictionary, Language: English 
)
(/usr/share/texlive/texmf-dist/tex/latex/translator/translator-bibliography-dic
tionary-English.dict
Dictionary: translator-bibliography-dictionary, Language: English 
)
(/usr/share/texlive/texmf-dist/tex/latex/translator/translator-environment-dict
ionary-English.dict
Dictionary: translator-environment-dictionary, Language: English 
)
(/usr/share/texlive/texmf-dist/tex/latex/translator/translator-months-dictionar
y-English.dict
Dictionary: translator-months-dictionary, Language: English 
)
(/usr/share/texlive/texmf-dist/tex/latex/translator/translator-numbers-dictiona
ry-English.dict
Dictionary: translator-numbers-dictionary, Language: English 
)
(/usr/share/texlive/texmf-dist/tex/latex/translator/translator-theorem-dictiona
ry-English.dict
Dictionary: translator-theorem-dictionary, Language: English 
)
Package caption Info: Begin \AtBeginDocument code.
Package caption Info: End \AtBeginDocument code.
 (./presentation.nav)
<logos.pdf, id=19, 2409.7783pt x 842.89417pt>
File: logos.pdf Graphic file (type pdf)
<use logos.pdf>
Package pdftex.def Info: logos.pdf  used on input line 56.
(pdftex.def)             Requested size: 307.28864pt x 107.48366pt.
 [1{/var/lib/texmf/fonts/map/pdftex/updmap/pdftex.map}

 <./logos.pdf>]
<Slide_contexte_f-4.pdf, id=106, 749.55638pt x 546.38118pt>
File: Slide_contexte_f-4.pdf Graphic file (type pdf)
<use Slide_contexte_f-4.pdf>
Package pdftex.def Info: Slide_contexte_f-4.pdf  used on input line 61.
(pdftex.def)             Requested size: 258.99753pt x 188.7935pt.
 [2

 <./Slide_contexte_f-4.pdf>]
<Slide_contexte_f-3.pdf, id=149, 749.55638pt x 546.38118pt>
File: Slide_contexte_f-3.pdf Graphic file (type pdf)
<use Slide_contexte_f-3.pdf>
Package pdftex.def Info: Slide_contexte_f-3.pdf  used on input line 66.
(pdftex.def)             Requested size: 258.99753pt x 188.7935pt.
 [3

 <./Slide_contexte_f-3.pdf>]
<Slide_contexte_f-2.pdf, id=198, 749.55638pt x 546.38118pt>
File: Slide_contexte_f-2.pdf Graphic file (type pdf)
<use Slide_contexte_f-2.pdf>
Package pdftex.def Info: Slide_contexte_f-2.pdf  used on input line 71.
(pdftex.def)             Requested size: 258.99753pt x 188.7935pt.
 [4

 <./Slide_contexte_f-2.pdf>]
<Slide_contexte_f-1.pdf, id=261, 749.55638pt x 546.38118pt>
File: Slide_contexte_f-1.pdf Graphic file (type pdf)
<use Slide_contexte_f-1.pdf>
Package pdftex.def Info: Slide_contexte_f-1.pdf  used on input line 76.
(pdftex.def)             Requested size: 258.99753pt x 188.7935pt.
 [5

 <./Slide_contexte_f-1.pdf>]
<Slide_contexte_f.pdf, id=325, 749.55638pt x 546.38118pt>
File: Slide_contexte_f.pdf Graphic file (type pdf)
<use Slide_contexte_f.pdf>
Package pdftex.def Info: Slide_contexte_f.pdf  used on input line 81.
(pdftex.def)             Requested size: 258.99753pt x 188.7935pt.

[6

 <./Slide_contexte_f.pdf>] (./presentation.toc) [7

] (./presentation.toc)
[8

]
<Slide_quantum_metrology.pdf, id=463, 930.61305pt x 456.91373pt>
File: Slide_quantum_metrology.pdf Graphic file (type pdf)
<use Slide_quantum_metrology.pdf>
Package pdftex.def Info: Slide_quantum_metrology.pdf  used on input line 96.
(pdftex.def)             Requested size: 307.28786pt x 150.87262pt.
 [9

 <./Slide_quantum_metrology.pdf>]
<Slide_magnetometer_size_f-2.pdf, id=506, 1130.82681pt x 659.34264pt>
File: Slide_magnetometer_size_f-2.pdf Graphic file (type pdf)
<use Slide_magnetometer_size_f-2.pdf>
Package pdftex.def Info: Slide_magnetometer_size_f-2.pdf  used on input line 10
2.
(pdftex.def)             Requested size: 307.27713pt x 179.16176pt.
 [10

 <./Slide_magnetometer_size_f-2.pdf>]
<Slide_magnetometer_size_f-1.pdf, id=549, 1130.82681pt x 659.34264pt>
File: Slide_magnetometer_size_f-1.pdf Graphic file (type pdf)
<use Slide_magnetometer_size_f-1.pdf>
Package pdftex.def Info: Slide_magnetometer_size_f-1.pdf  used on input line 10
7.
(pdftex.def)             Requested size: 307.27713pt x 179.16176pt.
 [11

 <./Slide_magnetometer_size_f-1.pdf>]
<Slide_magnetometer_size_f.pdf, id=591, 1130.82681pt x 659.34264pt>
File: Slide_magnetometer_size_f.pdf Graphic file (type pdf)
<use Slide_magnetometer_size_f.pdf>
Package pdftex.def Info: Slide_magnetometer_size_f.pdf  used on input line 112.

(pdftex.def)             Requested size: 307.27713pt x 179.16176pt.
 [12

 <./Slide_magnetometer_size_f.pdf>]
<Slide_quantum_magnetometers_bare_1.pdf, id=657, 997.06242pt x 556.55493pt>
File: Slide_quantum_magnetometers_bare_1.pdf Graphic file (type pdf)
<use Slide_quantum_magnetometers_bare_1.pdf>
Package pdftex.def Info: Slide_quantum_magnetometers_bare_1.pdf  used on input 
line 117.
(pdftex.def)             Requested size: 307.29091pt x 171.52815pt.
 [13

 <./Slide_quantum_magnetometers_bare_1.pdf>]
<Slide_quantum_magnetometers_OPM.pdf, id=756, 997.06242pt x 556.55493pt>
File: Slide_quantum_magnetometers_OPM.pdf Graphic file (type pdf)
<use Slide_quantum_magnetometers_OPM.pdf>
Package pdftex.def Info: Slide_quantum_magnetometers_OPM.pdf  used on input lin
e 122.
(pdftex.def)             Requested size: 307.29091pt x 171.52815pt.
 [14

 <./Slide_quantum_magnetometers_OPM.pdf>]
<Slide_quantum_magnetometers_SQUID.pdf, id=856, 997.06242pt x 556.55493pt>
File: Slide_quantum_magnetometers_SQUID.pdf Graphic file (type pdf)
<use Slide_quantum_magnetometers_SQUID.pdf>
Package pdftex.def Info: Slide_quantum_magnetometers_SQUID.pdf  used on input l
ine 127.
(pdftex.def)             Requested size: 307.29091pt x 171.52815pt.
 [15

 <./Slide_quantum_magnetometers_SQUID.pdf>]
<Slide_quantum_magnetometers_NV_n-3.pdf, id=955, 997.06242pt x 556.55493pt>
File: Slide_quantum_magnetometers_NV_n-3.pdf Graphic file (type pdf)
<use Slide_quantum_magnetometers_NV_n-3.pdf>
Package pdftex.def Info: Slide_quantum_magnetometers_NV_n-3.pdf  used on input 
line 132.
(pdftex.def)             Requested size: 307.29091pt x 171.52815pt.
 [16

 <./Slide_quantum_magnetometers_NV_n-3.pdf>]
<Slide_quantum_magnetometers_NV_n-2.pdf, id=1058, 997.06242pt x 556.55493pt>
File: Slide_quantum_magnetometers_NV_n-2.pdf Graphic file (type pdf)
<use Slide_quantum_magnetometers_NV_n-2.pdf>
Package pdftex.def Info: Slide_quantum_magnetometers_NV_n-2.pdf  used on input 
line 137.
(pdftex.def)             Requested size: 307.29091pt x 171.52815pt.
 [17

 <./Slide_quantum_magnetometers_NV_n-2.pdf>]
<Slide_quantum_magnetometers_NV_n-1.pdf, id=1176, 997.06242pt x 556.55493pt>
File: Slide_quantum_magnetometers_NV_n-1.pdf Graphic file (type pdf)
<use Slide_quantum_magnetometers_NV_n-1.pdf>
Package pdftex.def Info: Slide_quantum_magnetometers_NV_n-1.pdf  used on input 
line 142.
(pdftex.def)             Requested size: 307.29091pt x 171.52815pt.
 [18

 <./Slide_quantum_magnetometers_NV_n-1.pdf>]
<Slide_quantum_magnetometers_NV_n.pdf, id=1294, 997.06242pt x 556.55493pt>
File: Slide_quantum_magnetometers_NV_n.pdf Graphic file (type pdf)
<use Slide_quantum_magnetometers_NV_n.pdf>
Package pdftex.def Info: Slide_quantum_magnetometers_NV_n.pdf  used on input li
ne 147.
(pdftex.def)             Requested size: 307.29091pt x 171.52815pt.
 [19

 <./Slide_quantum_magnetometers_NV_n.pdf>]
<Slide_quantum_magnetometers_NV_n+1.pdf, id=1413, 997.06242pt x 556.55493pt>
File: Slide_quantum_magnetometers_NV_n+1.pdf Graphic file (type pdf)
<use Slide_quantum_magnetometers_NV_n+1.pdf>
Package pdftex.def Info: Slide_quantum_magnetometers_NV_n+1.pdf  used on input 
line 152.
(pdftex.def)             Requested size: 307.29091pt x 171.52815pt.
 [20

 <./Slide_quantum_magnetometers_NV_n+1.pdf>]
<Slide_quantum_magnetometers_NV_n+2.pdf, id=1533, 997.06242pt x 556.55493pt>
File: Slide_quantum_magnetometers_NV_n+2.pdf Graphic file (type pdf)
<use Slide_quantum_magnetometers_NV_n+2.pdf>
Package pdftex.def Info: Slide_quantum_magnetometers_NV_n+2.pdf  used on input 
line 157.
(pdftex.def)             Requested size: 307.29091pt x 171.52815pt.
 [21

 <./Slide_quantum_magnetometers_NV_n+2.pdf>] (./presentation.toc) [22

]
<Slide diamant_0.pdf, id=1697, 1532.47005pt x 826.3612pt>
File: Slide diamant_0.pdf Graphic file (type pdf)
<use Slide diamant_0.pdf>
Package pdftex.def Info: Slide diamant_0.pdf  used on input line 175.
(pdftex.def)             Requested size: 307.28362pt x 165.69803pt.
 [23

 <./Slide diamant_0.pdf>]
<Slide diamant.pdf, id=2351, 1532.47005pt x 826.3612pt>
File: Slide diamant.pdf Graphic file (type pdf)
<use Slide diamant.pdf>
Package pdftex.def Info: Slide diamant.pdf  used on input line 180.
(pdftex.def)             Requested size: 307.28362pt x 165.69803pt.
 [24

 <./Slide diamant.pdf>]
<Slide_fab_sample-3.pdf, id=3015, 788.03914pt x 333.61714pt>
File: Slide_fab_sample-3.pdf Graphic file (type pdf)
<use Slide_fab_sample-3.pdf>
Package pdftex.def Info: Slide_fab_sample-3.pdf  used on input line 185.
(pdftex.def)             Requested size: 307.28593pt x 130.0898pt.
 [25

 <./Slide_fab_sample-3.pdf>]
<Slide_fab_sample-2.pdf, id=3069, 788.03914pt x 333.61714pt>
File: Slide_fab_sample-2.pdf Graphic file (type pdf)
<use Slide_fab_sample-2.pdf>
Package pdftex.def Info: Slide_fab_sample-2.pdf  used on input line 190.
(pdftex.def)             Requested size: 307.28593pt x 130.0898pt.
 [26

 <./Slide_fab_sample-2.pdf>]
<Slide_fab_sample-1.pdf, id=3123, 788.03914pt x 333.61714pt>
File: Slide_fab_sample-1.pdf Graphic file (type pdf)
<use Slide_fab_sample-1.pdf>
Package pdftex.def Info: Slide_fab_sample-1.pdf  used on input line 195.
(pdftex.def)             Requested size: 307.28593pt x 130.0898pt.
 [27

 <./Slide_fab_sample-1.pdf>]
<Slide_fab_sample.pdf, id=3179, 788.03914pt x 333.61714pt>
File: Slide_fab_sample.pdf Graphic file (type pdf)
<use Slide_fab_sample.pdf>
Package pdftex.def Info: Slide_fab_sample.pdf  used on input line 200.
(pdftex.def)             Requested size: 307.28593pt x 130.0898pt.
 [28

 <./Slide_fab_sample.pdf>]
<Slide_NV_levels_3.pdf, id=3242, 987.49089pt x 569.25294pt>
File: Slide_NV_levels_3.pdf Graphic file (type pdf)
<use Slide_NV_levels_3.pdf>
Package pdftex.def Info: Slide_NV_levels_3.pdf  used on input line 206.
(pdftex.def)             Requested size: 307.29431pt x 177.1441pt.
 [29

 <./Slide_NV_levels_3.pdf>]
<Slide_NV_levels_1.pdf, id=3294, 987.49089pt x 569.25294pt>
File: Slide_NV_levels_1.pdf Graphic file (type pdf)
<use Slide_NV_levels_1.pdf>
Package pdftex.def Info: Slide_NV_levels_1.pdf  used on input line 216.
(pdftex.def)             Requested size: 307.29431pt x 177.1441pt.
 [30

 <./Slide_NV_levels_1.pdf>]
<Slide_NV_levels.pdf, id=3345, 987.49089pt x 569.25294pt>
File: Slide_NV_levels.pdf Graphic file (type pdf)
<use Slide_NV_levels.pdf>
Package pdftex.def Info: Slide_NV_levels.pdf  used on input line 221.
(pdftex.def)             Requested size: 307.29431pt x 177.1441pt.
 [31

 <./Slide_NV_levels.pdf>]
<Slide_setup_-4.pdf, id=3460, 814.11403pt x 399.76022pt>
File: Slide_setup_-4.pdf Graphic file (type pdf)
<use Slide_setup_-4.pdf>
Package pdftex.def Info: Slide_setup_-4.pdf  used on input line 227.
(pdftex.def)             Requested size: 276.55908pt x 135.80077pt.
 [32

 <./Slide_setup_-4.pdf>]
<Slide_setup_-3.pdf, id=3512, 814.11403pt x 399.76022pt>
File: Slide_setup_-3.pdf Graphic file (type pdf)
<use Slide_setup_-3.pdf>
Package pdftex.def Info: Slide_setup_-3.pdf  used on input line 232.
(pdftex.def)             Requested size: 276.55908pt x 135.80077pt.
 [33

 <./Slide_setup_-3.pdf>]
<Slide_setup_-2.pdf, id=3562, 814.11403pt x 399.76022pt>
File: Slide_setup_-2.pdf Graphic file (type pdf)
<use Slide_setup_-2.pdf>
Package pdftex.def Info: Slide_setup_-2.pdf  used on input line 237.
(pdftex.def)             Requested size: 276.55908pt x 135.80077pt.

[34

 <./Slide_setup_-2.pdf>]
<Slide_setup_-1.pdf, id=3613, 814.11403pt x 399.76022pt>
File: Slide_setup_-1.pdf Graphic file (type pdf)
<use Slide_setup_-1.pdf>
Package pdftex.def Info: Slide_setup_-1.pdf  used on input line 242.
(pdftex.def)             Requested size: 276.55908pt x 135.80077pt.
 [35

 <./Slide_setup_-1.pdf>]
<Slide_setup.pdf, id=3663, 814.11403pt x 399.76022pt>
File: Slide_setup.pdf Graphic file (type pdf)
<use Slide_setup.pdf>
Package pdftex.def Info: Slide_setup.pdf  used on input line 247.
(pdftex.def)             Requested size: 276.55908pt x 135.80077pt.
 [36

 <./Slide_setup.pdf>]
<Slide_ODMR_0_-3.pdf, id=3718, 789.68677pt x 395.05594pt>
File: Slide_ODMR_0_-3.pdf Graphic file (type pdf)
<use Slide_ODMR_0_-3.pdf>
Package pdftex.def Info: Slide_ODMR_0_-3.pdf  used on input line 252.
(pdftex.def)             Requested size: 307.28976pt x 153.72758pt.
 [37

 <./Slide_ODMR_0_-3.pdf>]
<Slide_ODMR_0_-2.pdf, id=3762, 789.68677pt x 395.05594pt>
File: Slide_ODMR_0_-2.pdf Graphic file (type pdf)
<use Slide_ODMR_0_-2.pdf>
Package pdftex.def Info: Slide_ODMR_0_-2.pdf  used on input line 257.
(pdftex.def)             Requested size: 307.28976pt x 153.72758pt.
 [38

 <./Slide_ODMR_0_-2.pdf>]
<Slide_ODMR_0_-1.pdf, id=3850, 789.68677pt x 395.05594pt>
File: Slide_ODMR_0_-1.pdf Graphic file (type pdf)
<use Slide_ODMR_0_-1.pdf>
Package pdftex.def Info: Slide_ODMR_0_-1.pdf  used on input line 262.
(pdftex.def)             Requested size: 307.28976pt x 153.72758pt.
 [39

 <./Slide_ODMR_0_-1.pdf>]
<Slide_ODMR_0.pdf, id=3974, 789.68677pt x 395.05594pt>
File: Slide_ODMR_0.pdf Graphic file (type pdf)
<use Slide_ODMR_0.pdf>
Package pdftex.def Info: Slide_ODMR_0.pdf  used on input line 267.
(pdftex.def)             Requested size: 307.28976pt x 153.72758pt.
 [40

 <./Slide_ODMR_0.pdf>]
<Slide_ODMR_8_classes.pdf, id=4135, 1838.13643pt x 1207.36029pt>
File: Slide_ODMR_8_classes.pdf Graphic file (type pdf)
<use Slide_ODMR_8_classes.pdf>
Package pdftex.def Info: Slide_ODMR_8_classes.pdf  used on input line 272.
(pdftex.def)             Requested size: 287.4325pt x 188.79697pt.
 [41

 <./Slide_ODMR_8_classes.pdf>]
<Slide_champs_transverse_allege.pdf, id=4206, 826.02144pt x 363.0pt>
File: Slide_champs_transverse_allege.pdf Graphic file (type pdf)
<use Slide_champs_transverse_allege.pdf>
Package pdftex.def Info: Slide_champs_transverse_allege.pdf  used on input line
 277.
(pdftex.def)             Requested size: 307.28688pt x 135.03903pt.
 [42

 <./Slide_champs_transverse_allege.pdf>] (./presentation.toc) [43

]
<slide_low_field_depolarization_f_-3.pdf, id=4311, 693.46045pt x 317.36116pt>
File: slide_low_field_depolarization_f_-3.pdf Graphic file (type pdf)
<use slide_low_field_depolarization_f_-3.pdf>
Package pdftex.def Info: slide_low_field_depolarization_f_-3.pdf  used on input
 line 290.
(pdftex.def)             Requested size: 307.29271pt x 140.63205pt.
 [44

 <./Slide_low_field_depolarization_f_-3.pdf>]
<slide_low_field_depolarization_f_-2.pdf, id=4403, 693.46045pt x 317.36116pt>
File: slide_low_field_depolarization_f_-2.pdf Graphic file (type pdf)
<use slide_low_field_depolarization_f_-2.pdf>
Package pdftex.def Info: slide_low_field_depolarization_f_-2.pdf  used on input
 line 295.
(pdftex.def)             Requested size: 307.29271pt x 140.63205pt.
 [45

 <./Slide_low_field_depolarization_f_-2.pdf>]
<slide_low_field_depolarization_f_-1.pdf, id=4521, 693.46045pt x 317.36116pt>
File: slide_low_field_depolarization_f_-1.pdf Graphic file (type pdf)
<use slide_low_field_depolarization_f_-1.pdf>
Package pdftex.def Info: slide_low_field_depolarization_f_-1.pdf  used on input
 line 300.
(pdftex.def)             Requested size: 307.29271pt x 140.63205pt.
[46

 <./Slide_low_field_depolarization_f_-1.pdf>]
<slide_low_field_depolarization_f.pdf, id=4639, 693.46045pt x 317.36116pt>
File: slide_low_field_depolarization_f.pdf Graphic file (type pdf)
<use slide_low_field_depolarization_f.pdf>
Package pdftex.def Info: slide_low_field_depolarization_f.pdf  used on input li
ne 305.
(pdftex.def)             Requested size: 307.29271pt x 140.63205pt.
 [47

 <./Slide_low_field_depolarization_f.pdf>]
<Slide_principle_LFDM_f-2.pdf, id=4757, 862.73813pt x 481.54948pt>
File: Slide_principle_LFDM_f-2.pdf Graphic file (type pdf)
<use Slide_principle_LFDM_f-2.pdf>
Package pdftex.def Info: Slide_principle_LFDM_f-2.pdf  used on input line 310.
(pdftex.def)             Requested size: 307.2944pt x 171.52072pt.
 [48

 <./Slide_principle_LFDM_f-2.pdf>]
<Slide_principle_LFDM_f-1.pdf, id=4831, 862.73813pt x 481.54948pt>
File: Slide_principle_LFDM_f-1.pdf Graphic file (type pdf)
<use Slide_principle_LFDM_f-1.pdf>
Package pdftex.def Info: Slide_principle_LFDM_f-1.pdf  used on input line 315.
(pdftex.def)             Requested size: 307.2944pt x 171.52072pt.
 [49

 <./Slide_principle_LFDM_f-1.pdf>]
<Slide_principle_LFDM_f.pdf, id=4908, 862.73813pt x 481.54948pt>
File: Slide_principle_LFDM_f.pdf Graphic file (type pdf)
<use Slide_principle_LFDM_f.pdf>
Package pdftex.def Info: Slide_principle_LFDM_f.pdf  used on input line 320.
(pdftex.def)             Requested size: 307.2944pt x 171.52072pt.
 [50

 <./Slide_principle_LFDM_f.pdf>]
<Slide_sensi_LFDM-1.pdf, id=4983, 821.22679pt x 424.10403pt>
File: Slide_sensi_LFDM-1.pdf Graphic file (type pdf)
<use Slide_sensi_LFDM-1.pdf>
Package pdftex.def Info: Slide_sensi_LFDM-1.pdf  used on input line 326.
(pdftex.def)             Requested size: 307.28262pt x 158.68916pt.
 [51

 <./Slide_sensi_LFDM-1.pdf>]
<Slide_sensi_LFDM.pdf, id=5038, 821.22679pt x 424.10403pt>
File: Slide_sensi_LFDM.pdf Graphic file (type pdf)
<use Slide_sensi_LFDM.pdf>
Package pdftex.def Info: Slide_sensi_LFDM.pdf  used on input line 331.
(pdftex.def)             Requested size: 307.28262pt x 158.68916pt.
 [52

 <./Slide_sensi_LFDM.pdf>]
<Slide_comparison_litterature_f-6.pdf, id=5090, 750.20412pt x 677.56734pt>
File: Slide_comparison_litterature_f-6.pdf Graphic file (type pdf)
<use Slide_comparison_litterature_f-6.pdf>
Package pdftex.def Info: Slide_comparison_litterature_f-6.pdf  used on input li
ne 336.
(pdftex.def)             Requested size: 209.03691pt x 188.79741pt.
 [53

 <./Slide_comparison_litterature_f-6.pdf>]
<Slide_comparison_litterature_f-5.pdf, id=5127, 750.20412pt x 677.56734pt>
File: Slide_comparison_litterature_f-5.pdf Graphic file (type pdf)
<use Slide_comparison_litterature_f-5.pdf>
Package pdftex.def Info: Slide_comparison_litterature_f-5.pdf  used on input li
ne 341.
(pdftex.def)             Requested size: 209.03691pt x 188.79741pt.

[54

 <./Slide_comparison_litterature_f-5.pdf>]
<Slide_comparison_litterature_f-4.pdf, id=5165, 750.20412pt x 677.56734pt>
File: Slide_comparison_litterature_f-4.pdf Graphic file (type pdf)
<use Slide_comparison_litterature_f-4.pdf>
Package pdftex.def Info: Slide_comparison_litterature_f-4.pdf  used on input li
ne 346.
(pdftex.def)             Requested size: 209.03691pt x 188.79741pt.
 [55

 <./Slide_comparison_litterature_f-4.pdf>]
<Slide_comparison_litterature_f-3.pdf, id=5203, 750.20412pt x 677.56734pt>
File: Slide_comparison_litterature_f-3.pdf Graphic file (type pdf)
<use Slide_comparison_litterature_f-3.pdf>
Package pdftex.def Info: Slide_comparison_litterature_f-3.pdf  used on input li
ne 351.
(pdftex.def)             Requested size: 209.03691pt x 188.79741pt.
 [56

 <./Slide_comparison_litterature_f-3.pdf>]
<Slide_comparison_litterature_f-2.pdf, id=5241, 750.20412pt x 677.56734pt>
File: Slide_comparison_litterature_f-2.pdf Graphic file (type pdf)
<use Slide_comparison_litterature_f-2.pdf>
Package pdftex.def Info: Slide_comparison_litterature_f-2.pdf  used on input li
ne 356.
(pdftex.def)             Requested size: 209.03691pt x 188.79741pt.
 [57

 <./Slide_comparison_litterature_f-2.pdf>]
<Slide_comparison_litterature_f-1.pdf, id=5277, 750.20412pt x 677.56734pt>
File: Slide_comparison_litterature_f-1.pdf Graphic file (type pdf)
<use Slide_comparison_litterature_f-1.pdf>
Package pdftex.def Info: Slide_comparison_litterature_f-1.pdf  used on input li
ne 361.
(pdftex.def)             Requested size: 209.03691pt x 188.79741pt.
 [58

 <./Slide_comparison_litterature_f-1.pdf>]
<Slide_comparison_litterature_f.pdf, id=5319, 750.20412pt x 677.56734pt>
File: Slide_comparison_litterature_f.pdf Graphic file (type pdf)
<use Slide_comparison_litterature_f.pdf>
Package pdftex.def Info: Slide_comparison_litterature_f.pdf  used on input line
 366.
(pdftex.def)             Requested size: 209.03691pt x 188.79741pt.

[59

 <./Slide_comparison_litterature_f.pdf>]
<Slide_applications_wide_field_f-3.pdf, id=5357, 976.7203pt x 670.02971pt>
File: Slide_applications_wide_field_f-3.pdf Graphic file (type pdf)
<use Slide_applications_wide_field_f-3.pdf>
Package pdftex.def Info: Slide_applications_wide_field_f-3.pdf  used on input l
ine 373.
(pdftex.def)             Requested size: 275.20863pt x 188.793pt.
 [60

 <./Slide_applications_wide_field_f-3.pdf>]
<Slide_applications_wide_field_f-2.pdf, id=5406, 976.7203pt x 670.02971pt>
File: Slide_applications_wide_field_f-2.pdf Graphic file (type pdf)
<use Slide_applications_wide_field_f-2.pdf>
Package pdftex.def Info: Slide_applications_wide_field_f-2.pdf  used on input l
ine 378.
(pdftex.def)             Requested size: 275.20863pt x 188.793pt.
 [61

 <./Slide_applications_wide_field_f-2.pdf>]
<Slide_applications_wide_field_f-1.pdf, id=5458, 976.7203pt x 670.02971pt>
File: Slide_applications_wide_field_f-1.pdf Graphic file (type pdf)
<use Slide_applications_wide_field_f-1.pdf>
Package pdftex.def Info: Slide_applications_wide_field_f-1.pdf  used on input l
ine 383.
(pdftex.def)             Requested size: 275.20863pt x 188.793pt.
 [62

 <./Slide_applications_wide_field_f-1.pdf>]
<Slide_applications_wide_field_f.pdf, id=5515, 976.7203pt x 670.02971pt>
File: Slide_applications_wide_field_f.pdf Graphic file (type pdf)
<use Slide_applications_wide_field_f.pdf>
Package pdftex.def Info: Slide_applications_wide_field_f.pdf  used on input lin
e 388.
(pdftex.def)             Requested size: 275.20863pt x 188.793pt.
 [63

 <./Slide_applications_wide_field_f.pdf>]
(./presentation.toc) [64

]
<Slide_CR_presentation_f-5.pdf, id=5620, 1187.69785pt x 520.07623pt>
File: Slide_CR_presentation_f-5.pdf Graphic file (type pdf)
<use Slide_CR_presentation_f-5.pdf>
Package pdftex.def Info: Slide_CR_presentation_f-5.pdf  used on input line 399.

(pdftex.def)             Requested size: 307.28996pt x 134.55797pt.
 [65

 <./Slide_CR_presentation_f-5.pdf>]
<Slide_CR_presentation_f-4.pdf, id=5708, 1187.69785pt x 520.07623pt>
File: Slide_CR_presentation_f-4.pdf Graphic file (type pdf)
<use Slide_CR_presentation_f-4.pdf>
Package pdftex.def Info: Slide_CR_presentation_f-4.pdf  used on input line 404.

(pdftex.def)             Requested size: 307.28996pt x 134.55797pt.
 [66

 <./Slide_CR_presentation_f-4.pdf>]
<Slide_CR_presentation_f-3.pdf, id=5796, 1187.69785pt x 520.07623pt>
File: Slide_CR_presentation_f-3.pdf Graphic file (type pdf)
<use Slide_CR_presentation_f-3.pdf>
Package pdftex.def Info: Slide_CR_presentation_f-3.pdf  used on input line 409.

(pdftex.def)             Requested size: 307.28996pt x 134.55797pt.
 [67

 <./Slide_CR_presentation_f-3.pdf>]
<Slide_CR_presentation_f-2.pdf, id=5884, 1187.69785pt x 520.07623pt>
File: Slide_CR_presentation_f-2.pdf Graphic file (type pdf)
<use Slide_CR_presentation_f-2.pdf>
Package pdftex.def Info: Slide_CR_presentation_f-2.pdf  used on input line 414.

(pdftex.def)             Requested size: 307.28996pt x 134.55797pt.
 [68

 <./Slide_CR_presentation_f-2.pdf>]
<Slide_CR_presentation_f-1.pdf, id=5985, 1187.69785pt x 520.07623pt>
File: Slide_CR_presentation_f-1.pdf Graphic file (type pdf)
<use Slide_CR_presentation_f-1.pdf>
Package pdftex.def Info: Slide_CR_presentation_f-1.pdf  used on input line 419.

(pdftex.def)             Requested size: 307.28996pt x 134.55797pt.
 [69

 <./Slide_CR_presentation_f-1.pdf>]
<Slide_CR_presentation_f.pdf, id=6086, 1187.69785pt x 520.07623pt>
File: Slide_CR_presentation_f.pdf Graphic file (type pdf)
<use Slide_CR_presentation_f.pdf>
Package pdftex.def Info: Slide_CR_presentation_f.pdf  used on input line 424.
(pdftex.def)             Requested size: 307.28996pt x 134.55797pt.
 [70

 <./Slide_CR_presentation_f.pdf>]
<Slide_CR_VH_0.pdf, id=6190, 893.01329pt x 589.0588pt>
File: Slide_CR_VH_0.pdf Graphic file (type pdf)
<use Slide_CR_VH_0.pdf>
Package pdftex.def Info: Slide_CR_VH_0.pdf  used on input line 429.
(pdftex.def)             Requested size: 286.21976pt x 188.79927pt.
LaTeX Font Info:    Trying to load font information for U+msa on input line 429
.
 (/usr/share/texlive/texmf-dist/tex/latex/amsfonts/umsa.fd
File: umsa.fd 2013/01/14 v3.01 AMS symbols A
)
LaTeX Font Info:    Trying to load font information for U+msb on input line 429
.
(/usr/share/texlive/texmf-dist/tex/latex/amsfonts/umsb.fd
File: umsb.fd 2013/01/14 v3.01 AMS symbols B
)
LaTeX Font Info:    Trying to load font information for OT1+mathkerncmss on inp
ut line 429.

(/usr/share/texlive/texmf-dist/tex/latex/sansmathaccent/ot1mathkerncmss.fd
File: ot1mathkerncmss.fd 2020/01/31 Fontinst v1.933 font definitions for OT1/ma
thkerncmss.
)
[71

 <./Slide_CR_VH_0.pdf>]
<Slide_CR_VH_1.pdf, id=6278, 893.01329pt x 589.0588pt>
File: Slide_CR_VH_1.pdf Graphic file (type pdf)
<use Slide_CR_VH_1.pdf>
Package pdftex.def Info: Slide_CR_VH_1.pdf  used on input line 434.
(pdftex.def)             Requested size: 286.21976pt x 188.79927pt.
 [72

 <./Slide_CR_VH_1.pdf>]
<Slide_CR_VH_2.pdf, id=6371, 893.01329pt x 589.0588pt>
File: Slide_CR_VH_2.pdf Graphic file (type pdf)
<use Slide_CR_VH_2.pdf>
Package pdftex.def Info: Slide_CR_VH_2.pdf  used on input line 439.
(pdftex.def)             Requested size: 286.21976pt x 188.79927pt.
 [73

 <./Slide_CR_VH_2.pdf>]
<Slide_CR_VH_3.pdf, id=6465, 893.01329pt x 589.0588pt>
File: Slide_CR_VH_3.pdf Graphic file (type pdf)
<use Slide_CR_VH_3.pdf>
Package pdftex.def Info: Slide_CR_VH_3.pdf  used on input line 444.
(pdftex.def)             Requested size: 286.21976pt x 188.79927pt.
 [74

 <./Slide_CR_VH_3.pdf>]
<Slide_CR_VH_4.pdf, id=6559, 893.01329pt x 589.0588pt>
File: Slide_CR_VH_4.pdf Graphic file (type pdf)
<use Slide_CR_VH_4.pdf>
Package pdftex.def Info: Slide_CR_VH_4.pdf  used on input line 449.
(pdftex.def)             Requested size: 286.21976pt x 188.79927pt.
 [75

 <./Slide_CR_VH_4.pdf>]
<Slide_CR_adamas_f-3.pdf, id=6656, 1314.26236pt x 824.62222pt>
File: Slide_CR_adamas_f-3.pdf Graphic file (type pdf)
<use Slide_CR_adamas_f-3.pdf>
Package pdftex.def Info: Slide_CR_adamas_f-3.pdf  used on input line 454.
(pdftex.def)             Requested size: 300.89026pt x 188.79091pt.
 [76

 <./Slide_CR_adamas_f-3.pdf>]
<Slide_CR_adamas_f-2.pdf, id=6701, 1314.26236pt x 824.62222pt>
File: Slide_CR_adamas_f-2.pdf Graphic file (type pdf)
<use Slide_CR_adamas_f-2.pdf>
Package pdftex.def Info: Slide_CR_adamas_f-2.pdf  used on input line 459.
(pdftex.def)             Requested size: 300.89026pt x 188.79091pt.
 [77

 <./Slide_CR_adamas_f-2.pdf>]
<Slide_CR_adamas_f-1.pdf, id=6750, 1314.26236pt x 824.62222pt>
File: Slide_CR_adamas_f-1.pdf Graphic file (type pdf)
<use Slide_CR_adamas_f-1.pdf>
Package pdftex.def Info: Slide_CR_adamas_f-1.pdf  used on input line 464.
(pdftex.def)             Requested size: 300.89026pt x 188.79091pt.
 [78

 <./Slide_CR_adamas_f-1.pdf>]
<Slide_CR_adamas_f.pdf, id=6803, 1314.26236pt x 824.62222pt>
File: Slide_CR_adamas_f.pdf Graphic file (type pdf)
<use Slide_CR_adamas_f.pdf>
Package pdftex.def Info: Slide_CR_adamas_f.pdf  used on input line 469.
(pdftex.def)             Requested size: 300.89026pt x 188.79091pt.

[79

 <./Slide_CR_adamas_f.pdf>]
<Slide_fluct_intro_f-4.pdf, id=6865, 502.80716pt x 339.62268pt>
File: Slide_fluct_intro_f-4.pdf Graphic file (type pdf)
<use Slide_fluct_intro_f-4.pdf>
Package pdftex.def Info: Slide_fluct_intro_f-4.pdf  used on input line 475.
(pdftex.def)             Requested size: 263.07239pt x 177.69307pt.
 [80

 <./Slide_fluct_intro_f-4.pdf>]
<Slide_fluct_intro_f-3.pdf, id=6904, 502.80716pt x 339.62268pt>
File: Slide_fluct_intro_f-3.pdf Graphic file (type pdf)
<use Slide_fluct_intro_f-3.pdf>
Package pdftex.def Info: Slide_fluct_intro_f-3.pdf  used on input line 480.
(pdftex.def)             Requested size: 263.07239pt x 177.69307pt.
 [81

 <./Slide_fluct_intro_f-3.pdf>]
<Slide_fluct_intro_f-2.pdf, id=6943, 502.80716pt x 339.62268pt>
File: Slide_fluct_intro_f-2.pdf Graphic file (type pdf)
<use Slide_fluct_intro_f-2.pdf>
Package pdftex.def Info: Slide_fluct_intro_f-2.pdf  used on input line 485.
(pdftex.def)             Requested size: 263.07239pt x 177.69307pt.
 [82

 <./Slide_fluct_intro_f-2.pdf>]
<Slide_fluct_intro_f-1.pdf, id=6981, 502.80716pt x 339.62268pt>
File: Slide_fluct_intro_f-1.pdf Graphic file (type pdf)
<use Slide_fluct_intro_f-1.pdf>
Package pdftex.def Info: Slide_fluct_intro_f-1.pdf  used on input line 490.
(pdftex.def)             Requested size: 263.07239pt x 177.69307pt.
 [83

 <./Slide_fluct_intro_f-1.pdf>]
<Slide_fluct_intro_f.pdf, id=7019, 502.80716pt x 339.62268pt>
File: Slide_fluct_intro_f.pdf Graphic file (type pdf)
<use Slide_fluct_intro_f.pdf>
Package pdftex.def Info: Slide_fluct_intro_f.pdf  used on input line 495.
(pdftex.def)             Requested size: 263.07239pt x 177.69307pt.
 [84

 <./Slide_fluct_intro_f.pdf>]
<Slide_T1_exp_stretch_f-1.pdf, id=7057, 915.44438pt x 497.52724pt>
File: Slide_T1_exp_stretch_f-1.pdf Graphic file (type pdf)
<use Slide_T1_exp_stretch_f-1.pdf>
Package pdftex.def Info: Slide_T1_exp_stretch_f-1.pdf  used on input line 500.
(pdftex.def)             Requested size: 307.2799pt x 167.00099pt.
 [85

 <./Slide_T1_exp_stretch_f-1.pdf>]
<Slide_T1_exp_stretch_f.pdf, id=7143, 915.44438pt x 497.52724pt>
File: Slide_T1_exp_stretch_f.pdf Graphic file (type pdf)
<use Slide_T1_exp_stretch_f.pdf>
Package pdftex.def Info: Slide_T1_exp_stretch_f.pdf  used on input line 505.
(pdftex.def)             Requested size: 307.2799pt x 167.00099pt.
 [86

 <./Slide_T1_exp_stretch_f.pdf>]
<Slide_0B_theorie_f-5.pdf, id=7254, 1147.04144pt x 659.98106pt>
File: Slide_0B_theorie_f-5.pdf Graphic file (type pdf)
<use Slide_0B_theorie_f-5.pdf>
Package pdftex.def Info: Slide_0B_theorie_f-5.pdf  used on input line 511.
(pdftex.def)             Requested size: 307.29pt x 176.80754pt.
 [87

 <./Slide_0B_theorie_f-5.pdf>]
<Slide_0B_theorie_f-4.pdf, id=7296, 1147.04144pt x 659.98106pt>
File: Slide_0B_theorie_f-4.pdf Graphic file (type pdf)
<use Slide_0B_theorie_f-4.pdf>
Package pdftex.def Info: Slide_0B_theorie_f-4.pdf  used on input line 516.
(pdftex.def)             Requested size: 307.29pt x 176.80754pt.

[88

 <./Slide_0B_theorie_f-4.pdf>]
<Slide_0B_theorie_f-3.pdf, id=7349, 1147.04144pt x 659.98106pt>
File: Slide_0B_theorie_f-3.pdf Graphic file (type pdf)
<use Slide_0B_theorie_f-3.pdf>
Package pdftex.def Info: Slide_0B_theorie_f-3.pdf  used on input line 521.
(pdftex.def)             Requested size: 307.29pt x 176.80754pt.
 [89

 <./Slide_0B_theorie_f-3.pdf>]
<Slide_0B_theorie_f-2.pdf, id=7397, 1147.04144pt x 659.98106pt>
File: Slide_0B_theorie_f-2.pdf Graphic file (type pdf)
<use Slide_0B_theorie_f-2.pdf>
Package pdftex.def Info: Slide_0B_theorie_f-2.pdf  used on input line 526.
(pdftex.def)             Requested size: 307.29pt x 176.80754pt.
 [90

 <./Slide_0B_theorie_f-2.pdf>]
<Slide_0B_theorie_f-1.pdf, id=7444, 1147.04144pt x 659.98106pt>
File: Slide_0B_theorie_f-1.pdf Graphic file (type pdf)
<use Slide_0B_theorie_f-1.pdf>
Package pdftex.def Info: Slide_0B_theorie_f-1.pdf  used on input line 531.
(pdftex.def)             Requested size: 307.29pt x 176.80754pt.
 [91

 <./Slide_0B_theorie_f-1.pdf>]
<Slide_0B_theorie_f.pdf, id=7502, 1147.04144pt x 659.98106pt>
File: Slide_0B_theorie_f.pdf Graphic file (type pdf)
<use Slide_0B_theorie_f.pdf>
Package pdftex.def Info: Slide_0B_theorie_f.pdf  used on input line 536.
(pdftex.def)             Requested size: 307.29pt x 176.80754pt.
 [92

 <./Slide_0B_theorie_f.pdf>]
<Slide_T1_PL_1x1x1x1_f-5.pdf, id=7558, 716.58781pt x 364.84569pt>
File: Slide_T1_PL_1x1x1x1_f-5.pdf Graphic file (type pdf)
<use Slide_T1_PL_1x1x1x1_f-5.pdf>
Package pdftex.def Info: Slide_T1_PL_1x1x1x1_f-5.pdf  used on input line 541.
(pdftex.def)             Requested size: 307.29575pt x 156.45747pt.
 [93

 <./Slide_T1_PL_1x1x1x1_f-5.pdf>]
<Slide_T1_PL_1x1x1x1_f-4.pdf, id=7605, 716.58781pt x 364.84569pt>
File: Slide_T1_PL_1x1x1x1_f-4.pdf Graphic file (type pdf)
<use Slide_T1_PL_1x1x1x1_f-4.pdf>
Package pdftex.def Info: Slide_T1_PL_1x1x1x1_f-4.pdf  used on input line 546.
(pdftex.def)             Requested size: 307.29575pt x 156.45747pt.
 [94

 <./Slide_T1_PL_1x1x1x1_f-4.pdf>]
<Slide_T1_PL_1x1x1x1_f-3.pdf, id=7649, 716.58781pt x 364.84569pt>
File: Slide_T1_PL_1x1x1x1_f-3.pdf Graphic file (type pdf)
<use Slide_T1_PL_1x1x1x1_f-3.pdf>
Package pdftex.def Info: Slide_T1_PL_1x1x1x1_f-3.pdf  used on input line 551.
(pdftex.def)             Requested size: 307.29575pt x 156.45747pt.
 [95

 <./Slide_T1_PL_1x1x1x1_f-3.pdf>]
<Slide_T1_PL_1x1x1x1_f-2.pdf, id=7696, 716.58781pt x 364.84569pt>
File: Slide_T1_PL_1x1x1x1_f-2.pdf Graphic file (type pdf)
<use Slide_T1_PL_1x1x1x1_f-2.pdf>
Package pdftex.def Info: Slide_T1_PL_1x1x1x1_f-2.pdf  used on input line 556.
(pdftex.def)             Requested size: 307.29575pt x 156.45747pt.
 [96

 <./Slide_T1_PL_1x1x1x1_f-2.pdf>]
<Slide_T1_PL_1x1x1x1_f-1.pdf, id=7744, 716.58781pt x 364.84569pt>
File: Slide_T1_PL_1x1x1x1_f-1.pdf Graphic file (type pdf)
<use Slide_T1_PL_1x1x1x1_f-1.pdf>
Package pdftex.def Info: Slide_T1_PL_1x1x1x1_f-1.pdf  used on input line 561.
(pdftex.def)             Requested size: 307.29575pt x 156.45747pt.

[97

 <./Slide_T1_PL_1x1x1x1_f-1.pdf>]
<Slide_T1_PL_1x1x1x1_f.pdf, id=7795, 716.58781pt x 364.84569pt>
File: Slide_T1_PL_1x1x1x1_f.pdf Graphic file (type pdf)
<use Slide_T1_PL_1x1x1x1_f.pdf>
Package pdftex.def Info: Slide_T1_PL_1x1x1x1_f.pdf  used on input line 566.
(pdftex.def)             Requested size: 307.29575pt x 156.45747pt.
 [98

 <./Slide_T1_PL_1x1x1x1_f.pdf>]
<Slide_T1_PL_100_f-6.pdf, id=7846, 718.6953pt x 423.99594pt>
File: Slide_T1_PL_100_f-6.pdf Graphic file (type pdf)
<use Slide_T1_PL_100_f-6.pdf>
Package pdftex.def Info: Slide_T1_PL_100_f-6.pdf  used on input line 571.
(pdftex.def)             Requested size: 307.28929pt x 181.28601pt.

[99

 <./Slide_T1_PL_100_f-6.pdf>]
<Slide_T1_PL_100_f-5.pdf, id=7890, 718.6953pt x 423.99594pt>
File: Slide_T1_PL_100_f-5.pdf Graphic file (type pdf)
<use Slide_T1_PL_100_f-5.pdf>
Package pdftex.def Info: Slide_T1_PL_100_f-5.pdf  used on input line 576.
(pdftex.def)             Requested size: 307.28929pt x 181.28601pt.
 [100

 <./Slide_T1_PL_100_f-5.pdf>]
<Slide_T1_PL_100_f-4.pdf, id=7935, 718.6953pt x 423.99594pt>
File: Slide_T1_PL_100_f-4.pdf Graphic file (type pdf)
<use Slide_T1_PL_100_f-4.pdf>
Package pdftex.def Info: Slide_T1_PL_100_f-4.pdf  used on input line 581.
(pdftex.def)             Requested size: 307.28929pt x 181.28601pt.
 [101

 <./Slide_T1_PL_100_f-4.pdf>]
<Slide_T1_PL_100_f-3.pdf, id=7982, 718.6953pt x 423.99594pt>
File: Slide_T1_PL_100_f-3.pdf Graphic file (type pdf)
<use Slide_T1_PL_100_f-3.pdf>
Package pdftex.def Info: Slide_T1_PL_100_f-3.pdf  used on input line 586.
(pdftex.def)             Requested size: 307.28929pt x 181.28601pt.
 [102

 <./Slide_T1_PL_100_f-3.pdf>]
<Slide_T1_PL_100_f-2.pdf, id=8029, 718.6953pt x 423.99594pt>
File: Slide_T1_PL_100_f-2.pdf Graphic file (type pdf)
<use Slide_T1_PL_100_f-2.pdf>
Package pdftex.def Info: Slide_T1_PL_100_f-2.pdf  used on input line 591.
(pdftex.def)             Requested size: 307.28929pt x 181.28601pt.
 [103

 <./Slide_T1_PL_100_f-2.pdf>]
<Slide_T1_PL_100_f-1.pdf, id=8080, 718.6953pt x 423.99594pt>
File: Slide_T1_PL_100_f-1.pdf Graphic file (type pdf)
<use Slide_T1_PL_100_f-1.pdf>
Package pdftex.def Info: Slide_T1_PL_100_f-1.pdf  used on input line 596.
(pdftex.def)             Requested size: 307.28929pt x 181.28601pt.
 [104

 <./Slide_T1_PL_100_f-1.pdf>]
<Slide_T1_PL_100_f.pdf, id=8129, 718.6953pt x 423.99594pt>
File: Slide_T1_PL_100_f.pdf Graphic file (type pdf)
<use Slide_T1_PL_100_f.pdf>
Package pdftex.def Info: Slide_T1_PL_100_f.pdf  used on input line 601.
(pdftex.def)             Requested size: 307.28929pt x 181.28601pt.
 [105

 <./Slide_T1_PL_100_f.pdf>]
[106

] [107

] [108

] [109

]
<Remerciements.pdf, id=8322, 792.82637pt x 489.14232pt>
File: Remerciements.pdf Graphic file (type pdf)
<use Remerciements.pdf>
Package pdftex.def Info: Remerciements.pdf  used on input line 623.
(pdftex.def)             Requested size: 306.0073pt x 188.79431pt.
 [110

 <./Remerciements.pdf>]
<Slide_T1_PL_1x1x1x1.pdf, id=8360, 716.58781pt x 364.84569pt>
File: Slide_T1_PL_1x1x1x1.pdf Graphic file (type pdf)
<use Slide_T1_PL_1x1x1x1.pdf>
Package pdftex.def Info: Slide_T1_PL_1x1x1x1.pdf  used on input line 630.
(pdftex.def)             Requested size: 307.29575pt x 156.45747pt.
 [111

 <./Slide_T1_PL_1x1x1x1.pdf>]
<Slide_T1_PL_100.pdf, id=8408, 725.49443pt x 451.69936pt>
File: Slide_T1_PL_100.pdf Graphic file (type pdf)
<use Slide_T1_PL_100.pdf>
Package pdftex.def Info: Slide_T1_PL_100.pdf  used on input line 635.
(pdftex.def)             Requested size: 303.23325pt x 188.79575pt.
 [112

 <./Slide_T1_PL_100.pdf>]
<slide_champs_transverse.pdf, id=8454, 784.60799pt x 570.42064pt>
File: slide_champs_transverse.pdf Graphic file (type pdf)
<use slide_champs_transverse.pdf>
Package pdftex.def Info: slide_champs_transverse.pdf  used on input line 640.
(pdftex.def)             Requested size: 259.68765pt x 188.79643pt.
 [113

 <./slide_champs_transverse.pdf>]
<Slide_NV_limite_sensi.pdf, id=8523, 2184.0909pt x 1051.37433pt>
File: Slide_NV_limite_sensi.pdf Graphic file (type pdf)
<use Slide_NV_limite_sensi.pdf>
Package pdftex.def Info: Slide_NV_limite_sensi.pdf  used on input line 645.
(pdftex.def)             Requested size: 307.27034pt x 147.91331pt.

[114

 <./Slide_NV_limite_sensi.pdf>]
<Slide_interaction_limit.pdf, id=8586, 1011.90952pt x 622.95547pt>
File: Slide_interaction_limit.pdf Graphic file (type pdf)
<use Slide_interaction_limit.pdf>
Package pdftex.def Info: Slide_interaction_limit.pdf  used on input line 650.
(pdftex.def)             Requested size: 306.6633pt x 188.78918pt.
 [115

 <./Slide_interaction_limit.pdf>]
<Slide_bonus_shot_noise_limit.pdf, id=8651, 509.15976pt x 372.9286pt>
File: Slide_bonus_shot_noise_limit.pdf Graphic file (type pdf)
<use Slide_bonus_shot_noise_limit.pdf>
Package pdftex.def Info: Slide_bonus_shot_noise_limit.pdf  used on input line 6
55.
(pdftex.def)             Requested size: 257.76459pt x 188.7969pt.

[116

 <./Slide_bonus_shot_noise_limit.pdf>]
<Slide_comparison_microwave.pdf, id=8700, 952.27841pt x 676.51512pt>
File: Slide_comparison_microwave.pdf Graphic file (type pdf)
<use Slide_comparison_microwave.pdf>
Package pdftex.def Info: Slide_comparison_microwave.pdf  used on input line 660
.
(pdftex.def)             Requested size: 265.74977pt x 188.79324pt.
 [117

 <./Slide_comparison_microwave.pdf>]
<shema_summary_exp.pdf, id=8782, 1008.8911pt x 681.70946pt>
File: shema_summary_exp.pdf Graphic file (type pdf)
<use shema_summary_exp.pdf>
Package pdftex.def Info: shema_summary_exp.pdf  used on input line 665.
(pdftex.def)             Requested size: 279.40869pt x 188.79694pt.
 [118

 <./shema_summary_exp.pdf>]
<Slide_angular_sensitivity.pdf, id=8846, 848.04077pt x 533.55942pt>
File: Slide_angular_sensitivity.pdf Graphic file (type pdf)
<use Slide_angular_sensitivity.pdf>
Package pdftex.def Info: Slide_angular_sensitivity.pdf  used on input line 670.

(pdftex.def)             Requested size: 300.0796pt x 188.80023pt.
 [119

 <./Slide_angular_sensitivity.pdf>]
\tf@nav=\write8
\openout8 = `presentation.nav'.

\tf@toc=\write9
\openout9 = `presentation.toc'.

\tf@snm=\write10
\openout10 = `presentation.snm'.

Package atveryend Info: Empty hook `BeforeClearDocument' on input line 672.
Package atveryend Info: Empty hook `AfterLastShipout' on input line 672.

(./presentation.aux)
Package atveryend Info: Executing hook `AtVeryEndDocument' on input line 672.
Package atveryend Info: Executing hook `AtEndAfterFileList' on input line 672.
Package rerunfilecheck Info: File `presentation.out' has not changed.
(rerunfilecheck)             Checksum: D41D8CD98F00B204E9800998ECF8427E;0.
 ) 
Here is how much of TeX's memory you used:
 23594 strings out of 481239
 465955 string characters out of 5920377
 697247 words of memory out of 5000000
 38088 multiletter control sequences out of 15000+600000
 543192 words of font info for 63 fonts, out of 8000000 for 9000
 1141 hyphenation exceptions out of 8191
 58i,19n,80p,806b,556s stack positions out of 5000i,500n,10000p,200000b,80000s
</usr/share/texlive/texmf-dist/fonts/type1/public/amsfonts/cm/cmmi12.pfb></us
r/share/texlive/texmf-dist/fonts/type1/public/amsfonts/cm/cmss10.pfb></usr/shar
e/texlive/texmf-dist/fonts/type1/public/amsfonts/cm/cmss12.pfb></usr/share/texl
ive/texmf-dist/fonts/type1/public/amsfonts/cm/cmss8.pfb></usr/share/texlive/tex
mf-dist/fonts/type1/public/amsfonts/cm/cmssi12.pfb></usr/share/texlive/texmf-di
st/fonts/type1/public/amsfonts/cm/cmsy10.pfb></usr/share/texlive/texmf-dist/fon
ts/type1/public/amsfonts/symbols/msam10.pfb>
Output written on presentation.pdf (119 pages, 19104980 bytes).
PDF statistics:
 9157 PDF objects out of 10688 (max. 8388607)
 7771 compressed objects within 78 object streams
 256 named destinations out of 1000 (max. 500000)
 593 words of extra memory for PDF output out of 10000 (max. 10000000)

