\BOOKMARK [0][-]{chapter.1}{Cross-relaxations between NV centers and dark spins in CVD-grown diamond}{}% 1
\BOOKMARK [1][-]{section.1.1}{Dark spins in diamond}{chapter.1}% 2
\BOOKMARK [2][-]{subsection.1.1.1}{P1 centers and 13C}{section.1.1}% 3
\BOOKMARK [2][-]{subsection.1.1.2}{Other spin defects, VH-, War1}{section.1.1}% 4
\BOOKMARK [2][-]{subsection.1.1.3}{EPR spectroscopy}{section.1.1}% 5
\BOOKMARK [1][-]{section.1.2}{NV center relaxometry}{chapter.1}% 6
\BOOKMARK [2][-]{subsection.1.2.1}{Principle of NV center Relaxometry}{section.1.2}% 7
\BOOKMARK [2][-]{subsection.1.2.2}{PL and single- relaxometry protocols}{section.1.2}% 8
\BOOKMARK [2][-]{subsection.1.2.3}{Comparison with DEER protocol}{section.1.2}% 9
\BOOKMARK [1][-]{section.1.3}{Choice of the magnetic field orientation}{chapter.1}% 10
\BOOKMARK [2][-]{subsection.1.3.1}{The [100] and [111] magnetic field orientations}{section.1.3}% 11
\BOOKMARK [2][-]{subsection.1.3.2}{CR condition between NV- and P1}{section.1.3}% 12
\BOOKMARK [2][-]{subsection.1.3.3}{CR condition between NV- and VH-}{section.1.3}% 13
\BOOKMARK [2][-]{subsection.1.3.4}{CR condition between NV- and and 13C-NV-}{section.1.3}% 14
\BOOKMARK [2][-]{subsection.1.3.5}{CR contrast and transverse magnetic field}{section.1.3}% 15
\BOOKMARK [1][-]{section.1.4}{Dark spin spectroscopy with NV centers}{chapter.1}% 16
\BOOKMARK [2][-]{subsection.1.4.1}{Detection of P1 centers}{section.1.4}% 17
\BOOKMARK [2][-]{subsection.1.4.2}{Detection of VH-, War1 and 13C-NV-}{section.1.4}% 18
\BOOKMARK [1][-]{section.1.5}{Attribution of the 13C-NV-, VH- and War1 lines}{chapter.1}% 19
\BOOKMARK [2][-]{subsection.1.5.1}{The VH- and War1 lines}{section.1.5}% 20
\BOOKMARK [2][-]{subsection.1.5.2}{The 13C-NV- lines}{section.1.5}% 21
\BOOKMARK [1][-]{section.1.6}{Quantitative estimates of the NV-Dark spins CR}{chapter.1}% 22
\BOOKMARK [2][-]{subsection.1.6.1}{Dark spin Hamiltonian parameters}{section.1.6}% 23
\BOOKMARK [2][-]{subsection.1.6.2}{Dark spin linewidth}{section.1.6}% 24
\BOOKMARK [2][-]{subsection.1.6.3}{Dark spin concentration}{section.1.6}% 25
\BOOKMARK [1][-]{section.1.7}{Temperature dependence of VH- and War1}{chapter.1}% 26
\BOOKMARK [2][-]{subsection.1.7.1}{Mofifications on CVD samples}{section.1.7}% 27
\BOOKMARK [2][-]{subsection.1.7.2}{Modification on HPHT samples}{section.1.7}% 28
\BOOKMARK [1][-]{section.1.8}{Conclusion and perspectives}{chapter.1}% 29
\BOOKMARK [2][-]{subsection.1.8.1}{Unidentified CR lines}{section.1.8}% 30
\BOOKMARK [2][-]{subsection.1.8.2}{Measuring the spin dynamics of VH-}{section.1.8}% 31
\BOOKMARK [2][-]{subsection.1.8.3}{Isolating a single VH-}{section.1.8}% 32
