This is pdfTeX, Version 3.14159265-2.6-1.40.20 (TeX Live 2019/Debian) (preloaded format=pdflatex 2020.10.7)  1 JAN 2021 12:36
entering extended mode
 restricted \write18 enabled.
 %&-line parsing enabled.
**dble_quantum.tex
(./dble_quantum.tex
LaTeX2e <2020-02-02> patch level 2
L3 programming layer <2020-02-14>
(/usr/share/texlive/texmf-dist/tex/latex/revtex/revtex4-1.cls
Document Class: revtex4-1 2010/07/25/20:33:00 4.1r (http://publish.aps.org/revt
ex4/ for documentation)
 Copyright (c) 2009 The American Physical Society.
 mailto:revtex@aps.org
 Licensed under the LPPL:
http://www.ctan.org/tex-archive/macros/latex/base/lppl.txt
 Arthur Ogawa <arthur_ogawa at sbcglobal dot net>
 Based on work by David Carlisle <david at dcarlisle.demon.co.uk>.
ltxutil[2010/07/25/20:33:00 4.1r utilities package (portions licensed from W. E
. Baxter web at superscript.com)]
LaTeX Info: Redefining \@centercr on input line 308.
Class revtex4-1 Info: Repairing broken LaTeX eqnarray on input line 358.
\eqncolsep=\skip47
Class revtex4-1 Info: Repairing hyperref-unfriendly LaTeX definition of \mpfoot
note on input line 433.
Class revtex4-1 Info: Repairing broken LateX \@sect on input line 755.
\intertabularlinepenalty=\count167
\@tbpen=\count168
\@arstrutbox@hline=\box45
Class revtex4-1 Info: Repairing broken LaTeX \@xbitor on input line 1786.
Class revtex4-1 Info: Making \typeout \long on input line 2046.
ltxfront[2010/07/25/20:33:00 4.1r frontmatter package (AO,DPC)]
\c@affil=\count169
\c@collab=\count170
\absbox=\box46
ltxgrid[2010/07/25/20:33:00 4.1r page grid package (portions licensed from W. E
. Baxter web at superscript.com)]
\c@linecount=\count171
\output@latex=\toks14
\box@size@1=\box47
\box@size@2=\box48
\@protection@box=\box49
\@topmark@saved=\toks15
\footins@saved=\box50
\footins@recovered=\box51
\column@recovered=\box52
\pagesofar=\box53
\footsofar=\box54
\pagegrid@col=\count172

Class revtex4-1 Warning: Failed to recognize \@vspace, \@vspacer, \@no@pgbk, \@
newline, and \\; no patches applied. Please get a more up-to-date class, .

\c@part=\count173
\c@section=\count174
\c@subsection=\count175
\c@subsubsection=\count176
\c@paragraph=\count177
\c@subparagraph=\count178
\abovecaptionskip=\skip48
\belowcaptionskip=\skip49
\c@figure=\count179
\fbox@1=\box55
\c@table=\count180
\fbox@2=\box56
\c@video=\count181
\fbox@4=\box57
\@bibdataout=\write3
\widetext@top=\box58
\widetext@bot=\box59

Class revtex4-1 Warning: No Society specified, using default society aps.

(/usr/share/texlive/texmf-dist/tex/latex/revtex/aps4-1.rtx
File: aps4-1 2010/07/25/20:33:00 4.1r (http://publish.aps.org/revtex4/ for docu
mentation)
Class revtex4-1 Info: RevTeX society APS selected on input line 31.
)

Class revtex4-1 Warning: No journal specified, using default pra.

Class revtex4-1 Info: APS journal PRA selected on input line 7545.

Class revtex4-1 Warning: No type size specified, using default 10.

(/usr/share/texlive/texmf-dist/tex/latex/revtex/aps10pt4-1.rtx
File: aps10pt4-1 2010/07/25/20:33:00 4.1r (http://publish.aps.org/revtex4/ for 
documentation)
Class revtex4-1 Info: RevTeX pointsize 10pt selected on input line 30.
)
(/usr/share/texlive/texmf-dist/tex/latex/textcase/textcase.sty
Package: textcase 2019/09/14 v1.00 Text only upper/lower case changing (DPC)
)
(/usr/share/texlive/texmf-dist/tex/latex/amsfonts/amssymb.sty
Package: amssymb 2013/01/14 v3.01 AMS font symbols

(/usr/share/texlive/texmf-dist/tex/latex/amsfonts/amsfonts.sty
Package: amsfonts 2013/01/14 v3.01 Basic AMSFonts support
\@emptytoks=\toks16
\symAMSa=\mathgroup4
\symAMSb=\mathgroup5
LaTeX Font Info:    Redeclaring math symbol \hbar on input line 98.
LaTeX Font Info:    Overwriting math alphabet `\mathfrak' in version `bold'
(Font)                  U/euf/m/n --> U/euf/b/n on input line 106.
))
(/usr/share/texlive/texmf-dist/tex/latex/amsmath/amsmath.sty
Package: amsmath 2020/01/20 v2.17e AMS math features
\@mathmargin=\skip50

For additional information on amsmath, use the `?' option.
(/usr/share/texlive/texmf-dist/tex/latex/amsmath/amstext.sty
Package: amstext 2000/06/29 v2.01 AMS text

(/usr/share/texlive/texmf-dist/tex/latex/amsmath/amsgen.sty
File: amsgen.sty 1999/11/30 v2.0 generic functions
\@emptytoks=\toks17
\ex@=\dimen134
)
LaTeX Info: Redefining \text on input line 28.
)
(/usr/share/texlive/texmf-dist/tex/latex/amsmath/amsbsy.sty
Package: amsbsy 1999/11/29 v1.2d Bold Symbols
\pmbraise@=\dimen135
)
(/usr/share/texlive/texmf-dist/tex/latex/amsmath/amsopn.sty
Package: amsopn 2016/03/08 v2.02 operator names
)
\inf@bad=\count182
LaTeX Info: Redefining \frac on input line 227.
\uproot@=\count183
\leftroot@=\count184
LaTeX Info: Redefining \overline on input line 389.
\classnum@=\count185
\DOTSCASE@=\count186
LaTeX Info: Redefining \ldots on input line 486.
LaTeX Info: Redefining \dots on input line 489.
LaTeX Info: Redefining \cdots on input line 610.
\Mathstrutbox@=\box60
\strutbox@=\box61
\big@size=\dimen136
LaTeX Font Info:    Redeclaring font encoding OML on input line 733.
LaTeX Font Info:    Redeclaring font encoding OMS on input line 734.
\macc@depth=\count187
\c@MaxMatrixCols=\count188
\dotsspace@=\muskip16
\c@parentequation=\count189
\dspbrk@lvl=\count190
\tag@help=\toks18
\row@=\count191
\column@=\count192
\maxfields@=\count193
\andhelp@=\toks19
\eqnshift@=\dimen137
\alignsep@=\dimen138
\tagshift@=\dimen139
\tagwidth@=\dimen140
\totwidth@=\dimen141
\lineht@=\dimen142
\@envbody=\toks20
\multlinegap=\skip51
\multlinetaggap=\skip52
\mathdisplay@stack=\toks21
LaTeX Info: Redefining \[ on input line 2859.
LaTeX Info: Redefining \] on input line 2860.
)
(/usr/share/texlive/texmf-dist/tex/latex/url/url.sty
\Urlmuskip=\muskip17
Package: url 2013/09/16  ver 3.4  Verb mode for urls, etc.
)
(/usr/share/texlive/texmf-dist/tex/latex/natbib/natbib.sty
Package: natbib 2010/09/13 8.31b (PWD, AO)
\bibhang=\skip53
\bibsep=\skip54
LaTeX Info: Redefining \cite on input line 694.
\c@NAT@ctr=\count194
)
Class revtex4-1 Info: Repairing natbib's \BibitemShut on input line 7549.

(/usr/share/texlive/texmf-dist/tex/latex/revtex/revsymb4-1.sty
Package: revsymb4-1 2010/07/25/20:33:00 4.1r (http://publish.aps.org/revtex4/ f
or documentation)
LaTeX Info: Redefining \frak on input line 95.
LaTeX Info: Redefining \Bbb on input line 111.
LaTeX Info: Redefining \REV@mathfrak on input line 119.
))
(/usr/share/texlive/texmf-dist/tex/latex/graphics/graphicx.sty
Package: graphicx 2019/11/30 v1.2a Enhanced LaTeX Graphics (DPC,SPQR)

(/usr/share/texlive/texmf-dist/tex/latex/graphics/keyval.sty
Package: keyval 2014/10/28 v1.15 key=value parser (DPC)
\KV@toks@=\toks22
)
(/usr/share/texlive/texmf-dist/tex/latex/graphics/graphics.sty
Package: graphics 2019/11/30 v1.4a Standard LaTeX Graphics (DPC,SPQR)

(/usr/share/texlive/texmf-dist/tex/latex/graphics/trig.sty
Package: trig 2016/01/03 v1.10 sin cos tan (DPC)
)
(/usr/share/texlive/texmf-dist/tex/latex/graphics-cfg/graphics.cfg
File: graphics.cfg 2016/06/04 v1.11 sample graphics configuration
)
Package graphics Info: Driver file: pdftex.def on input line 105.

(/usr/share/texlive/texmf-dist/tex/latex/graphics-def/pdftex.def
File: pdftex.def 2018/01/08 v1.0l Graphics/color driver for pdftex
))
\Gin@req@height=\dimen143
\Gin@req@width=\dimen144
)
(/usr/share/texlive/texmf-dist/tex/latex/tools/dcolumn.sty
Package: dcolumn 2014/10/28 v1.06 decimal alignment package (DPC)

(/usr/share/texlive/texmf-dist/tex/latex/tools/array.sty
Package: array 2019/08/31 v2.4l Tabular extension package (FMi)
\col@sep=\dimen145
\ar@mcellbox=\box62
\extrarowheight=\dimen146
\NC@list=\toks23
\extratabsurround=\skip55
\backup@length=\skip56
\ar@cellbox=\box63
))
(/usr/share/texlive/texmf-dist/tex/latex/tools/bm.sty
Package: bm 2019/07/24 v1.2d Bold Symbol Support (DPC/FMi)
\symboldoperators=\mathgroup6
\symboldletters=\mathgroup7
\symboldsymbols=\mathgroup8
LaTeX Font Info:    Redeclaring math alphabet \mathbf on input line 141.
LaTeX Info: Redefining \bm on input line 209.
)
(/usr/share/texlive/texmf-dist/tex/latex/physics/physics.sty
Package: physics 

(/usr/share/texlive/texmf-dist/tex/latex/l3packages/xparse/xparse.sty
(/usr/share/texlive/texmf-dist/tex/latex/l3kernel/expl3.sty
Package: expl3 2020-02-14 L3 programming layer (loader) 

(/usr/share/texlive/texmf-dist/tex/latex/l3backend/l3backend-pdfmode.def
File: l3backend-pdfmode.def 2020-02-03 L3 backend support: PDF mode
\l__kernel_color_stack_int=\count195
\l__pdf_internal_box=\box64
))
Package: xparse 2020-02-14 L3 Experimental document command parser
\l__xparse_current_arg_int=\count196
\g__xparse_grabber_int=\count197
\l__xparse_m_args_int=\count198
\l__xparse_v_nesting_int=\count199
))
(/usr/share/texlive/texmf-dist/tex/latex/subfig/subfig.sty
Package: subfig 2005/06/28 ver: 1.3 subfig package

(/usr/share/texlive/texmf-dist/tex/latex/caption/caption3.sty
Package: caption3 2020/01/03 v1.8h caption3 kernel (AR)
Package caption3 Info: TeX engine: e-TeX on input line 61.
\captionmargin=\dimen147
\captionmargin@=\dimen148
\captionwidth=\dimen149
\caption@tempdima=\dimen150
\caption@indent=\dimen151
\caption@parindent=\dimen152
\caption@hangindent=\dimen153
Package caption Info: Unknown document class (or package),
(caption)             standard defaults will be used.
Package caption Info: \@makecaption = \long macro:#1#2->\par \vskip \abovecapti
onskip \begingroup \small \rmfamily \sbox \@tempboxa {\let \\\heading@cr \@make
@capt@title {#1}{#2}}\@ifdim {\wd \@tempboxa >\hsize }{\begingroup \samepage \f
lushing \let \footnote \@footnotemark@gobble \@make@capt@title {#1}{#2}\par \en
dgroup }{\global \@minipagefalse \hb@xt@ \hsize {\hfil \unhbox \@tempboxa \hfil
 }}\endgroup \vskip \belowcaptionskip  on input line 1082.
)
\c@KVtest=\count266
\sf@farskip=\skip57
\sf@captopadj=\dimen154
\sf@capskip=\skip58
\sf@nearskip=\skip59
\c@subfigure=\count267
\c@subfigure@save=\count268
\c@lofdepth=\count269
\c@subtable=\count270
\c@subtable@save=\count271
\c@lotdepth=\count272
\sf@top=\skip60
\sf@bottom=\skip61
)
Class revtex4-1 Info: Unrecognized array package. Please update this document c
lass! (Proceeding with fingers crossed.) on input line 11.
Class revtex4-1 Info: cite was not loaded (OK!) on input line 11.
Class revtex4-1 Info: mcite was not loaded (OK!) on input line 11.
Class revtex4-1 Info: multicol was not loaded (OK!) on input line 11.

(./dble_quantum.aux)
\openout1 = `dble_quantum.aux'.

LaTeX Font Info:    Checking defaults for OML/cmm/m/it on input line 11.
LaTeX Font Info:    ... okay on input line 11.
LaTeX Font Info:    Checking defaults for OMS/cmsy/m/n on input line 11.
LaTeX Font Info:    ... okay on input line 11.
LaTeX Font Info:    Checking defaults for OT1/cmr/m/n on input line 11.
LaTeX Font Info:    ... okay on input line 11.
LaTeX Font Info:    Checking defaults for T1/cmr/m/n on input line 11.
LaTeX Font Info:    ... okay on input line 11.
LaTeX Font Info:    Checking defaults for TS1/cmr/m/n on input line 11.
LaTeX Font Info:    ... okay on input line 11.
LaTeX Font Info:    Checking defaults for OMX/cmex/m/n on input line 11.
LaTeX Font Info:    ... okay on input line 11.
LaTeX Font Info:    Checking defaults for U/cmr/m/n on input line 11.
LaTeX Font Info:    ... okay on input line 11.

(/usr/share/texlive/texmf-dist/tex/context/base/mkii/supp-pdf.mkii
[Loading MPS to PDF converter (version 2006.09.02).]
\scratchcounter=\count273
\scratchdimen=\dimen155
\scratchbox=\box65
\nofMPsegments=\count274
\nofMParguments=\count275
\everyMPshowfont=\toks24
\MPscratchCnt=\count276
\MPscratchDim=\dimen156
\MPnumerator=\count277
\makeMPintoPDFobject=\count278
\everyMPtoPDFconversion=\toks25
) (/usr/share/texlive/texmf-dist/tex/latex/epstopdf-pkg/epstopdf-base.sty
Package: epstopdf-base 2020-01-24 v2.11 Base part for package epstopdf
Package epstopdf-base Info: Redefining graphics rule for `.eps' on input line 4
85.

(/usr/share/texlive/texmf-dist/tex/latex/latexconfig/epstopdf-sys.cfg
File: epstopdf-sys.cfg 2010/07/13 v1.3 Configuration of (r)epstopdf for TeX Liv
e
))
Package caption Info: Begin \AtBeginDocument code.
Package caption Info: subfig package v1.3 is loaded.
Package caption Info: End \AtBeginDocument code.
\openout3 = `dble_quantumNotes.bib'.

LaTeX Font Info:    Trying to load font information for U+msa on input line 24.


(/usr/share/texlive/texmf-dist/tex/latex/amsfonts/umsa.fd
File: umsa.fd 2013/01/14 v3.01 AMS symbols A
)
LaTeX Font Info:    Trying to load font information for U+msb on input line 24.


(/usr/share/texlive/texmf-dist/tex/latex/amsfonts/umsb.fd
File: umsb.fd 2013/01/14 v3.01 AMS symbols B
)

Package natbib Warning: Citation `choi_depolarization_2017' on page 1 undefined
 on input line 42.

Package epstopdf Info: Source file: <Cristallo.eps>
(epstopdf)                    date: 2020-08-03 18:56:19
(epstopdf)                    size: 1414538 bytes
(epstopdf)             Output file: <Cristallo-eps-converted-to.pdf>
(epstopdf)                    date: 2020-08-03 23:31:05
(epstopdf)                    size: 16028 bytes
(epstopdf)             Command: <repstopdf --outfile=Cristallo-eps-converted-to
.pdf Cristallo.eps>
(epstopdf)             \includegraphics on input line 55.
Package epstopdf Info: Output file is already uptodate.
<Cristallo-eps-converted-to.pdf, id=1, 220.825pt x 156.585pt>
File: Cristallo-eps-converted-to.pdf Graphic file (type pdf)
<use Cristallo-eps-converted-to.pdf>
Package pdftex.def Info: Cristallo-eps-converted-to.pdf  used on input line 55.

(pdftex.def)             Requested size: 203.99689pt x 144.65965pt.
Package epstopdf Info: Source file: <map_full.eps>
(epstopdf)                    date: 2020-08-19 14:44:06
(epstopdf)                    size: 27370 bytes
(epstopdf)             Output file: <map_full-eps-converted-to.pdf>
(epstopdf)                    date: 2020-08-19 14:44:14
(epstopdf)                    size: 11799 bytes
(epstopdf)             Command: <repstopdf --outfile=map_full-eps-converted-to.
pdf map_full.eps>
(epstopdf)             \includegraphics on input line 61.
Package epstopdf Info: Output file is already uptodate.


pdfTeX warning: /usr/bin/pdflatex (file ./map_full-eps-converted-to.pdf): PDF i
nclusion: found PDF version <1.7>, but at most version <1.5> allowed
<map_full-eps-converted-to.pdf, id=2, 678.535pt x 514.92375pt>
File: map_full-eps-converted-to.pdf Graphic file (type pdf)
<use map_full-eps-converted-to.pdf>
Package pdftex.def Info: map_full-eps-converted-to.pdf  used on input line 61.
(pdftex.def)             Requested size: 203.99689pt x 154.8083pt.
Package epstopdf Info: Source file: <map_zoom.eps>
(epstopdf)                    date: 2020-08-19 14:54:14
(epstopdf)                    size: 26211 bytes
(epstopdf)             Output file: <map_zoom-eps-converted-to.pdf>
(epstopdf)                    date: 2020-08-19 14:54:18
(epstopdf)                    size: 13711 bytes
(epstopdf)             Command: <repstopdf --outfile=map_zoom-eps-converted-to.
pdf map_zoom.eps>
(epstopdf)             \includegraphics on input line 68.
Package epstopdf Info: Output file is already uptodate.


pdfTeX warning: /usr/bin/pdflatex (file ./map_zoom-eps-converted-to.pdf): PDF i
nclusion: found PDF version <1.7>, but at most version <1.5> allowed
<map_zoom-eps-converted-to.pdf, id=3, 601.24625pt x 458.71375pt>
File: map_zoom-eps-converted-to.pdf Graphic file (type pdf)
<use map_zoom-eps-converted-to.pdf>
Package pdftex.def Info: map_zoom-eps-converted-to.pdf  used on input line 68.
(pdftex.def)             Requested size: 203.99689pt x 155.63864pt.

Package natbib Warning: Citation `choi_depolarization_2017' on page 1 undefined
 on input line 76.

Package epstopdf Info: Source file: <Carte.eps>
(epstopdf)                    date: 2020-08-19 16:33:13
(epstopdf)                    size: 1989784 bytes
(epstopdf)             Output file: <Carte-eps-converted-to.pdf>
(epstopdf)                    date: 2020-08-19 16:33:23
(epstopdf)                    size: 74743 bytes
(epstopdf)             Command: <repstopdf --outfile=Carte-eps-converted-to.pdf
 Carte.eps>
(epstopdf)             \includegraphics on input line 93.
Package epstopdf Info: Output file is already uptodate.


pdfTeX warning: /usr/bin/pdflatex (file ./Carte-eps-converted-to.pdf): PDF incl
usion: found PDF version <1.7>, but at most version <1.5> allowed
<Carte-eps-converted-to.pdf, id=4, 622.325pt x 492.84125pt>
File: Carte-eps-converted-to.pdf Graphic file (type pdf)
<use Carte-eps-converted-to.pdf>
Package pdftex.def Info: Carte-eps-converted-to.pdf  used on input line 93.
(pdftex.def)             Requested size: 203.99689pt x 161.5552pt.
Package epstopdf Info: Source file: <T_1.eps>
(epstopdf)                    date: 2020-08-20 11:23:36
(epstopdf)                    size: 41231 bytes
(epstopdf)             Output file: <T_1-eps-converted-to.pdf>
(epstopdf)                    date: 2020-08-20 11:23:50
(epstopdf)                    size: 26777 bytes
(epstopdf)             Command: <repstopdf --outfile=T_1-eps-converted-to.pdf T
_1.eps>
(epstopdf)             \includegraphics on input line 102.
Package epstopdf Info: Output file is already uptodate.


pdfTeX warning: /usr/bin/pdflatex (file ./T_1-eps-converted-to.pdf): PDF inclus
ion: found PDF version <1.7>, but at most version <1.5> allowed
<T_1-eps-converted-to.pdf, id=5, 557.08125pt x 460.72125pt>
File: T_1-eps-converted-to.pdf Graphic file (type pdf)
<use T_1-eps-converted-to.pdf>
Package pdftex.def Info: T_1-eps-converted-to.pdf  used on input line 102.
(pdftex.def)             Requested size: 203.99689pt x 168.70668pt.
<R1_vs_J.pdf, id=6, 664.24559pt x 670.505pt>
File: R1_vs_J.pdf Graphic file (type pdf)
<use R1_vs_J.pdf>
Package pdftex.def Info: R1_vs_J.pdf  used on input line 110.
(pdftex.def)             Requested size: 203.99689pt x 205.92073pt.
Package epstopdf Info: Source file: <13C_transitions.eps>
(epstopdf)                    date: 2020-08-21 18:17:08
(epstopdf)                    size: 51534 bytes
(epstopdf)             Output file: <13C_transitions-eps-converted-to.pdf>
(epstopdf)                    date: 2020-08-21 18:18:39
(epstopdf)                    size: 23856 bytes
(epstopdf)             Command: <repstopdf --outfile=13C_transitions-eps-conver
ted-to.pdf 13C_transitions.eps>
(epstopdf)             \includegraphics on input line 118.
Package epstopdf Info: Output file is already uptodate.


pdfTeX warning: /usr/bin/pdflatex (file ./13C_transitions-eps-converted-to.pdf)
: PDF inclusion: found PDF version <1.7>, but at most version <1.5> allowed
<13C_transitions-eps-converted-to.pdf, id=7, 706.64pt x 462.72874pt>
File: 13C_transitions-eps-converted-to.pdf Graphic file (type pdf)
<use 13C_transitions-eps-converted-to.pdf>
Package pdftex.def Info: 13C_transitions-eps-converted-to.pdf  used on input li
ne 118.
(pdftex.def)             Requested size: 203.99689pt x 133.58067pt.
Package epstopdf Info: Source file: <transi_VH.eps>
(epstopdf)                    date: 2020-08-21 18:15:07
(epstopdf)                    size: 37118 bytes
(epstopdf)             Output file: <transi_VH-eps-converted-to.pdf>
(epstopdf)                    date: 2020-09-01 15:33:24
(epstopdf)                    size: 19082 bytes
(epstopdf)             Command: <repstopdf --outfile=transi_VH-eps-converted-to
.pdf transi_VH.eps>
(epstopdf)             \includegraphics on input line 123.
Package epstopdf Info: Output file is already uptodate.


pdfTeX warning: /usr/bin/pdflatex (file ./transi_VH-eps-converted-to.pdf): PDF 
inclusion: found PDF version <1.7>, but at most version <1.5> allowed
<transi_VH-eps-converted-to.pdf, id=8, 664.4825pt x 438.63875pt>
File: transi_VH-eps-converted-to.pdf Graphic file (type pdf)
<use transi_VH-eps-converted-to.pdf>
Package pdftex.def Info: transi_VH-eps-converted-to.pdf  used on input line 123
.
(pdftex.def)             Requested size: 203.99689pt x 134.66475pt.
Package epstopdf Info: Source file: <rose_10V_13C.eps>
(epstopdf)                    date: 2020-08-21 18:10:33
(epstopdf)                    size: 37595 bytes
(epstopdf)             Output file: <rose_10V_13C-eps-converted-to.pdf>
(epstopdf)                    date: 2020-08-21 18:18:40
(epstopdf)                    size: 20186 bytes
(epstopdf)             Command: <repstopdf --outfile=rose_10V_13C-eps-converted
-to.pdf rose_10V_13C.eps>
(epstopdf)             \includegraphics on input line 128.
Package epstopdf Info: Output file is already uptodate.


pdfTeX warning: /usr/bin/pdflatex (file ./rose_10V_13C-eps-converted-to.pdf): P
DF inclusion: found PDF version <1.7>, but at most version <1.5> allowed
<rose_10V_13C-eps-converted-to.pdf, id=9, 672.5125pt x 474.77374pt>
File: rose_10V_13C-eps-converted-to.pdf Graphic file (type pdf)
<use rose_10V_13C-eps-converted-to.pdf>
Package pdftex.def Info: rose_10V_13C-eps-converted-to.pdf  used on input line 
128.
(pdftex.def)             Requested size: 203.99689pt x 144.01251pt.
[1{/var/lib/texmf/fonts/map/pdftex/updmap/pdftex.map} <./Cristallo-eps-converte
d-to.pdf> <./map_full-eps-converted-to.pdf>]

LaTeX Warning: A float is stuck (cannot be placed); try class option [floatfix]
 on input line 135.

[2 <./map_zoom-eps-converted-to.pdf> <./Carte-eps-converted-to.pdf> <./T_1-eps-
converted-to.pdf> <./R1_vs_J.pdf> <./13C_transitions-eps-converted-to.pdf> <./t
ransi_VH-eps-converted-to.pdf>]

LaTeX Warning: A float is stuck (cannot be placed); try class option [floatfix]
 on input line 155.

(./dble_quantum.bbl)

Package natbib Warning: There were undefined citations.

[3 <./rose_10V_13C-eps-converted-to.pdf>] (./dble_quantum.aux) ) 
Here is how much of TeX's memory you used:
 6214 strings out of 481239
 89745 string characters out of 5920377
 346901 words of memory out of 5000000
 21408 multiletter control sequences out of 15000+600000
 542692 words of font info for 62 fonts, out of 8000000 for 9000
 1141 hyphenation exceptions out of 8191
 43i,7n,42p,462b,279s stack positions out of 5000i,500n,10000p,200000b,80000s
</usr/share/tex
live/texmf-dist/fonts/type1/public/amsfonts/cm/cmbx10.pfb></usr/share/texlive/t
exmf-dist/fonts/type1/public/amsfonts/cm/cmbx12.pfb></usr/share/texlive/texmf-d
ist/fonts/type1/public/amsfonts/cm/cmbx9.pfb></usr/share/texlive/texmf-dist/fon
ts/type1/public/amsfonts/cm/cmmi10.pfb></usr/share/texlive/texmf-dist/fonts/typ
e1/public/amsfonts/cm/cmmi9.pfb></usr/share/texlive/texmf-dist/fonts/type1/publ
ic/amsfonts/cm/cmr10.pfb></usr/share/texlive/texmf-dist/fonts/type1/public/amsf
onts/cm/cmr6.pfb></usr/share/texlive/texmf-dist/fonts/type1/public/amsfonts/cm/
cmr7.pfb></usr/share/texlive/texmf-dist/fonts/type1/public/amsfonts/cm/cmr9.pfb
></usr/share/texlive/texmf-dist/fonts/type1/public/amsfonts/cm/cmsy6.pfb></usr/
share/texlive/texmf-dist/fonts/type1/public/amsfonts/cm/cmsy7.pfb></usr/share/t
exlive/texmf-dist/fonts/type1/public/amsfonts/cm/cmsy9.pfb></usr/share/texlive/
texmf-dist/fonts/type1/public/amsfonts/cm/cmti9.pfb>
Output written on dble_quantum.pdf (3 pages, 413614 bytes).
PDF statistics:
 361 PDF objects out of 1000 (max. 8388607)
 106 compressed objects within 2 object streams
 0 named destinations out of 1000 (max. 500000)
 46 words of extra memory for PDF output out of 10000 (max. 10000000)

