This is pdfTeX, Version 3.141592653-2.6-1.40.23 (TeX Live 2021/W32TeX) (preloaded format=pdflatex 2021.9.5)  27 MAY 2022 16:37
entering extended mode
 restricted \write18 enabled.
 %&-line parsing enabled.
**Low_field_CR_SI.tex
(./Low_field_CR_SI.tex
LaTeX2e <2021-06-01> patch level 1
L3 programming layer <2021-08-27>
(c:/texlive/2021/texmf-dist/tex/latex/revtex/revtex4-2.cls
Document Class: revtex4-2 2020/10/03 4.2e (https://journals.aps.org/revtex/ for
 documentation)
 Copyright (c) 2019 American Physical Society.
 mailto:revtex@aps.org
 Licensed under the LPPL:
http://www.ctan.org/tex-archive/macros/latex/base/lppl.txt
 Arthur Ogawa <arthur_ogawa at sbcglobal dot net>
 Based on work by David Carlisle <david at dcarlisle.demon.co.uk>
 Version (4.2d,4.2e): Modified by Mark Doyle and Phelype Oleinik
 .
ltxutil[2020/10/03 4.2e utilities package (portions licensed from W. E. Baxter 
web at superscript.com)]
LaTeX Info: Redefining \@centercr on input line 356.
Class revtex4-2 Info: Repairing broken LaTeX eqnarray on input line 406.
\eqncolsep=\skip47
Class revtex4-2 Info: Repairing hyperref-unfriendly LaTeX definition of \mpfoot
note on input line 481.
Class revtex4-2 Info: Repairing broken LateX \@sect on input line 803.
\intertabularlinepenalty=\count182
\@tbpen=\count183
\@arstrutbox@hline=\box50
Class revtex4-2 Info: Repairing broken LaTeX \@xbitor on input line 1834.
Class revtex4-2 Info: Making \typeout \long on input line 2099.
ltxfront[2020/10/03 4.2e frontmatter package (AO,DPC,MD)]
\c@affil=\count184
\c@collab=\count185
\absbox=\box51
ltxgrid[2020/10/03 4.2e page grid package (portions licensed from W. E. Baxter 
web at superscript.com)]
\c@linecount=\count186
\output@latex=\toks16
\box@size@1=\box52
\box@size@2=\box53
\@protection@box=\box54
\@topmark@saved=\toks17
\footins@saved=\box55
\footins@recovered=\box56
\column@recovered=\box57
\pagesofar=\box58
\footsofar=\box59
\pagegrid@col=\count187
Class revtex4-2 Info: Overriding \@vspace, \@vspacer, \@no@pgbk, \@newline, and
 \\  on input line 5665.
\c@part=\count188
\c@section=\count189
\c@subsection=\count190
\c@subsubsection=\count191
\c@paragraph=\count192
\c@subparagraph=\count193
\abovecaptionskip=\skip48
\belowcaptionskip=\skip49
\c@figure=\count194
\fbox@1=\box60
\c@table=\count195
\fbox@2=\box61
\c@video=\count196
\fbox@4=\box62
\@bibdataout=\write3
\widetext@top=\box63
\widetext@bot=\box64

Class revtex4-2 Warning: No Society specified, using default society aps.

(c:/texlive/2021/texmf-dist/tex/latex/revtex/aps4-2.rtx
File: aps4-2 2020/10/03 4.2e (https://journals.aps.org/revtex/ for documentatio
n)
Class revtex4-2 Info: RevTeX society APS selected on input line 40.
)

Class revtex4-2 Warning: No journal specified, using default pra.

Class revtex4-2 Info: APS journal PRA selected on input line 7661.
(c:/texlive/2021/texmf-dist/tex/latex/revtex/aps12pt4-2.rtx
File: aps12pt4-2 2020/10/03 4.2e (https://journals.aps.org/revtex/ for document
ation)
Class revtex4-2 Info: RevTeX pointsize 12pt selected on input line 39.
)
(c:/texlive/2021/texmf-dist/tex/latex/textcase/textcase.sty
Package: textcase 2019/09/14 v1.00 Text only upper/lower case changing (DPC)
)
(c:/texlive/2021/texmf-dist/tex/latex/amsfonts/amssymb.sty
Package: amssymb 2013/01/14 v3.01 AMS font symbols

(c:/texlive/2021/texmf-dist/tex/latex/amsfonts/amsfonts.sty
Package: amsfonts 2013/01/14 v3.01 Basic AMSFonts support
\@emptytoks=\toks18
\symAMSa=\mathgroup4
\symAMSb=\mathgroup5
LaTeX Font Info:    Redeclaring math symbol \hbar on input line 98.
LaTeX Font Info:    Overwriting math alphabet `\mathfrak' in version `bold'
(Font)                  U/euf/m/n --> U/euf/b/n on input line 106.
))
(c:/texlive/2021/texmf-dist/tex/latex/amsmath/amsmath.sty
Package: amsmath 2021/04/20 v2.17j AMS math features
\@mathmargin=\skip50

For additional information on amsmath, use the `?' option.
(c:/texlive/2021/texmf-dist/tex/latex/amsmath/amstext.sty
Package: amstext 2000/06/29 v2.01 AMS text

(c:/texlive/2021/texmf-dist/tex/latex/amsmath/amsgen.sty
File: amsgen.sty 1999/11/30 v2.0 generic functions
\@emptytoks=\toks19
\ex@=\dimen138
)
LaTeX Info: Redefining \text on input line 28.
)
(c:/texlive/2021/texmf-dist/tex/latex/amsmath/amsbsy.sty
Package: amsbsy 1999/11/29 v1.2d Bold Symbols
\pmbraise@=\dimen139
)
(c:/texlive/2021/texmf-dist/tex/latex/amsmath/amsopn.sty
Package: amsopn 2016/03/08 v2.02 operator names
)
\inf@bad=\count197
LaTeX Info: Redefining \frac on input line 234.
\uproot@=\count198
\leftroot@=\count199
LaTeX Info: Redefining \overline on input line 399.
\classnum@=\count266
\DOTSCASE@=\count267
LaTeX Info: Redefining \ldots on input line 496.
LaTeX Info: Redefining \dots on input line 499.
LaTeX Info: Redefining \cdots on input line 620.
\Mathstrutbox@=\box65
\strutbox@=\box66
\big@size=\dimen140
LaTeX Font Info:    Redeclaring font encoding OML on input line 743.
LaTeX Font Info:    Redeclaring font encoding OMS on input line 744.
\macc@depth=\count268
\c@MaxMatrixCols=\count269
\dotsspace@=\muskip16
\c@parentequation=\count270
\dspbrk@lvl=\count271
\tag@help=\toks20
\row@=\count272
\column@=\count273
\maxfields@=\count274
\andhelp@=\toks21
\eqnshift@=\dimen141
\alignsep@=\dimen142
\tagshift@=\dimen143
\tagwidth@=\dimen144
\totwidth@=\dimen145
\lineht@=\dimen146
\@envbody=\toks22
\multlinegap=\skip51
\multlinetaggap=\skip52
\mathdisplay@stack=\toks23
LaTeX Info: Redefining \[ on input line 2923.
LaTeX Info: Redefining \] on input line 2924.
)
(c:/texlive/2021/texmf-dist/tex/latex/url/url.sty
\Urlmuskip=\muskip17
Package: url 2013/09/16  ver 3.4  Verb mode for urls, etc.
)
(c:/texlive/2021/texmf-dist/tex/latex/natbib/natbib.sty
Package: natbib 2010/09/13 8.31b (PWD, AO)
\bibhang=\skip53
\bibsep=\skip54
LaTeX Info: Redefining \cite on input line 694.
\c@NAT@ctr=\count275
)
Class revtex4-2 Info: Repairing natbib's \BibitemShut on input line 7665.

(c:/texlive/2021/texmf-dist/tex/latex/revtex/revsymb4-2.sty
Package: revsymb4-2 2020/10/03 4.2e (https://journals.aps.org/revtex/ for docum
entation)
LaTeX Info: Redefining \frak on input line 104.
LaTeX Info: Redefining \Bbb on input line 120.
LaTeX Info: Redefining \REV@mathfrak on input line 128.
))
(c:/texlive/2021/texmf-dist/tex/latex/graphics/graphicx.sty
Package: graphicx 2020/12/05 v1.2c Enhanced LaTeX Graphics (DPC,SPQR)

(c:/texlive/2021/texmf-dist/tex/latex/graphics/keyval.sty
Package: keyval 2014/10/28 v1.15 key=value parser (DPC)
\KV@toks@=\toks24
)
(c:/texlive/2021/texmf-dist/tex/latex/graphics/graphics.sty
Package: graphics 2021/03/04 v1.4d Standard LaTeX Graphics (DPC,SPQR)

(c:/texlive/2021/texmf-dist/tex/latex/graphics/trig.sty
Package: trig 2016/01/03 v1.10 sin cos tan (DPC)
)
(c:/texlive/2021/texmf-dist/tex/latex/graphics-cfg/graphics.cfg
File: graphics.cfg 2016/06/04 v1.11 sample graphics configuration
)
Package graphics Info: Driver file: pdftex.def on input line 107.

(c:/texlive/2021/texmf-dist/tex/latex/graphics-def/pdftex.def
File: pdftex.def 2020/10/05 v1.2a Graphics/color driver for pdftex
))
\Gin@req@height=\dimen147
\Gin@req@width=\dimen148
)
(c:/texlive/2021/texmf-dist/tex/latex/tools/dcolumn.sty
Package: dcolumn 2014/10/28 v1.06 decimal alignment package (DPC)

(c:/texlive/2021/texmf-dist/tex/latex/tools/array.sty
Package: array 2021/04/20 v2.5e Tabular extension package (FMi)
\col@sep=\dimen149
\ar@mcellbox=\box67
\extrarowheight=\dimen150
\NC@list=\toks25
\extratabsurround=\skip55
\backup@length=\skip56
\ar@cellbox=\box68
))
(c:/texlive/2021/texmf-dist/tex/latex/tools/bm.sty
Package: bm 2021/04/25 v1.2e Bold Symbol Support (DPC/FMi)
\symboldoperators=\mathgroup6
\symboldletters=\mathgroup7
\symboldsymbols=\mathgroup8
Package bm Info: No bold for \OMX/cmex/m/n, using \pmb.
Package bm Info: No bold for \U/msa/m/n, using \pmb.
Package bm Info: No bold for \U/msb/m/n, using \pmb.
LaTeX Font Info:    Redeclaring math alphabet \mathbf on input line 149.
LaTeX Info: Redefining \bm on input line 218.
)
(c:/texlive/2021/texmf-dist/tex/latex/physics/physics.sty
Package: physics 

(c:/texlive/2021/texmf-dist/tex/latex/l3packages/xparse/xparse.sty
(c:/texlive/2021/texmf-dist/tex/latex/l3kernel/expl3.sty
Package: expl3 2021-08-27 L3 programming layer (loader) 

(c:/texlive/2021/texmf-dist/tex/latex/l3backend/l3backend-pdftex.def
File: l3backend-pdftex.def 2021-08-04 L3 backend support: PDF output (pdfTeX)
\l__color_backend_stack_int=\count276
\l__pdf_internal_box=\box69
))
Package: xparse 2021-08-27 L3 Experimental document command parser
))
(c:/texlive/2021/texmf-dist/tex/latex/subfig/subfig.sty
Package: subfig 2005/06/28 ver: 1.3 subfig package

(c:/texlive/2021/texmf-dist/tex/latex/caption/caption3.sty
Package: caption3 2020/10/21 v2.2e caption3 kernel (AR)
\captionmargin=\dimen151
\captionmargin@=\dimen152
\captionwidth=\dimen153
\caption@tempdima=\dimen154
\caption@indent=\dimen155
\caption@parindent=\dimen156
\caption@hangindent=\dimen157
Package caption Info: Unknown document class (or package),
(caption)             standard defaults will be used.
Package caption Info: \@makecaption = \long macro:#1#2->\par \vskip \abovecapti
onskip \begingroup \small \rmfamily \sbox \@tempboxa {\let \\\heading@cr \@make
@capt@title {#1}{#2}}\@ifdim {\wd \@tempboxa >\hsize }{\begingroup \samepage \f
lushing \let \footnote \@footnotemark@gobble \@make@capt@title {#1}{#2}\par \en
dgroup }{\global \@minipagefalse \hb@xt@ \hsize {\hfil \unhbox \@tempboxa \hfil
 }}\endgroup \vskip \belowcaptionskip  on input line 1139.
)
\c@KVtest=\count277
\sf@farskip=\skip57
\sf@captopadj=\dimen158
\sf@capskip=\skip58
\sf@nearskip=\skip59
\c@subfigure=\count278
\c@subfigure@save=\count279
\c@lofdepth=\count280
\c@subtable=\count281
\c@subtable@save=\count282
\c@lotdepth=\count283
\sf@top=\skip60
\sf@bottom=\skip61
)
Class revtex4-2 Info: Unrecognized array package. Please update this document c
lass! (Proceeding with fingers crossed.) on input line 16.
Class revtex4-2 Info: cite was not loaded (OK!) on input line 16.
Class revtex4-2 Info: mcite was not loaded (OK!) on input line 16.
Class revtex4-2 Info: multicol was not loaded (OK!) on input line 16.

(./Low_field_CR_SI.aux)
\openout1 = `Low_field_CR_SI.aux'.

LaTeX Font Info:    Checking defaults for OML/cmm/m/it on input line 16.
LaTeX Font Info:    ... okay on input line 16.
LaTeX Font Info:    Checking defaults for OMS/cmsy/m/n on input line 16.
LaTeX Font Info:    ... okay on input line 16.
LaTeX Font Info:    Checking defaults for OT1/cmr/m/n on input line 16.
LaTeX Font Info:    ... okay on input line 16.
LaTeX Font Info:    Checking defaults for T1/cmr/m/n on input line 16.
LaTeX Font Info:    ... okay on input line 16.
LaTeX Font Info:    Checking defaults for TS1/cmr/m/n on input line 16.
LaTeX Font Info:    ... okay on input line 16.
LaTeX Font Info:    Checking defaults for OMX/cmex/m/n on input line 16.
LaTeX Font Info:    ... okay on input line 16.
LaTeX Font Info:    Checking defaults for U/cmr/m/n on input line 16.
LaTeX Font Info:    ... okay on input line 16.

(c:/texlive/2021/texmf-dist/tex/context/base/mkii/supp-pdf.mkii
[Loading MPS to PDF converter (version 2006.09.02).]
\scratchcounter=\count284
\scratchdimen=\dimen159
\scratchbox=\box70
\nofMPsegments=\count285
\nofMParguments=\count286
\everyMPshowfont=\toks26
\MPscratchCnt=\count287
\MPscratchDim=\dimen160
\MPnumerator=\count288
\makeMPintoPDFobject=\count289
\everyMPtoPDFconversion=\toks27
) (c:/texlive/2021/texmf-dist/tex/latex/epstopdf-pkg/epstopdf-base.sty
Package: epstopdf-base 2020-01-24 v2.11 Base part for package epstopdf
Package epstopdf-base Info: Redefining graphics rule for `.eps' on input line 4
85.

(c:/texlive/2021/texmf-dist/tex/latex/latexconfig/epstopdf-sys.cfg
File: epstopdf-sys.cfg 2010/07/13 v1.3 Configuration of (r)epstopdf for TeX Liv
e
))
Package caption Info: Begin \AtBeginDocument code.
Package caption Info: subfig package v1.3 is loaded.
Package caption Info: End \AtBeginDocument code.
\openout3 = `Low_field_CR_SINotes.bib'.


Underfull \hbox (badness 10000) in paragraph at lines 18--21

 []

LaTeX Font Info:    Trying to load font information for U+msa on input line 26.

(c:/texlive/2021/texmf-dist/tex/latex/amsfonts/umsa.fd
File: umsa.fd 2013/01/14 v3.01 AMS symbols A
)
LaTeX Font Info:    Trying to load font information for U+msb on input line 26.


(c:/texlive/2021/texmf-dist/tex/latex/amsfonts/umsb.fd
File: umsb.fd 2013/01/14 v3.01 AMS symbols B
) (./Low_field_CR_SI.toc)
\tf@toc=\write4
\openout4 = `Low_field_CR_SI.toc'.

[1{c:/texlive/2021/texmf-var/fonts/map/pdftex/updmap/pdftex.map}]
<Figures_SI/fig_ESR.pdf, id=15, 646.5216pt x 240.22734pt>
File: Figures_SI/fig_ESR.pdf Graphic file (type pdf)
<use Figures_SI/fig_ESR.pdf>
Package pdftex.def Info: Figures_SI/fig_ESR.pdf  used on input line 32.
(pdftex.def)             Requested size: 421.19714pt x 156.50514pt.
 [2 <./Figures_SI/fig_ESR.pdf>]
<Figures_SI/map_etats_propres.png, id=36, 252.19218pt x 165.99516pt>
File: Figures_SI/map_etats_propres.png Graphic file (type png)
<use Figures_SI/map_etats_propres.png>
Package pdftex.def Info: Figures_SI/map_etats_propres.png  used on input line 5
4.
(pdftex.def)             Requested size: 327.59857pt x 215.63158pt.
<Figures_SI/shema_exp.pdf, id=38, 515.59361pt x 358.40292pt>
File: Figures_SI/shema_exp.pdf Graphic file (type pdf)
<use Figures_SI/shema_exp.pdf>
Package pdftex.def Info: Figures_SI/shema_exp.pdf  used on input line 64.
(pdftex.def)             Requested size: 327.59857pt x 227.73097pt.
 [3 <./Figures_SI/map_etats_propres.png>] [4 <./Figures_SI/shema_exp.pdf>]
<Figures_SI/Fig_T1_combined.pdf, id=82, 564.62616pt x 821.63518pt>
File: Figures_SI/Fig_T1_combined.pdf Graphic file (type pdf)
<use Figures_SI/Fig_T1_combined.pdf>
Package pdftex.def Info: Figures_SI/Fig_T1_combined.pdf  used on input line 90.

(pdftex.def)             Requested size: 374.40143pt x 544.85101pt.
<Figures_SI/fig_alphas.pdf, id=83, 421.16327pt x 270.67984pt>
File: Figures_SI/fig_alphas.pdf Graphic file (type pdf)
<use Figures_SI/fig_alphas.pdf>
Package pdftex.def Info: Figures_SI/fig_alphas.pdf  used on input line 95.
(pdftex.def)             Requested size: 210.59857pt x 135.35197pt.
<Figures_SI/largeur_fluct_SI.pdf, id=84, 542.38904pt x 531.76376pt>
File: Figures_SI/largeur_fluct_SI.pdf Graphic file (type pdf)
<use Figures_SI/largeur_fluct_SI.pdf>
Package pdftex.def Info: Figures_SI/largeur_fluct_SI.pdf  used on input line 10
1.
(pdftex.def)             Requested size: 327.59857pt x 321.18658pt.
 [5] [6 <./Figures_SI/Fig_T1_combined.pdf>]
<Figures_SI/overlap.pdf, id=124, 435.72276pt x 300.23645pt>
File: Figures_SI/overlap.pdf Graphic file (type pdf)
<use Figures_SI/overlap.pdf>
Package pdftex.def Info: Figures_SI/overlap.pdf  used on input line 116.
(pdftex.def)             Requested size: 327.59857pt x 225.73111pt.
 [7 <./Figures_SI/fig_alphas.pdf>] [8 <./Figures_SI/largeur_fluct_SI.pdf>] [9 <
./Figures_SI/overlap.pdf>]
<Figures_SI/fig_Pola.pdf, id=203, 827.35681pt x 297.31349pt>
File: Figures_SI/fig_Pola.pdf Graphic file (type pdf)
<use Figures_SI/fig_Pola.pdf>
Package pdftex.def Info: Figures_SI/fig_Pola.pdf  used on input line 151.
(pdftex.def)             Requested size: 421.19714pt x 151.3602pt.
 [10 <./Figures_SI/fig_Pola.pdf>] [11] [12] (./Low_field_CR_SI.bbl) [13]
(./Low_field_CR_SI.aux) ) 
Here is how much of TeX's memory you used:
 6275 strings out of 478599
 88668 string characters out of 5858102
 414210 words of memory out of 5000000
 24084 multiletter control sequences out of 15000+600000
 415201 words of font info for 69 fonts, out of 8000000 for 9000
 1141 hyphenation exceptions out of 8191
 71i,11n,81p,805b,410s stack positions out of 5000i,500n,10000p,200000b,80000s
{c:/texlive/2021/texmf-dist/fonts/enc/dvips/cm-super/c
m-super-ts1.enc}<c:/texlive/2021/texmf-dist/fonts/type1/public/amsfonts/cm/cmbx
10.pfb><c:/texlive/2021/texmf-dist/fonts/type1/public/amsfonts/cm/cmbx12.pfb><c
:/texlive/2021/texmf-dist/fonts/type1/public/amsfonts/cm/cmcsc10.pfb><c:/texliv
e/2021/texmf-dist/fonts/type1/public/amsfonts/cm/cmex10.pfb><c:/texlive/2021/te
xmf-dist/fonts/type1/public/amsfonts/cm/cmmi10.pfb><c:/texlive/2021/texmf-dist/
fonts/type1/public/amsfonts/cm/cmmi12.pfb><c:/texlive/2021/texmf-dist/fonts/typ
e1/public/amsfonts/cm/cmmi8.pfb><c:/texlive/2021/texmf-dist/fonts/type1/public/
amsfonts/cm/cmr10.pfb><c:/texlive/2021/texmf-dist/fonts/type1/public/amsfonts/c
m/cmr12.pfb><c:/texlive/2021/texmf-dist/fonts/type1/public/amsfonts/cm/cmr6.pfb
><c:/texlive/2021/texmf-dist/fonts/type1/public/amsfonts/cm/cmr8.pfb><c:/texliv
e/2021/texmf-dist/fonts/type1/public/amsfonts/cm/cmsy10.pfb><c:/texlive/2021/te
xmf-dist/fonts/type1/public/amsfonts/cm/cmsy8.pfb><c:/texlive/2021/texmf-dist/f
onts/type1/public/amsfonts/cm/cmti10.pfb><c:/texlive/2021/texmf-dist/fonts/type
1/public/cm-super/sfrm1200.pfb>
Output written on Low_field_CR_SI.pdf (13 pages, 758187 bytes).
PDF statistics:
 332 PDF objects out of 1000 (max. 8388607)
 222 compressed objects within 3 object streams
 0 named destinations out of 1000 (max. 500000)
 41 words of extra memory for PDF output out of 10000 (max. 10000000)

