\BOOKMARK [0][-]{chapter.1}{Introduction to NV centers and their common usage}{}% 1
\BOOKMARK [1][-]{section.1.1}{The NV center as a physical object}{chapter.1}% 2
\BOOKMARK [2][-]{subsection.1.1.1}{Diamond overview}{section.1.1}% 3
\BOOKMARK [2][-]{subsection.1.1.2}{Point defects in diamond}{section.1.1}% 4
\BOOKMARK [2][-]{subsection.1.1.3}{Creation of synthetic diamond for optics and electronics applications}{section.1.1}% 5
\BOOKMARK [2][-]{subsection.1.1.4}{Optimizing NV center formation}{section.1.1}% 6
\BOOKMARK [2][-]{subsection.1.1.5}{Controlling the NV center charge state}{section.1.1}% 7
\BOOKMARK [1][-]{section.1.2}{The NV- center optical and spin properties}{chapter.1}% 8
\BOOKMARK [2][-]{subsection.1.2.1}{NV center molecular orbitals}{section.1.2}% 9
\BOOKMARK [2][-]{subsection.1.2.2}{Optical properties of the NV center}{section.1.2}% 10
\BOOKMARK [2][-]{subsection.1.2.3}{Spin properties of the NV center electronic ground state}{section.1.2}% 11
\BOOKMARK [2][-]{subsection.1.2.4}{Spin and optical levels intersystem crossing}{section.1.2}% 12
\BOOKMARK [1][-]{section.1.3}{Basic operations with NV centers}{chapter.1}% 13
\BOOKMARK [2][-]{subsection.1.3.1}{Experimental setup}{section.1.3}% 14
\BOOKMARK [2][-]{subsection.1.3.2}{Rabi Oscillations}{section.1.3}% 15
\BOOKMARK [2][-]{subsection.1.3.3}{Optically detected magnetic resonance}{section.1.3}% 16
\BOOKMARK [2][-]{subsection.1.3.4}{ODMR with NV ensemble: longitudinal and transverse magnetic field}{section.1.3}% 17
\BOOKMARK [1][-]{section.1.4}{Relaxation times of the NV center spin}{chapter.1}% 18
\BOOKMARK [2][-]{subsection.1.4.1}{NV spin T1}{section.1.4}% 19
\BOOKMARK [2][-]{subsection.1.4.2}{NV spin T2*}{section.1.4}% 20
\BOOKMARK [2][-]{subsection.1.4.3}{NV spin T2}{section.1.4}% 21
\BOOKMARK [1][-]{section.1.5}{Dipole-dipole interaction between two electronic spins}{chapter.1}% 22
