This is XeTeX, Version 3.14159265-2.6-0.999991 (TeX Live 2019/Debian) (preloaded format=xelatex 2022.1.25)  30 MAR 2022 18:04
entering extended mode
 restricted \write18 enabled.
 %&-line parsing enabled.
**abstract.tex
(./abstract.tex
LaTeX2e <2020-02-02> patch level 2
L3 programming layer <2020-02-14>
(/usr/share/texlive/texmf-dist/tex/latex/revtex/revtex4-1.cls
Document Class: revtex4-1 2010/07/25/20:33:00 4.1r (http://publish.aps.org/revt
ex4/ for documentation)
 Copyright (c) 2009 The American Physical Society.
 mailto:revtex@aps.org
 Licensed under the LPPL:
http://www.ctan.org/tex-archive/macros/latex/base/lppl.txt
 Arthur Ogawa <arthur_ogawa at sbcglobal dot net>
 Based on work by David Carlisle <david at dcarlisle.demon.co.uk>.
ltxutil[2010/07/25/20:33:00 4.1r utilities package (portions licensed from W. E
. Baxter web at superscript.com)]
LaTeX Info: Redefining \@centercr on input line 308.
Class revtex4-1 Info: Repairing broken LaTeX eqnarray on input line 358.
\eqncolsep=\skip47
Class revtex4-1 Info: Repairing hyperref-unfriendly LaTeX definition of \mpfoot
note on input line 433.
Class revtex4-1 Info: Repairing broken LateX \@sect on input line 755.
\intertabularlinepenalty=\count163
\@tbpen=\count164
\@arstrutbox@hline=\box45
Class revtex4-1 Info: Repairing broken LaTeX \@xbitor on input line 1786.
Class revtex4-1 Info: Making \typeout \long on input line 2046.
ltxfront[2010/07/25/20:33:00 4.1r frontmatter package (AO,DPC)]
\c@affil=\count165
\c@collab=\count166
\absbox=\box46
ltxgrid[2010/07/25/20:33:00 4.1r page grid package (portions licensed from W. E
. Baxter web at superscript.com)]
\c@linecount=\count167
\output@latex=\toks14
\box@size@1=\box47
\box@size@2=\box48
\@protection@box=\box49
\@topmark@saved=\toks15
\footins@saved=\box50
\footins@recovered=\box51
\column@recovered=\box52
\pagesofar=\box53
\footsofar=\box54
\pagegrid@col=\count168

Class revtex4-1 Warning: Failed to recognize \@vspace, \@vspacer, \@no@pgbk, \@
newline, and \\; no patches applied. Please get a more up-to-date class, .

\c@part=\count169
\c@section=\count170
\c@subsection=\count171
\c@subsubsection=\count172
\c@paragraph=\count173
\c@subparagraph=\count174
\abovecaptionskip=\skip48
\belowcaptionskip=\skip49
\c@figure=\count175
\fbox@1=\box55
\c@table=\count176
\fbox@2=\box56
\c@video=\count177
\fbox@4=\box57
\@bibdataout=\write3
\widetext@top=\box58
\widetext@bot=\box59
Class revtex4-1 Info: Selecting society aps on input line 7542.
(/usr/share/texlive/texmf-dist/tex/latex/revtex/aps4-1.rtx
File: aps4-1 2010/07/25/20:33:00 4.1r (http://publish.aps.org/revtex4/ for docu
mentation)
Class revtex4-1 Info: RevTeX society APS selected on input line 31.
)

Class revtex4-1 Warning: No journal specified, using default pra.

Class revtex4-1 Info: APS journal PRA selected on input line 7545.

Class revtex4-1 Warning: No type size specified, using default 10.

(/usr/share/texlive/texmf-dist/tex/latex/revtex/aps10pt4-1.rtx
File: aps10pt4-1 2010/07/25/20:33:00 4.1r (http://publish.aps.org/revtex4/ for 
documentation)
Class revtex4-1 Info: RevTeX pointsize 10pt selected on input line 30.
)
(/usr/share/texlive/texmf-dist/tex/latex/textcase/textcase.sty
Package: textcase 2019/09/14 v1.00 Text only upper/lower case changing (DPC)
)
(/usr/share/texlive/texmf-dist/tex/latex/url/url.sty
\Urlmuskip=\muskip16
Package: url 2013/09/16  ver 3.4  Verb mode for urls, etc.
)
(/usr/share/texlive/texmf-dist/tex/latex/natbib/natbib.sty
Package: natbib 2010/09/13 8.31b (PWD, AO)
\bibhang=\skip50
\bibsep=\skip51
LaTeX Info: Redefining \cite on input line 694.
\c@NAT@ctr=\count178
)
Class revtex4-1 Info: Repairing natbib's \BibitemShut on input line 7549.

(/usr/share/texlive/texmf-dist/tex/latex/revtex/revsymb4-1.sty
Package: revsymb4-1 2010/07/25/20:33:00 4.1r (http://publish.aps.org/revtex4/ f
or documentation)
LaTeX Info: Redefining \REV@mathfrak on input line 119.
))
(/usr/share/texlive/texmf-dist/tex/latex/graphics/epsfig.sty
Package: epsfig 2017/06/25 v1.7b (e)psfig emulation (SPQR)

(/usr/share/texlive/texmf-dist/tex/latex/graphics/graphicx.sty
Package: graphicx 2019/11/30 v1.2a Enhanced LaTeX Graphics (DPC,SPQR)

(/usr/share/texlive/texmf-dist/tex/latex/graphics/keyval.sty
Package: keyval 2014/10/28 v1.15 key=value parser (DPC)
\KV@toks@=\toks16
)
(/usr/share/texlive/texmf-dist/tex/latex/graphics/graphics.sty
Package: graphics 2019/11/30 v1.4a Standard LaTeX Graphics (DPC,SPQR)

(/usr/share/texlive/texmf-dist/tex/latex/graphics/trig.sty
Package: trig 2016/01/03 v1.10 sin cos tan (DPC)
)
(/usr/share/texlive/texmf-dist/tex/latex/graphics-cfg/graphics.cfg
File: graphics.cfg 2016/06/04 v1.11 sample graphics configuration
)
Package graphics Info: Driver file: xetex.def on input line 105.

(/usr/share/texlive/texmf-dist/tex/latex/graphics-def/xetex.def
File: xetex.def 2017/06/24 v5.0h Graphics/color driver for xetex
))
\Gin@req@height=\dimen134
\Gin@req@width=\dimen135
)
\epsfxsize=\dimen136
\epsfysize=\dimen137
)
(/usr/share/texlive/texmf-dist/tex/latex/amsfonts/amsfonts.sty
Package: amsfonts 2013/01/14 v3.01 Basic AMSFonts support
\@emptytoks=\toks17
\symAMSa=\mathgroup4
\symAMSb=\mathgroup5
LaTeX Font Info:    Redeclaring math symbol \hbar on input line 98.
LaTeX Font Info:    Overwriting math alphabet `\mathfrak' in version `bold'
(Font)                  U/euf/m/n --> U/euf/b/n on input line 106.
LaTeX Info: Redefining \frak on input line 111.
LaTeX Info: Redefining \Bbb on input line 113.
)
(/usr/share/texlive/texmf-dist/tex/latex/amsfonts/amssymb.sty
Package: amssymb 2013/01/14 v3.01 AMS font symbols
)
(/usr/share/texlive/texmf-dist/tex/latex/jknapltx/mathrsfs.sty
Package: mathrsfs 1996/01/01 Math RSFS package v1.0 (jk)
\symrsfs=\mathgroup6
)
(/usr/share/texlive/texmf-dist/tex/latex/tools/theorem.sty
Package: theorem 2014/10/28 v2.2c Theorem extension package (FMi)
\theorem@style=\toks18
\theorem@bodyfont=\toks19
\theorempreskipamount=\skip52
\theorempostskipamount=\skip53

(/usr/share/texlive/texmf-dist/tex/latex/tools/thp.sty
File: thp.sty 2014/10/28 v2.2c Theorem extension package (FMi)
))
(/usr/share/texlive/texmf-dist/tex/latex/amsmath/amsmath.sty
Package: amsmath 2020/01/20 v2.17e AMS math features
\@mathmargin=\skip54

For additional information on amsmath, use the `?' option.
(/usr/share/texlive/texmf-dist/tex/latex/amsmath/amstext.sty
Package: amstext 2000/06/29 v2.01 AMS text

(/usr/share/texlive/texmf-dist/tex/latex/amsmath/amsgen.sty
File: amsgen.sty 1999/11/30 v2.0 generic functions
\@emptytoks=\toks20
\ex@=\dimen138
)
LaTeX Info: Redefining \text on input line 28.
)
(/usr/share/texlive/texmf-dist/tex/latex/amsmath/amsbsy.sty
Package: amsbsy 1999/11/29 v1.2d Bold Symbols
\pmbraise@=\dimen139
)
(/usr/share/texlive/texmf-dist/tex/latex/amsmath/amsopn.sty
Package: amsopn 2016/03/08 v2.02 operator names
)
\inf@bad=\count179
LaTeX Info: Redefining \frac on input line 227.
\uproot@=\count180
\leftroot@=\count181
LaTeX Info: Redefining \overline on input line 389.
\classnum@=\count182
\DOTSCASE@=\count183
LaTeX Info: Redefining \ldots on input line 486.
LaTeX Info: Redefining \dots on input line 489.
LaTeX Info: Redefining \cdots on input line 610.
\Mathstrutbox@=\box60
\strutbox@=\box61
\big@size=\dimen140
LaTeX Font Info:    Redeclaring font encoding OML on input line 733.
LaTeX Font Info:    Redeclaring font encoding OMS on input line 734.
\macc@depth=\count184
\c@MaxMatrixCols=\count185
\dotsspace@=\muskip17
\c@parentequation=\count186
\dspbrk@lvl=\count187
\tag@help=\toks21
\row@=\count188
\column@=\count189
\maxfields@=\count190
\andhelp@=\toks22
\eqnshift@=\dimen141
\alignsep@=\dimen142
\tagshift@=\dimen143
\tagwidth@=\dimen144
\totwidth@=\dimen145
\lineht@=\dimen146
\@envbody=\toks23
\multlinegap=\skip55
\multlinetaggap=\skip56
\mathdisplay@stack=\toks24
LaTeX Info: Redefining \[ on input line 2859.
LaTeX Info: Redefining \] on input line 2860.
)
(/usr/share/texlive/texmf-dist/tex/latex/psnfss/times.sty
Package: times 2005/04/12 PSNFSS-v9.2a (SPQR) 
)
(/usr/share/texlive/texmf-dist/tex/latex/graphics/color.sty
Package: color 2019/11/23 v1.2a Standard LaTeX Color (DPC)

(/usr/share/texlive/texmf-dist/tex/latex/graphics-cfg/color.cfg
File: color.cfg 2016/01/02 v1.6 sample color configuration
)
Package color Info: Driver file: xetex.def on input line 147.
)
(/usr/share/texlive/texmf-dist/tex/generic/babel/babel.sty
Package: babel 2020/02/14 3.40 The Babel package

(/usr/share/texlive/texmf-dist/tex/generic/babel/switch.def
File: switch.def 2020/02/14 3.40 Babel switching mechanism
)
(/usr/share/texlive/texmf-dist/tex/generic/babel-french/french.ldf
Language: french 2020/01/30 v3.5g French support from the babel system

(/usr/share/texlive/texmf-dist/tex/generic/babel/babel.def
File: babel.def 2020/02/14 3.40 Babel common definitions
\babel@savecnt=\count191
\U@D=\dimen147

(/usr/share/texlive/texmf-dist/tex/generic/babel/xebabel.def
(/usr/share/texlive/texmf-dist/tex/generic/babel/txtbabel.def))
\bbl@readstream=\read2
\bbl@dirlevel=\count192
)
Package babel Info: \l@acadian = using hyphenrules for french
(babel)             (\language50) on input line 91.
Package babel Info: \l@canadien = using hyphenrules for french
(babel)             (\language50) on input line 92.
\FB@nonchar=\count193
Package french.ldf Info: No need for active punctuation characters
(french.ldf)             with this version of XeTeX!
(french.ldf)             reported on input line 331.
\FB@punctthick=\XeTeXcharclass1
\FB@punctthin=\XeTeXcharclass2
\FB@punctnul=\XeTeXcharclass3
\FB@guilo=\XeTeXcharclass4
\FB@guilf=\XeTeXcharclass5
\FB@guilnul=\XeTeXcharclass6
\FBguill@level=\count194
\FBold@everypar=\toks25
\FB@Mht=\dimen148
LaTeX Info: Redefining \degres on input line 782.
\mc@charclass=\count195
\mc@charfam=\count196
\mc@charslot=\count197
\std@mcc=\count198
\dec@mcc=\count199
\c@FBcaption@count=\count266
\listindentFB=\dimen149
\descindentFB=\dimen150
\labelindentFB=\dimen151
\labelwidthFB=\dimen152
\leftmarginFB=\dimen153
\parindentFFN=\dimen154
\FBfnindent=\dimen155
))
(/usr/share/texlive/texmf-dist/tex/latex/carlisle/scalefnt.sty)
(/usr/share/texlive/texmf-dist/tex/latex/base/fontenc.sty
Package: fontenc 2020/02/11 v2.0o Standard LaTeX package
LaTeX Font Info:    Trying to load font information for T1+ptm on input line 11
2.

(/usr/share/texlive/texmf-dist/tex/latex/psnfss/t1ptm.fd
File: t1ptm.fd 2001/06/04 font definitions for T1/ptm.
))
(/usr/share/texlive/texmf-dist/tex/generic/iftex/ifpdf.sty
Package: ifpdf 2019/10/25 v3.4 ifpdf legacy package. Use iftex instead.

(/usr/share/texlive/texmf-dist/tex/generic/iftex/iftex.sty
Package: iftex 2019/11/07 v1.0c TeX engine tests
))
Class revtex4-1 Info: Unrecognized LaTeX tabular. Please update this document c
lass! (Proceeding with fingers crossed.) on input line 21.
Class revtex4-1 Info: cite was not loaded (OK!) on input line 21.
Class revtex4-1 Info: mcite was not loaded (OK!) on input line 21.
Class revtex4-1 Info: multicol was not loaded (OK!) on input line 21.

(/usr/share/texlive/texmf-dist/tex/latex/l3backend/l3backend-xdvipdfmx.def
File: l3backend-xdvipdfmx.def 2020-02-03 L3 backend support: xdvipdfmx
\g__graphics_track_int=\count267
\l__pdf_internal_box=\box62
\g__pdf_backend_object_int=\count268
\g__pdf_backend_annotation_int=\count269
)
(./abstract.aux)
\openout1 = `abstract.aux'.

LaTeX Font Info:    Checking defaults for OML/cmm/m/it on input line 21.
LaTeX Font Info:    ... okay on input line 21.
LaTeX Font Info:    Checking defaults for OMS/cmsy/m/n on input line 21.
LaTeX Font Info:    ... okay on input line 21.
LaTeX Font Info:    Checking defaults for OT1/cmr/m/n on input line 21.
LaTeX Font Info:    ... okay on input line 21.
LaTeX Font Info:    Checking defaults for T1/cmr/m/n on input line 21.
LaTeX Font Info:    ... okay on input line 21.
LaTeX Font Info:    Checking defaults for TS1/cmr/m/n on input line 21.
LaTeX Font Info:    Trying to load font information for TS1+cmr on input line 2
1.
 (/usr/share/texlive/texmf-dist/tex/latex/base/ts1cmr.fd
File: ts1cmr.fd 2019/12/16 v2.5j Standard LaTeX font definitions
)
LaTeX Font Info:    ... okay on input line 21.
LaTeX Font Info:    Checking defaults for TU/lmr/m/n on input line 21.
LaTeX Font Info:    ... okay on input line 21.
LaTeX Font Info:    Checking defaults for OMX/cmex/m/n on input line 21.
LaTeX Font Info:    ... okay on input line 21.
LaTeX Font Info:    Checking defaults for U/cmr/m/n on input line 21.
LaTeX Font Info:    ... okay on input line 21.
LaTeX Info: Redefining \dots on input line 21.
LaTeX Info: Redefining \up on input line 21.
\openout3 = `abstractNotes.bib'.

LaTeX Font Info:    Trying to load font information for U+msa on input line 34.


(/usr/share/texlive/texmf-dist/tex/latex/amsfonts/umsa.fd
File: umsa.fd 2013/01/14 v3.01 AMS symbols A
)
LaTeX Font Info:    Trying to load font information for U+msb on input line 34.


(/usr/share/texlive/texmf-dist/tex/latex/amsfonts/umsb.fd
File: umsb.fd 2013/01/14 v3.01 AMS symbols B
)
LaTeX Font Info:    Trying to load font information for U+rsfs on input line 34
.

(/usr/share/texlive/texmf-dist/tex/latex/jknapltx/ursfs.fd
File: ursfs.fd 1998/03/24 rsfs font definition file (jk)
)
File: Fig.pdf Graphic file (type pdf)
<use Fig.pdf>

No file abstract.bbl.
[1] (./abstract.aux) ) 
Here is how much of TeX's memory you used:
 5657 strings out of 479819
 75697 string characters out of 5895846
 348168 words of memory out of 5000000
 22707 multiletter control sequences out of 15000+600000
 552137 words of font info for 56 fonts, out of 8000000 for 9000
 1348 hyphenation exceptions out of 8191
 38i,9n,35p,783b,432s stack positions out of 5000i,500n,10000p,200000b,80000s

Output written on abstract.pdf (1 page).
